[01:13:03] N1XER__ (33df4bd2-977c-3f5b-bc4c-1c152339deb4): наушники
[01:13:04] N1XER__ (33df4bd2-977c-3f5b-bc4c-1c152339deb4): микро
[01:13:05] N1XER__ (33df4bd2-977c-3f5b-bc4c-1c152339deb4): Бляяя
[06:02:19] N1XER__ (33df4bd2-977c-3f5b-bc4c-1c152339deb4): ЗАГАДКИ ДЕТИ ОНЛАЙН,
[06:02:20] N1XER__ (33df4bd2-977c-3f5b-bc4c-1c152339deb4): ????
[06:02:21] NilsCoy (4a24e6bd-ea3a-3318-8f49-61b87de854d0): back
[06:02:31] N1XER__ (33df4bd2-977c-3f5b-bc4c-1c152339deb4): ЗАЙДИ ОБРАТНО
[06:02:35] N1XER__ (33df4bd2-977c-3f5b-bc4c-1c152339deb4): ДЕТИ ОНЛАЙН
[09:08:09] NilsCoy (4a24e6bd-ea3a-3318-8f49-61b87de854d0): ●
[15:07:25] N1XER__ (33df4bd2-977c-3f5b-bc4c-1c152339deb4): хелоу китти
[15:07:34] N1XER__ (33df4bd2-977c-3f5b-bc4c-1c152339deb4): так вот чем ты занят
[15:07:37] N1XER__ (33df4bd2-977c-3f5b-bc4c-1c152339deb4): ахуеть
[15:07:41] N1XER__ (33df4bd2-977c-3f5b-bc4c-1c152339deb4): а где копья
[15:07:43] N1XER__ (33df4bd2-977c-3f5b-bc4c-1c152339deb4): у чуваков
[15:08:49] N1XER__ (33df4bd2-977c-3f5b-bc4c-1c152339deb4): зайди в дис
[15:09:18] N1XER__ (33df4bd2-977c-3f5b-bc4c-1c152339deb4): нихуя ты парируешь
[15:09:42] N1XER__ (33df4bd2-977c-3f5b-bc4c-1c152339deb4): ебейший
[15:15:47] NilsCoy (4a24e6bd-ea3a-3318-8f49-61b87de854d0): deer
[15:15:50] NilsCoy (4a24e6bd-ea3a-3318-8f49-61b87de854d0): deer forest
[15:15:58] NilsCoy (4a24e6bd-ea3a-3318-8f49-61b87de854d0): deer forest -> derest
[15:16:06] N1XER__ (33df4bd2-977c-3f5b-bc4c-1c152339deb4): drest
[15:16:16] N1XER__ (33df4bd2-977c-3f5b-bc4c-1c152339deb4): drest -> drestatb
[15:33:07] NilsCoy (4a24e6bd-ea3a-3318-8f49-61b87de854d0): new fortress -> newress
[15:39:47] NilsCoy (4a24e6bd-ea3a-3318-8f49-61b87de854d0): village river -> villver
[15:40:00] NilsCoy (4a24e6bd-ea3a-3318-8f49-61b87de854d0): йоханн
[15:40:27] NilsCoy (4a24e6bd-ea3a-3318-8f49-61b87de854d0): Иоханн
[15:45:48] N1XER__ (33df4bd2-977c-3f5b-bc4c-1c152339deb4): kindeshrekabib
[15:50:01] NilsCoy (4a24e6bd-ea3a-3318-8f49-61b87de854d0): durabib
[15:50:11] NilsCoy (4a24e6bd-ea3a-3318-8f49-61b87de854d0): durable + bib -> durabib
[16:32:03] N1XER__ (33df4bd2-977c-3f5b-bc4c-1c152339deb4): cobald_raw
