[12:43:00] N1XER__ (af239de1-74fc-4785-a192-3c53edfccf70): disguise zombie
[12:43:03] N1XER__ (af239de1-74fc-4785-a192-3c53edfccf70): disguise zombie
[12:50:33] NilsCoy (c6f229b8-afe8-4491-8e63-f1e2f40f0355): s
[12:50:39] NilsCoy (c6f229b8-afe8-4491-8e63-f1e2f40f0355): s
[12:50:52] NilsCoy (c6f229b8-afe8-4491-8e63-f1e2f40f0355): s
[12:51:34] N1XER__ (af239de1-74fc-4785-a192-3c53edfccf70): 123
[12:52:56] N1XER__ (af239de1-74fc-4785-a192-3c53edfccf70): NilsCoy
[12:52:58] N1XER__ (af239de1-74fc-4785-a192-3c53edfccf70): NilsCoy
[12:53:03] N1XER__ (af239de1-74fc-4785-a192-3c53edfccf70): @NilsCoy
[12:55:50] NilsCoy (c6f229b8-afe8-4491-8e63-f1e2f40f0355): N1XER__
[13:04:20] N1XER__ (af239de1-74fc-4785-a192-3c53edfccf70): 123
[13:04:21] N1XER__ (af239de1-74fc-4785-a192-3c53edfccf70): 123
[13:15:29] N1XER__ (af239de1-74fc-4785-a192-3c53edfccf70): 滙
[13:17:18] N1XER__ (af239de1-74fc-4785-a192-3c53edfccf70): 123
[13:17:19] N1XER__ (af239de1-74fc-4785-a192-3c53edfccf70): 123
[13:31:50] N1XER__ (af239de1-74fc-4785-a192-3c53edfccf70): 1
[13:31:51] N1XER__ (af239de1-74fc-4785-a192-3c53edfccf70): 1
[13:41:07] N1XER__ (33df4bd2-977c-3f5b-bc4c-1c152339deb4): 123
[13:41:09] N1XER__ (33df4bd2-977c-3f5b-bc4c-1c152339deb4): 123
[14:54:45] NilsCoy (4a24e6bd-ea3a-3318-8f49-61b87de854d0): pl
[17:50:10] NilsCoy (4a24e6bd-ea3a-3318-8f49-61b87de854d0): Ⓢ
[17:50:16] NilsCoy (4a24e6bd-ea3a-3318-8f49-61b87de854d0): Ⓒ
[17:50:16] N1XER__ (33df4bd2-977c-3f5b-bc4c-1c152339deb4): Ⓒ
[17:50:22] N1XER__ (33df4bd2-977c-3f5b-bc4c-1c152339deb4): §6Ⓒ
[17:50:31] NilsCoy (4a24e6bd-ea3a-3318-8f49-61b87de854d0): ©
[19:35:14] NilsCoy (4a24e6bd-ea3a-3318-8f49-61b87de854d0): s
[19:35:29] NilsCoy (4a24e6bd-ea3a-3318-8f49-61b87de854d0): s
[19:35:38] NilsCoy (4a24e6bd-ea3a-3318-8f49-61b87de854d0): s
[20:10:56] NilsCoy (4a24e6bd-ea3a-3318-8f49-61b87de854d0): s
[22:02:29] N1XER__ (33df4bd2-977c-3f5b-bc4c-1c152339deb4): ахуенчк
[22:02:32] N1XER__ (33df4bd2-977c-3f5b-bc4c-1c152339deb4): я без наушников
[22:02:34] N1XER__ (33df4bd2-977c-3f5b-bc4c-1c152339deb4): но вот пишу
[22:02:35] N1XER__ (33df4bd2-977c-3f5b-bc4c-1c152339deb4): ахуенчик
[22:04:02] NilsCoy (4a24e6bd-ea3a-3318-8f49-61b87de854d0): ну стена готова
[22:12:03] NilsCoy (4a24e6bd-ea3a-3318-8f49-61b87de854d0): N1XER__
[23:37:58] N1XER__ (33df4bd2-977c-3f5b-bc4c-1c152339deb4): у меня тут пиздец бразер
[23:38:03] NilsCoy (4a24e6bd-ea3a-3318-8f49-61b87de854d0): f
[23:38:04] NilsCoy (4a24e6bd-ea3a-3318-8f49-61b87de854d0): а
[23:38:10] N1XER__ (33df4bd2-977c-3f5b-bc4c-1c152339deb4): я не знаю как все будет
[23:38:14] N1XER__ (33df4bd2-977c-3f5b-bc4c-1c152339deb4): потом
[23:38:15] NilsCoy (4a24e6bd-ea3a-3318-8f49-61b87de854d0): ?
[23:38:16] N1XER__ (33df4bd2-977c-3f5b-bc4c-1c152339deb4): расскажу тебе все
[23:38:21] NilsCoy (4a24e6bd-ea3a-3318-8f49-61b87de854d0): когда
[23:38:22] N1XER__ (33df4bd2-977c-3f5b-bc4c-1c152339deb4): я сейчас в лютом тильте
[23:38:30] N1XER__ (33df4bd2-977c-3f5b-bc4c-1c152339deb4): потом расскажу брат
[23:38:38] N1XER__ (33df4bd2-977c-3f5b-bc4c-1c152339deb4): я еще не закончил выяснять что и как
[23:50:33] N1XER__ (33df4bd2-977c-3f5b-bc4c-1c152339deb4): нильс
[23:50:36] N1XER__ (33df4bd2-977c-3f5b-bc4c-1c152339deb4): это будет типа ратуша?
[23:50:37] NilsCoy (4a24e6bd-ea3a-3318-8f49-61b87de854d0): а
[23:50:45] N1XER__ (33df4bd2-977c-3f5b-bc4c-1c152339deb4): как главное здание
[23:50:48] NilsCoy (4a24e6bd-ea3a-3318-8f49-61b87de854d0): да
[23:50:58] N1XER__ (33df4bd2-977c-3f5b-bc4c-1c152339deb4): а тут будут какие-то элитные домики внутри?
[23:51:03] N1XER__ (33df4bd2-977c-3f5b-bc4c-1c152339deb4): помимо главного здания
[23:51:04] NilsCoy (4a24e6bd-ea3a-3318-8f49-61b87de854d0): кнч
[23:51:07] N1XER__ (33df4bd2-977c-3f5b-bc4c-1c152339deb4): хорошо
[23:51:37] N1XER__ (33df4bd2-977c-3f5b-bc4c-1c152339deb4): могу кстати задекорить ворота эти башни стены
[23:51:45] N1XER__ (33df4bd2-977c-3f5b-bc4c-1c152339deb4): добавить всякого мусора
[23:51:46] N1XER__ (33df4bd2-977c-3f5b-bc4c-1c152339deb4): может
[23:51:50] N1XER__ (33df4bd2-977c-3f5b-bc4c-1c152339deb4): еще что-то
[23:51:59] N1XER__ (33df4bd2-977c-3f5b-bc4c-1c152339deb4): сделать?
[23:52:04] NilsCoy (4a24e6bd-ea3a-3318-8f49-61b87de854d0): давай
[23:52:13] NilsCoy (4a24e6bd-ea3a-3318-8f49-61b87de854d0): а ты шахту закончил?
[23:52:31] N1XER__ (33df4bd2-977c-3f5b-bc4c-1c152339deb4): бра я ее не делал, я как очистил территорию я начал переписываться там
[23:52:33] N1XER__ (33df4bd2-977c-3f5b-bc4c-1c152339deb4): это было важно
[23:52:44] NilsCoy (4a24e6bd-ea3a-3318-8f49-61b87de854d0): лан
[23:52:45] N1XER__ (33df4bd2-977c-3f5b-bc4c-1c152339deb4): я все еще не закончил
[23:52:47] N1XER__ (33df4bd2-977c-3f5b-bc4c-1c152339deb4): общаться
[23:52:49] N1XER__ (33df4bd2-977c-3f5b-bc4c-1c152339deb4): тут пиздец
[23:52:50] N1XER__ (33df4bd2-977c-3f5b-bc4c-1c152339deb4): я уже говорил
[23:52:54] N1XER__ (33df4bd2-977c-3f5b-bc4c-1c152339deb4): шахту я сделаю
[23:52:58] N1XER__ (33df4bd2-977c-3f5b-bc4c-1c152339deb4): так что нормально
[23:54:25] N1XER__ (33df4bd2-977c-3f5b-bc4c-1c152339deb4): ааа бля
[23:54:31] N1XER__ (33df4bd2-977c-3f5b-bc4c-1c152339deb4): тут же будет только в процессе строительства
[23:54:35] N1XER__ (33df4bd2-977c-3f5b-bc4c-1c152339deb4): а где король будет
[23:54:38] N1XER__ (33df4bd2-977c-3f5b-bc4c-1c152339deb4): и так далее
[23:54:44] NilsCoy (4a24e6bd-ea3a-3318-8f49-61b87de854d0): каклй
[23:54:46] NilsCoy (4a24e6bd-ea3a-3318-8f49-61b87de854d0): какой
[23:54:53] NilsCoy (4a24e6bd-ea3a-3318-8f49-61b87de854d0): это же крепость а не замок
[23:55:02] NilsCoy (4a24e6bd-ea3a-3318-8f49-61b87de854d0): город будет у моря
[23:55:21] NilsCoy (4a24e6bd-ea3a-3318-8f49-61b87de854d0): там где пирс будет с кораблями
[23:55:50] N1XER__ (33df4bd2-977c-3f5b-bc4c-1c152339deb4): вахуе
[23:55:51] N1XER__ (33df4bd2-977c-3f5b-bc4c-1c152339deb4): хорошо
