[00:08:50] N1XER__ (33df4bd2-977c-3f5b-bc4c-1c152339deb4): да брад
[00:08:52] N1XER__ (33df4bd2-977c-3f5b-bc4c-1c152339deb4): ты сделал?
[00:09:04] NilsCoy (4a24e6bd-ea3a-3318-8f49-61b87de854d0): ну эту часть вроде да
[00:09:04] N1XER__ (33df4bd2-977c-3f5b-bc4c-1c152339deb4): а?
[00:09:16] N1XER__ (33df4bd2-977c-3f5b-bc4c-1c152339deb4): ну
[00:09:20] N1XER__ (33df4bd2-977c-3f5b-bc4c-1c152339deb4): выглядит ахуенно
[00:09:21] N1XER__ (33df4bd2-977c-3f5b-bc4c-1c152339deb4): если
[00:09:24] N1XER__ (33df4bd2-977c-3f5b-bc4c-1c152339deb4): добавить ящики всякие
[00:09:30] N1XER__ (33df4bd2-977c-3f5b-bc4c-1c152339deb4): возможно повозки с материалми
[00:09:36] N1XER__ (33df4bd2-977c-3f5b-bc4c-1c152339deb4): я бы еще добавил сюда краны деревянные
[00:09:40] N1XER__ (33df4bd2-977c-3f5b-bc4c-1c152339deb4): знаешь такие
[00:09:41] N1XER__ (33df4bd2-977c-3f5b-bc4c-1c152339deb4): которые
[00:09:45] N1XER__ (33df4bd2-977c-3f5b-bc4c-1c152339deb4): поднимают блоки
[00:09:47] N1XER__ (33df4bd2-977c-3f5b-bc4c-1c152339deb4): каменные
[00:09:50] N1XER__ (33df4bd2-977c-3f5b-bc4c-1c152339deb4): либо какие-то ресурсы
[00:09:51] NilsCoy (4a24e6bd-ea3a-3318-8f49-61b87de854d0): я поняд
[00:09:53] NilsCoy (4a24e6bd-ea3a-3318-8f49-61b87de854d0): я понял
[00:09:56] N1XER__ (33df4bd2-977c-3f5b-bc4c-1c152339deb4): я не умею их строить
[00:09:57] N1XER__ (33df4bd2-977c-3f5b-bc4c-1c152339deb4): но парочку
[00:10:04] N1XER__ (33df4bd2-977c-3f5b-bc4c-1c152339deb4): хотя если тут будет что-то еще строится
[00:10:06] N1XER__ (33df4bd2-977c-3f5b-bc4c-1c152339deb4): то лучше
[00:10:07] N1XER__ (33df4bd2-977c-3f5b-bc4c-1c152339deb4): сюда один кран
[00:10:11] N1XER__ (33df4bd2-977c-3f5b-bc4c-1c152339deb4): и потом в другую постройку
[00:10:12] N1XER__ (33df4bd2-977c-3f5b-bc4c-1c152339deb4): кран
[00:10:13] N1XER__ (33df4bd2-977c-3f5b-bc4c-1c152339deb4): бахнуть
[00:10:44] N1XER__ (33df4bd2-977c-3f5b-bc4c-1c152339deb4): я скоро вернусь к тебе
[00:10:47] N1XER__ (33df4bd2-977c-3f5b-bc4c-1c152339deb4): жди брат
[00:10:47] N1XER__ (33df4bd2-977c-3f5b-bc4c-1c152339deb4): жди
[00:10:50] NilsCoy (4a24e6bd-ea3a-3318-8f49-61b87de854d0): ок
[00:10:52] N1XER__ (33df4bd2-977c-3f5b-bc4c-1c152339deb4): ты когда спать?
[00:10:55] N1XER__ (33df4bd2-977c-3f5b-bc4c-1c152339deb4): стой
[00:11:00] N1XER__ (33df4bd2-977c-3f5b-bc4c-1c152339deb4): ты же завтра никуда не идешь?
[00:11:02] NilsCoy (4a24e6bd-ea3a-3318-8f49-61b87de854d0): наверное сейчас
[00:11:06] NilsCoy (4a24e6bd-ea3a-3318-8f49-61b87de854d0): хз
[00:11:07] N1XER__ (33df4bd2-977c-3f5b-bc4c-1c152339deb4): ты че ахуел
[00:11:08] N1XER__ (33df4bd2-977c-3f5b-bc4c-1c152339deb4): куда
[00:11:09] N1XER__ (33df4bd2-977c-3f5b-bc4c-1c152339deb4): брат
[00:11:11] NilsCoy (4a24e6bd-ea3a-3318-8f49-61b87de854d0): вроде да
[00:11:14] NilsCoy (4a24e6bd-ea3a-3318-8f49-61b87de854d0): всм куда
[00:11:16] N1XER__ (33df4bd2-977c-3f5b-bc4c-1c152339deb4): я скоро к тебе вернусь
[00:11:16] NilsCoy (4a24e6bd-ea3a-3318-8f49-61b87de854d0): спать
[00:11:18] N1XER__ (33df4bd2-977c-3f5b-bc4c-1c152339deb4): куда спать
[00:11:21] N1XER__ (33df4bd2-977c-3f5b-bc4c-1c152339deb4): будем строить
[00:11:23] NilsCoy (4a24e6bd-ea3a-3318-8f49-61b87de854d0): ну я еще поделаю
[00:11:29] NilsCoy (4a24e6bd-ea3a-3318-8f49-61b87de854d0): если не придешь
[00:11:31] NilsCoy (4a24e6bd-ea3a-3318-8f49-61b87de854d0): то я спать
[00:11:46] N1XER__ (33df4bd2-977c-3f5b-bc4c-1c152339deb4): я приду
[00:18:27] N1XER__ (33df4bd2-977c-3f5b-bc4c-1c152339deb4): каки пуки
[00:18:35] N1XER__ (33df4bd2-977c-3f5b-bc4c-1c152339deb4): я еще не пришел
[00:18:41] N1XER__ (33df4bd2-977c-3f5b-bc4c-1c152339deb4): брат ты через полтора часа
[00:18:43] N1XER__ (33df4bd2-977c-3f5b-bc4c-1c152339deb4): спать
[00:18:44] N1XER__ (33df4bd2-977c-3f5b-bc4c-1c152339deb4): пойдешь?
[00:18:46] N1XER__ (33df4bd2-977c-3f5b-bc4c-1c152339deb4): bkb ytn
[00:18:47] N1XER__ (33df4bd2-977c-3f5b-bc4c-1c152339deb4): или нет
[00:18:51] NilsCoy (4a24e6bd-ea3a-3318-8f49-61b87de854d0): lf
[00:18:53] NilsCoy (4a24e6bd-ea3a-3318-8f49-61b87de854d0): да
[00:19:47] N1XER__ (33df4bd2-977c-3f5b-bc4c-1c152339deb4): блять
[01:24:47] NilsCoy (4a24e6bd-ea3a-3318-8f49-61b87de854d0): Отсутствует
[01:24:55] NilsCoy (4a24e6bd-ea3a-3318-8f49-61b87de854d0): -
[01:25:02] NilsCoy (4a24e6bd-ea3a-3318-8f49-61b87de854d0): монеты
[01:44:17] NilsCoy (4a24e6bd-ea3a-3318-8f49-61b87de854d0): test
[01:45:18] NilsCoy (4a24e6bd-ea3a-3318-8f49-61b87de854d0): iron
[01:45:29] NilsCoy (4a24e6bd-ea3a-3318-8f49-61b87de854d0): test_chestplate
[01:45:42] NilsCoy (4a24e6bd-ea3a-3318-8f49-61b87de854d0): iron
[01:45:58] NilsCoy (4a24e6bd-ea3a-3318-8f49-61b87de854d0): test_leggings
[01:46:12] NilsCoy (4a24e6bd-ea3a-3318-8f49-61b87de854d0): iron
[01:46:21] NilsCoy (4a24e6bd-ea3a-3318-8f49-61b87de854d0): test_boots
[01:48:20] NilsCoy (4a24e6bd-ea3a-3318-8f49-61b87de854d0): iron
[01:48:30] N1XER__ (33df4bd2-977c-3f5b-bc4c-1c152339deb4): нихуя
[01:48:31] N1XER__ (33df4bd2-977c-3f5b-bc4c-1c152339deb4): это кто
[01:48:41] NilsCoy (4a24e6bd-ea3a-3318-8f49-61b87de854d0): test_custom_weapon
[01:48:42] N1XER__ (33df4bd2-977c-3f5b-bc4c-1c152339deb4): древний воин
[01:48:43] N1XER__ (33df4bd2-977c-3f5b-bc4c-1c152339deb4): кто это
[01:48:56] NilsCoy (4a24e6bd-ea3a-3318-8f49-61b87de854d0): на
[01:48:59] N1XER__ (33df4bd2-977c-3f5b-bc4c-1c152339deb4): тебя пиздят брат
[01:49:12] N1XER__ (33df4bd2-977c-3f5b-bc4c-1c152339deb4): тест кастом веапон
[01:49:16] NilsCoy (4a24e6bd-ea3a-3318-8f49-61b87de854d0): этот придмет не выпадает
[01:49:22] NilsCoy (4a24e6bd-ea3a-3318-8f49-61b87de854d0): попробуй умереть с ним
[01:50:32] N1XER__ (33df4bd2-977c-3f5b-bc4c-1c152339deb4): ООО
[01:50:32] N1XER__ (33df4bd2-977c-3f5b-bc4c-1c152339deb4): БРАД
[01:50:33] N1XER__ (33df4bd2-977c-3f5b-bc4c-1c152339deb4): НЕ ВЫПАЛА
[01:50:37] NilsCoy (4a24e6bd-ea3a-3318-8f49-61b87de854d0): да
[01:50:40] N1XER__ (33df4bd2-977c-3f5b-bc4c-1c152339deb4): И НЕ ИСЧЕЗЛА
[01:50:40] N1XER__ (33df4bd2-977c-3f5b-bc4c-1c152339deb4): УРААА
[01:51:05] N1XER__ (33df4bd2-977c-3f5b-bc4c-1c152339deb4): ЗАХУЯРИЛ
[01:51:33] N1XER__ (33df4bd2-977c-3f5b-bc4c-1c152339deb4): а куда ты его
[01:51:34] N1XER__ (33df4bd2-977c-3f5b-bc4c-1c152339deb4): хочешь
[01:51:50] NilsCoy (4a24e6bd-ea3a-3318-8f49-61b87de854d0): ну мне было скучно
[01:51:52] NilsCoy (4a24e6bd-ea3a-3318-8f49-61b87de854d0): я его и сделал
[01:51:54] N1XER__ (33df4bd2-977c-3f5b-bc4c-1c152339deb4): а
[01:51:56] N1XER__ (33df4bd2-977c-3f5b-bc4c-1c152339deb4): хорошо
[01:51:56] N1XER__ (33df4bd2-977c-3f5b-bc4c-1c152339deb4): слушай
[01:52:01] N1XER__ (33df4bd2-977c-3f5b-bc4c-1c152339deb4): а можно сделать будет такую фигню
[01:52:07] N1XER__ (33df4bd2-977c-3f5b-bc4c-1c152339deb4): чтобы в какое-то время
[01:52:14] N1XER__ (33df4bd2-977c-3f5b-bc4c-1c152339deb4): на эту крепость начинали нападать волны мобов
[01:52:17] N1XER__ (33df4bd2-977c-3f5b-bc4c-1c152339deb4): закрывались бы ворота
[01:52:24] N1XER__ (33df4bd2-977c-3f5b-bc4c-1c152339deb4): и мобы бы начинали всех хуячить
[01:52:28] N1XER__ (33df4bd2-977c-3f5b-bc4c-1c152339deb4): и тут резня была бы
[01:52:30] N1XER__ (33df4bd2-977c-3f5b-bc4c-1c152339deb4): а?
[01:52:32] NilsCoy (4a24e6bd-ea3a-3318-8f49-61b87de854d0): да
[01:52:33] N1XER__ (33df4bd2-977c-3f5b-bc4c-1c152339deb4): как ивент
[01:52:36] NilsCoy (4a24e6bd-ea3a-3318-8f49-61b87de854d0): можно
[01:54:15] NilsCoy (4a24e6bd-ea3a-3318-8f49-61b87de854d0): иди сюда
[01:54:31] NilsCoy (4a24e6bd-ea3a-3318-8f49-61b87de854d0): никс
[01:54:34] NilsCoy (4a24e6bd-ea3a-3318-8f49-61b87de854d0): иди сюда
[01:54:43] N1XER__ (33df4bd2-977c-3f5b-bc4c-1c152339deb4): а
[01:55:12] NilsCoy (4a24e6bd-ea3a-3318-8f49-61b87de854d0): иди бей его
[01:55:34] N1XER__ (33df4bd2-977c-3f5b-bc4c-1c152339deb4): tp
[01:55:36] N1XER__ (33df4bd2-977c-3f5b-bc4c-1c152339deb4): ез
[01:56:02] N1XER__ (33df4bd2-977c-3f5b-bc4c-1c152339deb4): я сбиваю ему атаки
[01:56:06] N1XER__ (33df4bd2-977c-3f5b-bc4c-1c152339deb4): ты сука
[01:56:54] N1XER__ (33df4bd2-977c-3f5b-bc4c-1c152339deb4): ХАВХАВХАХАХХА
[01:57:33] N1XER__ (33df4bd2-977c-3f5b-bc4c-1c152339deb4): имба оружие
[01:57:38] N1XER__ (33df4bd2-977c-3f5b-bc4c-1c152339deb4): оно хорошо сбивает атаку
[01:57:57] NilsCoy (4a24e6bd-ea3a-3318-8f49-61b87de854d0): поч
[01:58:02] N1XER__ (33df4bd2-977c-3f5b-bc4c-1c152339deb4): имба
[01:58:03] NilsCoy (4a24e6bd-ea3a-3318-8f49-61b87de854d0): атаки у тебя быстрее чем мои
[01:58:09] N1XER__ (33df4bd2-977c-3f5b-bc4c-1c152339deb4): я другие атаки юзаю бра
[01:58:14] N1XER__ (33df4bd2-977c-3f5b-bc4c-1c152339deb4): колющий быстрее обычного
[01:58:16] N1XER__ (33df4bd2-977c-3f5b-bc4c-1c152339deb4): он сбивает тебе атаку
[01:58:19] N1XER__ (33df4bd2-977c-3f5b-bc4c-1c152339deb4): и потом я бью обычными
[01:58:49] NilsCoy (4a24e6bd-ea3a-3318-8f49-61b87de854d0): без способок сложно
[01:58:59] NilsCoy (4a24e6bd-ea3a-3318-8f49-61b87de854d0): не заблокировать не увернуться
[01:58:59] N1XER__ (33df4bd2-977c-3f5b-bc4c-1c152339deb4): да
[01:59:05] NilsCoy (4a24e6bd-ea3a-3318-8f49-61b87de854d0): тяжело
[01:59:08] N1XER__ (33df4bd2-977c-3f5b-bc4c-1c152339deb4): тут кто первый ударит
[01:59:09] N1XER__ (33df4bd2-977c-3f5b-bc4c-1c152339deb4): и дальше уже
[01:59:11] N1XER__ (33df4bd2-977c-3f5b-bc4c-1c152339deb4): только
[01:59:16] N1XER__ (33df4bd2-977c-3f5b-bc4c-1c152339deb4): какой-то невьебический скилл
[01:59:19] NilsCoy (4a24e6bd-ea3a-3318-8f49-61b87de854d0): ну оно просто станит тебя вечно
[01:59:22] N1XER__ (33df4bd2-977c-3f5b-bc4c-1c152339deb4): да
[01:59:27] NilsCoy (4a24e6bd-ea3a-3318-8f49-61b87de854d0): и ты ничего сделать не можешь
[01:59:36] NilsCoy (4a24e6bd-ea3a-3318-8f49-61b87de854d0): хоть 100 раз в сек кликай
[02:00:00] N1XER__ (33df4bd2-977c-3f5b-bc4c-1c152339deb4): топор ахуенно выглядит
[02:00:03] N1XER__ (33df4bd2-977c-3f5b-bc4c-1c152339deb4): но в бою калл
[02:00:04] NilsCoy (4a24e6bd-ea3a-3318-8f49-61b87de854d0): да
[02:00:09] NilsCoy (4a24e6bd-ea3a-3318-8f49-61b87de854d0): а он медленный
[02:00:13] N1XER__ (33df4bd2-977c-3f5b-bc4c-1c152339deb4): хотя
[02:00:16] N1XER__ (33df4bd2-977c-3f5b-bc4c-1c152339deb4): у него хороший урон
[02:00:18] N1XER__ (33df4bd2-977c-3f5b-bc4c-1c152339deb4): и двойной удар быстрый
[02:00:24] N1XER__ (33df4bd2-977c-3f5b-bc4c-1c152339deb4): мб не такой уж и калл
[02:00:37] NilsCoy (4a24e6bd-ea3a-3318-8f49-61b87de854d0): че
[02:00:41] N1XER__ (33df4bd2-977c-3f5b-bc4c-1c152339deb4): фаст удар
[02:00:43] N1XER__ (33df4bd2-977c-3f5b-bc4c-1c152339deb4): имба
[02:00:50] NilsCoy (4a24e6bd-ea3a-3318-8f49-61b87de854d0): не
[02:00:53] NilsCoy (4a24e6bd-ea3a-3318-8f49-61b87de854d0): говно
[02:00:56] N1XER__ (33df4bd2-977c-3f5b-bc4c-1c152339deb4): имба
[02:01:00] N1XER__ (33df4bd2-977c-3f5b-bc4c-1c152339deb4): я тебя захуряли
[02:01:02] N1XER__ (33df4bd2-977c-3f5b-bc4c-1c152339deb4): возьми яблоки
[02:01:02] N1XER__ (33df4bd2-977c-3f5b-bc4c-1c152339deb4): и вещи
[02:01:03] N1XER__ (33df4bd2-977c-3f5b-bc4c-1c152339deb4): быдла
[02:01:41] N1XER__ (33df4bd2-977c-3f5b-bc4c-1c152339deb4): сука
[02:01:44] N1XER__ (33df4bd2-977c-3f5b-bc4c-1c152339deb4): топором надо первым бить
[02:02:39] NilsCoy (4a24e6bd-ea3a-3318-8f49-61b87de854d0): вот вот
[02:02:52] N1XER__ (33df4bd2-977c-3f5b-bc4c-1c152339deb4): вот вот
[02:02:54] NilsCoy (4a24e6bd-ea3a-3318-8f49-61b87de854d0): че
[02:03:01] N1XER__ (33df4bd2-977c-3f5b-bc4c-1c152339deb4): я тебе говорю
[02:03:03] N1XER__ (33df4bd2-977c-3f5b-bc4c-1c152339deb4): топор хорош
[02:03:09] NilsCoy (4a24e6bd-ea3a-3318-8f49-61b87de854d0): я не ебу как ты делаешь такую быструю атакук
[02:03:14] N1XER__ (33df4bd2-977c-3f5b-bc4c-1c152339deb4): просто один раз ударил
[02:03:16] N1XER__ (33df4bd2-977c-3f5b-bc4c-1c152339deb4): и потом сразу же
[02:03:18] N1XER__ (33df4bd2-977c-3f5b-bc4c-1c152339deb4): другой удар
[02:04:07] N1XER__ (33df4bd2-977c-3f5b-bc4c-1c152339deb4): сука почти
[02:04:16] NilsCoy (4a24e6bd-ea3a-3318-8f49-61b87de854d0): стой
[02:04:17] N1XER__ (33df4bd2-977c-3f5b-bc4c-1c152339deb4): а
[02:04:33] NilsCoy (4a24e6bd-ea3a-3318-8f49-61b87de854d0): кнопка вылетела
[02:04:42] N1XER__ (33df4bd2-977c-3f5b-bc4c-1c152339deb4): АХАХХА
[02:04:45] NilsCoy (4a24e6bd-ea3a-3318-8f49-61b87de854d0): и не вставляется обратно
[02:04:49] N1XER__ (33df4bd2-977c-3f5b-bc4c-1c152339deb4): вставляй
[02:05:08] NilsCoy (4a24e6bd-ea3a-3318-8f49-61b87de854d0): о
[02:05:11] NilsCoy (4a24e6bd-ea3a-3318-8f49-61b87de854d0): вроде все
[02:05:15] NilsCoy (4a24e6bd-ea3a-3318-8f49-61b87de854d0): бля
[02:05:21] NilsCoy (4a24e6bd-ea3a-3318-8f49-61b87de854d0): ее приклеить надо
[02:05:27] NilsCoy (4a24e6bd-ea3a-3318-8f49-61b87de854d0): а то хуйня
[02:05:30] N1XER__ (33df4bd2-977c-3f5b-bc4c-1c152339deb4): вахуе
[02:05:31] NilsCoy (4a24e6bd-ea3a-3318-8f49-61b87de854d0): вылетает
[02:05:41] NilsCoy (4a24e6bd-ea3a-3318-8f49-61b87de854d0): наигрался в морду называется
[02:05:43] N1XER__ (33df4bd2-977c-3f5b-bc4c-1c152339deb4): у топора удар с прыжка
[02:05:45] N1XER__ (33df4bd2-977c-3f5b-bc4c-1c152339deb4): это просто
[02:05:47] N1XER__ (33df4bd2-977c-3f5b-bc4c-1c152339deb4): имба
[02:05:50] N1XER__ (33df4bd2-977c-3f5b-bc4c-1c152339deb4): смотри
[02:05:54] N1XER__ (33df4bd2-977c-3f5b-bc4c-1c152339deb4): да стой
[02:05:55] N1XER__ (33df4bd2-977c-3f5b-bc4c-1c152339deb4): блять
[02:06:19] N1XER__ (33df4bd2-977c-3f5b-bc4c-1c152339deb4): иди нахуцй
[02:06:20] N1XER__ (33df4bd2-977c-3f5b-bc4c-1c152339deb4): сука
[02:06:23] NilsCoy (4a24e6bd-ea3a-3318-8f49-61b87de854d0): хахаха
[02:06:51] NilsCoy (4a24e6bd-ea3a-3318-8f49-61b87de854d0): бля
[02:06:53] N1XER__ (33df4bd2-977c-3f5b-bc4c-1c152339deb4): а
[02:07:00] NilsCoy (4a24e6bd-ea3a-3318-8f49-61b87de854d0): надо клей момент найти будет
[02:07:36] NilsCoy (4a24e6bd-ea3a-3318-8f49-61b87de854d0): вввввввввввввввввввввввввввввввввввввввввввввввввввввввввввв
[02:07:42] N1XER__ (33df4bd2-977c-3f5b-bc4c-1c152339deb4): клей момент бля
[02:08:09] NilsCoy (4a24e6bd-ea3a-3318-8f49-61b87de854d0): кста
[02:59:17] NilsCoy (4a24e6bd-ea3a-3318-8f49-61b87de854d0): ./innovativeitems create
[03:00:41] N1XER__ (33df4bd2-977c-3f5b-bc4c-1c152339deb4): cancel
[03:01:04] N1XER__ (33df4bd2-977c-3f5b-bc4c-1c152339deb4): §fСаси хуй
[03:01:16] N1XER__ (33df4bd2-977c-3f5b-bc4c-1c152339deb4): §7чупакабра ебанная
[03:01:24] NilsCoy (4a24e6bd-ea3a-3318-8f49-61b87de854d0): cancel
[03:01:35] N1XER__ (33df4bd2-977c-3f5b-bc4c-1c152339deb4): health 10
[03:01:43] NilsCoy (4a24e6bd-ea3a-3318-8f49-61b87de854d0): damage 1
[03:02:16] NilsCoy (4a24e6bd-ea3a-3318-8f49-61b87de854d0): damage 1
[03:08:35] N1XER__ (33df4bd2-977c-3f5b-bc4c-1c152339deb4): asfdfsda
[03:08:39] N1XER__ (33df4bd2-977c-3f5b-bc4c-1c152339deb4): §7Солдат
[03:08:46] N1XER__ (33df4bd2-977c-3f5b-bc4c-1c152339deb4): §7fds
[03:36:43] N1XER__ (33df4bd2-977c-3f5b-bc4c-1c152339deb4): brush cyl lime_wool 5
[03:36:49] N1XER__ (33df4bd2-977c-3f5b-bc4c-1c152339deb4): .//mask grass_block
[03:45:58] NilsCoy (4a24e6bd-ea3a-3318-8f49-61b87de854d0): ы
[03:53:24] NilsCoy (4a24e6bd-ea3a-3318-8f49-61b87de854d0): .гтвщ
[06:21:45] NilsCoy (4a24e6bd-ea3a-3318-8f49-61b87de854d0): god
[06:32:50] NilsCoy (4a24e6bd-ea3a-3318-8f49-61b87de854d0): s
[06:54:07] NilsCoy (4a24e6bd-ea3a-3318-8f49-61b87de854d0): вода ела воду вов вву увв ыыввввы вв
[08:29:51] NilsCoy (4a24e6bd-ea3a-3318-8f49-61b87de854d0): heal
[09:12:30] NilsCoy (4a24e6bd-ea3a-3318-8f49-61b87de854d0): ы?
[12:47:07] N1XER__ (33df4bd2-977c-3f5b-bc4c-1c152339deb4): GOST
[12:47:11] N1XER__ (33df4bd2-977c-3f5b-bc4c-1c152339deb4): GOST
[12:47:12] N1XER__ (33df4bd2-977c-3f5b-bc4c-1c152339deb4): GOST
[12:47:13] N1XER__ (33df4bd2-977c-3f5b-bc4c-1c152339deb4): GHOST
[12:47:15] N1XER__ (33df4bd2-977c-3f5b-bc4c-1c152339deb4): ГОСТ
[12:47:16] NilsCoy (4a24e6bd-ea3a-3318-8f49-61b87de854d0): ГОСТ
[12:47:18] N1XER__ (33df4bd2-977c-3f5b-bc4c-1c152339deb4): ГАСТ?
[12:47:24] N1XER__ (33df4bd2-977c-3f5b-bc4c-1c152339deb4): СОСИ
[13:11:13] N1XER__ (33df4bd2-977c-3f5b-bc4c-1c152339deb4): опаха
[13:11:16] N1XER__ (33df4bd2-977c-3f5b-bc4c-1c152339deb4): опахала
[13:11:33] NilsCoy (4a24e6bd-ea3a-3318-8f49-61b87de854d0): опхапхапхапхаохпа
[17:06:57] N1XER__ (33df4bd2-977c-3f5b-bc4c-1c152339deb4): §bfd
[17:38:00] N1XER__ (33df4bd2-977c-3f5b-bc4c-1c152339deb4): clear
[18:36:05] N1XER__ (33df4bd2-977c-3f5b-bc4c-1c152339deb4): 123
[18:36:07] N1XER__ (33df4bd2-977c-3f5b-bc4c-1c152339deb4): 123
[18:38:19] N1XER__ (33df4bd2-977c-3f5b-bc4c-1c152339deb4): feed
[19:01:44] NilsCoy (4a24e6bd-ea3a-3318-8f49-61b87de854d0): 16 - 1,2
[21:17:14] NilsCoy (4a24e6bd-ea3a-3318-8f49-61b87de854d0): \
[21:22:21] NilsCoy (4a24e6bd-ea3a-3318-8f49-61b87de854d0): ii give %player% knuckle
