[20:12:36] N1XER__ (af239de1-74fc-4785-a192-3c53edfccf70): fsdfsda
[20:17:50] N1XER__ (af239de1-74fc-4785-a192-3c53edfccf70): 124
[20:18:17] N1XER__ (af239de1-74fc-4785-a192-3c53edfccf70): 124
[20:18:42] N1XER__ (af239de1-74fc-4785-a192-3c53edfccf70): 124
[20:18:58] N1XER__ (af239de1-74fc-4785-a192-3c53edfccf70): 124
[20:20:04] N1XER__ (af239de1-74fc-4785-a192-3c53edfccf70): 123
[20:20:05] N1XER__ (af239de1-74fc-4785-a192-3c53edfccf70): 123
[20:20:20] N1XER__ (af239de1-74fc-4785-a192-3c53edfccf70): 123
[20:22:17] N1XER__ (af239de1-74fc-4785-a192-3c53edfccf70): 1
[20:22:17] N1XER__ (af239de1-74fc-4785-a192-3c53edfccf70): 1
[20:29:02] N1XER__ (af239de1-74fc-4785-a192-3c53edfccf70): 123
[20:29:05] N1XER__ (af239de1-74fc-4785-a192-3c53edfccf70): 123
[21:05:54] N1XER__ (af239de1-74fc-4785-a192-3c53edfccf70): 123
[22:27:31] N1XER__ (af239de1-74fc-4785-a192-3c53edfccf70): 1
[22:27:32] N1XER__ (af239de1-74fc-4785-a192-3c53edfccf70): 1
[22:27:37] N1XER__ (af239de1-74fc-4785-a192-3c53edfccf70): 1
[22:27:39] N1XER__ (af239de1-74fc-4785-a192-3c53edfccf70): 1
[22:28:07] N1XER__ (af239de1-74fc-4785-a192-3c53edfccf70): 1
[22:28:08] N1XER__ (af239de1-74fc-4785-a192-3c53edfccf70): 1
[22:28:55] N1XER__ (af239de1-74fc-4785-a192-3c53edfccf70): 123
[22:29:50] N1XER__ (af239de1-74fc-4785-a192-3c53edfccf70): 12
[22:51:35] N1XER__ (af239de1-74fc-4785-a192-3c53edfccf70): 123
[22:51:36] N1XER__ (af239de1-74fc-4785-a192-3c53edfccf70): 123
[22:58:45] N1XER__ (af239de1-74fc-4785-a192-3c53edfccf70): ыфвалфвыаодфыволафылодвафыоволдаыфолвоалфыволфалодолдафыв
[22:59:50] N1XER__ (af239de1-74fc-4785-a192-3c53edfccf70): 234
[23:00:28] NilsCoy (c6f229b8-afe8-4491-8e63-f1e2f40f0355): & k
[23:00:40] N1XER__ (af239de1-74fc-4785-a192-3c53edfccf70): §kf
[23:01:54] N1XER__ (af239de1-74fc-4785-a192-3c53edfccf70): 12123
[23:01:55] N1XER__ (af239de1-74fc-4785-a192-3c53edfccf70): 32432
[23:02:16] N1XER__ (af239de1-74fc-4785-a192-3c53edfccf70): ds
[23:02:18] N1XER__ (af239de1-74fc-4785-a192-3c53edfccf70): dasfsad
[23:23:18] N1XER__ (af239de1-74fc-4785-a192-3c53edfccf70): d
[23:34:42] N1XER__ (af239de1-74fc-4785-a192-3c53edfccf70): хуй
[23:34:56] N1XER__ (af239de1-74fc-4785-a192-3c53edfccf70): хуй пизда залупа пенис хер давалка блядун дрочила
[23:35:06] NilsCoy (c6f229b8-afe8-4491-8e63-f1e2f40f0355): жепа член
[23:35:08] N1XER__ (af239de1-74fc-4785-a192-3c53edfccf70): хуй
[23:35:10] N1XER__ (af239de1-74fc-4785-a192-3c53edfccf70): хуй
[23:35:12] N1XER__ (af239de1-74fc-4785-a192-3c53edfccf70): хуй
[23:35:13] N1XER__ (af239de1-74fc-4785-a192-3c53edfccf70): хуй
[23:35:13] N1XER__ (af239de1-74fc-4785-a192-3c53edfccf70): хуй
[23:35:13] N1XER__ (af239de1-74fc-4785-a192-3c53edfccf70): хуй
[23:35:14] N1XER__ (af239de1-74fc-4785-a192-3c53edfccf70): хуй
