[17:59:12] N1XER__ (33df4bd2-977c-3f5b-bc4c-1c152339deb4): е
[17:59:30] N1XER__ (33df4bd2-977c-3f5b-bc4c-1c152339deb4): е
[18:00:09] N1XER__ (33df4bd2-977c-3f5b-bc4c-1c152339deb4): е
[18:14:07] N1XER__ (33df4bd2-977c-3f5b-bc4c-1c152339deb4): а
[18:14:15] N1XER__ (33df4bd2-977c-3f5b-bc4c-1c152339deb4): авы
[18:15:41] N1XER__ (33df4bd2-977c-3f5b-bc4c-1c152339deb4): в
[18:17:28] N1XER__ (33df4bd2-977c-3f5b-bc4c-1c152339deb4): е
[18:24:34] N1XER__ (33df4bd2-977c-3f5b-bc4c-1c152339deb4): t
[18:25:08] N1XER__ (33df4bd2-977c-3f5b-bc4c-1c152339deb4): t
[18:25:16] N1XER__ (33df4bd2-977c-3f5b-bc4c-1c152339deb4): ты пидарас
[18:25:21] N1XER__ (33df4bd2-977c-3f5b-bc4c-1c152339deb4): почини эту хуйню
[18:25:24] N1XER__ (33df4bd2-977c-3f5b-bc4c-1c152339deb4): ебанную
[18:25:34] N1XER__ (33df4bd2-977c-3f5b-bc4c-1c152339deb4): тебе пишу
[18:25:37] N1XER__ (33df4bd2-977c-3f5b-bc4c-1c152339deb4): € даже своих сообщений не вижу
[18:25:40] N1XER__ (33df4bd2-977c-3f5b-bc4c-1c152339deb4): ахуенно
[18:25:46] N1XER__ (33df4bd2-977c-3f5b-bc4c-1c152339deb4): ti pidoras
[18:27:03] N1XER__ (33df4bd2-977c-3f5b-bc4c-1c152339deb4): авы
[18:27:05] N1XER__ (33df4bd2-977c-3f5b-bc4c-1c152339deb4): 2
[18:27:14] N1XER__ (33df4bd2-977c-3f5b-bc4c-1c152339deb4): ti pidoras
[18:27:14] N1XER__ (33df4bd2-977c-3f5b-bc4c-1c152339deb4): 4ini
