[13:08:58] N1XER__ (33df4bd2-977c-3f5b-bc4c-1c152339deb4): ав
[13:33:27] fofo15 (f948b7b0-96bc-3c32-89ff-1941bf1b85da): бля вот мем
[13:33:38] fofo15 (f948b7b0-96bc-3c32-89ff-1941bf1b85da): у меня текстуры не подгрузились
[13:33:41] fofo15 (f948b7b0-96bc-3c32-89ff-1941bf1b85da): вот мем
[13:34:16] [CAPS] N1XER__ (33df4bd2-977c-3f5b-bc4c-1c152339deb4): омагад
[13:34:18] N1XER__ (33df4bd2-977c-3f5b-bc4c-1c152339deb4): привет
[13:36:30] fofo15 (f948b7b0-96bc-3c32-89ff-1941bf1b85da): аххахаха
[13:36:35] N1XER__ (33df4bd2-977c-3f5b-bc4c-1c152339deb4): а?
[13:36:35] fofo15 (f948b7b0-96bc-3c32-89ff-1941bf1b85da): нильс так и не поменял
[13:36:39] N1XER__ (33df4bd2-977c-3f5b-bc4c-1c152339deb4): чо
[13:36:51] fofo15 (f948b7b0-96bc-3c32-89ff-1941bf1b85da): у нас в обучении на наковальне краситель валяеться
[13:37:01] N1XER__ (33df4bd2-977c-3f5b-bc4c-1c152339deb4): ХАХ/пХАХЗАхзаВХ
[13:37:06] N1XER__ (33df4bd2-977c-3f5b-bc4c-1c152339deb4): щас напишу ему
[13:37:24] N1XER__ (33df4bd2-977c-3f5b-bc4c-1c152339deb4): написал от тебя
[13:38:12] fofo15 (f948b7b0-96bc-3c32-89ff-1941bf1b85da): вот еще 1 нашел
[13:38:25] fofo15 (f948b7b0-96bc-3c32-89ff-1941bf1b85da): опыт даеться xp за рыбалку
[13:38:29] fofo15 (f948b7b0-96bc-3c32-89ff-1941bf1b85da): и в баре показываеться
[13:38:49] fofo15 (f948b7b0-96bc-3c32-89ff-1941bf1b85da): блять оказываеться это все в игровом чате видно
[13:39:40] N1XER__ (33df4bd2-977c-3f5b-bc4c-1c152339deb4): Не понял?
[13:39:50] N1XER__ (33df4bd2-977c-3f5b-bc4c-1c152339deb4): Так опыт за рыбалку и должен же
[13:39:51] N1XER__ (33df4bd2-977c-3f5b-bc4c-1c152339deb4): быть
[13:39:56] fofo15 (f948b7b0-96bc-3c32-89ff-1941bf1b85da): ненене
[13:40:01] fofo15 (f948b7b0-96bc-3c32-89ff-1941bf1b85da): я про xp
[13:40:06] fofo15 (f948b7b0-96bc-3c32-89ff-1941bf1b85da): ванильный опыт
[13:40:07] N1XER__ (33df4bd2-977c-3f5b-bc4c-1c152339deb4): а
[13:40:39] N1XER__ (33df4bd2-977c-3f5b-bc4c-1c152339deb4): так твоя полоска снизу
[13:40:41] N1XER__ (33df4bd2-977c-3f5b-bc4c-1c152339deb4): это твой опыт
[13:40:43] N1XER__ (33df4bd2-977c-3f5b-bc4c-1c152339deb4): не ванильный
[13:40:49] N1XER__ (33df4bd2-977c-3f5b-bc4c-1c152339deb4): или че
[13:40:49] fofo15 (f948b7b0-96bc-3c32-89ff-1941bf1b85da): а еще в первом озере можно выловить не только рыбу
[13:40:53] fofo15 (f948b7b0-96bc-3c32-89ff-1941bf1b85da): нутипо
[13:41:23] fofo15 (f948b7b0-96bc-3c32-89ff-1941bf1b85da): аззазазаза
[13:41:27] fofo15 (f948b7b0-96bc-3c32-89ff-1941bf1b85da): блят
[13:41:35] fofo15 (f948b7b0-96bc-3c32-89ff-1941bf1b85da): +еще бредик
[13:41:55] fofo15 (f948b7b0-96bc-3c32-89ff-1941bf1b85da): можно нажать изначально на разбойника
[13:42:00] fofo15 (f948b7b0-96bc-3c32-89ff-1941bf1b85da): и пойти проходить квесты
[13:42:08] fofo15 (f948b7b0-96bc-3c32-89ff-1941bf1b85da): а потом нажать на бродягу
[13:42:11] fofo15 (f948b7b0-96bc-3c32-89ff-1941bf1b85da): и все
[13:42:24] fofo15 (f948b7b0-96bc-3c32-89ff-1941bf1b85da): мем
[13:44:15] fofo15 (f948b7b0-96bc-3c32-89ff-1941bf1b85da): лол я в обучение умер и вещи потерял
[13:44:25] N1XER__ (33df4bd2-977c-3f5b-bc4c-1c152339deb4): вещи в обучении теряются
[13:44:27] N1XER__ (33df4bd2-977c-3f5b-bc4c-1c152339deb4): а насчет
[13:44:34] N1XER__ (33df4bd2-977c-3f5b-bc4c-1c152339deb4): нажать на разбойника потом бродяга
[13:44:36] N1XER__ (33df4bd2-977c-3f5b-bc4c-1c152339deb4): не понял
[13:44:57] fofo15 (f948b7b0-96bc-3c32-89ff-1941bf1b85da): последовательность можно сбить
[13:45:03] fofo15 (f948b7b0-96bc-3c32-89ff-1941bf1b85da): последовательность можно сбить
[13:45:43] N1XER__ (33df4bd2-977c-3f5b-bc4c-1c152339deb4): ну я
[13:45:46] N1XER__ (33df4bd2-977c-3f5b-bc4c-1c152339deb4): скинул нильсу
[13:45:49] N1XER__ (33df4bd2-977c-3f5b-bc4c-1c152339deb4): твои сообщения
[13:45:59] N1XER__ (33df4bd2-977c-3f5b-bc4c-1c152339deb4): ты обучалку еще проходишь,
[13:46:01] N1XER__ (33df4bd2-977c-3f5b-bc4c-1c152339deb4): ?
[13:46:11] fofo15 (f948b7b0-96bc-3c32-89ff-1941bf1b85da): да
[13:46:16] fofo15 (f948b7b0-96bc-3c32-89ff-1941bf1b85da): я всю ее чекаю
[13:46:42] fofo15 (f948b7b0-96bc-3c32-89ff-1941bf1b85da): лол мне меч не даеться
[13:46:50] fofo15 (f948b7b0-96bc-3c32-89ff-1941bf1b85da): а зажать
[13:47:08] N1XER__ (33df4bd2-977c-3f5b-bc4c-1c152339deb4): какой меч
[13:47:12] N1XER__ (33df4bd2-977c-3f5b-bc4c-1c152339deb4): тебя тепнуло уже?
[13:47:16] fofo15 (f948b7b0-96bc-3c32-89ff-1941bf1b85da): да
[13:47:23] N1XER__ (33df4bd2-977c-3f5b-bc4c-1c152339deb4): ты прям возле него шифт
[13:47:25] N1XER__ (33df4bd2-977c-3f5b-bc4c-1c152339deb4): прожми
[13:47:28] fofo15 (f948b7b0-96bc-3c32-89ff-1941bf1b85da): Я уже
[13:47:28] N1XER__ (33df4bd2-977c-3f5b-bc4c-1c152339deb4): прям на нем
[13:47:31] N1XER__ (33df4bd2-977c-3f5b-bc4c-1c152339deb4): а ну
[13:47:35] N1XER__ (33df4bd2-977c-3f5b-bc4c-1c152339deb4): дальше в дом зайди за вещами
[13:47:41] N1XER__ (33df4bd2-977c-3f5b-bc4c-1c152339deb4): по идеи тебе должно выдаваться две шмотки
[13:47:41] fofo15 (f948b7b0-96bc-3c32-89ff-1941bf1b85da): агаэ
[13:47:42] N1XER__ (33df4bd2-977c-3f5b-bc4c-1c152339deb4): и еда
[13:47:48] N1XER__ (33df4bd2-977c-3f5b-bc4c-1c152339deb4): а еще
[13:47:54] N1XER__ (33df4bd2-977c-3f5b-bc4c-1c152339deb4): ./promo HORIZON
[13:47:55] N1XER__ (33df4bd2-977c-3f5b-bc4c-1c152339deb4): напиши
[13:47:59] N1XER__ (33df4bd2-977c-3f5b-bc4c-1c152339deb4): тебе титул дадут и кейсы
[13:48:01] fofo15 (f948b7b0-96bc-3c32-89ff-1941bf1b85da): а это норм что у меня не забрали хлеб?
[13:48:03] N1XER__ (33df4bd2-977c-3f5b-bc4c-1c152339deb4): а еще и /daily юзни
[13:48:10] N1XER__ (33df4bd2-977c-3f5b-bc4c-1c152339deb4): да кстати
[13:48:14] N1XER__ (33df4bd2-977c-3f5b-bc4c-1c152339deb4): у меня тоже не забирали
[13:48:25] N1XER__ (33df4bd2-977c-3f5b-bc4c-1c152339deb4): пусть лучше будет потому что дальше игроки ахуеют от голодовки
[13:48:31] N1XER__ (33df4bd2-977c-3f5b-bc4c-1c152339deb4): у меня например уже нет еды
[13:48:36] N1XER__ (33df4bd2-977c-3f5b-bc4c-1c152339deb4): и всего 1500 монет
[13:48:59] fofo15 (f948b7b0-96bc-3c32-89ff-1941bf1b85da): ура бесконечный фарм скелета обучения
[13:49:10] fofo15 (f948b7b0-96bc-3c32-89ff-1941bf1b85da): по факту можно заработать 100 лвл
[13:49:10] [CAPS] N1XER__ (33df4bd2-977c-3f5b-bc4c-1c152339deb4): аххаха
[13:49:15] fofo15 (f948b7b0-96bc-3c32-89ff-1941bf1b85da): не выходя с обучения
[13:49:21] N1XER__ (33df4bd2-977c-3f5b-bc4c-1c152339deb4): ну не сказал бы что это выгодно
[13:49:32] fofo15 (f948b7b0-96bc-3c32-89ff-1941bf1b85da): по 4 опыта каждый убитый
[13:49:46] N1XER__ (33df4bd2-977c-3f5b-bc4c-1c152339deb4): поменяли же систему лвл-ов, теперь с каждым 5 вроде лвл-ом тебе нужно будет больше набирать
[13:49:50] N1XER__ (33df4bd2-977c-3f5b-bc4c-1c152339deb4): и с мобов некоторых больше падает
[13:49:55] N1XER__ (33df4bd2-977c-3f5b-bc4c-1c152339deb4): с боссов или разбойников например
[13:50:14] fofo15 (f948b7b0-96bc-3c32-89ff-1941bf1b85da): я знаю
[13:50:22] N1XER__ (33df4bd2-977c-3f5b-bc4c-1c152339deb4): ты прописал промик и дайлик?
[13:50:25] fofo15 (f948b7b0-96bc-3c32-89ff-1941bf1b85da): да
[13:50:33] N1XER__ (33df4bd2-977c-3f5b-bc4c-1c152339deb4): ставь себе титул мега крутой сочный вкусный мм
[13:52:33] N1XER__ (33df4bd2-977c-3f5b-bc4c-1c152339deb4): У меня оказывается стак печенья был с кейсов ежедневных..
[13:52:43] fofo15 (f948b7b0-96bc-3c32-89ff-1941bf1b85da): у меня тоже
[13:52:48] N1XER__ (33df4bd2-977c-3f5b-bc4c-1c152339deb4): имба
[13:53:07] N1XER__ (33df4bd2-977c-3f5b-bc4c-1c152339deb4): ооо
[13:53:08] N1XER__ (33df4bd2-977c-3f5b-bc4c-1c152339deb4): легенда
[13:53:33] N1XER__ (33df4bd2-977c-3f5b-bc4c-1c152339deb4): тебе с промика дали 500 монет на оружие
[13:53:33] N1XER__ (33df4bd2-977c-3f5b-bc4c-1c152339deb4): э
[13:53:33] N1XER__ (33df4bd2-977c-3f5b-bc4c-1c152339deb4): ебать
[13:53:36] N1XER__ (33df4bd2-977c-3f5b-bc4c-1c152339deb4): что за лаг
[13:53:39] N1XER__ (33df4bd2-977c-3f5b-bc4c-1c152339deb4): пинг 1680
[13:53:39] fofo15 (f948b7b0-96bc-3c32-89ff-1941bf1b85da): угадай сколько у меня монет\\\
[13:53:45] N1XER__ (33df4bd2-977c-3f5b-bc4c-1c152339deb4): около 1-2к,
[13:53:46] N1XER__ (33df4bd2-977c-3f5b-bc4c-1c152339deb4): ?
[13:53:53] fofo15 (f948b7b0-96bc-3c32-89ff-1941bf1b85da): 1к
[13:53:57] N1XER__ (33df4bd2-977c-3f5b-bc4c-1c152339deb4): неплох
[13:54:04] N1XER__ (33df4bd2-977c-3f5b-bc4c-1c152339deb4): ты видишь шляпу на мне?
[13:54:12] fofo15 (f948b7b0-96bc-3c32-89ff-1941bf1b85da): -
[13:54:15] fofo15 (f948b7b0-96bc-3c32-89ff-1941bf1b85da): битая текстура
[13:54:25] N1XER__ (33df4bd2-977c-3f5b-bc4c-1c152339deb4): фиолетово-черная?
[13:54:29] fofo15 (f948b7b0-96bc-3c32-89ff-1941bf1b85da): да
[13:54:35] N1XER__ (33df4bd2-977c-3f5b-bc4c-1c152339deb4): бля нильс хуйню наделал
[13:54:39] N1XER__ (33df4bd2-977c-3f5b-bc4c-1c152339deb4): без оптифайна у людей
[13:54:41] N1XER__ (33df4bd2-977c-3f5b-bc4c-1c152339deb4): битые текстуры
[13:54:42] fofo15 (f948b7b0-96bc-3c32-89ff-1941bf1b85da): как всегда
[13:55:28] fofo15 (f948b7b0-96bc-3c32-89ff-1941bf1b85da): а лол
[13:55:31] fofo15 (f948b7b0-96bc-3c32-89ff-1941bf1b85da): у меня 2 кирки азахха
[13:57:01] fofo15 (f948b7b0-96bc-3c32-89ff-1941bf1b85da): фарм стал мега изи
[13:57:07] fofo15 (f948b7b0-96bc-3c32-89ff-1941bf1b85da): фарм стал мега изи
[13:57:19] N1XER__ (33df4bd2-977c-3f5b-bc4c-1c152339deb4): Я нильсу писал об этом, мобы стали медленее
[13:57:35] N1XER__ (33df4bd2-977c-3f5b-bc4c-1c152339deb4): Насчет пещер, там немного стало легче из-за больших руд НО крафты сами по себе стали сложнее
[13:57:36] fofo15 (f948b7b0-96bc-3c32-89ff-1941bf1b85da): и не только
[13:58:03] N1XER__ (33df4bd2-977c-3f5b-bc4c-1c152339deb4): если все будет прям мега изи
[13:58:06] N1XER__ (33df4bd2-977c-3f5b-bc4c-1c152339deb4): если все будет прям мега изи
[13:58:09] N1XER__ (33df4bd2-977c-3f5b-bc4c-1c152339deb4): напишем нильсу
[13:58:18] fofo15 (f948b7b0-96bc-3c32-89ff-1941bf1b85da): я нафармил стак костей
[13:58:21] [CAPS] N1XER__ (33df4bd2-977c-3f5b-bc4c-1c152339deb4): аххахаха
[13:58:22] N1XER__ (33df4bd2-977c-3f5b-bc4c-1c152339deb4): ужас
[13:58:47] fofo15 (f948b7b0-96bc-3c32-89ff-1941bf1b85da): ахахах я пизжу теней
[13:58:53] fofo15 (f948b7b0-96bc-3c32-89ff-1941bf1b85da): вобще не страшные
[13:59:20] N1XER__ (33df4bd2-977c-3f5b-bc4c-1c152339deb4): ХАХахвхав
[13:59:27] N1XER__ (33df4bd2-977c-3f5b-bc4c-1c152339deb4): на самом деле меня они уже успели напугать
[13:59:30] N1XER__ (33df4bd2-977c-3f5b-bc4c-1c152339deb4): я бежал по миру
[13:59:32] N1XER__ (33df4bd2-977c-3f5b-bc4c-1c152339deb4): и она вылезла резко
[13:59:38] fofo15 (f948b7b0-96bc-3c32-89ff-1941bf1b85da): у меня уже 3 вылазит
[13:59:42] fofo15 (f948b7b0-96bc-3c32-89ff-1941bf1b85da): я просто убиваю
[13:59:51] fofo15 (f948b7b0-96bc-3c32-89ff-1941bf1b85da): мне опыт не начисляеться лол
[14:00:08] fofo15 (f948b7b0-96bc-3c32-89ff-1941bf1b85da): а нет
[14:00:12] fofo15 (f948b7b0-96bc-3c32-89ff-1941bf1b85da): он странно числиться
[14:00:44] N1XER__ (33df4bd2-977c-3f5b-bc4c-1c152339deb4): он нормально начисляется, когда тени бьют тебя, они исчезают
[14:00:47] N1XER__ (33df4bd2-977c-3f5b-bc4c-1c152339deb4): ты не убиваешь их
[14:00:48] N1XER__ (33df4bd2-977c-3f5b-bc4c-1c152339deb4): ахпвыахавфызх
[14:00:51] fofo15 (f948b7b0-96bc-3c32-89ff-1941bf1b85da): нгене
[14:00:58] fofo15 (f948b7b0-96bc-3c32-89ff-1941bf1b85da): я ударил тень и получил 6 опыта
[14:01:18] fofo15 (f948b7b0-96bc-3c32-89ff-1941bf1b85da): крысы стали еще изичнее
[14:01:30] fofo15 (f948b7b0-96bc-3c32-89ff-1941bf1b85da): спавнрейда нету вобще
[14:01:43] N1XER__ (33df4bd2-977c-3f5b-bc4c-1c152339deb4): не согласен со спавнрейтом
[14:01:45] N1XER__ (33df4bd2-977c-3f5b-bc4c-1c152339deb4): он же норм
[14:01:52] fofo15 (f948b7b0-96bc-3c32-89ff-1941bf1b85da): а ты сходи в шахту
[14:01:55] N1XER__ (33df4bd2-977c-3f5b-bc4c-1c152339deb4): был там
[14:02:00] fofo15 (f948b7b0-96bc-3c32-89ff-1941bf1b85da): в одно лицо:?
[14:02:25] N1XER__ (33df4bd2-977c-3f5b-bc4c-1c152339deb4): проверим тогда вдвоем
[14:02:44] fofo15 (f948b7b0-96bc-3c32-89ff-1941bf1b85da): он лучше чем был
[14:02:52] fofo15 (f948b7b0-96bc-3c32-89ff-1941bf1b85da): но в 6-7 невозможно будет
[14:03:21] fofo15 (f948b7b0-96bc-3c32-89ff-1941bf1b85da): о я получил лоскут тени
[14:04:21] fofo15 (f948b7b0-96bc-3c32-89ff-1941bf1b85da): у меня полтора стака хлеба имба
[14:04:27] N1XER__ (33df4bd2-977c-3f5b-bc4c-1c152339deb4): это ненадолго...
[14:04:35] fofo15 (f948b7b0-96bc-3c32-89ff-1941bf1b85da): 24 стейка
[14:04:39] fofo15 (f948b7b0-96bc-3c32-89ff-1941bf1b85da): и стак печенья
[14:04:55] N1XER__ (33df4bd2-977c-3f5b-bc4c-1c152339deb4): ебать ты
[14:05:35] fofo15 (f948b7b0-96bc-3c32-89ff-1941bf1b85da): за большой уголь нужно больше опыта
[14:11:32] fofo15 (f948b7b0-96bc-3c32-89ff-1941bf1b85da): есть немного угля?
[14:12:00] fofo15 (f948b7b0-96bc-3c32-89ff-1941bf1b85da): але
[14:12:05] N1XER__ (33df4bd2-977c-3f5b-bc4c-1c152339deb4): а
[14:12:19] fofo15 (f948b7b0-96bc-3c32-89ff-1941bf1b85da): дай ещек ахха
[14:12:21] fofo15 (f948b7b0-96bc-3c32-89ff-1941bf1b85da): на 40 монет
[14:12:37] N1XER__ (33df4bd2-977c-3f5b-bc4c-1c152339deb4): ебать
[14:12:45] fofo15 (f948b7b0-96bc-3c32-89ff-1941bf1b85da): мне на кирку не хватае
[14:19:10] N1XER__ (33df4bd2-977c-3f5b-bc4c-1c152339deb4): как там спавнрейт?
[14:19:22] fofo15 (f948b7b0-96bc-3c32-89ff-1941bf1b85da): +-
[14:21:03] N1XER__ (33df4bd2-977c-3f5b-bc4c-1c152339deb4): скок добыл всего?
[14:21:23] fofo15 (f948b7b0-96bc-3c32-89ff-1941bf1b85da): &
[14:21:26] fofo15 (f948b7b0-96bc-3c32-89ff-1941bf1b85da): ?
[14:22:21] N1XER__ (33df4bd2-977c-3f5b-bc4c-1c152339deb4): ну
[14:22:24] N1XER__ (33df4bd2-977c-3f5b-bc4c-1c152339deb4): руды сколько всего
[14:22:30] fofo15 (f948b7b0-96bc-3c32-89ff-1941bf1b85da): 30 железа
[14:22:34] fofo15 (f948b7b0-96bc-3c32-89ff-1941bf1b85da): 59 угля
[14:22:37] N1XER__ (33df4bd2-977c-3f5b-bc4c-1c152339deb4): ахуеть
[14:22:39] N1XER__ (33df4bd2-977c-3f5b-bc4c-1c152339deb4): норм так
[14:22:47] fofo15 (f948b7b0-96bc-3c32-89ff-1941bf1b85da): мало
[14:22:59] fofo15 (f948b7b0-96bc-3c32-89ff-1941bf1b85da): крысы спавняться в блоках
[14:23:05] fofo15 (f948b7b0-96bc-3c32-89ff-1941bf1b85da): это багуляф
[14:25:49] fofo15 (f948b7b0-96bc-3c32-89ff-1941bf1b85da): ЫЫЫЫ
[14:26:03] N1XER__ (33df4bd2-977c-3f5b-bc4c-1c152339deb4): это баг кстати
[14:26:08] N1XER__ (33df4bd2-977c-3f5b-bc4c-1c152339deb4): ты доллжен был получить Рудокоп
[14:26:12] N1XER__ (33df4bd2-977c-3f5b-bc4c-1c152339deb4): я нильсу скинул
[14:26:12] fofo15 (f948b7b0-96bc-3c32-89ff-1941bf1b85da): я знаю
[14:26:14] [CAPS] N1XER__ (33df4bd2-977c-3f5b-bc4c-1c152339deb4): хавхвхыах
[14:26:19] N1XER__ (33df4bd2-977c-3f5b-bc4c-1c152339deb4): у меня есть горняк тоже
[14:26:26] N1XER__ (33df4bd2-977c-3f5b-bc4c-1c152339deb4): Гоу я в шахту а ты куда-то
[14:26:29] N1XER__ (33df4bd2-977c-3f5b-bc4c-1c152339deb4): на вверх
[14:26:32] N1XER__ (33df4bd2-977c-3f5b-bc4c-1c152339deb4): посмотрю спавнрейт
[14:26:33] fofo15 (f948b7b0-96bc-3c32-89ff-1941bf1b85da): ща
[14:27:11] N1XER__ (33df4bd2-977c-3f5b-bc4c-1c152339deb4): стой
[14:27:14] N1XER__ (33df4bd2-977c-3f5b-bc4c-1c152339deb4): сиди в шахте
[14:27:16] N1XER__ (33df4bd2-977c-3f5b-bc4c-1c152339deb4): я щас скелетов
[14:27:17] N1XER__ (33df4bd2-977c-3f5b-bc4c-1c152339deb4): посмотрю
[14:27:26] N1XER__ (33df4bd2-977c-3f5b-bc4c-1c152339deb4): ой
[14:27:27] [CAPS] fofo15 (f948b7b0-96bc-3c32-89ff-1941bf1b85da): хахахахахаха
[14:27:29] [CAPS] fofo15 (f948b7b0-96bc-3c32-89ff-1941bf1b85da): хахахах
[14:27:34] N1XER__ (33df4bd2-977c-3f5b-bc4c-1c152339deb4): о
[14:27:36] N1XER__ (33df4bd2-977c-3f5b-bc4c-1c152339deb4): +15 лвл
[14:27:57] N1XER__ (33df4bd2-977c-3f5b-bc4c-1c152339deb4): ну у скелетов все норм
[14:28:03] N1XER__ (33df4bd2-977c-3f5b-bc4c-1c152339deb4): спавнится по 3 скелета
[14:28:04] fofo15 (f948b7b0-96bc-3c32-89ff-1941bf1b85da): я на верх вышел
[14:28:05] N1XER__ (33df4bd2-977c-3f5b-bc4c-1c152339deb4): я убиваю
[14:28:22] fofo15 (f948b7b0-96bc-3c32-89ff-1941bf1b85da): норм норм но при увелечении людей
[14:28:25] fofo15 (f948b7b0-96bc-3c32-89ff-1941bf1b85da): будет больно
[14:28:29] N1XER__ (33df4bd2-977c-3f5b-bc4c-1c152339deb4): оно же не так работает
[14:28:31] N1XER__ (33df4bd2-977c-3f5b-bc4c-1c152339deb4): нильс говорил
[14:28:32] N1XER__ (33df4bd2-977c-3f5b-bc4c-1c152339deb4): вроде
[14:28:33] N1XER__ (33df4bd2-977c-3f5b-bc4c-1c152339deb4): норм будет
[14:28:44] N1XER__ (33df4bd2-977c-3f5b-bc4c-1c152339deb4): меня скелет закомбил
[14:28:44] N1XER__ (33df4bd2-977c-3f5b-bc4c-1c152339deb4): сука
[14:28:50] N1XER__ (33df4bd2-977c-3f5b-bc4c-1c152339deb4): го босса убьем
[14:28:55] fofo15 (f948b7b0-96bc-3c32-89ff-1941bf1b85da): го
[14:29:01] N1XER__ (33df4bd2-977c-3f5b-bc4c-1c152339deb4): ты его обнаружил или я
[14:29:06] fofo15 (f948b7b0-96bc-3c32-89ff-1941bf1b85da): ты
[14:29:17] N1XER__ (33df4bd2-977c-3f5b-bc4c-1c152339deb4): бля и где он
[14:29:31] N1XER__ (33df4bd2-977c-3f5b-bc4c-1c152339deb4): беги на кладбище
[14:29:40] fofo15 (f948b7b0-96bc-3c32-89ff-1941bf1b85da): ща у меня деревянный меч
[14:29:44] N1XER__ (33df4bd2-977c-3f5b-bc4c-1c152339deb4): км
[14:30:33] fofo15 (f948b7b0-96bc-3c32-89ff-1941bf1b85da): есть 1 железо?
[14:30:36] N1XER__ (33df4bd2-977c-3f5b-bc4c-1c152339deb4): да
[14:30:44] fofo15 (f948b7b0-96bc-3c32-89ff-1941bf1b85da): принеси в длеревню
[14:31:36] N1XER__ (33df4bd2-977c-3f5b-bc4c-1c152339deb4): я гриба захуярил
[14:31:39] N1XER__ (33df4bd2-977c-3f5b-bc4c-1c152339deb4): я гриба захуярил
[14:32:36] N1XER__ (33df4bd2-977c-3f5b-bc4c-1c152339deb4): еще два надо?
[14:32:47] N1XER__ (33df4bd2-977c-3f5b-bc4c-1c152339deb4): на
[14:32:48] fofo15 (f948b7b0-96bc-3c32-89ff-1941bf1b85da): а
[14:32:49] N1XER__ (33df4bd2-977c-3f5b-bc4c-1c152339deb4): шляпу гриб
[14:32:51] fofo15 (f948b7b0-96bc-3c32-89ff-1941bf1b85da): ну давай
[14:32:54] fofo15 (f948b7b0-96bc-3c32-89ff-1941bf1b85da): еще 2
[14:32:55] N1XER__ (33df4bd2-977c-3f5b-bc4c-1c152339deb4): тебе же для стали
[14:34:04] fofo15 (f948b7b0-96bc-3c32-89ff-1941bf1b85da): идем?
[14:34:06] N1XER__ (33df4bd2-977c-3f5b-bc4c-1c152339deb4): го
[14:34:15] N1XER__ (33df4bd2-977c-3f5b-bc4c-1c152339deb4): че за оружие купил
[14:34:18] N1XER__ (33df4bd2-977c-3f5b-bc4c-1c152339deb4): о
[14:34:20] N1XER__ (33df4bd2-977c-3f5b-bc4c-1c152339deb4): тоже бигчлен
[14:35:03] N1XER__ (33df4bd2-977c-3f5b-bc4c-1c152339deb4): и где
[14:35:16] fofo15 (f948b7b0-96bc-3c32-89ff-1941bf1b85da): мб и я обнаружил
[14:35:18] fofo15 (f948b7b0-96bc-3c32-89ff-1941bf1b85da): идем туда
[14:35:41] N1XER__ (33df4bd2-977c-3f5b-bc4c-1c152339deb4): я еще так подумал
[14:35:43] N1XER__ (33df4bd2-977c-3f5b-bc4c-1c152339deb4): я еще так подумал
[14:35:56] N1XER__ (33df4bd2-977c-3f5b-bc4c-1c152339deb4): может обнаружение сделать только для того кто обнаружил?
[14:37:32] N1XER__ (33df4bd2-977c-3f5b-bc4c-1c152339deb4): никого нет
[14:39:07] N1XER__ (33df4bd2-977c-3f5b-bc4c-1c152339deb4): у теней урона ваще нет
[14:40:52] fofo15 (f948b7b0-96bc-3c32-89ff-1941bf1b85da): фарм слишком легкий
[14:41:05] N1XER__ (33df4bd2-977c-3f5b-bc4c-1c152339deb4): я нильсу написал о том что слишком много всего падает с мобов
[14:41:12] N1XER__ (33df4bd2-977c-3f5b-bc4c-1c152339deb4): из-за отрядов
[14:41:15] N1XER__ (33df4bd2-977c-3f5b-bc4c-1c152339deb4): ты убиваешь сразу
[14:41:17] N1XER__ (33df4bd2-977c-3f5b-bc4c-1c152339deb4): несколько мобов
[14:41:22] N1XER__ (33df4bd2-977c-3f5b-bc4c-1c152339deb4): и в итоге реально легко
[14:41:48] N1XER__ (33df4bd2-977c-3f5b-bc4c-1c152339deb4): го в деревню и потом на разбойников?)
[14:41:52] fofo15 (f948b7b0-96bc-3c32-89ff-1941bf1b85da): го
[14:42:03] N1XER__ (33df4bd2-977c-3f5b-bc4c-1c152339deb4): ваще знаешь
[14:42:06] N1XER__ (33df4bd2-977c-3f5b-bc4c-1c152339deb4): у меня был план
[14:42:10] N1XER__ (33df4bd2-977c-3f5b-bc4c-1c152339deb4): сегодня затестить сервак
[14:42:18] N1XER__ (33df4bd2-977c-3f5b-bc4c-1c152339deb4): и если баги исправить все получится
[14:42:21] N1XER__ (33df4bd2-977c-3f5b-bc4c-1c152339deb4): то завтра открыть для всех
[14:42:28] N1XER__ (33df4bd2-977c-3f5b-bc4c-1c152339deb4): типа
[14:42:54] N1XER__ (33df4bd2-977c-3f5b-bc4c-1c152339deb4): искать баги неделю не имеет смысла, найти вот самые часто встречаемые и исправить
[14:43:01] N1XER__ (33df4bd2-977c-3f5b-bc4c-1c152339deb4): а дальше уже исправлять если что-то будут находить
[14:43:13] N1XER__ (33df4bd2-977c-3f5b-bc4c-1c152339deb4): О
[14:43:18] [CAPS] N1XER__ (33df4bd2-977c-3f5b-bc4c-1c152339deb4): у меня
[14:43:21] fofo15 (f948b7b0-96bc-3c32-89ff-1941bf1b85da): не мой
[14:43:22] N1XER__ (33df4bd2-977c-3f5b-bc4c-1c152339deb4): возлме деревни
[14:43:28] fofo15 (f948b7b0-96bc-3c32-89ff-1941bf1b85da): БЕГУ
[14:43:28] N1XER__ (33df4bd2-977c-3f5b-bc4c-1c152339deb4): между кладбищем и мостом
[14:43:39] N1XER__ (33df4bd2-977c-3f5b-bc4c-1c152339deb4): бля еще и мастер меча
[14:43:42] N1XER__ (33df4bd2-977c-3f5b-bc4c-1c152339deb4): который слишком имба
[14:43:48] fofo15 (f948b7b0-96bc-3c32-89ff-1941bf1b85da): убьем
[14:43:58] N1XER__ (33df4bd2-977c-3f5b-bc4c-1c152339deb4): ты где щас
[14:44:00] fofo15 (f948b7b0-96bc-3c32-89ff-1941bf1b85da): ))
[14:44:05] fofo15 (f948b7b0-96bc-3c32-89ff-1941bf1b85da): мост
[14:44:09] N1XER__ (33df4bd2-977c-3f5b-bc4c-1c152339deb4): охотник
[14:44:10] N1XER__ (33df4bd2-977c-3f5b-bc4c-1c152339deb4): нихуя
[14:44:15] N1XER__ (33df4bd2-977c-3f5b-bc4c-1c152339deb4): у меня тозе есть
[14:45:00] fofo15 (f948b7b0-96bc-3c32-89ff-1941bf1b85da): где
[14:45:04] N1XER__ (33df4bd2-977c-3f5b-bc4c-1c152339deb4): хз
[14:45:05] N1XER__ (33df4bd2-977c-3f5b-bc4c-1c152339deb4): ахвыхыхзавф
[14:45:56] N1XER__ (33df4bd2-977c-3f5b-bc4c-1c152339deb4): бля и где
[14:47:13] fofo15 (f948b7b0-96bc-3c32-89ff-1941bf1b85da): монеты дюпаються
[14:47:19] N1XER__ (33df4bd2-977c-3f5b-bc4c-1c152339deb4): чо
[14:47:20] N1XER__ (33df4bd2-977c-3f5b-bc4c-1c152339deb4): как
[14:47:28] fofo15 (f948b7b0-96bc-3c32-89ff-1941bf1b85da): С сундуков
[14:47:36] N1XER__ (33df4bd2-977c-3f5b-bc4c-1c152339deb4): смысле
[14:47:46] fofo15 (f948b7b0-96bc-3c32-89ff-1941bf1b85da): падает много монет поднимаешь первые
[14:47:52] fofo15 (f948b7b0-96bc-3c32-89ff-1941bf1b85da): тебе даеться 1 раз
[14:47:57] fofo15 (f948b7b0-96bc-3c32-89ff-1941bf1b85da): они стакаються с другимим
[14:48:01] fofo15 (f948b7b0-96bc-3c32-89ff-1941bf1b85da): и даються 2 раз
[14:49:20] N1XER__ (33df4bd2-977c-3f5b-bc4c-1c152339deb4): мне кажется босс заспавнился возле деревни, вошел в деревню и пропал
[14:49:22] fofo15 (f948b7b0-96bc-3c32-89ff-1941bf1b85da): идем на разбойников
[14:49:26] N1XER__ (33df4bd2-977c-3f5b-bc4c-1c152339deb4): да го
[14:49:28] N1XER__ (33df4bd2-977c-3f5b-bc4c-1c152339deb4): ты где
[14:49:38] fofo15 (f948b7b0-96bc-3c32-89ff-1941bf1b85da): мост
[14:50:05] N1XER__ (33df4bd2-977c-3f5b-bc4c-1c152339deb4): иди в деревню
[14:50:07] fofo15 (f948b7b0-96bc-3c32-89ff-1941bf1b85da): я иду к разбойникам
[14:50:08] N1XER__ (33df4bd2-977c-3f5b-bc4c-1c152339deb4): ща коротким путем доебермся
[14:50:12] N1XER__ (33df4bd2-977c-3f5b-bc4c-1c152339deb4): куда
[14:50:15] N1XER__ (33df4bd2-977c-3f5b-bc4c-1c152339deb4): иди сюда
[14:50:17] N1XER__ (33df4bd2-977c-3f5b-bc4c-1c152339deb4): ииди сюда
[14:50:18] fofo15 (f948b7b0-96bc-3c32-89ff-1941bf1b85da): иду к тебе
[14:50:55] fofo15 (f948b7b0-96bc-3c32-89ff-1941bf1b85da): ща продам
[14:50:57] N1XER__ (33df4bd2-977c-3f5b-bc4c-1c152339deb4): давай
[14:51:58] fofo15 (f948b7b0-96bc-3c32-89ff-1941bf1b85da): гоу
[14:52:08] N1XER__ (33df4bd2-977c-3f5b-bc4c-1c152339deb4): of
[14:52:22] fofo15 (f948b7b0-96bc-3c32-89ff-1941bf1b85da): угадаешь мой баланс?
[14:53:21] fofo15 (f948b7b0-96bc-3c32-89ff-1941bf1b85da): идем?
[14:53:22] N1XER__ (33df4bd2-977c-3f5b-bc4c-1c152339deb4): баг нашел
[14:53:23] N1XER__ (33df4bd2-977c-3f5b-bc4c-1c152339deb4): сука
[14:53:26] N1XER__ (33df4bd2-977c-3f5b-bc4c-1c152339deb4): короче
[14:53:33] N1XER__ (33df4bd2-977c-3f5b-bc4c-1c152339deb4): чтобы прокачать отшаг нужен перекат и 2 очка
[14:53:35] N1XER__ (33df4bd2-977c-3f5b-bc4c-1c152339deb4): у меня было 2 очка
[14:53:37] N1XER__ (33df4bd2-977c-3f5b-bc4c-1c152339deb4): и перекат
[14:53:39] N1XER__ (33df4bd2-977c-3f5b-bc4c-1c152339deb4): но оно не вкачивалось
[14:53:44] N1XER__ (33df4bd2-977c-3f5b-bc4c-1c152339deb4): н окогда я нажал на перекат
[14:53:52] N1XER__ (33df4bd2-977c-3f5b-bc4c-1c152339deb4): то
[14:53:55] N1XER__ (33df4bd2-977c-3f5b-bc4c-1c152339deb4): он вкачался
[14:53:56] fofo15 (f948b7b0-96bc-3c32-89ff-1941bf1b85da): так да
[14:53:57] N1XER__ (33df4bd2-977c-3f5b-bc4c-1c152339deb4): хотя и так был
[14:54:02] N1XER__ (33df4bd2-977c-3f5b-bc4c-1c152339deb4): нильсу написал об этом
[14:54:02] fofo15 (f948b7b0-96bc-3c32-89ff-1941bf1b85da): мы обговаривали это
[14:54:07] N1XER__ (33df4bd2-977c-3f5b-bc4c-1c152339deb4): щас
[14:54:11] fofo15 (f948b7b0-96bc-3c32-89ff-1941bf1b85da): так это не баг
[14:54:36] fofo15 (f948b7b0-96bc-3c32-89ff-1941bf1b85da): так это не баг
[14:54:42] N1XER__ (33df4bd2-977c-3f5b-bc4c-1c152339deb4): это ба
[14:54:43] N1XER__ (33df4bd2-977c-3f5b-bc4c-1c152339deb4): бан
[14:54:45] N1XER__ (33df4bd2-977c-3f5b-bc4c-1c152339deb4): бан
[14:54:46] N1XER__ (33df4bd2-977c-3f5b-bc4c-1c152339deb4): сука
[14:54:48] N1XER__ (33df4bd2-977c-3f5b-bc4c-1c152339deb4): баг
[14:54:56] N1XER__ (33df4bd2-977c-3f5b-bc4c-1c152339deb4): написано же
[14:55:04] N1XER__ (33df4bd2-977c-3f5b-bc4c-1c152339deb4): доступен всем с самого начала
[14:55:41] N1XER__ (33df4bd2-977c-3f5b-bc4c-1c152339deb4): пошли
[14:56:34] N1XER__ (33df4bd2-977c-3f5b-bc4c-1c152339deb4): не туда
[14:56:46] N1XER__ (33df4bd2-977c-3f5b-bc4c-1c152339deb4): к мосту на обучении возвращаемс
[14:57:04] fofo15 (f948b7b0-96bc-3c32-89ff-1941bf1b85da): тень мемная
[14:57:19] [CAPS] N1XER__ (33df4bd2-977c-3f5b-bc4c-1c152339deb4): о гриб
[14:57:36] fofo15 (f948b7b0-96bc-3c32-89ff-1941bf1b85da): убери
[14:57:37] fofo15 (f948b7b0-96bc-3c32-89ff-1941bf1b85da): свет
[14:57:40] N1XER__ (33df4bd2-977c-3f5b-bc4c-1c152339deb4): почему
[14:57:43] fofo15 (f948b7b0-96bc-3c32-89ff-1941bf1b85da): фарм т кани
[14:57:51] N1XER__ (33df4bd2-977c-3f5b-bc4c-1c152339deb4): так это не влияет на спавн
[14:57:54] fofo15 (f948b7b0-96bc-3c32-89ff-1941bf1b85da): похуй
[14:57:56] N1XER__ (33df4bd2-977c-3f5b-bc4c-1c152339deb4): они просто будут пугаться и отбегать от игрока
[14:59:26] N1XER__ (33df4bd2-977c-3f5b-bc4c-1c152339deb4): воо
[14:59:27] N1XER__ (33df4bd2-977c-3f5b-bc4c-1c152339deb4): мой лагерь
[14:59:30] N1XER__ (33df4bd2-977c-3f5b-bc4c-1c152339deb4): правда заброшенный
[15:00:26] [CAPS] N1XER__ (33df4bd2-977c-3f5b-bc4c-1c152339deb4): хахаха
[15:00:27] N1XER__ (33df4bd2-977c-3f5b-bc4c-1c152339deb4): как
[15:00:30] [CAPS] fofo15 (f948b7b0-96bc-3c32-89ff-1941bf1b85da): ахаххаа
[15:01:21] N1XER__ (33df4bd2-977c-3f5b-bc4c-1c152339deb4): хавахы
[15:05:51] N1XER__ (33df4bd2-977c-3f5b-bc4c-1c152339deb4): ты бежишь?
[15:06:06] fofo15 (f948b7b0-96bc-3c32-89ff-1941bf1b85da): да
[15:08:56] N1XER__ (33df4bd2-977c-3f5b-bc4c-1c152339deb4): нихуя
[15:09:29] N1XER__ (33df4bd2-977c-3f5b-bc4c-1c152339deb4): О
[15:09:34] N1XER__ (33df4bd2-977c-3f5b-bc4c-1c152339deb4): о у меня странствующий торговец
[15:14:56] fofo15 (f948b7b0-96bc-3c32-89ff-1941bf1b85da): у мення
[15:15:41] [CAPS] N1XER__ (33df4bd2-977c-3f5b-bc4c-1c152339deb4): ты где его нашео назуй
[15:16:46] fofo15 (f948b7b0-96bc-3c32-89ff-1941bf1b85da): пойдем
[15:16:51] N1XER__ (33df4bd2-977c-3f5b-bc4c-1c152339deb4): го
[15:18:15] N1XER__ (33df4bd2-977c-3f5b-bc4c-1c152339deb4): вот они гады
[15:36:21] fofo15 (f948b7b0-96bc-3c32-89ff-1941bf1b85da): F{F{f
[15:42:02] N1XER__ (33df4bd2-977c-3f5b-bc4c-1c152339deb4): АХХАХА боров
[15:44:56] fofo15 (f948b7b0-96bc-3c32-89ff-1941bf1b85da): cтелс кста на волков не работает
[15:45:34] N1XER__ (33df4bd2-977c-3f5b-bc4c-1c152339deb4): а на других?
[15:45:39] fofo15 (f948b7b0-96bc-3c32-89ff-1941bf1b85da): тоже
[15:45:42] [CAPS] N1XER__ (33df4bd2-977c-3f5b-bc4c-1c152339deb4): хахахах
[15:45:44] N1XER__ (33df4bd2-977c-3f5b-bc4c-1c152339deb4): всем похуй
[15:45:45] N1XER__ (33df4bd2-977c-3f5b-bc4c-1c152339deb4): я понял
[15:46:07] fofo15 (f948b7b0-96bc-3c32-89ff-1941bf1b85da): я щас хотел по стелсу отпиздить разбойников
[15:46:12] fofo15 (f948b7b0-96bc-3c32-89ff-1941bf1b85da): я щас хотел по стелсу отпиздить разбойников
[15:46:14] fofo15 (f948b7b0-96bc-3c32-89ff-1941bf1b85da): им похуй
[15:46:51] fofo15 (f948b7b0-96bc-3c32-89ff-1941bf1b85da): ебать разбойники чит..
[15:46:59] fofo15 (f948b7b0-96bc-3c32-89ff-1941bf1b85da): у них чл с топором тупо с 2 тычек сносит
[15:48:30] fofo15 (f948b7b0-96bc-3c32-89ff-1941bf1b85da): а че там с босса падает ?
[15:48:38] N1XER__ (33df4bd2-977c-3f5b-bc4c-1c152339deb4): с босса падает скин
[15:48:41] N1XER__ (33df4bd2-977c-3f5b-bc4c-1c152339deb4): на лонг сворд
[15:48:42] N1XER__ (33df4bd2-977c-3f5b-bc4c-1c152339deb4): Авторитет
[15:48:48] N1XER__ (33df4bd2-977c-3f5b-bc4c-1c152339deb4): у разбойников Палач есть
[15:48:50] N1XER__ (33df4bd2-977c-3f5b-bc4c-1c152339deb4): это пизда
[15:48:53] N1XER__ (33df4bd2-977c-3f5b-bc4c-1c152339deb4): в кожанке два удара и ты труп
[15:49:11] fofo15 (f948b7b0-96bc-3c32-89ff-1941bf1b85da): палач также
[15:49:19] fofo15 (f948b7b0-96bc-3c32-89ff-1941bf1b85da): 2 удара труп
[15:49:58] fofo15 (f948b7b0-96bc-3c32-89ff-1941bf1b85da): как думаешь на ульте залететь в разбойниковы хуйня план?
[15:51:06] fofo15 (f948b7b0-96bc-3c32-89ff-1941bf1b85da): пиздец дуо
[15:51:23] fofo15 (f948b7b0-96bc-3c32-89ff-1941bf1b85da): пойдем с тобой
[15:51:50] fofo15 (f948b7b0-96bc-3c32-89ff-1941bf1b85da): але
[15:52:20] N1XER__ (33df4bd2-977c-3f5b-bc4c-1c152339deb4): я кушаю
[15:52:23] N1XER__ (33df4bd2-977c-3f5b-bc4c-1c152339deb4): я кушаю
[15:52:24] fofo15 (f948b7b0-96bc-3c32-89ff-1941bf1b85da): похуй
[15:52:26] N1XER__ (33df4bd2-977c-3f5b-bc4c-1c152339deb4): хафвхзхафыщзввфыаз
[15:52:32] N1XER__ (33df4bd2-977c-3f5b-bc4c-1c152339deb4): на ултте имба же
[15:52:35] N1XER__ (33df4bd2-977c-3f5b-bc4c-1c152339deb4): хотя
[15:52:38] N1XER__ (33df4bd2-977c-3f5b-bc4c-1c152339deb4): Они живучие жесть
[15:53:11] fofo15 (f948b7b0-96bc-3c32-89ff-1941bf1b85da): я один хочу трахнуть фермершу?
[16:10:05] N1XER__ (33df4bd2-977c-3f5b-bc4c-1c152339deb4): z dthyekcz
[16:10:47] fofo15 (f948b7b0-96bc-3c32-89ff-1941bf1b85da): че
[16:10:52] N1XER__ (33df4bd2-977c-3f5b-bc4c-1c152339deb4): я вернулся
[16:11:02] fofo15 (f948b7b0-96bc-3c32-89ff-1941bf1b85da): пойдем почекаем просто карту
[16:11:08] fofo15 (f948b7b0-96bc-3c32-89ff-1941bf1b85da): и чекнем багои
[16:11:18] N1XER__ (33df4bd2-977c-3f5b-bc4c-1c152339deb4): я иду за вещами..
[16:11:29] fofo15 (f948b7b0-96bc-3c32-89ff-1941bf1b85da): и думаю можно открыть сервер завтра))
[16:11:36] N1XER__ (33df4bd2-977c-3f5b-bc4c-1c152339deb4): если нильс успеет пофиксить
[16:15:52] fofo15 (f948b7b0-96bc-3c32-89ff-1941bf1b85da): у меня
[16:15:54] fofo15 (f948b7b0-96bc-3c32-89ff-1941bf1b85da): 6 стали
[16:21:45] fofo15 (f948b7b0-96bc-3c32-89ff-1941bf1b85da): чьи?
[16:21:48] N1XER__ (33df4bd2-977c-3f5b-bc4c-1c152339deb4): у меня
[16:21:50] N1XER__ (33df4bd2-977c-3f5b-bc4c-1c152339deb4): прям перед мною
[16:21:56] fofo15 (f948b7b0-96bc-3c32-89ff-1941bf1b85da): убьешь?
[16:22:04] N1XER__ (33df4bd2-977c-3f5b-bc4c-1c152339deb4): да
[16:22:37] [CAPS] fofo15 (f948b7b0-96bc-3c32-89ff-1941bf1b85da): хзахахахаха
[16:22:46] N1XER__ (33df4bd2-977c-3f5b-bc4c-1c152339deb4): боссы прямо в лагере заброшеном
[16:23:59] fofo15 (f948b7b0-96bc-3c32-89ff-1941bf1b85da): чет слишком много боссов
[16:24:20] N1XER__ (33df4bd2-977c-3f5b-bc4c-1c152339deb4): это старые боссы
[16:24:26] N1XER__ (33df4bd2-977c-3f5b-bc4c-1c152339deb4): которые уже были
[16:24:30] N1XER__ (33df4bd2-977c-3f5b-bc4c-1c152339deb4): мы просто их находим
[16:24:34] N1XER__ (33df4bd2-977c-3f5b-bc4c-1c152339deb4): а спавнится не так часто
[16:31:04] fofo15 (f948b7b0-96bc-3c32-89ff-1941bf1b85da): бля волкодав такой изи
[16:41:45] N1XER__ (33df4bd2-977c-3f5b-bc4c-1c152339deb4): фофо где ты лазишь
[16:42:45] fofo15 (f948b7b0-96bc-3c32-89ff-1941bf1b85da): волков пиздил
[16:42:48] fofo15 (f948b7b0-96bc-3c32-89ff-1941bf1b85da): щас у ярла
[16:42:52] N1XER__ (33df4bd2-977c-3f5b-bc4c-1c152339deb4): ахуеть ты продвинулся
[16:43:06] fofo15 (f948b7b0-96bc-3c32-89ff-1941bf1b85da): осла купил
[16:43:16] N1XER__ (33df4bd2-977c-3f5b-bc4c-1c152339deb4): баги были какие-то?
[16:43:24] N1XER__ (33df4bd2-977c-3f5b-bc4c-1c152339deb4): во время квестов или еще чет
[16:43:25] fofo15 (f948b7b0-96bc-3c32-89ff-1941bf1b85da): покачто не особо
[16:43:34] fofo15 (f948b7b0-96bc-3c32-89ff-1941bf1b85da): не
[16:43:35] N1XER__ (33df4bd2-977c-3f5b-bc4c-1c152339deb4): даже о маленьких багах пиши
[16:43:55] fofo15 (f948b7b0-96bc-3c32-89ff-1941bf1b85da): все стабильно хуево
[16:44:09] fofo15 (f948b7b0-96bc-3c32-89ff-1941bf1b85da): из багов онли
[16:44:13] fofo15 (f948b7b0-96bc-3c32-89ff-1941bf1b85da): я могу топтать посевы
[16:44:25] N1XER__ (33df4bd2-977c-3f5b-bc4c-1c152339deb4): пофиксит нильс
[16:44:35] N1XER__ (33df4bd2-977c-3f5b-bc4c-1c152339deb4): ща иду волкодава пиздить
[16:45:07] fofo15 (f948b7b0-96bc-3c32-89ff-1941bf1b85da): бля
[16:45:11] fofo15 (f948b7b0-96bc-3c32-89ff-1941bf1b85da): будтобы
[16:45:18] fofo15 (f948b7b0-96bc-3c32-89ff-1941bf1b85da): я заметил одну огромную проблему
[16:45:21] N1XER__ (33df4bd2-977c-3f5b-bc4c-1c152339deb4): а?
[16:45:25] fofo15 (f948b7b0-96bc-3c32-89ff-1941bf1b85da): все выглядит слишком пустыми
[16:45:34] N1XER__ (33df4bd2-977c-3f5b-bc4c-1c152339deb4): ну кстати
[16:45:35] N1XER__ (33df4bd2-977c-3f5b-bc4c-1c152339deb4): по факту
[16:45:38] N1XER__ (33df4bd2-977c-3f5b-bc4c-1c152339deb4): я когда один играл
[16:45:39] N1XER__ (33df4bd2-977c-3f5b-bc4c-1c152339deb4): ночью
[16:45:43] N1XER__ (33df4bd2-977c-3f5b-bc4c-1c152339deb4): мне казалось все каким-то пустым
[16:45:53] N1XER__ (33df4bd2-977c-3f5b-bc4c-1c152339deb4): ты про постройки или не только?
[16:45:59] fofo15 (f948b7b0-96bc-3c32-89ff-1941bf1b85da): я в общем
[16:46:02] fofo15 (f948b7b0-96bc-3c32-89ff-1941bf1b85da): типо
[16:46:05] fofo15 (f948b7b0-96bc-3c32-89ff-1941bf1b85da): вроде мобы есть
[16:46:08] fofo15 (f948b7b0-96bc-3c32-89ff-1941bf1b85da): сука
[16:46:10] fofo15 (f948b7b0-96bc-3c32-89ff-1941bf1b85da): тепнулся
[16:46:12] fofo15 (f948b7b0-96bc-3c32-89ff-1941bf1b85da): и в инвиз
[16:46:19] N1XER__ (33df4bd2-977c-3f5b-bc4c-1c152339deb4): ну по мобам не сказал бы что пусто
[16:46:28] N1XER__ (33df4bd2-977c-3f5b-bc4c-1c152339deb4): мне не хватает NPC в деревнях которые ходили бы например
[16:46:31] fofo15 (f948b7b0-96bc-3c32-89ff-1941bf1b85da): дада
[16:46:32] N1XER__ (33df4bd2-977c-3f5b-bc4c-1c152339deb4): и не хватает построек как будто
[16:46:35] N1XER__ (33df4bd2-977c-3f5b-bc4c-1c152339deb4): разнообразия
[16:46:38] N1XER__ (33df4bd2-977c-3f5b-bc4c-1c152339deb4): в постройках
[16:46:39] fofo15 (f948b7b0-96bc-3c32-89ff-1941bf1b85da): эм
[16:46:45] fofo15 (f948b7b0-96bc-3c32-89ff-1941bf1b85da): нильс ты видел это?
[16:46:58] fofo15 (f948b7b0-96bc-3c32-89ff-1941bf1b85da): я двери могу открывать хаха
[16:47:01] N1XER__ (33df4bd2-977c-3f5b-bc4c-1c152339deb4): да
[16:47:03] N1XER__ (33df4bd2-977c-3f5b-bc4c-1c152339deb4): не открывай их
[16:49:23] fofo15 (f948b7b0-96bc-3c32-89ff-1941bf1b85da): еще неудобно
[16:49:30] fofo15 (f948b7b0-96bc-3c32-89ff-1941bf1b85da): что непеси некоторые не помечены
[16:49:36] fofo15 (f948b7b0-96bc-3c32-89ff-1941bf1b85da): что можно поговорить
[16:49:40] N1XER__ (33df4bd2-977c-3f5b-bc4c-1c152339deb4): npc вообще без ников должны быть
[16:49:42] N1XER__ (33df4bd2-977c-3f5b-bc4c-1c152339deb4): если чо
[16:49:49] fofo15 (f948b7b0-96bc-3c32-89ff-1941bf1b85da): ники это хуйня
[16:49:54] fofo15 (f948b7b0-96bc-3c32-89ff-1941bf1b85da): я про мб воскл знаки
[16:50:04] N1XER__ (33df4bd2-977c-3f5b-bc4c-1c152339deb4): аа ну это детали
[16:50:36] fofo15 (f948b7b0-96bc-3c32-89ff-1941bf1b85da): а куда продать драг камни?
[16:50:47] N1XER__ (33df4bd2-977c-3f5b-bc4c-1c152339deb4): скупщик
[16:50:53] fofo15 (f948b7b0-96bc-3c32-89ff-1941bf1b85da): нету у него
[16:52:00] fofo15 (f948b7b0-96bc-3c32-89ff-1941bf1b85da): ты волкодава бьешь ?
[16:52:05] N1XER__ (33df4bd2-977c-3f5b-bc4c-1c152339deb4): да
[16:52:07] N1XER__ (33df4bd2-977c-3f5b-bc4c-1c152339deb4): его там нету
[16:52:07] fofo15 (f948b7b0-96bc-3c32-89ff-1941bf1b85da): ммм
[16:52:15] fofo15 (f948b7b0-96bc-3c32-89ff-1941bf1b85da): потомучто я его недавно убил
[16:53:16] fofo15 (f948b7b0-96bc-3c32-89ff-1941bf1b85da): нииильс
[16:55:02] fofo15 (f948b7b0-96bc-3c32-89ff-1941bf1b85da): владыка мертвых 11 лвл
[16:55:04] [CAPS] fofo15 (f948b7b0-96bc-3c32-89ff-1941bf1b85da): хвхаха
[16:55:07] N1XER__ (33df4bd2-977c-3f5b-bc4c-1c152339deb4): ХАХАХ
[16:55:11] N1XER__ (33df4bd2-977c-3f5b-bc4c-1c152339deb4): видел его)
[16:55:13] fofo15 (f948b7b0-96bc-3c32-89ff-1941bf1b85da): ))
[16:55:20] fofo15 (f948b7b0-96bc-3c32-89ff-1941bf1b85da): мб поафекашить
[16:55:24] fofo15 (f948b7b0-96bc-3c32-89ff-1941bf1b85da): сделать его еще выше
[16:55:26] fofo15 (f948b7b0-96bc-3c32-89ff-1941bf1b85da): ХАХАХ
[16:56:52] fofo15 (f948b7b0-96bc-3c32-89ff-1941bf1b85da): я убил главу разбойников
[16:57:06] fofo15 (f948b7b0-96bc-3c32-89ff-1941bf1b85da): мне ниче не дали
[16:57:35] N1XER__ (33df4bd2-977c-3f5b-bc4c-1c152339deb4): там шанс
[16:58:06] fofo15 (f948b7b0-96bc-3c32-89ff-1941bf1b85da): мб пойти убить
[16:58:09] fofo15 (f948b7b0-96bc-3c32-89ff-1941bf1b85da): владыку
[16:58:21] N1XER__ (33df4bd2-977c-3f5b-bc4c-1c152339deb4): не убьешь
[16:58:26] N1XER__ (33df4bd2-977c-3f5b-bc4c-1c152339deb4): ты в кожанке?
[16:58:46] N1XER__ (33df4bd2-977c-3f5b-bc4c-1c152339deb4): аххаха
[16:58:47] fofo15 (f948b7b0-96bc-3c32-89ff-1941bf1b85da): ну
[16:58:52] fofo15 (f948b7b0-96bc-3c32-89ff-1941bf1b85da): я снес ему 50 хп с лука
[17:00:14] fofo15 (f948b7b0-96bc-3c32-89ff-1941bf1b85da): ура 0 мобов
[17:02:45] NilsCoy (4a24e6bd-ea3a-3318-8f49-61b87de854d0): попробуйте по открывать сундуки
[17:02:50] NilsCoy (4a24e6bd-ea3a-3318-8f49-61b87de854d0): двери там
[17:02:52] NilsCoy (4a24e6bd-ea3a-3318-8f49-61b87de854d0): двери там
[17:03:11] NilsCoy (4a24e6bd-ea3a-3318-8f49-61b87de854d0): .пь
[17:16:19] fofo15 (f948b7b0-96bc-3c32-89ff-1941bf1b85da): как думаешь купить себе мула или купить осла?
[17:16:27] NilsCoy (4a24e6bd-ea3a-3318-8f49-61b87de854d0): спавнрейт норм?
[17:16:47] NilsCoy (4a24e6bd-ea3a-3318-8f49-61b87de854d0): fofo15
[17:16:49] fofo15 (f948b7b0-96bc-3c32-89ff-1941bf1b85da): да
[17:16:53] fofo15 (f948b7b0-96bc-3c32-89ff-1941bf1b85da): да +-
[17:16:55] NilsCoy (4a24e6bd-ea3a-3318-8f49-61b87de854d0): хорошо
[17:18:20] fofo15 (f948b7b0-96bc-3c32-89ff-1941bf1b85da): а на стены же можно залезть?
[17:22:05] NilsCoy (4a24e6bd-ea3a-3318-8f49-61b87de854d0): фофо расскажи про дюп монет
[17:22:31] NilsCoy (4a24e6bd-ea3a-3318-8f49-61b87de854d0): fofo15
[17:22:34] fofo15 (f948b7b0-96bc-3c32-89ff-1941bf1b85da): а
[17:24:43] fofo15 (f948b7b0-96bc-3c32-89ff-1941bf1b85da): ХАХАх
[17:24:54] NilsCoy (4a24e6bd-ea3a-3318-8f49-61b87de854d0): как
[17:24:56] N1XER__ (33df4bd2-977c-3f5b-bc4c-1c152339deb4): кто тебя убил
[17:24:59] fofo15 (f948b7b0-96bc-3c32-89ff-1941bf1b85da): но я знаю как убить эту хуйню
[17:25:09] fofo15 (f948b7b0-96bc-3c32-89ff-1941bf1b85da): N1XER__ шип заклинателя
[17:25:21] N1XER__ (33df4bd2-977c-3f5b-bc4c-1c152339deb4): фофо ты 11 мага убиваешь?
[17:25:33] fofo15 (f948b7b0-96bc-3c32-89ff-1941bf1b85da): да
[17:25:37] fofo15 (f948b7b0-96bc-3c32-89ff-1941bf1b85da): я его в город заманил
[17:25:41] fofo15 (f948b7b0-96bc-3c32-89ff-1941bf1b85da): там он безсилен
[17:25:46] NilsCoy (4a24e6bd-ea3a-3318-8f49-61b87de854d0): gm
[17:26:37] fofo15 (f948b7b0-96bc-3c32-89ff-1941bf1b85da): никс пойдем со мной
[17:27:03] N1XER__ (33df4bd2-977c-3f5b-bc4c-1c152339deb4): k л
[17:27:28] N1XER__ (33df4bd2-977c-3f5b-bc4c-1c152339deb4): ща мы баги проверяем
[17:34:19] N1XER__ (33df4bd2-977c-3f5b-bc4c-1c152339deb4): фофо, как же ты пытаешься...
[17:34:41] fofo15 (f948b7b0-96bc-3c32-89ff-1941bf1b85da): я ему снес 73% хп
[17:34:43] [CAPS] fofo15 (f948b7b0-96bc-3c32-89ff-1941bf1b85da): хапхах
[17:45:13] fofo15 (f948b7b0-96bc-3c32-89ff-1941bf1b85da): 2 косточки
[17:45:15] fofo15 (f948b7b0-96bc-3c32-89ff-1941bf1b85da): выпали
[17:59:52] fofo15 (f948b7b0-96bc-3c32-89ff-1941bf1b85da): тут пропали все нпс
[17:59:54] fofo15 (f948b7b0-96bc-3c32-89ff-1941bf1b85da): лол
[18:00:00] fofo15 (f948b7b0-96bc-3c32-89ff-1941bf1b85da): а имба
[18:00:44] fofo15 (f948b7b0-96bc-3c32-89ff-1941bf1b85da): ZV
[18:00:46] fofo15 (f948b7b0-96bc-3c32-89ff-1941bf1b85da): ZV
[18:00:46] fofo15 (f948b7b0-96bc-3c32-89ff-1941bf1b85da): ZV
[18:00:47] fofo15 (f948b7b0-96bc-3c32-89ff-1941bf1b85da): ZV
[18:09:48] fofo15 (f948b7b0-96bc-3c32-89ff-1941bf1b85da): мне выпало с этого додика больше лута чем с 11
[18:09:51] fofo15 (f948b7b0-96bc-3c32-89ff-1941bf1b85da): да
[18:10:01] fofo15 (f948b7b0-96bc-3c32-89ff-1941bf1b85da): ну смотри
[18:10:11] fofo15 (f948b7b0-96bc-3c32-89ff-1941bf1b85da): для обычного челикса он ахуеет и пойдет крафтить
[18:10:18] fofo15 (f948b7b0-96bc-3c32-89ff-1941bf1b85da): для меня о прикол за час сделаю
[18:10:33] fofo15 (f948b7b0-96bc-3c32-89ff-1941bf1b85da): тогда увиличивай
[18:55:13] fofo15 (f948b7b0-96bc-3c32-89ff-1941bf1b85da): пися
[18:55:23] N1XER__ (33df4bd2-977c-3f5b-bc4c-1c152339deb4): попа
[18:55:43] fofo15 (f948b7b0-96bc-3c32-89ff-1941bf1b85da): какаашка
[18:56:12] fofo15 (f948b7b0-96bc-3c32-89ff-1941bf1b85da): писька сосиська
[19:30:21] N1XER__ (33df4bd2-977c-3f5b-bc4c-1c152339deb4): хуй
[22:18:46] N1XER__ (33df4bd2-977c-3f5b-bc4c-1c152339deb4): f
