[12:21:46] NilsCoy (4a24e6bd-ea3a-3318-8f49-61b87de854d0): d
[12:25:54] NilsCoy (4a24e6bd-ea3a-3318-8f49-61b87de854d0): d
[14:30:03] NilsCoy (4a24e6bd-ea3a-3318-8f49-61b87de854d0): .пь
[15:48:17] NilsCoy (4a24e6bd-ea3a-3318-8f49-61b87de854d0): .пь
[15:48:18] NilsCoy (4a24e6bd-ea3a-3318-8f49-61b87de854d0): gm
[17:29:18] NilsCoy (4a24e6bd-ea3a-3318-8f49-61b87de854d0): .пь
[18:57:12] N1XER__ (33df4bd2-977c-3f5b-bc4c-1c152339deb4): е
[18:58:32] N1XER__ (33df4bd2-977c-3f5b-bc4c-1c152339deb4): а
[18:58:48] N1XER__ (33df4bd2-977c-3f5b-bc4c-1c152339deb4): еа
[19:00:18] N1XER__ (33df4bd2-977c-3f5b-bc4c-1c152339deb4): ева
[19:00:20] N1XER__ (33df4bd2-977c-3f5b-bc4c-1c152339deb4): ав
[19:05:02] N1XER__ (33df4bd2-977c-3f5b-bc4c-1c152339deb4): ј¬џ
[19:06:45] N1XER__ (33df4bd2-977c-3f5b-bc4c-1c152339deb4): ав
[19:08:35] N1XER__ (33df4bd2-977c-3f5b-bc4c-1c152339deb4): авы
[19:09:13] N1XER__ (33df4bd2-977c-3f5b-bc4c-1c152339deb4): ав
[19:09:33] N1XER__ (33df4bd2-977c-3f5b-bc4c-1c152339deb4): tfd
[19:10:12] N1XER__ (33df4bd2-977c-3f5b-bc4c-1c152339deb4): fd
[19:11:54] N1XER__ (33df4bd2-977c-3f5b-bc4c-1c152339deb4): ав
[19:35:40] N1XER__ (33df4bd2-977c-3f5b-bc4c-1c152339deb4): е
[19:37:50] N1XER__ (33df4bd2-977c-3f5b-bc4c-1c152339deb4): е
[19:41:08] NilsCoy (4a24e6bd-ea3a-3318-8f49-61b87de854d0): хуй?
[19:42:00] N1XER__ (33df4bd2-977c-3f5b-bc4c-1c152339deb4): еа
[19:53:56] N1XER__ (33df4bd2-977c-3f5b-bc4c-1c152339deb4): нильс
[19:53:58] N1XER__ (33df4bd2-977c-3f5b-bc4c-1c152339deb4): иди сюда
[19:54:03] N1XER__ (33df4bd2-977c-3f5b-bc4c-1c152339deb4): корридор делать длинным?
[19:54:06] N1XER__ (33df4bd2-977c-3f5b-bc4c-1c152339deb4): к комнате с боссов
[19:54:08] N1XER__ (33df4bd2-977c-3f5b-bc4c-1c152339deb4): боссом
[19:54:12] N1XER__ (33df4bd2-977c-3f5b-bc4c-1c152339deb4): хот€
[20:31:54] N1XER__ (33df4bd2-977c-3f5b-bc4c-1c152339deb4): е
[20:37:12] N1XER__ (33df4bd2-977c-3f5b-bc4c-1c152339deb4): .
[20:38:16] NilsCoy (4a24e6bd-ea3a-3318-8f49-61b87de854d0): N1XER__
[20:38:27] NilsCoy (4a24e6bd-ea3a-3318-8f49-61b87de854d0): вклюи
[20:38:31] NilsCoy (4a24e6bd-ea3a-3318-8f49-61b87de854d0): включи войс
[20:38:50] N1XER__ (33df4bd2-977c-3f5b-bc4c-1c152339deb4): член?
[20:38:54] NilsCoy (4a24e6bd-ea3a-3318-8f49-61b87de854d0): включи войс
[20:38:59] N1XER__ (33df4bd2-977c-3f5b-bc4c-1c152339deb4): ща
[20:39:28] NilsCoy (4a24e6bd-ea3a-3318-8f49-61b87de854d0): d
[20:39:49] NilsCoy (4a24e6bd-ea3a-3318-8f49-61b87de854d0): d
[20:39:56] NilsCoy (4a24e6bd-ea3a-3318-8f49-61b87de854d0): d
[20:40:09] NilsCoy (4a24e6bd-ea3a-3318-8f49-61b87de854d0): d
[20:44:55] N1XER__ (33df4bd2-977c-3f5b-bc4c-1c152339deb4): не нужно хлопать глазами
[20:52:57] NilsCoy (4a24e6bd-ea3a-3318-8f49-61b87de854d0): что
[20:53:06] N1XER__ (33df4bd2-977c-3f5b-bc4c-1c152339deb4): „ќ
[20:53:07] N1XER__ (33df4bd2-977c-3f5b-bc4c-1c152339deb4): а
[20:53:08] N1XER__ (33df4bd2-977c-3f5b-bc4c-1c152339deb4): чо
[20:53:13] NilsCoy (4a24e6bd-ea3a-3318-8f49-61b87de854d0): ?
[20:53:16] N1XER__ (33df4bd2-977c-3f5b-bc4c-1c152339deb4): не
[20:53:25] NilsCoy (4a24e6bd-ea3a-3318-8f49-61b87de854d0): слушай
[20:53:29] NilsCoy (4a24e6bd-ea3a-3318-8f49-61b87de854d0): ты лс посмотрел?
[20:53:42] N1XER__ (33df4bd2-977c-3f5b-bc4c-1c152339deb4): там хуй в тейл
[20:53:47] NilsCoy (4a24e6bd-ea3a-3318-8f49-61b87de854d0): ’ј’ј’ј’
[20:53:50] N1XER__ (33df4bd2-977c-3f5b-bc4c-1c152339deb4): € знаю что игра не выйдет
[20:53:56] NilsCoy (4a24e6bd-ea3a-3318-8f49-61b87de854d0): он реально скоро выйдет
[20:54:04] N1XER__ (33df4bd2-977c-3f5b-bc4c-1c152339deb4): честно говор€ пофиг
[20:54:06] N1XER__ (33df4bd2-977c-3f5b-bc4c-1c152339deb4): ну
[20:54:07] N1XER__ (33df4bd2-977c-3f5b-bc4c-1c152339deb4): типа
[20:54:08] N1XER__ (33df4bd2-977c-3f5b-bc4c-1c152339deb4): пусть
[20:54:16] NilsCoy (4a24e6bd-ea3a-3318-8f49-61b87de854d0): она будет free to play
[20:54:21] NilsCoy (4a24e6bd-ea3a-3318-8f49-61b87de854d0): € 100% зайду
[20:54:23] N1XER__ (33df4bd2-977c-3f5b-bc4c-1c152339deb4): это и такбыло пон€тно
[20:54:29] N1XER__ (33df4bd2-977c-3f5b-bc4c-1c152339deb4): € зайду
[20:54:30] N1XER__ (33df4bd2-977c-3f5b-bc4c-1c152339deb4): но
[20:54:33] N1XER__ (33df4bd2-977c-3f5b-bc4c-1c152339deb4): хзхзхз
[20:55:27] N1XER__ (33df4bd2-977c-3f5b-bc4c-1c152339deb4): с чего ты вз€л что она скоро выйдет?
[20:55:30] N1XER__ (33df4bd2-977c-3f5b-bc4c-1c152339deb4): и скоро это когда?
[20:58:05] NilsCoy (4a24e6bd-ea3a-3318-8f49-61b87de854d0): смотри
[20:58:16] NilsCoy (4a24e6bd-ea3a-3318-8f49-61b87de854d0): у них несколько мес€цев назад была новость
[20:58:26] NilsCoy (4a24e6bd-ea3a-3318-8f49-61b87de854d0): что они начали закрытый тест
[20:58:29] NilsCoy (4a24e6bd-ea3a-3318-8f49-61b87de854d0): »»»»
[20:58:32] N1XER__ (33df4bd2-977c-3f5b-bc4c-1c152339deb4): мен€ не пригласили суки
[20:58:34] NilsCoy (4a24e6bd-ea3a-3318-8f49-61b87de854d0): он уже закончилс€
[20:58:36] N1XER__ (33df4bd2-977c-3f5b-bc4c-1c152339deb4): € подавал за€вку в 2018
[20:58:37] N1XER__ (33df4bd2-977c-3f5b-bc4c-1c152339deb4): твари
[20:58:45] N1XER__ (33df4bd2-977c-3f5b-bc4c-1c152339deb4): ’ј’ј’ј’
[20:58:47] N1XER__ (33df4bd2-977c-3f5b-bc4c-1c152339deb4): ну короче € подавал
[20:58:50] N1XER__ (33df4bd2-977c-3f5b-bc4c-1c152339deb4): так ну
[20:58:52] N1XER__ (33df4bd2-977c-3f5b-bc4c-1c152339deb4): закончилс€
[20:58:56] NilsCoy (4a24e6bd-ea3a-3318-8f49-61b87de854d0): теперь они будут набирать еще больше тест команду
[20:59:08] NilsCoy (4a24e6bd-ea3a-3318-8f49-61b87de854d0): и после уже будет открытие
[20:59:26] N1XER__ (33df4bd2-977c-3f5b-bc4c-1c152339deb4): игра может и будет крутой но к сожалению ощущатьс€ так же как в тот момент
[20:59:27] N1XER__ (33df4bd2-977c-3f5b-bc4c-1c152339deb4): уже не будет
[20:59:31] N1XER__ (33df4bd2-977c-3f5b-bc4c-1c152339deb4): лично дл€ мен€
[20:59:32] N1XER__ (33df4bd2-977c-3f5b-bc4c-1c152339deb4): эх
[20:59:35] N1XER__ (33df4bd2-977c-3f5b-bc4c-1c152339deb4): и даже жаль
[21:00:04] NilsCoy (4a24e6bd-ea3a-3318-8f49-61b87de854d0): лично € жду потому что понимаю как сложно разрабатывать игры, тем более такого маштаба
[21:00:14] N1XER__ (33df4bd2-977c-3f5b-bc4c-1c152339deb4): игра крута€, € зайду поиграть
[21:00:16] N1XER__ (33df4bd2-977c-3f5b-bc4c-1c152339deb4): но
[21:00:16] N1XER__ (33df4bd2-977c-3f5b-bc4c-1c152339deb4): хз
[21:00:18] NilsCoy (4a24e6bd-ea3a-3318-8f49-61b87de854d0): возможно, € что то и там поделаю
[21:00:28] NilsCoy (4a24e6bd-ea3a-3318-8f49-61b87de854d0): как минимум если игра не будет говном
[21:00:43] N1XER__ (33df4bd2-977c-3f5b-bc4c-1c152339deb4): делать эпику на hytale
[21:00:54] N1XER__ (33df4bd2-977c-3f5b-bc4c-1c152339deb4): неизвестно когда выйдет она
[21:00:54] N1XER__ (33df4bd2-977c-3f5b-bc4c-1c152339deb4): эх
[21:00:57] N1XER__ (33df4bd2-977c-3f5b-bc4c-1c152339deb4): ну типа
[21:00:58] NilsCoy (4a24e6bd-ea3a-3318-8f49-61b87de854d0): то € точно посмотрю инструментарий разработчиков и что-то попробую смастерить
[21:01:01] NilsCoy (4a24e6bd-ea3a-3318-8f49-61b87de854d0): никс
[21:01:03] N1XER__ (33df4bd2-977c-3f5b-bc4c-1c152339deb4): а
[21:01:11] NilsCoy (4a24e6bd-ea3a-3318-8f49-61b87de854d0): € не буду делать эпику на хайтейл
[21:01:28] N1XER__ (33df4bd2-977c-3f5b-bc4c-1c152339deb4): (
[21:01:31] NilsCoy (4a24e6bd-ea3a-3318-8f49-61b87de854d0): это просто не возможно
[21:01:33] N1XER__ (33df4bd2-977c-3f5b-bc4c-1c152339deb4): хайтел это уже эпика
[21:01:39] NilsCoy (4a24e6bd-ea3a-3318-8f49-61b87de854d0): да
[21:01:39] N1XER__ (33df4bd2-977c-3f5b-bc4c-1c152339deb4): с его боевкой
[21:01:41] N1XER__ (33df4bd2-977c-3f5b-bc4c-1c152339deb4): ’ј’ј’ј
[21:01:48] N1XER__ (33df4bd2-977c-3f5b-bc4c-1c152339deb4): ну € бы там сделал ванилочку
[21:01:49] NilsCoy (4a24e6bd-ea3a-3318-8f49-61b87de854d0): наша мне нравитс€ больше
[21:02:08] NilsCoy (4a24e6bd-ea3a-3318-8f49-61b87de854d0): их боевка не сильно отличаетс€ от майна по сути
[21:02:26] N1XER__ (33df4bd2-977c-3f5b-bc4c-1c152339deb4): честно, € уже мало чего помню с хайтела
[21:02:29] NilsCoy (4a24e6bd-ea3a-3318-8f49-61b87de854d0): это те же чистые удары без логики
[21:02:44] NilsCoy (4a24e6bd-ea3a-3318-8f49-61b87de854d0): у нас же можно делать много разных мувов
[21:02:55] NilsCoy (4a24e6bd-ea3a-3318-8f49-61b87de854d0): что сильнее приближает к мордхау
[21:03:06] N1XER__ (33df4bd2-977c-3f5b-bc4c-1c152339deb4): да
[21:32:40] NilsCoy (4a24e6bd-ea3a-3318-8f49-61b87de854d0): dad
[21:33:38] N1XER__ (33df4bd2-977c-3f5b-bc4c-1c152339deb4): t
[21:35:52] N1XER__ (33df4bd2-977c-3f5b-bc4c-1c152339deb4): t
[21:36:15] N1XER__ (33df4bd2-977c-3f5b-bc4c-1c152339deb4): t
[21:37:13] N1XER__ (33df4bd2-977c-3f5b-bc4c-1c152339deb4): t
[21:37:17] N1XER__ (33df4bd2-977c-3f5b-bc4c-1c152339deb4): t
[21:38:44] N1XER__ (33df4bd2-977c-3f5b-bc4c-1c152339deb4): t
[21:39:05] N1XER__ (33df4bd2-977c-3f5b-bc4c-1c152339deb4): t
[21:39:30] N1XER__ (33df4bd2-977c-3f5b-bc4c-1c152339deb4): t
[21:40:54] N1XER__ (33df4bd2-977c-3f5b-bc4c-1c152339deb4): t
[21:42:38] N1XER__ (33df4bd2-977c-3f5b-bc4c-1c152339deb4): t
[21:43:12] N1XER__ (33df4bd2-977c-3f5b-bc4c-1c152339deb4): t
[21:45:13] N1XER__ (33df4bd2-977c-3f5b-bc4c-1c152339deb4): t
[22:45:27] N1XER__ (33df4bd2-977c-3f5b-bc4c-1c152339deb4): t
[22:45:38] N1XER__ (33df4bd2-977c-3f5b-bc4c-1c152339deb4): t
[22:45:57] N1XER__ (33df4bd2-977c-3f5b-bc4c-1c152339deb4): t
[22:49:36] N1XER__ (33df4bd2-977c-3f5b-bc4c-1c152339deb4): t
[22:50:09] N1XER__ (33df4bd2-977c-3f5b-bc4c-1c152339deb4): t
[22:51:41] N1XER__ (33df4bd2-977c-3f5b-bc4c-1c152339deb4): t
[22:52:00] N1XER__ (33df4bd2-977c-3f5b-bc4c-1c152339deb4): t
[22:54:37] N1XER__ (33df4bd2-977c-3f5b-bc4c-1c152339deb4): е
[23:20:01] N1XER__ (33df4bd2-977c-3f5b-bc4c-1c152339deb4): е
[23:20:51] N1XER__ (33df4bd2-977c-3f5b-bc4c-1c152339deb4): е
[23:21:12] N1XER__ (33df4bd2-977c-3f5b-bc4c-1c152339deb4): е
[23:21:41] N1XER__ (33df4bd2-977c-3f5b-bc4c-1c152339deb4): ее
[23:21:59] N1XER__ (33df4bd2-977c-3f5b-bc4c-1c152339deb4): е
[23:22:02] N1XER__ (33df4bd2-977c-3f5b-bc4c-1c152339deb4): а
[23:22:03] N1XER__ (33df4bd2-977c-3f5b-bc4c-1c152339deb4): 1
[23:22:04] N1XER__ (33df4bd2-977c-3f5b-bc4c-1c152339deb4): 343
[23:22:15] N1XER__ (33df4bd2-977c-3f5b-bc4c-1c152339deb4): е
[23:22:27] N1XER__ (33df4bd2-977c-3f5b-bc4c-1c152339deb4): е
