[12:51:08] fofo15 (f948b7b0-96bc-3c32-89ff-1941bf1b85da): f
[14:07:12] Predator265 (aa0a0929-d6c9-315d-a7e1-07e1c4a01258): зибен зибен
[14:07:26] Predator265 (aa0a0929-d6c9-315d-a7e1-07e1c4a01258): привет фофяра
[14:07:40] Predator265 (aa0a0929-d6c9-315d-a7e1-07e1c4a01258): нраица сервер?
[14:09:41] Predator265 (aa0a0929-d6c9-315d-a7e1-07e1c4a01258): ахуеть
[14:09:44] Predator265 (aa0a0929-d6c9-315d-a7e1-07e1c4a01258): книгу добавили
[14:09:54] Predator265 (aa0a0929-d6c9-315d-a7e1-07e1c4a01258): лан я отойду
[14:10:53] Predator265 (aa0a0929-d6c9-315d-a7e1-07e1c4a01258): во первых я пришел
[14:11:00] Predator265 (aa0a0929-d6c9-315d-a7e1-07e1c4a01258): а во вторых убивать разбойников не надо
[14:11:37] N1XER__ (33df4bd2-977c-3f5b-bc4c-1c152339deb4): бу
[14:11:40] Predator265 (aa0a0929-d6c9-315d-a7e1-07e1c4a01258): а блять
[14:11:43] Predator265 (aa0a0929-d6c9-315d-a7e1-07e1c4a01258): страшна
[14:11:55] N1XER__ (33df4bd2-977c-3f5b-bc4c-1c152339deb4): ты чо вчера не заходил кстати
[14:11:55] Predator265 (aa0a0929-d6c9-315d-a7e1-07e1c4a01258): отвези до таверны плиз
[14:12:00] N1XER__ (33df4bd2-977c-3f5b-bc4c-1c152339deb4): ща отвезу
[14:12:00] Predator265 (aa0a0929-d6c9-315d-a7e1-07e1c4a01258): занят был с друзьями играл
[14:12:03] N1XER__ (33df4bd2-977c-3f5b-bc4c-1c152339deb4): стой
[14:12:21] N1XER__ (33df4bd2-977c-3f5b-bc4c-1c152339deb4): а
[14:12:21] N1XER__ (33df4bd2-977c-3f5b-bc4c-1c152339deb4): чо
[14:12:22] Predator265 (aa0a0929-d6c9-315d-a7e1-07e1c4a01258): а ты шифт зажимаешь чтоль
[14:12:22] N1XER__ (33df4bd2-977c-3f5b-bc4c-1c152339deb4): а как
[14:12:36] N1XER__ (33df4bd2-977c-3f5b-bc4c-1c152339deb4): не работает
[14:12:43] Predator265 (aa0a0929-d6c9-315d-a7e1-07e1c4a01258): щас сьезжу
[14:12:45] N1XER__ (33df4bd2-977c-3f5b-bc4c-1c152339deb4): блять
[14:12:48] Predator265 (aa0a0929-d6c9-315d-a7e1-07e1c4a01258): харош
[14:12:54] N1XER__ (33df4bd2-977c-3f5b-bc4c-1c152339deb4): садись
[14:12:58] Predator265 (aa0a0929-d6c9-315d-a7e1-07e1c4a01258): а чё ты по плазме не говоришь
[14:13:10] N1XER__ (33df4bd2-977c-3f5b-bc4c-1c152339deb4): странно
[14:13:11] N1XER__ (33df4bd2-977c-3f5b-bc4c-1c152339deb4): короче
[14:13:14] N1XER__ (33df4bd2-977c-3f5b-bc4c-1c152339deb4): садись и едь
[14:13:20] N1XER__ (33df4bd2-977c-3f5b-bc4c-1c152339deb4): а
[14:13:21] N1XER__ (33df4bd2-977c-3f5b-bc4c-1c152339deb4): сука
[14:13:23] N1XER__ (33df4bd2-977c-3f5b-bc4c-1c152339deb4): он пропадает
[14:13:24] N1XER__ (33df4bd2-977c-3f5b-bc4c-1c152339deb4): короче
[14:13:25] N1XER__ (33df4bd2-977c-3f5b-bc4c-1c152339deb4): беги
[14:13:26] N1XER__ (33df4bd2-977c-3f5b-bc4c-1c152339deb4): ХАХХА
[14:13:34] Predator265 (aa0a0929-d6c9-315d-a7e1-07e1c4a01258): сказал как будто бы ты маньяк какой то
[14:13:38] N1XER__ (33df4bd2-977c-3f5b-bc4c-1c152339deb4): ЪАХАА
[14:13:39] Predator265 (aa0a0929-d6c9-315d-a7e1-07e1c4a01258): и ты мне даешь время убежать
[14:13:41] N1XER__ (33df4bd2-977c-3f5b-bc4c-1c152339deb4): да я )
[14:14:15] Predator265 (aa0a0929-d6c9-315d-a7e1-07e1c4a01258): никс
[14:14:17] Predator265 (aa0a0929-d6c9-315d-a7e1-07e1c4a01258): пошли
[14:14:20] Predator265 (aa0a0929-d6c9-315d-a7e1-07e1c4a01258): нафармим мне на осла
[14:14:23] Predator265 (aa0a0929-d6c9-315d-a7e1-07e1c4a01258): или мула
[14:16:17] Predator265 (aa0a0929-d6c9-315d-a7e1-07e1c4a01258): никс
[14:16:18] Predator265 (aa0a0929-d6c9-315d-a7e1-07e1c4a01258): ты сигма?
[14:18:04] N1XER__ (33df4bd2-977c-3f5b-bc4c-1c152339deb4): да
[14:18:18] Predator265 (aa0a0929-d6c9-315d-a7e1-07e1c4a01258): у тя клан есть?
[14:18:24] N1XER__ (33df4bd2-977c-3f5b-bc4c-1c152339deb4): мы вчера клан создали
[14:18:27] N1XER__ (33df4bd2-977c-3f5b-bc4c-1c152339deb4): фофо деньги нафармил
[14:18:30] Predator265 (aa0a0929-d6c9-315d-a7e1-07e1c4a01258): а мне можно
[14:18:38] Predator265 (aa0a0929-d6c9-315d-a7e1-07e1c4a01258): или нахуй меня
[14:18:48] N1XER__ (33df4bd2-977c-3f5b-bc4c-1c152339deb4): вроде как есть еще 1 или 2 места
[14:19:03] Predator265 (aa0a0929-d6c9-315d-a7e1-07e1c4a01258): а как принятьб
[14:19:06] N1XER__ (33df4bd2-977c-3f5b-bc4c-1c152339deb4): не знаю...
[14:19:11] N1XER__ (33df4bd2-977c-3f5b-bc4c-1c152339deb4): возможно /clan accept
[14:19:11] Predator265 (aa0a0929-d6c9-315d-a7e1-07e1c4a01258): всмысле бять
[14:19:18] Predator265 (aa0a0929-d6c9-315d-a7e1-07e1c4a01258): попробовал не сработало
[14:19:20] N1XER__ (33df4bd2-977c-3f5b-bc4c-1c152339deb4): либо в чате нажать, если вылазит
[14:19:27] N1XER__ (33df4bd2-977c-3f5b-bc4c-1c152339deb4): во
[14:19:28] Predator265 (aa0a0929-d6c9-315d-a7e1-07e1c4a01258): а
[14:19:29] N1XER__ (33df4bd2-977c-3f5b-bc4c-1c152339deb4): в чате нажать
[14:22:03] Predator265 (aa0a0929-d6c9-315d-a7e1-07e1c4a01258): у тебя проблема какая то с разбойниками?
[14:22:05] Predator265 (aa0a0929-d6c9-315d-a7e1-07e1c4a01258): что ты щас делаешь
[14:22:09] Predator265 (aa0a0929-d6c9-315d-a7e1-07e1c4a01258): какая часть квеста
[14:22:15] kakapinet (93484e76-5d47-3ca5-b185-01f64dfd4384): первая
[14:22:20] kakapinet (93484e76-5d47-3ca5-b185-01f64dfd4384): первая
[14:22:30] Predator265 (aa0a0929-d6c9-315d-a7e1-07e1c4a01258): а что сделать надо
[14:22:37] N1XER__ (33df4bd2-977c-3f5b-bc4c-1c152339deb4): если что, разбойников не нужно убивать
[14:22:38] Predator265 (aa0a0929-d6c9-315d-a7e1-07e1c4a01258): или ты их по приколу избиваешь
[14:22:50] kakapinet (93484e76-5d47-3ca5-b185-01f64dfd4384): по приколу
[14:22:56] kakapinet (93484e76-5d47-3ca5-b185-01f64dfd4384): тип, я хз куда надо
[14:22:59] kakapinet (93484e76-5d47-3ca5-b185-01f64dfd4384): я щас ищк
[14:23:01] kakapinet (93484e76-5d47-3ca5-b185-01f64dfd4384): xd
[14:23:07] kakapinet (93484e76-5d47-3ca5-b185-01f64dfd4384): По приколу
[14:23:12] Predator265 (aa0a0929-d6c9-315d-a7e1-07e1c4a01258): верю
[14:23:20] kakapinet (93484e76-5d47-3ca5-b185-01f64dfd4384): я хз куда, и ищю
[14:23:39] Predator265 (aa0a0929-d6c9-315d-a7e1-07e1c4a01258): а что куда
[14:23:41] N1XER__ (33df4bd2-977c-3f5b-bc4c-1c152339deb4): kakapinet там будет часть с побегом, ты на ней или нет?
[14:23:43] Predator265 (aa0a0929-d6c9-315d-a7e1-07e1c4a01258): ты сбежать не можешь?
[14:23:51] kakapinet (93484e76-5d47-3ca5-b185-01f64dfd4384): я уже на ней
[14:23:54] kakapinet (93484e76-5d47-3ca5-b185-01f64dfd4384): я уже на ней
[14:23:58] N1XER__ (33df4bd2-977c-3f5b-bc4c-1c152339deb4): до побега все в диалогах прописано, а в конце есть небольшие проблемы с обучением
[14:24:05] Predator265 (aa0a0929-d6c9-315d-a7e1-07e1c4a01258): там надо бежать где ты рыбачил только не прям туда
[14:24:11] Predator265 (aa0a0929-d6c9-315d-a7e1-07e1c4a01258): там раньше был заблокированный проход
[14:24:14] Predator265 (aa0a0929-d6c9-315d-a7e1-07e1c4a01258): он щас разблокан
[14:24:17] Predator265 (aa0a0929-d6c9-315d-a7e1-07e1c4a01258): бежишь туда
[14:24:25] Predator265 (aa0a0929-d6c9-315d-a7e1-07e1c4a01258): дальше следуешь
[14:24:32] Predator265 (aa0a0929-d6c9-315d-a7e1-07e1c4a01258): и там будет дырка в стене каменной
[14:24:39] Predator265 (aa0a0929-d6c9-315d-a7e1-07e1c4a01258): справа
[14:24:53] N1XER__ (33df4bd2-977c-3f5b-bc4c-1c152339deb4): там в конце и немного правее
[14:25:59] kakapinet (93484e76-5d47-3ca5-b185-01f64dfd4384): я тут с самого начала прошлё
[14:26:55] kakapinet (93484e76-5d47-3ca5-b185-01f64dfd4384): только что прошёл, и тут заблоконо
[14:27:09] Predator265 (aa0a0929-d6c9-315d-a7e1-07e1c4a01258): в каком смысле заблокано
[14:27:13] Predator265 (aa0a0929-d6c9-315d-a7e1-07e1c4a01258): может ты рыбу не ловил
[14:27:17] Predator265 (aa0a0929-d6c9-315d-a7e1-07e1c4a01258): или уголь не добыл
[14:27:22] kakapinet (93484e76-5d47-3ca5-b185-01f64dfd4384): Я всё сделал
[14:27:26] kakapinet (93484e76-5d47-3ca5-b185-01f64dfd4384): я всё сделал
[14:27:31] N1XER__ (33df4bd2-977c-3f5b-bc4c-1c152339deb4): ты на моменте когда все разбойники и заключенные собрались в центральной комнате?
[14:27:39] kakapinet (93484e76-5d47-3ca5-b185-01f64dfd4384): я уже был там
[14:27:44] kakapinet (93484e76-5d47-3ca5-b185-01f64dfd4384): мне сказали сбежать
[14:27:50] Predator265 (aa0a0929-d6c9-315d-a7e1-07e1c4a01258): ну что когда вайп
[14:27:52] kakapinet (93484e76-5d47-3ca5-b185-01f64dfd4384): через шахту
[14:28:00] N1XER__ (33df4bd2-977c-3f5b-bc4c-1c152339deb4): какой вайп ты чо
[14:28:06] Predator265 (aa0a0929-d6c9-315d-a7e1-07e1c4a01258): новичкам в обучении помогатьб
[14:28:07] kakapinet (93484e76-5d47-3ca5-b185-01f64dfd4384): через глубь захты
[14:28:26] N1XER__ (33df4bd2-977c-3f5b-bc4c-1c152339deb4): обучение будет немного изменено
[14:28:37] kakapinet (93484e76-5d47-3ca5-b185-01f64dfd4384): надо будет
[14:37:09] Predator265 (aa0a0929-d6c9-315d-a7e1-07e1c4a01258): я пошел
[14:37:13] N1XER__ (33df4bd2-977c-3f5b-bc4c-1c152339deb4): давай
[14:40:00] kakapinet (93484e76-5d47-3ca5-b185-01f64dfd4384): Удачи
[14:47:53] N1XER__ (33df4bd2-977c-3f5b-bc4c-1c152339deb4): kakapinet кстати, про промокод horizon знаешь? Если нет, пропиши, там бонус начальный в честь открытия
[14:48:07] kakapinet (93484e76-5d47-3ca5-b185-01f64dfd4384): Оо, даа, спасибо
[14:48:10] kakapinet (93484e76-5d47-3ca5-b185-01f64dfd4384): promo
[14:48:22] N1XER__ (33df4bd2-977c-3f5b-bc4c-1c152339deb4): ./promo horizon
[14:49:14] kakapinet (93484e76-5d47-3ca5-b185-01f64dfd4384): Активировал, спасибо :3
[15:09:17] N1XER__ (33df4bd2-977c-3f5b-bc4c-1c152339deb4): фофо
[15:29:54] Astrill3r (4f14ea5c-3acb-3628-be6d-e895cb743710): Блять вау
[15:30:05] Astrill3r (4f14ea5c-3acb-3628-be6d-e895cb743710): В 3 блоках появилось 6 боровов
[15:30:17] Astrill3r (4f14ea5c-3acb-3628-be6d-e895cb743710): Один из них буквально упал мне на голову
[16:00:56] Detective2012 (1e2cf28a-656c-31d7-b1f2-744bff7dcf78): где я?
[16:01:13] Detective2012 (1e2cf28a-656c-31d7-b1f2-744bff7dcf78): Где я?
[16:01:22] MOHOLITH (c66812e9-ed95-30f0-b4fd-df45ab6a1a65): ура победа, я освободился и поспал
[16:01:24] Detective2012 (1e2cf28a-656c-31d7-b1f2-744bff7dcf78): Что происходит?
[16:04:18] Detective2012 (1e2cf28a-656c-31d7-b1f2-744bff7dcf78): Что происходит?
[16:04:24] Astrill3r (4f14ea5c-3acb-3628-be6d-e895cb743710): Блять 24 угля не хватило
[16:04:38] MOHOLITH (c66812e9-ed95-30f0-b4fd-df45ab6a1a65): победа
[16:05:02] [CAPS] Astrill3r (4f14ea5c-3acb-3628-be6d-e895cb743710): moholith
[16:05:11] Astrill3r (4f14ea5c-3acb-3628-be6d-e895cb743710): Ты сделал большой стальной меч?
[16:05:14] MOHOLITH (c66812e9-ed95-30f0-b4fd-df45ab6a1a65): кто
[16:05:27] Astrill3r (4f14ea5c-3acb-3628-be6d-e895cb743710): Ты
[16:05:35] MOHOLITH (c66812e9-ed95-30f0-b4fd-df45ab6a1a65): железо нужно
[16:05:48] Astrill3r (4f14ea5c-3acb-3628-be6d-e895cb743710): А уголь есть?
[16:05:57] MOHOLITH (c66812e9-ed95-30f0-b4fd-df45ab6a1a65): да
[16:06:00] MOHOLITH (c66812e9-ed95-30f0-b4fd-df45ab6a1a65): но я далеко
[16:10:39] MOHOLITH (c66812e9-ed95-30f0-b4fd-df45ab6a1a65): феникс
[16:10:41] MOHOLITH (c66812e9-ed95-30f0-b4fd-df45ab6a1a65): что крафтишь?
[16:15:44] Astrill3r (4f14ea5c-3acb-3628-be6d-e895cb743710): Я отходил
[16:15:49] MOHOLITH (c66812e9-ed95-30f0-b4fd-df45ab6a1a65): так и понял
[16:15:52] Astrill3r (4f14ea5c-3acb-3628-be6d-e895cb743710): Я крафчу большой стальной меч
[16:15:56] MOHOLITH (c66812e9-ed95-30f0-b4fd-df45ab6a1a65): харош
[16:16:12] Astrill3r (4f14ea5c-3acb-3628-be6d-e895cb743710): 24 угля и 3 монет
[16:16:21] Astrill3r (4f14ea5c-3acb-3628-be6d-e895cb743710): И я смогу стать счастливым
[16:16:27] Astrill3r (4f14ea5c-3acb-3628-be6d-e895cb743710): Получить грамоту и медаль
[16:16:48] MOHOLITH (c66812e9-ed95-30f0-b4fd-df45ab6a1a65): метеоритный удар прокнул в гриба
[16:17:31] Astrill3r (4f14ea5c-3acb-3628-be6d-e895cb743710): Где онлайн
[16:17:35] Detective2012 (1e2cf28a-656c-31d7-b1f2-744bff7dcf78): я
[16:17:38] Astrill3r (4f14ea5c-3acb-3628-be6d-e895cb743710): Кого ебашить
[16:17:39] Detective2012 (1e2cf28a-656c-31d7-b1f2-744bff7dcf78): онлайн
[16:17:41] Astrill3r (4f14ea5c-3acb-3628-be6d-e895cb743710): а
[16:17:43] MOHOLITH (c66812e9-ed95-30f0-b4fd-df45ab6a1a65): новичка пкашь
[16:18:37] Astrill3r (4f14ea5c-3acb-3628-be6d-e895cb743710): Ну с крафтами Нильс чето ахуел, я быстрее кукри сделаю чем кобальтовую шмотку
[16:18:54] MOHOLITH (c66812e9-ed95-30f0-b4fd-df45ab6a1a65): харакири с помощью тати
[16:33:54] Astrill3r (4f14ea5c-3acb-3628-be6d-e895cb743710): Я сёл на коня, оказался в блоках, слез с него и оказался на чердаке откуда нельзя сбежать
[16:34:12] MOHOLITH (c66812e9-ed95-30f0-b4fd-df45ab6a1a65): эти кони просто имба
[16:34:51] Astrill3r (4f14ea5c-3acb-3628-be6d-e895cb743710): ээээ
[16:35:00] Astrill3r (4f14ea5c-3acb-3628-be6d-e895cb743710): Мне ща в гильдии 2 раз выдали награду
[16:35:05] MOHOLITH (c66812e9-ed95-30f0-b4fd-df45ab6a1a65): победа ура
[16:35:08] Astrill3r (4f14ea5c-3acb-3628-be6d-e895cb743710): За те же листки
[16:35:25] Astrill3r (4f14ea5c-3acb-3628-be6d-e895cb743710): Ежедневный бонус?
[16:42:22] MOHOLITH (c66812e9-ed95-30f0-b4fd-df45ab6a1a65): метеоритный удар по скелету
[17:08:43] MOHOLITH (c66812e9-ed95-30f0-b4fd-df45ab6a1a65): нильс
[17:13:34] NilsCoy (4a24e6bd-ea3a-3318-8f49-61b87de854d0): это твоя?
[17:13:34] MOHOLITH (c66812e9-ed95-30f0-b4fd-df45ab6a1a65): не моя
[17:13:42] MOHOLITH (c66812e9-ed95-30f0-b4fd-df45ab6a1a65): кто-то поставил и вышел
[17:28:21] Astrill3r (4f14ea5c-3acb-3628-be6d-e895cb743710): Как же им поебать на стелс
[17:29:58] Astrill3r (4f14ea5c-3acb-3628-be6d-e895cb743710): Круто блять, они ещё не станятся
[17:30:26] Astrill3r (4f14ea5c-3acb-3628-be6d-e895cb743710): Разбойники должны видеть меня в стелсе на 8-10 блоков?
[17:30:37] MOHOLITH (c66812e9-ed95-30f0-b4fd-df45ab6a1a65): это другие разбойники
[17:30:43] Astrill3r (4f14ea5c-3acb-3628-be6d-e895cb743710): И че
[17:30:52] MOHOLITH (c66812e9-ed95-30f0-b4fd-df45ab6a1a65): стелс говна навернул
[17:31:03] Astrill3r (4f14ea5c-3acb-3628-be6d-e895cb743710): Нахуя им лампы, если они даже те что без ламп просто подходят к тебе как обычно
[17:46:30] Astrill3r (4f14ea5c-3acb-3628-be6d-e895cb743710): Че блять
[17:46:33] Astrill3r (4f14ea5c-3acb-3628-be6d-e895cb743710): 10 опыта?
[17:46:35] Astrill3r (4f14ea5c-3acb-3628-be6d-e895cb743710): И все
[17:46:43] MOHOLITH (c66812e9-ed95-30f0-b4fd-df45ab6a1a65): с кого?
[17:46:50] Astrill3r (4f14ea5c-3acb-3628-be6d-e895cb743710): Ебанутый лут с главаря разбойников
[17:55:13] Astrill3r (4f14ea5c-3acb-3628-be6d-e895cb743710): Нилс
[17:55:16] Astrill3r (4f14ea5c-3acb-3628-be6d-e895cb743710): Ты тут?
[17:55:31] NilsCoy (4a24e6bd-ea3a-3318-8f49-61b87de854d0): я тут
[17:55:40] Astrill3r (4f14ea5c-3acb-3628-be6d-e895cb743710): Добавь разбойникам потом лут
[17:55:45] Astrill3r (4f14ea5c-3acb-3628-be6d-e895cb743710): Или опыта больше
[17:55:59] Astrill3r (4f14ea5c-3acb-3628-be6d-e895cb743710): А то вроде можно потеть и фармить их, а толку нету
[17:56:11] NilsCoy (4a24e6bd-ea3a-3318-8f49-61b87de854d0): понял
[17:56:22] Astrill3r (4f14ea5c-3acb-3628-be6d-e895cb743710): Денег 0, опыта меньше чем с коров, ошибся -строка хп
[17:56:30] NilsCoy (4a24e6bd-ea3a-3318-8f49-61b87de854d0): понял
[17:56:48] Astrill3r (4f14ea5c-3acb-3628-be6d-e895cb743710): Можно кстати стрелы чтоб с лучником падали
[17:57:06] NilsCoy (4a24e6bd-ea3a-3318-8f49-61b87de854d0): может
[17:57:40] Astrill3r (4f14ea5c-3acb-3628-be6d-e895cb743710): Бля да где этот охотник
[17:57:48] Astrill3r (4f14ea5c-3acb-3628-be6d-e895cb743710): Босс бар есть, а его само нету
[17:58:18] Astrill3r (4f14ea5c-3acb-3628-be6d-e895cb743710): А он может на холме, куда нереально попасть появится?
[17:58:31] NilsCoy (4a24e6bd-ea3a-3318-8f49-61b87de854d0): может
[17:58:32] Astrill3r (4f14ea5c-3acb-3628-be6d-e895cb743710): Или на дереве
[17:58:35] Astrill3r (4f14ea5c-3acb-3628-be6d-e895cb743710): Бля
[17:59:11] Astrill3r (4f14ea5c-3acb-3628-be6d-e895cb743710): Я "везучий" или с главаря разбойников ниче не падает?
[17:59:22] NilsCoy (4a24e6bd-ea3a-3318-8f49-61b87de854d0): с главаря скин падает
[17:59:25] NilsCoy (4a24e6bd-ea3a-3318-8f49-61b87de854d0): но редко
[18:01:44] Astrill3r (4f14ea5c-3acb-3628-be6d-e895cb743710): Та блять почему машет как палкой
[18:04:18] Astrill3r (4f14ea5c-3acb-3628-be6d-e895cb743710): Шифт в темноте - стелс
[18:16:03] Astrill3r (4f14ea5c-3acb-3628-be6d-e895cb743710): Шифт в темноте - стелс, ес че
[18:21:49] Astrill3r (4f14ea5c-3acb-3628-be6d-e895cb743710): Дыра в стене возле кучи диамита
[18:24:35] Astrill3r (4f14ea5c-3acb-3628-be6d-e895cb743710): Ты же не дерешься с ними?
[18:24:40] Llloyd858 (73afbe79-f2a2-3d8a-aa28-bca7943b279b): Нет
[18:24:46] Astrill3r (4f14ea5c-3acb-3628-be6d-e895cb743710): Это если что бесполезно
[18:30:55] Llloyd858 (73afbe79-f2a2-3d8a-aa28-bca7943b279b): А как ответить отяду разбойников если я до них не достаю?
[18:34:57] Astrill3r (4f14ea5c-3acb-3628-be6d-e895cb743710): где
[18:35:12] Llloyd858 (73afbe79-f2a2-3d8a-aa28-bca7943b279b): Уже разобрался
[18:47:20] MOHOLITH (c66812e9-ed95-30f0-b4fd-df45ab6a1a65): рыбалка тайм
[18:47:42] MOHOLITH (c66812e9-ed95-30f0-b4fd-df45ab6a1a65): нильс
[18:47:53] MOHOLITH (c66812e9-ed95-30f0-b4fd-df45ab6a1a65): освещение, а не освящение
[18:48:55] Astrill3r (4f14ea5c-3acb-3628-be6d-e895cb743710): Жестб, если бы я раньше знал что надо просто чтоб он тебя не терял
[18:49:12] MOHOLITH (c66812e9-ed95-30f0-b4fd-df45ab6a1a65): где ты их находишь вообще
[18:49:38] Astrill3r (4f14ea5c-3acb-3628-be6d-e895cb743710): Гоняю на коне как на приоре, и ищу нефоров чтоб сделать им спортика
[18:52:05] Astrill3r (4f14ea5c-3acb-3628-be6d-e895cb743710): Защищенный
[18:52:08] Astrill3r (4f14ea5c-3acb-3628-be6d-e895cb743710): аллахом
[18:52:13] MOHOLITH (c66812e9-ed95-30f0-b4fd-df45ab6a1a65): кувырок в воздухе = полет
[18:52:40] Astrill3r (4f14ea5c-3acb-3628-be6d-e895cb743710): Купи большой меч
[18:52:42] Astrill3r (4f14ea5c-3acb-3628-be6d-e895cb743710): Имба
[18:52:58] Llloyd858 (73afbe79-f2a2-3d8a-aa28-bca7943b279b): А как в шахту войти? меня кузнец послал а войти нельзя
[18:53:09] Astrill3r (4f14ea5c-3acb-3628-be6d-e895cb743710): А ты им сказал что от кузнеца?
[18:53:20] Llloyd858 (73afbe79-f2a2-3d8a-aa28-bca7943b279b): А где они
[18:53:23] Llloyd858 (73afbe79-f2a2-3d8a-aa28-bca7943b279b): Я их не нашёл
[18:53:27] Astrill3r (4f14ea5c-3acb-3628-be6d-e895cb743710): Каво
[18:53:33] Astrill3r (4f14ea5c-3acb-3628-be6d-e895cb743710): пошли
[18:54:11] Astrill3r (4f14ea5c-3acb-3628-be6d-e895cb743710): С тобой говорят?
[18:54:13] Llloyd858 (73afbe79-f2a2-3d8a-aa28-bca7943b279b): Я дальше не могу
[18:54:14] Llloyd858 (73afbe79-f2a2-3d8a-aa28-bca7943b279b): Нет
[18:54:17] Astrill3r (4f14ea5c-3acb-3628-be6d-e895cb743710): Или просто не дает пройти
[18:54:19] Astrill3r (4f14ea5c-3acb-3628-be6d-e895cb743710): Bruh
[18:54:27] Astrill3r (4f14ea5c-3acb-3628-be6d-e895cb743710): NilsCoy
[18:54:27] Astrill3r (4f14ea5c-3acb-3628-be6d-e895cb743710): NilsCoy
[18:54:28] Astrill3r (4f14ea5c-3acb-3628-be6d-e895cb743710): NilsCoy
[18:54:30] NilsCoy (4a24e6bd-ea3a-3318-8f49-61b87de854d0): а
[18:54:31] NilsCoy (4a24e6bd-ea3a-3318-8f49-61b87de854d0): а
[18:54:32] Astrill3r (4f14ea5c-3acb-3628-be6d-e895cb743710): Срочно
[18:54:39] Astrill3r (4f14ea5c-3acb-3628-be6d-e895cb743710): Срочно, критический баг
[18:54:41] Astrill3r (4f14ea5c-3acb-3628-be6d-e895cb743710): Тп
[18:54:51] Astrill3r (4f14ea5c-3acb-3628-be6d-e895cb743710): Llloyd858 объяснит
[18:55:10] Astrill3r (4f14ea5c-3acb-3628-be6d-e895cb743710): К нему тп, там баг начало прогрессие фулл стопает
[18:55:31] Astrill3r (4f14ea5c-3acb-3628-be6d-e895cb743710): Он в 1 шахту зайти не может
[18:55:50] Astrill3r (4f14ea5c-3acb-3628-be6d-e895cb743710): Как я понял нпс не отображаются
[18:55:52] NilsCoy (4a24e6bd-ea3a-3318-8f49-61b87de854d0): попробуй перезайти и поговорить со стражником
[18:55:53] Llloyd858 (73afbe79-f2a2-3d8a-aa28-bca7943b279b): Да
[18:56:18] Astrill3r (4f14ea5c-3acb-3628-be6d-e895cb743710): У меня кстати рыбака, и фермера не видно
[18:56:26] Llloyd858 (73afbe79-f2a2-3d8a-aa28-bca7943b279b): А всё вижу их
[18:56:31] Astrill3r (4f14ea5c-3acb-3628-be6d-e895cb743710): Я подумал мб ты их переделываешь
[18:56:38] Astrill3r (4f14ea5c-3acb-3628-be6d-e895cb743710): но походу перезайти надо
[18:56:42] NilsCoy (4a24e6bd-ea3a-3318-8f49-61b87de854d0): попробуй презайди
[18:59:02] Astrill3r (4f14ea5c-3acb-3628-be6d-e895cb743710): пчолы
[18:59:06] Astrill3r (4f14ea5c-3acb-3628-be6d-e895cb743710): выходите на бой
[18:59:28] Astrill3r (4f14ea5c-3acb-3628-be6d-e895cb743710): пчолы бля
[18:59:45] Astrill3r (4f14ea5c-3acb-3628-be6d-e895cb743710): ебаная тундра, никаких пчол
[19:02:11] NilsCoy (4a24e6bd-ea3a-3318-8f49-61b87de854d0): 🪓
[19:15:28] NilsCoy (4a24e6bd-ea3a-3318-8f49-61b87de854d0): d
[19:19:16] Astrill3r (4f14ea5c-3acb-3628-be6d-e895cb743710): Ебать у него хлеба было
[19:19:43] YUANWEI_ (1ee366b5-0bae-3af9-a2fd-ed1a3b4527b2): делись)
[19:21:06] Astrill3r (4f14ea5c-3acb-3628-be6d-e895cb743710): Продам голову админа
[19:21:19] Llloyd858 (73afbe79-f2a2-3d8a-aa28-bca7943b279b): Цена?
[19:21:24] YUANWEI_ (1ee366b5-0bae-3af9-a2fd-ed1a3b4527b2): продам настоящую голову админа
[19:21:39] YUANWEI_ (1ee366b5-0bae-3af9-a2fd-ed1a3b4527b2): отправлю по почте за ваш счет
[19:24:25] Astrill3r (4f14ea5c-3acb-3628-be6d-e895cb743710): Почему мне дали 4 опыта когда он разбился
[19:24:48] YUANWEI_ (1ee366b5-0bae-3af9-a2fd-ed1a3b4527b2): ассист мб?
[19:53:42] Llloyd858 (73afbe79-f2a2-3d8a-aa28-bca7943b279b): Как этих пьяниц контрить?
[19:53:49] YUANWEI_ (1ee366b5-0bae-3af9-a2fd-ed1a3b4527b2): лук
[19:53:55] Llloyd858 (73afbe79-f2a2-3d8a-aa28-bca7943b279b): А где взять
[19:54:01] YUANWEI_ (1ee366b5-0bae-3af9-a2fd-ed1a3b4527b2): у торговца
[19:54:08] Llloyd858 (73afbe79-f2a2-3d8a-aa28-bca7943b279b): 3000 рублей
[19:54:09] YUANWEI_ (1ee366b5-0bae-3af9-a2fd-ed1a3b4527b2): 3000
[19:54:11] Llloyd858 (73afbe79-f2a2-3d8a-aa28-bca7943b279b): Где столько найти
[19:54:14] Llloyd858 (73afbe79-f2a2-3d8a-aa28-bca7943b279b): У меня 14
[19:54:18] Astrill3r (4f14ea5c-3acb-3628-be6d-e895cb743710): Каких пьяниц
[19:54:19] YUANWEI_ (1ee366b5-0bae-3af9-a2fd-ed1a3b4527b2): кабанчики
[19:54:21] Llloyd858 (73afbe79-f2a2-3d8a-aa28-bca7943b279b): Волков
[19:54:27] Llloyd858 (73afbe79-f2a2-3d8a-aa28-bca7943b279b): где волкодав
[19:54:29] Astrill3r (4f14ea5c-3acb-3628-be6d-e895cb743710): Большой меч, большой член
[19:55:16] Llloyd858 (73afbe79-f2a2-3d8a-aa28-bca7943b279b): А где деньги брать
[19:55:27] Llloyd858 (73afbe79-f2a2-3d8a-aa28-bca7943b279b): Кости и мясо по три рубля продовать такое
[19:55:29] YUANWEI_ (1ee366b5-0bae-3af9-a2fd-ed1a3b4527b2): продажа дропа
[19:55:44] Astrill3r (4f14ea5c-3acb-3628-be6d-e895cb743710): Большой меч, большие деньги
[19:56:04] YUANWEI_ (1ee366b5-0bae-3af9-a2fd-ed1a3b4527b2): скелеты есть еще
[19:56:17] YUANWEI_ (1ee366b5-0bae-3af9-a2fd-ed1a3b4527b2): рядом с деревней
[19:56:22] Astrill3r (4f14ea5c-3acb-3628-be6d-e895cb743710): Го законтрю пьяниц
[19:56:32] Llloyd858 (73afbe79-f2a2-3d8a-aa28-bca7943b279b): А ты где?
[19:56:44] Astrill3r (4f14ea5c-3acb-3628-be6d-e895cb743710): У тебя всеравно защита, тебя не убить
[19:57:00] Llloyd858 (73afbe79-f2a2-3d8a-aa28-bca7943b279b): Ну они меня убили без напряга
[19:57:09] YUANWEI_ (1ee366b5-0bae-3af9-a2fd-ed1a3b4527b2): от игроков
[19:57:16] Astrill3r (4f14ea5c-3acb-3628-be6d-e895cb743710): Ты ток в глобал отвечай
[19:57:22] YUANWEI_ (1ee366b5-0bae-3af9-a2fd-ed1a3b4527b2): в том смысле что он тебя не кокнет
[19:57:53] Llloyd858 (73afbe79-f2a2-3d8a-aa28-bca7943b279b): А как в глобал писать?
[19:59:42] Astrill3r (4f14ea5c-3acb-3628-be6d-e895cb743710): .!
[19:59:48] Llloyd858 (73afbe79-f2a2-3d8a-aa28-bca7943b279b): Понял
[20:03:12] Astrill3r (4f14ea5c-3acb-3628-be6d-e895cb743710): Ты далеко?
[20:03:33] Llloyd858 (73afbe79-f2a2-3d8a-aa28-bca7943b279b): В каком то кладбище
[20:03:42] Astrill3r (4f14ea5c-3acb-3628-be6d-e895cb743710): Ну а я у волков
[20:04:08] Llloyd858 (73afbe79-f2a2-3d8a-aa28-bca7943b279b): Щас буду
[20:04:21] Astrill3r (4f14ea5c-3acb-3628-be6d-e895cb743710): Ты не бежал все это время?
[20:04:42] Llloyd858 (73afbe79-f2a2-3d8a-aa28-bca7943b279b): Я умер по дороге
[20:06:52] Llloyd858 (73afbe79-f2a2-3d8a-aa28-bca7943b279b): А где ты?
[20:08:18] Llloyd858 (73afbe79-f2a2-3d8a-aa28-bca7943b279b): А всё
[20:08:19] Astrill3r (4f14ea5c-3acb-3628-be6d-e895cb743710): Поидее засчитало
[20:08:23] Llloyd858 (73afbe79-f2a2-3d8a-aa28-bca7943b279b): Я вынес его
[20:08:28] Astrill3r (4f14ea5c-3acb-3628-be6d-e895cb743710): Я оставил волкодаву 4 хп
[20:08:46] Llloyd858 (73afbe79-f2a2-3d8a-aa28-bca7943b279b): Благодарю за помощь
[20:11:35] Llloyd858 (73afbe79-f2a2-3d8a-aa28-bca7943b279b): А не как нельзя в город телепортироватся?
[20:11:50] YUANWEI_ (1ee366b5-0bae-3af9-a2fd-ed1a3b4527b2): неа
[20:11:54] Llloyd858 (73afbe79-f2a2-3d8a-aa28-bca7943b279b): эх
[20:12:15] YUANWEI_ (1ee366b5-0bae-3af9-a2fd-ed1a3b4527b2): можно предложить как в ведьмаке сделать
[20:14:48] [CAPS] Llloyd858 (73afbe79-f2a2-3d8a-aa28-bca7943b279b): 5к за ишака!?
[20:15:04] Llloyd858 (73afbe79-f2a2-3d8a-aa28-bca7943b279b): Где такие деньги взять
[20:15:22] Astrill3r (4f14ea5c-3acb-3628-be6d-e895cb743710): либо продавать руду
[20:15:31] Astrill3r (4f14ea5c-3acb-3628-be6d-e895cb743710): либо продавать части от мобов
[20:15:51] Astrill3r (4f14ea5c-3acb-3628-be6d-e895cb743710): Были бы люди, можно было бы трейдится
[20:16:01] Astrill3r (4f14ea5c-3acb-3628-be6d-e895cb743710): А так считай гринд
[20:16:22] Llloyd858 (73afbe79-f2a2-3d8a-aa28-bca7943b279b): Понял
[20:16:25] Llloyd858 (73afbe79-f2a2-3d8a-aa28-bca7943b279b): Лан я пошёл
[20:30:23] MOHOLITH (c66812e9-ed95-30f0-b4fd-df45ab6a1a65): пиздец, у меня вместо эпики показывало какой-то литерали ворлд
[20:30:32] MOHOLITH (c66812e9-ed95-30f0-b4fd-df45ab6a1a65): эта реклама просто имба
[20:30:43] Astrill3r (4f14ea5c-3acb-3628-be6d-e895cb743710): че
[20:30:47] Astrill3r (4f14ea5c-3acb-3628-be6d-e895cb743710): Какая реклама
[20:30:52] MOHOLITH (c66812e9-ed95-30f0-b4fd-df45ab6a1a65): я сам вахуе
[20:31:05] MOHOLITH (c66812e9-ed95-30f0-b4fd-df45ab6a1a65): типо, на месте эпики какой-то другой сервер был сейчас
[20:31:13] Astrill3r (4f14ea5c-3acb-3628-be6d-e895cb743710): а, вау
[20:31:23] MOHOLITH (c66812e9-ed95-30f0-b4fd-df45ab6a1a65): если повториться то покажу скрин
[20:31:30] MOHOLITH (c66812e9-ed95-30f0-b4fd-df45ab6a1a65): пора рыбачить
[20:31:51] Astrill3r (4f14ea5c-3acb-3628-be6d-e895cb743710): На какой слот пассивки ставится мастер меча
[20:31:54] Astrill3r (4f14ea5c-3acb-3628-be6d-e895cb743710): 1 или 2
[20:32:04] Astrill3r (4f14ea5c-3acb-3628-be6d-e895cb743710): ой бля
[20:32:10] Astrill3r (4f14ea5c-3acb-3628-be6d-e895cb743710): похищение выносливости
[20:32:17] Astrill3r (4f14ea5c-3acb-3628-be6d-e895cb743710): на какой
[20:32:29] Astrill3r (4f14ea5c-3acb-3628-be6d-e895cb743710): Типо я хочу оставить все что дает бонус урона
[20:32:51] Astrill3r (4f14ea5c-3acb-3628-be6d-e895cb743710): А вот на скорость атаки похуй, всеравно большой меч аутсайдер без причины
[20:34:18] Astrill3r (4f14ea5c-3acb-3628-be6d-e895cb743710): Надо 150 угля
[20:34:40] Astrill3r (4f14ea5c-3acb-3628-be6d-e895cb743710): Где взять
[20:34:55] Astrill3r (4f14ea5c-3acb-3628-be6d-e895cb743710): Кстати в шахте новичков больше угля чем в твоей
[20:35:00] Astrill3r (4f14ea5c-3acb-3628-be6d-e895cb743710): И ездить там удобней
[20:40:31] MOHOLITH (c66812e9-ed95-30f0-b4fd-df45ab6a1a65): вопросы к нильсу, а не ко мне
[20:40:41] Astrill3r (4f14ea5c-3acb-3628-be6d-e895cb743710): Я вкурсе
[20:40:45] MOHOLITH (c66812e9-ed95-30f0-b4fd-df45ab6a1a65): я не знаю почему в моей так мало
[20:40:50] Astrill3r (4f14ea5c-3acb-3628-be6d-e895cb743710): просто сказал
[20:55:35] MOHOLITH (c66812e9-ed95-30f0-b4fd-df45ab6a1a65): вудленд имба
[20:55:37] MOHOLITH (c66812e9-ed95-30f0-b4fd-df45ab6a1a65): да?
[20:55:59] Astrill3r (4f14ea5c-3acb-3628-be6d-e895cb743710): бля
[20:56:04] Astrill3r (4f14ea5c-3acb-3628-be6d-e895cb743710): по всему дагестану бегал
[20:56:06] Astrill3r (4f14ea5c-3acb-3628-be6d-e895cb743710): роумил
[20:56:11] MOHOLITH (c66812e9-ed95-30f0-b4fd-df45ab6a1a65): легенда
[20:56:11] Astrill3r (4f14ea5c-3acb-3628-be6d-e895cb743710): а ты рыбачешь в сейве
[20:56:21] MOHOLITH (c66812e9-ed95-30f0-b4fd-df45ab6a1a65): почему бы и нет
[20:56:29] Astrill3r (4f14ea5c-3acb-3628-be6d-e895cb743710): вообще все по сейвзонам сидят
[20:56:38] Astrill3r (4f14ea5c-3acb-3628-be6d-e895cb743710): я нильса убил 1 раз
[20:56:42] Astrill3r (4f14ea5c-3acb-3628-be6d-e895cb743710): он чето вышел
[20:56:54] MOHOLITH (c66812e9-ed95-30f0-b4fd-df45ab6a1a65): не выдержал
[20:57:08] Astrill3r (4f14ea5c-3acb-3628-be6d-e895cb743710): ты так и видишь меня негром?
[20:57:19] Astrill3r (4f14ea5c-3acb-3628-be6d-e895cb743710): не слышно было
[20:57:39] Astrill3r (4f14ea5c-3acb-3628-be6d-e895cb743710): а ща
[20:57:43] Astrill3r (4f14ea5c-3acb-3628-be6d-e895cb743710): негр или сигма
[20:57:51] Astrill3r (4f14ea5c-3acb-3628-be6d-e895cb743710): я вахуе
[20:57:57] Astrill3r (4f14ea5c-3acb-3628-be6d-e895cb743710): у тебя даже плагин не работает
[20:58:15] Astrill3r (4f14ea5c-3acb-3628-be6d-e895cb743710): ну я хз иди выключи компьютер
[20:58:16] MOHOLITH (c66812e9-ed95-30f0-b4fd-df45ab6a1a65): какой
[20:58:26] Astrill3r (4f14ea5c-3acb-3628-be6d-e895cb743710): skinrestorer
[20:58:32] Astrill3r (4f14ea5c-3acb-3628-be6d-e895cb743710): /skin
[20:58:33] MOHOLITH (c66812e9-ed95-30f0-b4fd-df45ab6a1a65): хуня
[20:59:00] Astrill3r (4f14ea5c-3acb-3628-be6d-e895cb743710): смотри че могу
[20:59:14] Astrill3r (4f14ea5c-3acb-3628-be6d-e895cb743710): могу глаза закрыть и без рук вести осла
[20:59:21] MOHOLITH (c66812e9-ed95-30f0-b4fd-df45ab6a1a65): сигма
[20:59:25] MOHOLITH (c66812e9-ed95-30f0-b4fd-df45ab6a1a65): это осел ?
[20:59:30] Astrill3r (4f14ea5c-3acb-3628-be6d-e895cb743710): нет
[20:59:35] Astrill3r (4f14ea5c-3acb-3628-be6d-e895cb743710): у него мама проститутка
[20:59:37] Astrill3r (4f14ea5c-3acb-3628-be6d-e895cb743710): так что мул
[20:59:41] MOHOLITH (c66812e9-ed95-30f0-b4fd-df45ab6a1a65): капец
[21:00:23] MOHOLITH (c66812e9-ed95-30f0-b4fd-df45ab6a1a65): а как призвать лошадь
[21:00:33] Astrill3r (4f14ea5c-3acb-3628-be6d-e895cb743710): ./pets
[21:00:47] MOHOLITH (c66812e9-ed95-30f0-b4fd-df45ab6a1a65): а как призвать лошадь
[21:00:54] Astrill3r (4f14ea5c-3acb-3628-be6d-e895cb743710): ./pets
[21:00:54] Astrill3r (4f14ea5c-3acb-3628-be6d-e895cb743710): ./pets
[21:00:55] Astrill3r (4f14ea5c-3acb-3628-be6d-e895cb743710): ./pets
[21:00:55] Astrill3r (4f14ea5c-3acb-3628-be6d-e895cb743710): ./pets
[21:01:10] MOHOLITH (c66812e9-ed95-30f0-b4fd-df45ab6a1a65): ебать он быстрый
[21:01:38] MOHOLITH (c66812e9-ed95-30f0-b4fd-df45ab6a1a65): мама алдика
[21:02:07] Astrill3r (4f14ea5c-3acb-3628-be6d-e895cb743710): шифт пкм
[21:02:20] Astrill3r (4f14ea5c-3acb-3628-be6d-e895cb743710): как
[21:02:22] Astrill3r (4f14ea5c-3acb-3628-be6d-e895cb743710): глянуть
[21:02:40] Astrill3r (4f14ea5c-3acb-3628-be6d-e895cb743710): как имя увидеть
[21:02:41] Astrill3r (4f14ea5c-3acb-3628-be6d-e895cb743710): у осла
[21:03:26] Astrill3r (4f14ea5c-3acb-3628-be6d-e895cb743710): лошадь сильно быстрее?
[21:04:21] Astrill3r (4f14ea5c-3acb-3628-be6d-e895cb743710): скоко ещё раз
[21:04:32] Astrill3r (4f14ea5c-3acb-3628-be6d-e895cb743710): 36*2=72
[21:04:39] Astrill3r (4f14ea5c-3acb-3628-be6d-e895cb743710): 720 железа
[21:04:46] Astrill3r (4f14ea5c-3acb-3628-be6d-e895cb743710): 1440 если с углем
[21:05:02] Astrill3r (4f14ea5c-3acb-3628-be6d-e895cb743710): у меня нет угля
[21:05:22] Astrill3r (4f14ea5c-3acb-3628-be6d-e895cb743710): Не хватает чето около 300 угля на кольчугу
[21:05:27] Astrill3r (4f14ea5c-3acb-3628-be6d-e895cb743710): Копать ебал того слона
[21:08:01] Astrill3r (4f14ea5c-3acb-3628-be6d-e895cb743710): Кстати
[21:08:06] MOHOLITH (c66812e9-ed95-30f0-b4fd-df45ab6a1a65): ?
[21:08:08] Astrill3r (4f14ea5c-3acb-3628-be6d-e895cb743710): Нильс пиздабол жиесть
[21:08:14] Astrill3r (4f14ea5c-3acb-3628-be6d-e895cb743710): Луки не сбивают коня
[21:08:15] MOHOLITH (c66812e9-ed95-30f0-b4fd-df45ab6a1a65): че он сделал
[21:08:18] MOHOLITH (c66812e9-ed95-30f0-b4fd-df45ab6a1a65): хуйня
[21:08:21] Astrill3r (4f14ea5c-3acb-3628-be6d-e895cb743710): Только дамажат владельца
[21:09:11] Astrill3r (4f14ea5c-3acb-3628-be6d-e895cb743710): Можно онли ближкой убить коня
[21:09:18] MOHOLITH (c66812e9-ed95-30f0-b4fd-df45ab6a1a65): печально
[21:09:34] Astrill3r (4f14ea5c-3acb-3628-be6d-e895cb743710): Так что если ты без коня, а враг с конем и луком
[21:09:37] Astrill3r (4f14ea5c-3acb-3628-be6d-e895cb743710): Тебе пизда
[21:16:16] Astrill3r (4f14ea5c-3acb-3628-be6d-e895cb743710): Блять круто придумали
[21:16:30] Astrill3r (4f14ea5c-3acb-3628-be6d-e895cb743710): 0 хп у кента осталось
[21:16:33] Astrill3r (4f14ea5c-3acb-3628-be6d-e895cb743710): гойда
[21:19:04] Astrill3r (4f14ea5c-3acb-3628-be6d-e895cb743710): Схуяли лоу хп боссы испаряются
[21:19:10] Astrill3r (4f14ea5c-3acb-3628-be6d-e895cb743710): Почему он не отрегенил
[21:19:18] Astrill3r (4f14ea5c-3acb-3628-be6d-e895cb743710): Или не остался как был
[21:19:22] Astrill3r (4f14ea5c-3acb-3628-be6d-e895cb743710): Просто исчез блять
[21:19:40] Astrill3r (4f14ea5c-3acb-3628-be6d-e895cb743710): У него там буквально 0.n хп осталось
[21:19:45] Astrill3r (4f14ea5c-3acb-3628-be6d-e895cb743710): меньше 1 точно
[21:19:50] MOHOLITH (c66812e9-ed95-30f0-b4fd-df45ab6a1a65): это пиздец
[21:20:09] Astrill3r (4f14ea5c-3acb-3628-be6d-e895cb743710): Ему 1 крит сносил ровно 1/5 хп
[21:20:20] Astrill3r (4f14ea5c-3acb-3628-be6d-e895cb743710): На 5 крит осталась пустая строка
[21:20:25] Astrill3r (4f14ea5c-3acb-3628-be6d-e895cb743710): И он меня убил в углу
[21:20:34] Astrill3r (4f14ea5c-3acb-3628-be6d-e895cb743710): Т.к. я не рассчитывал что он выживет
[21:20:55] Astrill3r (4f14ea5c-3acb-3628-be6d-e895cb743710): Там даже 1 красного пикселя не было
[21:21:30] Astrill3r (4f14ea5c-3acb-3628-be6d-e895cb743710): У меня пропал профиль и скиллы в инвенте кста
[21:21:35] MOHOLITH (c66812e9-ed95-30f0-b4fd-df45ab6a1a65): перезайди
[21:44:07] Astrill3r (4f14ea5c-3acb-3628-be6d-e895cb743710): Че бля
[21:44:18] Astrill3r (4f14ea5c-3acb-3628-be6d-e895cb743710): С потолка дождь из мужиков
[21:44:24] MOHOLITH (c66812e9-ed95-30f0-b4fd-df45ab6a1a65): разъеб года
[21:45:08] MOHOLITH (c66812e9-ed95-30f0-b4fd-df45ab6a1a65): не выдержал
[21:45:11] MOHOLITH (c66812e9-ed95-30f0-b4fd-df45ab6a1a65): не выдержал
[22:09:03] MOHOLITH (c66812e9-ed95-30f0-b4fd-df45ab6a1a65): чтооо
[22:09:10] N1XER__ (33df4bd2-977c-3f5b-bc4c-1c152339deb4): опа
[22:09:12] N1XER__ (33df4bd2-977c-3f5b-bc4c-1c152339deb4): чо делаешь
[22:09:17] MOHOLITH (c66812e9-ed95-30f0-b4fd-df45ab6a1a65): рыбачу
[22:09:31] N1XER__ (33df4bd2-977c-3f5b-bc4c-1c152339deb4): а ну щас
[22:09:32] N1XER__ (33df4bd2-977c-3f5b-bc4c-1c152339deb4): зайду
[22:12:58] MOHOLITH (c66812e9-ed95-30f0-b4fd-df45ab6a1a65): ещё 50 уровней, пиздец
[22:13:05] N1XER__ (33df4bd2-977c-3f5b-bc4c-1c152339deb4): ахуеть ты..
[22:13:06] N1XER__ (33df4bd2-977c-3f5b-bc4c-1c152339deb4): уже 50
[22:13:26] N1XER__ (33df4bd2-977c-3f5b-bc4c-1c152339deb4): в дс пойдешь?
[22:13:29] MOHOLITH (c66812e9-ed95-30f0-b4fd-df45ab6a1a65): да
[22:13:35] N1XER__ (33df4bd2-977c-3f5b-bc4c-1c152339deb4): я немного посжу и спать пойду
[22:13:36] N1XER__ (33df4bd2-977c-3f5b-bc4c-1c152339deb4): гоу
[22:13:38] N1XER__ (33df4bd2-977c-3f5b-bc4c-1c152339deb4): в жпику
[22:20:00] N1XER__ (33df4bd2-977c-3f5b-bc4c-1c152339deb4): Барабиджук
[22:44:01] N1XER__ (33df4bd2-977c-3f5b-bc4c-1c152339deb4): а
[22:44:03] MOHOLITH (c66812e9-ed95-30f0-b4fd-df45ab6a1a65): 1
[22:52:04] N1XER__ (33df4bd2-977c-3f5b-bc4c-1c152339deb4): 1850
