[16:54:27] NilsCoy (4a24e6bd-ea3a-3318-8f49-61b87de854d0): .пь
[17:42:39] N1XER__ (33df4bd2-977c-3f5b-bc4c-1c152339deb4): член
[18:04:43] NilsCoy (4a24e6bd-ea3a-3318-8f49-61b87de854d0): dad
[18:04:46] NilsCoy (4a24e6bd-ea3a-3318-8f49-61b87de854d0): dada
[18:04:50] N1XER__ (33df4bd2-977c-3f5b-bc4c-1c152339deb4): пизда
[18:04:54] N1XER__ (33df4bd2-977c-3f5b-bc4c-1c152339deb4): ты зачем насрал текстом одинаковым
[18:06:24] NilsCoy (4a24e6bd-ea3a-3318-8f49-61b87de854d0): хах
[18:06:28] NilsCoy (4a24e6bd-ea3a-3318-8f49-61b87de854d0): нужно знать
[18:15:08] NilsCoy (4a24e6bd-ea3a-3318-8f49-61b87de854d0): АЛЕ
[18:15:09] N1XER__ (33df4bd2-977c-3f5b-bc4c-1c152339deb4): еблан
[18:15:14] N1XER__ (33df4bd2-977c-3f5b-bc4c-1c152339deb4): я разговариваю по телефону
[18:15:14] NilsCoy (4a24e6bd-ea3a-3318-8f49-61b87de854d0): ты тут?
[18:15:17] N1XER__ (33df4bd2-977c-3f5b-bc4c-1c152339deb4): +-
[18:15:24] NilsCoy (4a24e6bd-ea3a-3318-8f49-61b87de854d0): ты чест делал
[18:15:33] NilsCoy (4a24e6bd-ea3a-3318-8f49-61b87de854d0): который с босса падает
[18:15:38] N1XER__ (33df4bd2-977c-3f5b-bc4c-1c152339deb4): да
[18:15:39] N1XER__ (33df4bd2-977c-3f5b-bc4c-1c152339deb4): в лс
[18:15:45] NilsCoy (4a24e6bd-ea3a-3318-8f49-61b87de854d0): скинь мне
[18:15:49] NilsCoy (4a24e6bd-ea3a-3318-8f49-61b87de854d0): я не могу найти
[18:16:46] N1XER__ (33df4bd2-977c-3f5b-bc4c-1c152339deb4): я тебе кинул и удалил
[18:16:48] N1XER__ (33df4bd2-977c-3f5b-bc4c-1c152339deb4): с ноута
[18:17:07] N1XER__ (33df4bd2-977c-3f5b-bc4c-1c152339deb4): в лс
[18:23:46] NilsCoy (4a24e6bd-ea3a-3318-8f49-61b87de854d0): вижу
[18:32:51] N1XER__ (33df4bd2-977c-3f5b-bc4c-1c152339deb4): да ты заебал
[18:32:52] N1XER__ (33df4bd2-977c-3f5b-bc4c-1c152339deb4): я общаюсь
[18:32:57] N1XER__ (33df4bd2-977c-3f5b-bc4c-1c152339deb4): громко
[18:32:58] N1XER__ (33df4bd2-977c-3f5b-bc4c-1c152339deb4): очень
[18:33:01] NilsCoy (4a24e6bd-ea3a-3318-8f49-61b87de854d0): ты мне нужен
[18:33:04] N1XER__ (33df4bd2-977c-3f5b-bc4c-1c152339deb4): скоро приду
[18:33:10] NilsCoy (4a24e6bd-ea3a-3318-8f49-61b87de854d0): встань тут
