[12:37:06] NilsCoy (4a24e6bd-ea3a-3318-8f49-61b87de854d0): da
[12:37:34] NilsCoy (4a24e6bd-ea3a-3318-8f49-61b87de854d0): d
[12:37:38] NilsCoy (4a24e6bd-ea3a-3318-8f49-61b87de854d0): d
[12:45:04] NilsCoy (4a24e6bd-ea3a-3318-8f49-61b87de854d0): dad
[12:45:21] NilsCoy (4a24e6bd-ea3a-3318-8f49-61b87de854d0): dad
[12:45:51] NilsCoy (4a24e6bd-ea3a-3318-8f49-61b87de854d0): da
[12:49:27] NilsCoy (4a24e6bd-ea3a-3318-8f49-61b87de854d0): da
[14:12:44] N1XER__ (33df4bd2-977c-3f5b-bc4c-1c152339deb4): е
[14:15:44] NilsCoy (4a24e6bd-ea3a-3318-8f49-61b87de854d0): int
[14:15:46] NilsCoy (4a24e6bd-ea3a-3318-8f49-61b87de854d0): int
[14:15:51] NilsCoy (4a24e6bd-ea3a-3318-8f49-61b87de854d0): char
[14:16:08] NilsCoy (4a24e6bd-ea3a-3318-8f49-61b87de854d0): String
[14:16:15] NilsCoy (4a24e6bd-ea3a-3318-8f49-61b87de854d0): String
[14:16:16] NilsCoy (4a24e6bd-ea3a-3318-8f49-61b87de854d0): char
[14:34:58] NilsCoy (4a24e6bd-ea3a-3318-8f49-61b87de854d0): ВОТ ОН
[14:35:00] NilsCoy (4a24e6bd-ea3a-3318-8f49-61b87de854d0): БАБУИН
[17:36:10] N1XER__ (33df4bd2-977c-3f5b-bc4c-1c152339deb4): t
[18:27:53] N1XER__ (33df4bd2-977c-3f5b-bc4c-1c152339deb4): ?
[18:27:55] NilsCoy (4a24e6bd-ea3a-3318-8f49-61b87de854d0): ааххаха
[18:28:01] N1XER__ (33df4bd2-977c-3f5b-bc4c-1c152339deb4): ладно
[18:28:36] N1XER__ (33df4bd2-977c-3f5b-bc4c-1c152339deb4): кобальд называется кобальд но броня алмазная
[18:28:39] N1XER__ (33df4bd2-977c-3f5b-bc4c-1c152339deb4): нильс кайфарик
[18:28:45] NilsCoy (4a24e6bd-ea3a-3318-8f49-61b87de854d0): да
