[00:09:37] fofo15 (f948b7b0-96bc-3c32-89ff-1941bf1b85da): [f[f[f
[00:09:43] fofo15 (f948b7b0-96bc-3c32-89ff-1941bf1b85da): у мен€ телефон сел
[00:46:27] fofo15 (f948b7b0-96bc-3c32-89ff-1941bf1b85da): f
[13:29:40] NilsCoy (4a24e6bd-ea3a-3318-8f49-61b87de854d0): .ьь ку
[20:11:03] N1XER__ (33df4bd2-977c-3f5b-bc4c-1c152339deb4): член
[20:11:11] fofo15 (f948b7b0-96bc-3c32-89ff-1941bf1b85da): никс
[20:11:15] N1XER__ (33df4bd2-977c-3f5b-bc4c-1c152339deb4): а
[20:11:16] fofo15 (f948b7b0-96bc-3c32-89ff-1941bf1b85da): включи звук
[20:11:19] fofo15 (f948b7b0-96bc-3c32-89ff-1941bf1b85da): нужен ты
[20:11:20] N1XER__ (33df4bd2-977c-3f5b-bc4c-1c152339deb4): не могу
[20:11:22] N1XER__ (33df4bd2-977c-3f5b-bc4c-1c152339deb4): напиши
[20:11:25] fofo15 (f948b7b0-96bc-3c32-89ff-1941bf1b85da): кароче
[20:11:29] fofo15 (f948b7b0-96bc-3c32-89ff-1941bf1b85da): возьми меч
[20:11:35] fofo15 (f948b7b0-96bc-3c32-89ff-1941bf1b85da): и бей мен€
[20:11:46] fofo15 (f948b7b0-96bc-3c32-89ff-1941bf1b85da): cnjq
[20:11:54] fofo15 (f948b7b0-96bc-3c32-89ff-1941bf1b85da): € щас заблокирую ты бей
[20:12:24] fofo15 (f948b7b0-96bc-3c32-89ff-1941bf1b85da): все
[20:12:28] N1XER__ (33df4bd2-977c-3f5b-bc4c-1c152339deb4): ебаный пинг
[20:12:38] fofo15 (f948b7b0-96bc-3c32-89ff-1941bf1b85da): никс
[20:12:48] fofo15 (f948b7b0-96bc-3c32-89ff-1941bf1b85da): ты можешь вз€ть щит и записать видос?
[20:13:03] fofo15 (f948b7b0-96bc-3c32-89ff-1941bf1b85da): € щас с разрабом эпикфайта базарою
[20:13:15] N1XER__ (33df4bd2-977c-3f5b-bc4c-1c152339deb4): не могу
[20:13:22] N1XER__ (33df4bd2-977c-3f5b-bc4c-1c152339deb4): видос
[20:13:24] fofo15 (f948b7b0-96bc-3c32-89ff-1941bf1b85da): бл€€€€
[20:13:41] N1XER__ (33df4bd2-977c-3f5b-bc4c-1c152339deb4): запиши ты видос
[20:13:43] N1XER__ (33df4bd2-977c-3f5b-bc4c-1c152339deb4): € теб€ бить буду
[20:13:49] fofo15 (f948b7b0-96bc-3c32-89ff-1941bf1b85da): € не могу
[20:13:52] N1XER__ (33df4bd2-977c-3f5b-bc4c-1c152339deb4): илил попозже могу записать
[20:13:54] fofo15 (f948b7b0-96bc-3c32-89ff-1941bf1b85da): тоже
[20:13:55] fofo15 (f948b7b0-96bc-3c32-89ff-1941bf1b85da): хвахвхвх
[20:13:57] fofo15 (f948b7b0-96bc-3c32-89ff-1941bf1b85da): давай позже
[20:14:07] N1XER__ (33df4bd2-977c-3f5b-bc4c-1c152339deb4): ќ 
[20:14:56] fofo15 (f948b7b0-96bc-3c32-89ff-1941bf1b85da): попробуй еще побить
[20:16:25] fofo15 (f948b7b0-96bc-3c32-89ff-1941bf1b85da): давай чекну урон
[20:19:49] fofo15 (f948b7b0-96bc-3c32-89ff-1941bf1b85da): никс
[20:19:51] fofo15 (f948b7b0-96bc-3c32-89ff-1941bf1b85da): давай еще
