[21:37:09] N1XER__ (33df4bd2-977c-3f5b-bc4c-1c152339deb4): дай опку попку
[21:42:55] NilsCoy (4a24e6bd-ea3a-3318-8f49-61b87de854d0): %epica_len_array_DuelList%
[21:43:01] N1XER__ (33df4bd2-977c-3f5b-bc4c-1c152339deb4): fd
[21:47:16] NilsCoy (4a24e6bd-ea3a-3318-8f49-61b87de854d0): %parsenear_epica_len_array_DuelList%
[22:01:08] NilsCoy (4a24e6bd-ea3a-3318-8f49-61b87de854d0): d
[22:01:26] N1XER__ (33df4bd2-977c-3f5b-bc4c-1c152339deb4): В
[22:02:51] N1XER__ (33df4bd2-977c-3f5b-bc4c-1c152339deb4): [eq
[22:02:52] N1XER__ (33df4bd2-977c-3f5b-bc4c-1c152339deb4): [eq
[22:03:05] N1XER__ (33df4bd2-977c-3f5b-bc4c-1c152339deb4): nbre
[22:03:26] N1XER__ (33df4bd2-977c-3f5b-bc4c-1c152339deb4): [eq
[22:19:03] NilsCoy (4a24e6bd-ea3a-3318-8f49-61b87de854d0): d
[22:19:11] NilsCoy (4a24e6bd-ea3a-3318-8f49-61b87de854d0): d
[22:33:30] NilsCoy (4a24e6bd-ea3a-3318-8f49-61b87de854d0): d
[22:53:49] N1XER__ (33df4bd2-977c-3f5b-bc4c-1c152339deb4): [eq
[22:53:50] N1XER__ (33df4bd2-977c-3f5b-bc4c-1c152339deb4): хууууй
[22:53:51] N1XER__ (33df4bd2-977c-3f5b-bc4c-1c152339deb4): лчеееен
[22:53:59] NilsCoy (4a24e6bd-ea3a-3318-8f49-61b87de854d0): d
[22:53:59] N1XER__ (33df4bd2-977c-3f5b-bc4c-1c152339deb4): а
[22:54:09] N1XER__ (33df4bd2-977c-3f5b-bc4c-1c152339deb4): а
[23:40:14] N1XER__ (33df4bd2-977c-3f5b-bc4c-1c152339deb4): а
