[17:11:02] Nike73 (3ff94e0b-b285-3970-a4c6-08ccb2c768f9): ??µ¤$8??>·?±%95~¤·??
[17:11:07] Nike73 (3ff94e0b-b285-3970-a4c6-08ccb2c768f9): ®-]4??.]·?+?,08?
[18:30:19] NilsCoy (4a24e6bd-ea3a-3318-8f49-61b87de854d0): pl
[21:13:25] NilsCoy (4a24e6bd-ea3a-3318-8f49-61b87de854d0): dfd
[21:16:58] NilsCoy (4a24e6bd-ea3a-3318-8f49-61b87de854d0): da
[21:17:02] NilsCoy (4a24e6bd-ea3a-3318-8f49-61b87de854d0): d
[21:27:05] NilsCoy (4a24e6bd-ea3a-3318-8f49-61b87de854d0): §3d
[21:27:07] NilsCoy (4a24e6bd-ea3a-3318-8f49-61b87de854d0): §3b
[21:27:09] NilsCoy (4a24e6bd-ea3a-3318-8f49-61b87de854d0): §bb
[21:27:16] NilsCoy (4a24e6bd-ea3a-3318-8f49-61b87de854d0): §5g
[21:27:23] NilsCoy (4a24e6bd-ea3a-3318-8f49-61b87de854d0): &gg
[21:27:27] NilsCoy (4a24e6bd-ea3a-3318-8f49-61b87de854d0): §8g
[21:27:29] NilsCoy (4a24e6bd-ea3a-3318-8f49-61b87de854d0): §6g
[21:27:30] NilsCoy (4a24e6bd-ea3a-3318-8f49-61b87de854d0): §7g
[21:27:32] NilsCoy (4a24e6bd-ea3a-3318-8f49-61b87de854d0): §5g
[21:27:40] NilsCoy (4a24e6bd-ea3a-3318-8f49-61b87de854d0): §dg
[21:29:26] NilsCoy (4a24e6bd-ea3a-3318-8f49-61b87de854d0): §77 §ff §a §22 §bb §33 §cc §44 §dd §55 §ee §6
[21:29:39] NilsCoy (4a24e6bd-ea3a-3318-8f49-61b87de854d0): §77 §ff §aa §22 §bb §33 §cc §44 §dd §55 §ee §6
[21:29:56] NilsCoy (4a24e6bd-ea3a-3318-8f49-61b87de854d0): §77 §ff §aa §22 §bb §33 §cc §44 §dd §55 §ee §66
[21:38:03] NilsCoy (4a24e6bd-ea3a-3318-8f49-61b87de854d0): dad
[21:39:13] NilsCoy (4a24e6bd-ea3a-3318-8f49-61b87de854d0): dada
[21:39:30] NilsCoy (4a24e6bd-ea3a-3318-8f49-61b87de854d0): da
[21:40:21] NilsCoy (4a24e6bd-ea3a-3318-8f49-61b87de854d0): dad
[21:40:34] NilsCoy (4a24e6bd-ea3a-3318-8f49-61b87de854d0): adad
[21:40:46] NilsCoy (4a24e6bd-ea3a-3318-8f49-61b87de854d0): dadad
[21:40:59] NilsCoy (4a24e6bd-ea3a-3318-8f49-61b87de854d0): adad
[21:43:17] NilsCoy (4a24e6bd-ea3a-3318-8f49-61b87de854d0): dad
[21:46:05] NilsCoy (4a24e6bd-ea3a-3318-8f49-61b87de854d0): âô
[21:46:27] NilsCoy (4a24e6bd-ea3a-3318-8f49-61b87de854d0): âô
[21:46:32] NilsCoy (4a24e6bd-ea3a-3318-8f49-61b87de854d0): dad
[21:47:11] NilsCoy (4a24e6bd-ea3a-3318-8f49-61b87de854d0): dad
[21:47:48] NilsCoy (4a24e6bd-ea3a-3318-8f49-61b87de854d0): d
[21:48:03] NilsCoy (4a24e6bd-ea3a-3318-8f49-61b87de854d0): d
[21:48:13] NilsCoy (4a24e6bd-ea3a-3318-8f49-61b87de854d0): Dad
[21:48:30] NilsCoy (4a24e6bd-ea3a-3318-8f49-61b87de854d0): da
[21:49:06] NilsCoy (4a24e6bd-ea3a-3318-8f49-61b87de854d0): dad
[21:49:07] NilsCoy (4a24e6bd-ea3a-3318-8f49-61b87de854d0): adad
[21:49:40] NilsCoy (4a24e6bd-ea3a-3318-8f49-61b87de854d0): dad
[21:49:55] NilsCoy (4a24e6bd-ea3a-3318-8f49-61b87de854d0): dad
[21:50:08] NilsCoy (4a24e6bd-ea3a-3318-8f49-61b87de854d0): adad
[21:50:10] NilsCoy (4a24e6bd-ea3a-3318-8f49-61b87de854d0): dad
[21:50:22] NilsCoy (4a24e6bd-ea3a-3318-8f49-61b87de854d0): adad
[21:50:27] NilsCoy (4a24e6bd-ea3a-3318-8f49-61b87de854d0): ñîñè
[22:17:02] NilsCoy (4a24e6bd-ea3a-3318-8f49-61b87de854d0): ./skin set NilsCoy
[22:21:01] Nike73 (3ff94e0b-b285-3970-a4c6-08ccb2c768f9): 123
[22:21:01] Nike73 (3ff94e0b-b285-3970-a4c6-08ccb2c768f9): 123
[22:21:09] Nike73 (3ff94e0b-b285-3970-a4c6-08ccb2c768f9): ,©??¦;??$-\±$????>??
[22:21:17] Nike73 (3ff94e0b-b285-3970-a4c6-08ccb2c768f9): 5@·^3!®??©]>@96?+!??
[23:12:50] N1XER__ (33df4bd2-977c-3f5b-bc4c-1c152339deb4): f
