[12:34:36] N1XER__ (33df4bd2-977c-3f5b-bc4c-1c152339deb4): td
[12:58:28] N1XER__ (33df4bd2-977c-3f5b-bc4c-1c152339deb4): е
[13:02:15] N1XER__ (33df4bd2-977c-3f5b-bc4c-1c152339deb4): евв
[13:07:51] N1XER__ (33df4bd2-977c-3f5b-bc4c-1c152339deb4): авы
[13:07:55] N1XER__ (33df4bd2-977c-3f5b-bc4c-1c152339deb4): о
[13:12:18] N1XER__ (33df4bd2-977c-3f5b-bc4c-1c152339deb4): ева
[13:21:41] N1XER__ (33df4bd2-977c-3f5b-bc4c-1c152339deb4): е
[13:26:18] NilsCoy (4a24e6bd-ea3a-3318-8f49-61b87de854d0): .пь
[13:35:38] NilsCoy (4a24e6bd-ea3a-3318-8f49-61b87de854d0): ZzZzZ
[13:35:42] NilsCoy (4a24e6bd-ea3a-3318-8f49-61b87de854d0): ZzZzZ
[13:35:44] NilsCoy (4a24e6bd-ea3a-3318-8f49-61b87de854d0): ZzZzZ
[13:36:46] N1XER__ (33df4bd2-977c-3f5b-bc4c-1c152339deb4): t
[13:37:29] N1XER__ (33df4bd2-977c-3f5b-bc4c-1c152339deb4): t
[13:37:44] N1XER__ (33df4bd2-977c-3f5b-bc4c-1c152339deb4): fd
[13:40:50] N1XER__ (33df4bd2-977c-3f5b-bc4c-1c152339deb4): ты член
[14:20:32] N1XER__ (33df4bd2-977c-3f5b-bc4c-1c152339deb4): е
[14:20:40] N1XER__ (33df4bd2-977c-3f5b-bc4c-1c152339deb4): а
[14:20:45] N1XER__ (33df4bd2-977c-3f5b-bc4c-1c152339deb4): а
[16:19:07] N1XER__ (33df4bd2-977c-3f5b-bc4c-1c152339deb4): f
[16:19:21] N1XER__ (33df4bd2-977c-3f5b-bc4c-1c152339deb4): t
[16:24:26] N1XER__ (33df4bd2-977c-3f5b-bc4c-1c152339deb4): td
[16:30:43] fofo15 (f948b7b0-96bc-3c32-89ff-1941bf1b85da): буэно
[18:18:56] N1XER__ (33df4bd2-977c-3f5b-bc4c-1c152339deb4): t
[20:16:06] NilsCoy (4a24e6bd-ea3a-3318-8f49-61b87de854d0): хуй будешь?
[20:16:15] NilsCoy (4a24e6bd-ea3a-3318-8f49-61b87de854d0): хуй будешь?
[20:16:26] NilsCoy (4a24e6bd-ea3a-3318-8f49-61b87de854d0): .пь
[21:53:22] NilsCoy (4a24e6bd-ea3a-3318-8f49-61b87de854d0): ?
[22:14:16] NilsCoy (4a24e6bd-ea3a-3318-8f49-61b87de854d0): gm
[23:07:02] NilsCoy (4a24e6bd-ea3a-3318-8f49-61b87de854d0): ƒрево навыков
