[03:47:51] N1XER__ (33df4bd2-977c-3f5b-bc4c-1c152339deb4): Барабиджан
[06:59:49] Astrill3r (4f14ea5c-3acb-3628-be6d-e895cb743710): Сука насрали всякой хуеты
[07:00:01] Astrill3r (4f14ea5c-3acb-3628-be6d-e895cb743710): Правила такие что можно забанить за то что дышишь
[07:00:20] Astrill3r (4f14ea5c-3acb-3628-be6d-e895cb743710): Поставили самого придирчивого модера из существующих
[07:00:29] Astrill3r (4f14ea5c-3acb-3628-be6d-e895cb743710): И самого даунского бота из сделанных
[07:01:01] Astrill3r (4f14ea5c-3acb-3628-be6d-e895cb743710): НАХУЯ стоит настройка мута, за изменение сообщения раз в МИНУТУ
[07:01:37] Astrill3r (4f14ea5c-3acb-3628-be6d-e895cb743710): Я блять писал, медленнее чем ребенок с ДЦП, синдромом дауна и раком мозга
[07:01:54] Astrill3r (4f14ea5c-3acb-3628-be6d-e895cb743710): Мут за спам, вы там ебанулись совсем
[07:08:13] Astrill3r (4f14ea5c-3acb-3628-be6d-e895cb743710): Арбалет должен ломаться?
[07:09:26] N1XER__ (33df4bd2-977c-3f5b-bc4c-1c152339deb4): а
[07:09:28] N1XER__ (33df4bd2-977c-3f5b-bc4c-1c152339deb4): нет
[07:09:30] N1XER__ (33df4bd2-977c-3f5b-bc4c-1c152339deb4): Не должен
[07:09:32] N1XER__ (33df4bd2-977c-3f5b-bc4c-1c152339deb4): он ломается?
[07:09:33] Astrill3r (4f14ea5c-3acb-3628-be6d-e895cb743710): Вау
[07:09:35] Astrill3r (4f14ea5c-3acb-3628-be6d-e895cb743710): Да
[07:09:47] N1XER__ (33df4bd2-977c-3f5b-bc4c-1c152339deb4): ну ахуеть
[07:10:02] N1XER__ (33df4bd2-977c-3f5b-bc4c-1c152339deb4): нильс с таким количеством багов должен не видя снов фиксить
[07:10:05] N1XER__ (33df4bd2-977c-3f5b-bc4c-1c152339deb4): потому что жестяк
[07:10:21] N1XER__ (33df4bd2-977c-3f5b-bc4c-1c152339deb4): сегодня домой вернется и надеюсь пойдет исправлять говно
[07:10:30] N1XER__ (33df4bd2-977c-3f5b-bc4c-1c152339deb4): Astrill3r если что на прошлой версии сервера с арбалетом все было хорошо
[07:10:34] N1XER__ (33df4bd2-977c-3f5b-bc4c-1c152339deb4): зачем нильс его трогал, непонятно
[07:10:41] Astrill3r (4f14ea5c-3acb-3628-be6d-e895cb743710): имба
[07:11:02] Astrill3r (4f14ea5c-3acb-3628-be6d-e895cb743710): Мне баги теперь в чат майна писать?
[07:11:09] N1XER__ (33df4bd2-977c-3f5b-bc4c-1c152339deb4): я ему напишу об этом
[07:11:40] Astrill3r (4f14ea5c-3acb-3628-be6d-e895cb743710): 2
[07:11:44] Astrill3r (4f14ea5c-3acb-3628-be6d-e895cb743710): 3
[07:11:47] Astrill3r (4f14ea5c-3acb-3628-be6d-e895cb743710): 5
[07:11:58] Astrill3r (4f14ea5c-3acb-3628-be6d-e895cb743710): Считаю группы волков ес че
[07:12:13] N1XER__ (33df4bd2-977c-3f5b-bc4c-1c152339deb4): харош
[07:12:49] Nehakariii (f1142aba-fce3-3f2f-8a97-a060192e77b9): я чето не очень понимаю как мне развиватсчя
[07:13:09] N1XER__ (33df4bd2-977c-3f5b-bc4c-1c152339deb4): смотри
[07:14:21] N1XER__ (33df4bd2-977c-3f5b-bc4c-1c152339deb4): ну во первых прокачивать уровень, там же прокачивать навыки, так же кузнечное дело т.е это гринд в шахте и крафт шмотья, дальше квесты которые найдешь, а еще можешь отправиться во второй город и там продолжать играть, там так же квесты и дополнительная
[07:14:24] N1XER__ (33df4bd2-977c-3f5b-bc4c-1c152339deb4): механика алхимия
[07:14:38] Nehakariii (f1142aba-fce3-3f2f-8a97-a060192e77b9): мне просто показалось что 50 стали это слишком много
[07:14:41] Nehakariii (f1142aba-fce3-3f2f-8a97-a060192e77b9): а во 2 городе был уже
[07:14:54] N1XER__ (33df4bd2-977c-3f5b-bc4c-1c152339deb4): сервер расчитан на медленное развитие, так как вайпы не планируются
[07:14:59] N1XER__ (33df4bd2-977c-3f5b-bc4c-1c152339deb4): поэтому крафт вещей это дорого
[07:15:01] Nehakariii (f1142aba-fce3-3f2f-8a97-a060192e77b9): тогда ладно
[07:15:05] N1XER__ (33df4bd2-977c-3f5b-bc4c-1c152339deb4): тебе для начала нужно собрать кожанный сет
[07:15:08] Nehakariii (f1142aba-fce3-3f2f-8a97-a060192e77b9): а есть смысл крафтить меч стальной?
[07:15:09] N1XER__ (33df4bd2-977c-3f5b-bc4c-1c152339deb4): далее крафтить кольчугу
[07:15:11] N1XER__ (33df4bd2-977c-3f5b-bc4c-1c152339deb4): да
[07:15:31] N1XER__ (33df4bd2-977c-3f5b-bc4c-1c152339deb4): ну
[07:15:35] N1XER__ (33df4bd2-977c-3f5b-bc4c-1c152339deb4): я бегаю с каменным копьем пока что
[07:15:36] N1XER__ (33df4bd2-977c-3f5b-bc4c-1c152339deb4): но
[07:15:39] Nehakariii (f1142aba-fce3-3f2f-8a97-a060192e77b9): я тоже
[07:15:39] N1XER__ (33df4bd2-977c-3f5b-bc4c-1c152339deb4): бронь скрафтил
[07:15:47] Nehakariii (f1142aba-fce3-3f2f-8a97-a060192e77b9): ладно, спасибо
[07:16:13] Nehakariii (f1142aba-fce3-3f2f-8a97-a060192e77b9): а карту можно скачать или нежелательно
[07:16:52] N1XER__ (33df4bd2-977c-3f5b-bc4c-1c152339deb4): если для изучения мира, то можно так изучать, но вообще идея сомнительная
[07:17:05] Nehakariii (f1142aba-fce3-3f2f-8a97-a060192e77b9): ну типа что бы метки ставить тамц
[07:17:22] Astrill3r (4f14ea5c-3acb-3628-be6d-e895cb743710): Надо чтоб не показывало существ и игроков
[07:17:24] Astrill3r (4f14ea5c-3acb-3628-be6d-e895cb743710): метками
[07:17:29] Nehakariii (f1142aba-fce3-3f2f-8a97-a060192e77b9): хорошо
[07:17:37] N1XER__ (33df4bd2-977c-3f5b-bc4c-1c152339deb4): можешь скачать но где не показывает сущностей и игроков, lf
[07:17:38] N1XER__ (33df4bd2-977c-3f5b-bc4c-1c152339deb4): да
[07:17:40] Astrill3r (4f14ea5c-3acb-3628-be6d-e895cb743710): Есть Journey map и Xaeros fair play edition
[07:17:54] Nehakariii (f1142aba-fce3-3f2f-8a97-a060192e77b9): щас тогда вернусь
[07:18:04] N1XER__ (33df4bd2-977c-3f5b-bc4c-1c152339deb4): пошел жоска качать мапу
[07:18:24] Astrill3r (4f14ea5c-3acb-3628-be6d-e895cb743710): Ща скачет ESP, Bariton, и всю малину
[07:18:34] [CAPS] N1XER__ (33df4bd2-977c-3f5b-bc4c-1c152339deb4): ахахах
[07:18:36] Astrill3r (4f14ea5c-3acb-3628-be6d-e895cb743710): скачает*
[07:18:37] N1XER__ (33df4bd2-977c-3f5b-bc4c-1c152339deb4): база
[07:18:40] N1XER__ (33df4bd2-977c-3f5b-bc4c-1c152339deb4): я уже скачал
[07:19:05] Astrill3r (4f14ea5c-3acb-3628-be6d-e895cb743710): Я скачал мод что хп видеть, но он не работает, имба
[07:19:18] N1XER__ (33df4bd2-977c-3f5b-bc4c-1c152339deb4): я скачивал и они криво работают
[07:19:19] Astrill3r (4f14ea5c-3acb-3628-be6d-e895cb743710): Замеров не будет
[07:19:36] Astrill3r (4f14ea5c-3acb-3628-be6d-e895cb743710): А блять
[07:19:45] Astrill3r (4f14ea5c-3acb-3628-be6d-e895cb743710): Не, он работает просто кнопку нажать надо
[07:20:07] Astrill3r (4f14ea5c-3acb-3628-be6d-e895cb743710): Dickая корова 22 хп
[07:20:23] Astrill3r (4f14ea5c-3acb-3628-be6d-e895cb743710): Хп везде разный или нет?
[07:20:26] Astrill3r (4f14ea5c-3acb-3628-be6d-e895cb743710): У мобов
[07:20:29] N1XER__ (33df4bd2-977c-3f5b-bc4c-1c152339deb4): да
[07:20:41] N1XER__ (33df4bd2-977c-3f5b-bc4c-1c152339deb4): вроде овца корова у них одинаково
[07:20:44] N1XER__ (33df4bd2-977c-3f5b-bc4c-1c152339deb4): но у кабана меньше
[07:20:51] N1XER__ (33df4bd2-977c-3f5b-bc4c-1c152339deb4): или ты про что
[07:23:31] N1XER__ (33df4bd2-977c-3f5b-bc4c-1c152339deb4): босс съел?
[07:24:53] Astrill3r (4f14ea5c-3acb-3628-be6d-e895cb743710): Я не понимаю, когда вы толпой бьете абилки они юзают раз секунд в 20-30
[07:25:03] Astrill3r (4f14ea5c-3acb-3628-be6d-e895cb743710): Я прихожу один и он их просто спамит
[07:25:11] Astrill3r (4f14ea5c-3acb-3628-be6d-e895cb743710): Одну закончил и сразу следующую
[07:26:11] Nehakariii (f1142aba-fce3-3f2f-8a97-a060192e77b9): а в колодце заброшенном можно найти что-то?
[07:26:17] Astrill3r (4f14ea5c-3acb-3628-be6d-e895cb743710): нет
[07:26:19] N1XER__ (33df4bd2-977c-3f5b-bc4c-1c152339deb4): нет вроде
[07:26:31] Astrill3r (4f14ea5c-3acb-3628-be6d-e895cb743710): я нырял нету ниче
[07:26:37] Nehakariii (f1142aba-fce3-3f2f-8a97-a060192e77b9): а там барьеры стоят
[07:26:40] Nehakariii (f1142aba-fce3-3f2f-8a97-a060192e77b9): нырнуть нельзя
[07:26:47] Astrill3r (4f14ea5c-3acb-3628-be6d-e895cb743710): тогда мы не об одном колодце
[07:28:06] Nehakariii (f1142aba-fce3-3f2f-8a97-a060192e77b9): то есть что бы мне сделать меч мне щас надо 1к угля и 1к железа
[07:28:31] Astrill3r (4f14ea5c-3acb-3628-be6d-e895cb743710): Всё нахуй
[07:29:01] Astrill3r (4f14ea5c-3acb-3628-be6d-e895cb743710): Ща будети не боссов битва, а с волками
[08:20:50] Astrill3r (4f14ea5c-3acb-3628-be6d-e895cb743710): s
[08:21:12] Astrill3r (4f14ea5c-3acb-3628-be6d-e895cb743710): s
[08:24:38] Astrill3r (4f14ea5c-3acb-3628-be6d-e895cb743710): Сколько надо киллов чтоб дали титул убийца?
[08:24:46] hishimori8 (5f163157-97b2-3ff9-9993-ef7b4f82d7e9): ты у кого спрашиваешь нахуй
[08:24:59] Astrill3r (4f14ea5c-3acb-3628-be6d-e895cb743710): А Никс не на серваке
[08:25:02] hishimori8 (5f163157-97b2-3ff9-9993-ef7b4f82d7e9): не
[08:41:00] Astrill3r (4f14ea5c-3acb-3628-be6d-e895cb743710): Интересно есть ли у тебя защита
[08:41:07] Nehakariii (f1142aba-fce3-3f2f-8a97-a060192e77b9): lf
[08:41:30] Nehakariii (f1142aba-fce3-3f2f-8a97-a060192e77b9): ytne
[08:41:31] Astrill3r (4f14ea5c-3acb-3628-be6d-e895cb743710): эээ
[08:41:43] Astrill3r (4f14ea5c-3acb-3628-be6d-e895cb743710): гойда?
[08:41:47] Nehakariii (f1142aba-fce3-3f2f-8a97-a060192e77b9): lf
[08:41:57] Nehakariii (f1142aba-fce3-3f2f-8a97-a060192e77b9): ya ne mogu
[08:41:59] Nehakariii (f1142aba-fce3-3f2f-8a97-a060192e77b9): russian
[08:42:02] Nehakariii (f1142aba-fce3-3f2f-8a97-a060192e77b9): raskladka
[08:42:09] Nehakariii (f1142aba-fce3-3f2f-8a97-a060192e77b9): о
[08:42:20] Astrill3r (4f14ea5c-3acb-3628-be6d-e895cb743710): write on english then
[08:42:39] Astrill3r (4f14ea5c-3acb-3628-be6d-e895cb743710): безумный соблазн убить и спиздить руду
[08:42:45] Nehakariii (f1142aba-fce3-3f2f-8a97-a060192e77b9): ненадо
[08:42:51] [CAPS] hishimori8 (5f163157-97b2-3ff9-9993-ef7b4f82d7e9): давай хуярь его
[08:42:56] Astrill3r (4f14ea5c-3acb-3628-be6d-e895cb743710): ух держите меня семера
[08:43:58] Nehakariii (f1142aba-fce3-3f2f-8a97-a060192e77b9): у него защите
[08:44:00] Nehakariii (f1142aba-fce3-3f2f-8a97-a060192e77b9): защита
[08:44:03] hishimori8 (5f163157-97b2-3ff9-9993-ef7b4f82d7e9): не
[08:46:42] Astrill3r (4f14ea5c-3acb-3628-be6d-e895cb743710): гооол
[08:47:12] hishimori8 (5f163157-97b2-3ff9-9993-ef7b4f82d7e9): ребят ну давайте не здесь
[08:47:20] Nehakariii (f1142aba-fce3-3f2f-8a97-a060192e77b9): 1хп
[08:47:26] Astrill3r (4f14ea5c-3acb-3628-be6d-e895cb743710): гоооол
[08:47:30] Astrill3r (4f14ea5c-3acb-3628-be6d-e895cb743710): титул дали
[08:47:55] Astrill3r (4f14ea5c-3acb-3628-be6d-e895cb743710): Всмысле блять не дали
[08:48:21] Astrill3r (4f14ea5c-3acb-3628-be6d-e895cb743710): не гол
[08:48:23] Nehakariii (f1142aba-fce3-3f2f-8a97-a060192e77b9): верни железо
[08:48:32] Astrill3r (4f14ea5c-3acb-3628-be6d-e895cb743710): у тебя 1 железо
[08:48:35] Astrill3r (4f14ea5c-3acb-3628-be6d-e895cb743710): ты угораешь?
[08:48:39] Nehakariii (f1142aba-fce3-3f2f-8a97-a060192e77b9): верни
[08:48:43] Astrill3r (4f14ea5c-3acb-3628-be6d-e895cb743710): 1?
[08:48:45] Nehakariii (f1142aba-fce3-3f2f-8a97-a060192e77b9): да
[08:51:03] Astrill3r (4f14ea5c-3acb-3628-be6d-e895cb743710): кем
[08:51:08] Nehakariii (f1142aba-fce3-3f2f-8a97-a060192e77b9): suicide
[08:51:22] Astrill3r (4f14ea5c-3acb-3628-be6d-e895cb743710): Тьфу
[08:51:25] Astrill3r (4f14ea5c-3acb-3628-be6d-e895cb743710): Разбойник
[08:51:32] Astrill3r (4f14ea5c-3acb-3628-be6d-e895cb743710): Скоко надо на убийцу
[08:51:42] Astrill3r (4f14ea5c-3acb-3628-be6d-e895cb743710): Сколько киллов на убийцу надо?
[08:54:58] [CAPS] fofo15 (f948b7b0-96bc-3c32-89ff-1941bf1b85da): ниииииииииикс
[08:55:06] fofo15 (f948b7b0-96bc-3c32-89ff-1941bf1b85da): время ахуительных историй!
[08:59:23] fofo15 (f948b7b0-96bc-3c32-89ff-1941bf1b85da): время ахуительных историй!
[08:59:26] [CAPS] fofo15 (f948b7b0-96bc-3c32-89ff-1941bf1b85da): ниииииииииикс\
[08:59:41] N1XER__ (33df4bd2-977c-3f5b-bc4c-1c152339deb4): чо за истории
[08:59:49] Astrill3r (4f14ea5c-3acb-3628-be6d-e895cb743710): Я то думал он из защиты вышел
[08:59:50] fofo15 (f948b7b0-96bc-3c32-89ff-1941bf1b85da): с момента как я вчера ушел
[08:59:53] Astrill3r (4f14ea5c-3acb-3628-be6d-e895cb743710): И помогает тебе
[09:00:11] Nehakariii (f1142aba-fce3-3f2f-8a97-a060192e77b9): успокойся мб и фарми мирно
[09:00:24] Astrill3r (4f14ea5c-3acb-3628-be6d-e895cb743710): Так ведь скучно
[09:00:29] Astrill3r (4f14ea5c-3acb-3628-be6d-e895cb743710): Нужен экшен, враг
[09:00:43] Nehakariii (f1142aba-fce3-3f2f-8a97-a060192e77b9): и поэтому ты поджав хвост убегал позорно?
[09:00:47] Nehakariii (f1142aba-fce3-3f2f-8a97-a060192e77b9): крутой экшен
[09:00:50] Astrill3r (4f14ea5c-3acb-3628-be6d-e895cb743710): Я думал вас 2
[09:00:54] Nehakariii (f1142aba-fce3-3f2f-8a97-a060192e77b9): я соло тебя бил
[09:00:55] Nehakariii (f1142aba-fce3-3f2f-8a97-a060192e77b9): он копал
[09:00:59] hishimori8 (5f163157-97b2-3ff9-9993-ef7b4f82d7e9): а как выйти с защиты
[09:01:06] fofo15 (f948b7b0-96bc-3c32-89ff-1941bf1b85da): /protect
[09:01:10] Nehakariii (f1142aba-fce3-3f2f-8a97-a060192e77b9): темболее то я намного слабее
[09:03:17] hishimori8 (5f163157-97b2-3ff9-9993-ef7b4f82d7e9): когда метеоритный удар пофиксят
[09:03:23] fofo15 (f948b7b0-96bc-3c32-89ff-1941bf1b85da): завтра
[09:03:41] N1XER__ (33df4bd2-977c-3f5b-bc4c-1c152339deb4): нильс уже фиксит
[09:03:42] N1XER__ (33df4bd2-977c-3f5b-bc4c-1c152339deb4): мы в дс
[09:03:48] hishimori8 (5f163157-97b2-3ff9-9993-ef7b4f82d7e9): ахуенно
[09:04:04] Nehakariii (f1142aba-fce3-3f2f-8a97-a060192e77b9): а я этого додика с ником на а опозорил
[09:04:07] hishimori8 (5f163157-97b2-3ff9-9993-ef7b4f82d7e9): а он тебе платит хоть сколько то
[09:04:17] fofo15 (f948b7b0-96bc-3c32-89ff-1941bf1b85da): нам. платит
[09:04:18] Nehakariii (f1142aba-fce3-3f2f-8a97-a060192e77b9): он мешал нам руду копать
[09:04:25] N1XER__ (33df4bd2-977c-3f5b-bc4c-1c152339deb4): hishimori8 мне уже приходила зп за эпику
[09:04:37] hishimori8 (5f163157-97b2-3ff9-9993-ef7b4f82d7e9): у тебя же 250 евро
[09:04:41] hishimori8 (5f163157-97b2-3ff9-9993-ef7b4f82d7e9): он тебе нормально платит?
[09:04:43] hishimori8 (5f163157-97b2-3ff9-9993-ef7b4f82d7e9): достойно?
[09:04:46] N1XER__ (33df4bd2-977c-3f5b-bc4c-1c152339deb4): нет(
[09:04:51] N1XER__ (33df4bd2-977c-3f5b-bc4c-1c152339deb4): задонать чтобы мне зп была больше
[09:04:51] N1XER__ (33df4bd2-977c-3f5b-bc4c-1c152339deb4): пж
[09:04:56] fofo15 (f948b7b0-96bc-3c32-89ff-1941bf1b85da): кста факт
[09:05:00] hishimori8 (5f163157-97b2-3ff9-9993-ef7b4f82d7e9): до 9 октября обращение рассматривать будут
[09:05:06] hishimori8 (5f163157-97b2-3ff9-9993-ef7b4f82d7e9): на возврат денег
[09:05:07] fofo15 (f948b7b0-96bc-3c32-89ff-1941bf1b85da): задонатьте пожалуста чтобы нам дали зп
[09:05:17] hishimori8 (5f163157-97b2-3ff9-9993-ef7b4f82d7e9): специально не задонау то бы тебе зп не дали
[09:05:22] fofo15 (f948b7b0-96bc-3c32-89ff-1941bf1b85da): аххаха
[09:05:24] fofo15 (f948b7b0-96bc-3c32-89ff-1941bf1b85da): ))
[09:05:40] fofo15 (f948b7b0-96bc-3c32-89ff-1941bf1b85da): продам 3 стака стали
[09:05:48] fofo15 (f948b7b0-96bc-3c32-89ff-1941bf1b85da): у меня излишки появились
[09:05:51] N1XER__ (33df4bd2-977c-3f5b-bc4c-1c152339deb4): у людей нет столько денег
[09:05:57] fofo15 (f948b7b0-96bc-3c32-89ff-1941bf1b85da): ахах
[09:05:58] N1XER__ (33df4bd2-977c-3f5b-bc4c-1c152339deb4): даже если мы все скинемся
[09:05:58] fofo15 (f948b7b0-96bc-3c32-89ff-1941bf1b85da): натурой
[09:06:00] N1XER__ (33df4bd2-977c-3f5b-bc4c-1c152339deb4): нам не хватит
[09:06:09] fofo15 (f948b7b0-96bc-3c32-89ff-1941bf1b85da): жаль
[09:06:23] hishimori8 (5f163157-97b2-3ff9-9993-ef7b4f82d7e9): а донат влияет на добыу руды же да?
[09:06:28] fofo15 (f948b7b0-96bc-3c32-89ff-1941bf1b85da): никс я думаю сегодня опять пойти нафармить дабл руды
[09:06:31] fofo15 (f948b7b0-96bc-3c32-89ff-1941bf1b85da): ты со мной?
[09:06:44] N1XER__ (33df4bd2-977c-3f5b-bc4c-1c152339deb4): вахуе
[09:06:48] N1XER__ (33df4bd2-977c-3f5b-bc4c-1c152339deb4): hishimori8 да
[09:06:52] hishimori8 (5f163157-97b2-3ff9-9993-ef7b4f82d7e9): ой ебать
[09:06:55] N1XER__ (33df4bd2-977c-3f5b-bc4c-1c152339deb4): на опыт и на добычу ресов
[09:06:55] hishimori8 (5f163157-97b2-3ff9-9993-ef7b4f82d7e9): ты бы знал
[09:06:58] hishimori8 (5f163157-97b2-3ff9-9993-ef7b4f82d7e9): ситуацию мою
[09:06:59] hishimori8 (5f163157-97b2-3ff9-9993-ef7b4f82d7e9): ))
[09:07:01] N1XER__ (33df4bd2-977c-3f5b-bc4c-1c152339deb4): какую
[09:07:02] Nehakariii (f1142aba-fce3-3f2f-8a97-a060192e77b9): ))))
[09:07:05] Nehakariii (f1142aba-fce3-3f2f-8a97-a060192e77b9): не важно
[09:07:12] fofo15 (f948b7b0-96bc-3c32-89ff-1941bf1b85da): забанить обоих
[09:07:12] hishimori8 (5f163157-97b2-3ff9-9993-ef7b4f82d7e9): там релаьно крутая темка
[09:07:17] N1XER__ (33df4bd2-977c-3f5b-bc4c-1c152339deb4): поделись
[09:07:19] N1XER__ (33df4bd2-977c-3f5b-bc4c-1c152339deb4): в общих чертах
[09:07:21] N1XER__ (33df4bd2-977c-3f5b-bc4c-1c152339deb4): интересно
[09:07:23] fofo15 (f948b7b0-96bc-3c32-89ff-1941bf1b85da): N1XER__ лисы
[09:07:26] Nehakariii (f1142aba-fce3-3f2f-8a97-a060192e77b9): это как хомяк
[09:07:26] hishimori8 (5f163157-97b2-3ff9-9993-ef7b4f82d7e9): я не хоу
[09:07:28] Nehakariii (f1142aba-fce3-3f2f-8a97-a060192e77b9): ток круе
[09:07:32] N1XER__ (33df4bd2-977c-3f5b-bc4c-1c152339deb4): хомяка тапаете
[09:07:34] hishimori8 (5f163157-97b2-3ff9-9993-ef7b4f82d7e9): да
[09:07:37] N1XER__ (33df4bd2-977c-3f5b-bc4c-1c152339deb4): крутые
[09:07:44] hishimori8 (5f163157-97b2-3ff9-9993-ef7b4f82d7e9): 147 хамстер комбатов
[09:07:46] hishimori8 (5f163157-97b2-3ff9-9993-ef7b4f82d7e9): у меня
[09:07:49] N1XER__ (33df4bd2-977c-3f5b-bc4c-1c152339deb4): вау
[09:07:50] N1XER__ (33df4bd2-977c-3f5b-bc4c-1c152339deb4): это же
[09:07:54] N1XER__ (33df4bd2-977c-3f5b-bc4c-1c152339deb4): три доллара
[09:07:55] hishimori8 (5f163157-97b2-3ff9-9993-ef7b4f82d7e9): полтора рубля
[09:07:57] N1XER__ (33df4bd2-977c-3f5b-bc4c-1c152339deb4): ну
[09:07:58] N1XER__ (33df4bd2-977c-3f5b-bc4c-1c152339deb4): да
[09:07:59] N1XER__ (33df4bd2-977c-3f5b-bc4c-1c152339deb4): ХАХАХ
[09:08:13] fofo15 (f948b7b0-96bc-3c32-89ff-1941bf1b85da): у меня 8963 хамстер койнов это 2.1р
[09:08:13] hishimori8 (5f163157-97b2-3ff9-9993-ef7b4f82d7e9): когда листинг стали
[09:08:23] hishimori8 (5f163157-97b2-3ff9-9993-ef7b4f82d7e9): на бинанс
[09:08:46] fofo15 (f948b7b0-96bc-3c32-89ff-1941bf1b85da): N1XER__ я ахуеваю
[09:08:50] fofo15 (f948b7b0-96bc-3c32-89ff-1941bf1b85da): как я так перекопал
[09:08:56] fofo15 (f948b7b0-96bc-3c32-89ff-1941bf1b85da): 2 доп стака стали
[09:09:16] N1XER__ (33df4bd2-977c-3f5b-bc4c-1c152339deb4): та это жесть
[09:09:24] hishimori8 (5f163157-97b2-3ff9-9993-ef7b4f82d7e9): а какой буст у премиума к руде
[09:09:30] N1XER__ (33df4bd2-977c-3f5b-bc4c-1c152339deb4): hishimori8 ты больше руды добываешь
[09:09:34] fofo15 (f948b7b0-96bc-3c32-89ff-1941bf1b85da): x2 вроде
[09:09:35] hishimori8 (5f163157-97b2-3ff9-9993-ef7b4f82d7e9): ахуенно
[09:09:38] N1XER__ (33df4bd2-977c-3f5b-bc4c-1c152339deb4): посмотри на сайте
[09:09:43] fofo15 (f948b7b0-96bc-3c32-89ff-1941bf1b85da): но там варьируеться с рудой
[09:09:44] N1XER__ (33df4bd2-977c-3f5b-bc4c-1c152339deb4): опыт точно x2
[09:09:47] hishimori8 (5f163157-97b2-3ff9-9993-ef7b4f82d7e9): ну если 2х то етопизда
[09:09:50] N1XER__ (33df4bd2-977c-3f5b-bc4c-1c152339deb4): вместо 4 будет 8
[09:09:53] fofo15 (f948b7b0-96bc-3c32-89ff-1941bf1b85da): с руды может упасть 2 кусочка
[09:09:57] fofo15 (f948b7b0-96bc-3c32-89ff-1941bf1b85da): а может 12
[09:09:58] Nehakariii (f1142aba-fce3-3f2f-8a97-a060192e77b9): будет 16
[09:10:03] N1XER__ (33df4bd2-977c-3f5b-bc4c-1c152339deb4): фофо с руды не падает 12
[09:10:05] N1XER__ (33df4bd2-977c-3f5b-bc4c-1c152339deb4): там максимум 3
[09:10:08] N1XER__ (33df4bd2-977c-3f5b-bc4c-1c152339deb4): если про маленькую
[09:10:11] fofo15 (f948b7b0-96bc-3c32-89ff-1941bf1b85da): N1XER__ большая руда
[09:10:11] N1XER__ (33df4bd2-977c-3f5b-bc4c-1c152339deb4): а с большой да
[09:10:16] N1XER__ (33df4bd2-977c-3f5b-bc4c-1c152339deb4): там 12 с спонсоркой
[09:10:21] fofo15 (f948b7b0-96bc-3c32-89ff-1941bf1b85da): и больше
[09:10:24] hishimori8 (5f163157-97b2-3ff9-9993-ef7b4f82d7e9): 12 и с маленькой падает
[09:10:32] hishimori8 (5f163157-97b2-3ff9-9993-ef7b4f82d7e9): с спонсором
[09:10:33] fofo15 (f948b7b0-96bc-3c32-89ff-1941bf1b85da): -
[09:10:54] hishimori8 (5f163157-97b2-3ff9-9993-ef7b4f82d7e9): ну у меня так полуились расеты
[09:10:56] N1XER__ (33df4bd2-977c-3f5b-bc4c-1c152339deb4): кстати как я узнал
[09:11:06] N1XER__ (33df4bd2-977c-3f5b-bc4c-1c152339deb4): вы можете просто сложить вещи в осла и спрятать его в инвентарь петов
[09:11:08] N1XER__ (33df4bd2-977c-3f5b-bc4c-1c152339deb4): и ресы останутся
[09:11:13] fofo15 (f948b7b0-96bc-3c32-89ff-1941bf1b85da): N1XER__ так да
[09:11:17] fofo15 (f948b7b0-96bc-3c32-89ff-1941bf1b85da): это и на прошлом было
[09:11:23] N1XER__ (33df4bd2-977c-3f5b-bc4c-1c152339deb4): это получается
[09:11:24] fofo15 (f948b7b0-96bc-3c32-89ff-1941bf1b85da): мы же так выносили ресы с босса
[09:11:25] N1XER__ (33df4bd2-977c-3f5b-bc4c-1c152339deb4): доп склад..
[09:11:32] N1XER__ (33df4bd2-977c-3f5b-bc4c-1c152339deb4): так мы не прятали ослов в петов
[09:11:34] fofo15 (f948b7b0-96bc-3c32-89ff-1941bf1b85da): у мула 3 строчки инвентаря..
[09:11:34] N1XER__ (33df4bd2-977c-3f5b-bc4c-1c152339deb4): они бегали рядом
[09:11:38] fofo15 (f948b7b0-96bc-3c32-89ff-1941bf1b85da): N1XER__ я прятал
[09:11:52] N1XER__ (33df4bd2-977c-3f5b-bc4c-1c152339deb4): феникс буллит
[09:11:58] fofo15 (f948b7b0-96bc-3c32-89ff-1941bf1b85da): пытаеться буллить кожанщиков
[09:12:01] hishimori8 (5f163157-97b2-3ff9-9993-ef7b4f82d7e9): бля я метал нахуй
[09:12:06] hishimori8 (5f163157-97b2-3ff9-9993-ef7b4f82d7e9): бежать опять 10 минут
[09:12:09] hishimori8 (5f163157-97b2-3ff9-9993-ef7b4f82d7e9): до ебанной шахты
[09:12:17] fofo15 (f948b7b0-96bc-3c32-89ff-1941bf1b85da): купи осла?
[09:12:22] hishimori8 (5f163157-97b2-3ff9-9993-ef7b4f82d7e9): денег дашь?
[09:12:26] N1XER__ (33df4bd2-977c-3f5b-bc4c-1c152339deb4): фофо так говорит будто это так просто
[09:12:28] fofo15 (f948b7b0-96bc-3c32-89ff-1941bf1b85da): он стоит всего 5к
[09:12:41] fofo15 (f948b7b0-96bc-3c32-89ff-1941bf1b85da): ТАК 5к фармяться 20 минут максимум
[09:12:44] N1XER__ (33df4bd2-977c-3f5b-bc4c-1c152339deb4): а там надо убить волкодава у которого спавнрейт говна (слишком много мобов) еще и 5к нафармить
[09:12:48] N1XER__ (33df4bd2-977c-3f5b-bc4c-1c152339deb4): фофо не забывай про еду
[09:12:51] N1XER__ (33df4bd2-977c-3f5b-bc4c-1c152339deb4): со своим спонсором
[09:12:54] fofo15 (f948b7b0-96bc-3c32-89ff-1941bf1b85da): нахуй вам еда
[09:12:57] N1XER__ (33df4bd2-977c-3f5b-bc4c-1c152339deb4): реал
[09:13:04] N1XER__ (33df4bd2-977c-3f5b-bc4c-1c152339deb4): х2 денег выносит
[09:13:07] N1XER__ (33df4bd2-977c-3f5b-bc4c-1c152339deb4): говорит как же легко
[09:13:09] fofo15 (f948b7b0-96bc-3c32-89ff-1941bf1b85da): нет
[09:13:13] fofo15 (f948b7b0-96bc-3c32-89ff-1941bf1b85da): у меня нету x2 бабла
[09:13:20] N1XER__ (33df4bd2-977c-3f5b-bc4c-1c152339deb4): зато есть х2 дроп с мобов
[09:13:22] N1XER__ (33df4bd2-977c-3f5b-bc4c-1c152339deb4): не?
[09:13:24] fofo15 (f948b7b0-96bc-3c32-89ff-1941bf1b85da): ну это да
[09:13:26] N1XER__ (33df4bd2-977c-3f5b-bc4c-1c152339deb4): ну вот
[09:13:31] N1XER__ (33df4bd2-977c-3f5b-bc4c-1c152339deb4): деньги так и получаются
[09:13:40] fofo15 (f948b7b0-96bc-3c32-89ff-1941bf1b85da): не совсем ну ладно
[09:13:54] fofo15 (f948b7b0-96bc-3c32-89ff-1941bf1b85da): эпика кста развивает матиматическое мышление у школьников
[09:14:04] Astrill3r (4f14ea5c-3acb-3628-be6d-e895cb743710): Ало а какие шансы сбежать от чела на коне в пещере если он будет тебя кемпить?
[09:14:10] fofo15 (f948b7b0-96bc-3c32-89ff-1941bf1b85da): 100%?
[09:14:19] fofo15 (f948b7b0-96bc-3c32-89ff-1941bf1b85da): ладно 60-70
[09:14:20] N1XER__ (33df4bd2-977c-3f5b-bc4c-1c152339deb4): Astrill3r кстати в шахтах только один выход
[09:14:22] fofo15 (f948b7b0-96bc-3c32-89ff-1941bf1b85da): именно на коне
[09:14:23] N1XER__ (33df4bd2-977c-3f5b-bc4c-1c152339deb4): Он же и вход
[09:14:25] N1XER__ (33df4bd2-977c-3f5b-bc4c-1c152339deb4): наверное
[09:14:47] fofo15 (f948b7b0-96bc-3c32-89ff-1941bf1b85da): коня онли луком сбивать
[09:14:47] Astrill3r (4f14ea5c-3acb-3628-be6d-e895cb743710): Не ты на коне, а кмепер
[09:14:55] fofo15 (f948b7b0-96bc-3c32-89ff-1941bf1b85da): тогда
[09:15:01] fofo15 (f948b7b0-96bc-3c32-89ff-1941bf1b85da): 30-40
[09:15:05] fofo15 (f948b7b0-96bc-3c32-89ff-1941bf1b85da): зависит от скилла
[09:15:07] fofo15 (f948b7b0-96bc-3c32-89ff-1941bf1b85da): и прокачки
[09:15:11] fofo15 (f948b7b0-96bc-3c32-89ff-1941bf1b85da): и твоих ресов
[09:15:18] N1XER__ (33df4bd2-977c-3f5b-bc4c-1c152339deb4): коня убить легко
[09:15:21] N1XER__ (33df4bd2-977c-3f5b-bc4c-1c152339deb4): боевых лошадей еще нету
[09:15:23] fofo15 (f948b7b0-96bc-3c32-89ff-1941bf1b85da): коня убить сложно
[09:15:27] fofo15 (f948b7b0-96bc-3c32-89ff-1941bf1b85da): он быстрый сука
[09:15:28] N1XER__ (33df4bd2-977c-3f5b-bc4c-1c152339deb4): а так они отлетят от одного двух ударов
[09:15:36] N1XER__ (33df4bd2-977c-3f5b-bc4c-1c152339deb4): обычные
[09:15:40] Astrill3r (4f14ea5c-3acb-3628-be6d-e895cb743710): А если у самого коня нету?
[09:15:41] hishimori8 (5f163157-97b2-3ff9-9993-ef7b4f82d7e9): а защита новика автоматиески сбрасывается при каких то условиях
[09:15:48] fofo15 (f948b7b0-96bc-3c32-89ff-1941bf1b85da): время
[09:15:48] N1XER__ (33df4bd2-977c-3f5b-bc4c-1c152339deb4): hishimori8 со временем закончится
[09:15:50] Nehakariii (f1142aba-fce3-3f2f-8a97-a060192e77b9): как играть если додик перека сидит в шахте и убивает новиков
[09:15:51] fofo15 (f948b7b0-96bc-3c32-89ff-1941bf1b85da): 2ч вроде
[09:15:53] hishimori8 (5f163157-97b2-3ff9-9993-ef7b4f82d7e9): анлак
[09:16:01] hishimori8 (5f163157-97b2-3ff9-9993-ef7b4f82d7e9): бедные новики
[09:16:02] N1XER__ (33df4bd2-977c-3f5b-bc4c-1c152339deb4): Nehakariii так у него же даже кольчуги нету
[09:16:05] fofo15 (f948b7b0-96bc-3c32-89ff-1941bf1b85da): Nehakariii идти на другую?
[09:16:08] Nehakariii (f1142aba-fce3-3f2f-8a97-a060192e77b9): какую
[09:16:13] N1XER__ (33df4bd2-977c-3f5b-bc4c-1c152339deb4): фофо других нету
[09:16:18] N1XER__ (33df4bd2-977c-3f5b-bc4c-1c152339deb4): Ну как
[09:16:18] fofo15 (f948b7b0-96bc-3c32-89ff-1941bf1b85da): у тебя 3 шахты..
[09:16:22] N1XER__ (33df4bd2-977c-3f5b-bc4c-1c152339deb4): одна железная одна угольная
[09:16:23] Nehakariii (f1142aba-fce3-3f2f-8a97-a060192e77b9): он на коне с арбалетом бегает
[09:16:24] N1XER__ (33df4bd2-977c-3f5b-bc4c-1c152339deb4): а одна начальная
[09:16:26] fofo15 (f948b7b0-96bc-3c32-89ff-1941bf1b85da): иди на начальную
[09:16:28] Nehakariii (f1142aba-fce3-3f2f-8a97-a060192e77b9): то мне сделать надо
[09:16:33] N1XER__ (33df4bd2-977c-3f5b-bc4c-1c152339deb4): фигасе феникс придумал
[09:16:39] N1XER__ (33df4bd2-977c-3f5b-bc4c-1c152339deb4): заставьте его зайти в шахту
[09:16:43] N1XER__ (33df4bd2-977c-3f5b-bc4c-1c152339deb4): И там убейте
[09:16:46] Nehakariii (f1142aba-fce3-3f2f-8a97-a060192e77b9): я его уже унизил
[09:16:48] fofo15 (f948b7b0-96bc-3c32-89ff-1941bf1b85da): вы в угольной шахте?
[09:16:54] Nehakariii (f1142aba-fce3-3f2f-8a97-a060192e77b9): и он просто убегал
[09:16:54] fofo15 (f948b7b0-96bc-3c32-89ff-1941bf1b85da): если да то просто путайте его
[09:16:56] fofo15 (f948b7b0-96bc-3c32-89ff-1941bf1b85da): и убегайте
[09:17:00] fofo15 (f948b7b0-96bc-3c32-89ff-1941bf1b85da): если в железной
[09:17:03] fofo15 (f948b7b0-96bc-3c32-89ff-1941bf1b85da): запиздите
[09:17:13] Astrill3r (4f14ea5c-3acb-3628-be6d-e895cb743710): Если спрыгивать в ямы то можно сбежать
[09:17:15] Nehakariii (f1142aba-fce3-3f2f-8a97-a060192e77b9): он принципиально быстрее бегает
[09:17:18] Astrill3r (4f14ea5c-3acb-3628-be6d-e895cb743710): Внутри пещеры
[09:17:21] fofo15 (f948b7b0-96bc-3c32-89ff-1941bf1b85da): жел шахта создана для пвп
[09:17:26] Astrill3r (4f14ea5c-3acb-3628-be6d-e895cb743710): Конь очень медленно приземляется
[09:17:28] hishimori8 (5f163157-97b2-3ff9-9993-ef7b4f82d7e9): а оповещение ваще есть о выклюении защиты ?????
[09:17:28] Nehakariii (f1142aba-fce3-3f2f-8a97-a060192e77b9): он принципиально быстрее бегает
[09:17:34] fofo15 (f948b7b0-96bc-3c32-89ff-1941bf1b85da): да
[09:17:38] Astrill3r (4f14ea5c-3acb-3628-be6d-e895cb743710): нету
[09:18:03] Astrill3r (4f14ea5c-3acb-3628-be6d-e895cb743710): ало
[09:18:07] Astrill3r (4f14ea5c-3acb-3628-be6d-e895cb743710): надо триллион угля
[09:20:03] fofo15 (f948b7b0-96bc-3c32-89ff-1941bf1b85da): и че
[09:20:42] Astrill3r (4f14ea5c-3acb-3628-be6d-e895cb743710): Куплю 25 стаков угля
[09:22:27] N1XER__ (33df4bd2-977c-3f5b-bc4c-1c152339deb4): нильс добавил уровень в таб
[09:22:49] Astrill3r (4f14ea5c-3acb-3628-be6d-e895cb743710): Скоро 40
[09:22:59] Astrill3r (4f14ea5c-3acb-3628-be6d-e895cb743710): Смогу ещё поинт в метеоритный удар вкинуть
[09:23:08] [CAPS] N1XER__ (33df4bd2-977c-3f5b-bc4c-1c152339deb4): 1хахах
[09:23:09] [CAPS] N1XER__ (33df4bd2-977c-3f5b-bc4c-1c152339deb4): хахвзх
[09:23:51] Nehakariii (f1142aba-fce3-3f2f-8a97-a060192e77b9): мне пишет то этот предмет нельзя использовать
[09:23:54] Nehakariii (f1142aba-fce3-3f2f-8a97-a060192e77b9): хотя я баранину ем
[09:24:02] fofo15 (f948b7b0-96bc-3c32-89ff-1941bf1b85da): на небо смотри..
[09:24:13] Astrill3r (4f14ea5c-3acb-3628-be6d-e895cb743710): Это свинина, ты масульман
[09:24:14] Nehakariii (f1142aba-fce3-3f2f-8a97-a060192e77b9): мне запретили впринципе вещи юзать
[09:24:19] fofo15 (f948b7b0-96bc-3c32-89ff-1941bf1b85da): забанили
[09:24:20] Nehakariii (f1142aba-fce3-3f2f-8a97-a060192e77b9): и ме и кирку
[09:24:22] N1XER__ (33df4bd2-977c-3f5b-bc4c-1c152339deb4): Nehakariii что у тебя во второй руке
[09:24:26] hishimori8 (5f163157-97b2-3ff9-9993-ef7b4f82d7e9): yb[ez
[09:24:26] Nehakariii (f1142aba-fce3-3f2f-8a97-a060192e77b9): ниего
[09:24:33] N1XER__ (33df4bd2-977c-3f5b-bc4c-1c152339deb4): нильс фиксит баги сейчас
[09:24:37] N1XER__ (33df4bd2-977c-3f5b-bc4c-1c152339deb4): походу появятся новые
[09:24:40] hishimori8 (5f163157-97b2-3ff9-9993-ef7b4f82d7e9): у него удока забагалась
[09:24:42] Astrill3r (4f14ea5c-3acb-3628-be6d-e895cb743710): wow
[09:24:43] hishimori8 (5f163157-97b2-3ff9-9993-ef7b4f82d7e9): видимо
[09:25:08] N1XER__ (33df4bd2-977c-3f5b-bc4c-1c152339deb4): нильс фиксанул удочку
[09:25:30] hishimori8 (5f163157-97b2-3ff9-9993-ef7b4f82d7e9): che on fiksanyl
[09:25:37] Nehakariii (f1142aba-fce3-3f2f-8a97-a060192e77b9): ало
[09:25:39] N1XER__ (33df4bd2-977c-3f5b-bc4c-1c152339deb4): сломанную удочку рыбака нельзя использовать теперь
[09:25:41] Nehakariii (f1142aba-fce3-3f2f-8a97-a060192e77b9): дайте вещи юзать
[09:25:44] hishimori8 (5f163157-97b2-3ff9-9993-ef7b4f82d7e9): (
[09:25:50] N1XER__ (33df4bd2-977c-3f5b-bc4c-1c152339deb4): Nehakariii а что у тебя
[09:25:51] N1XER__ (33df4bd2-977c-3f5b-bc4c-1c152339deb4): пишет
[09:25:53] Nehakariii (f1142aba-fce3-3f2f-8a97-a060192e77b9): я ниего делать не могу
[09:25:59] Nehakariii (f1142aba-fce3-3f2f-8a97-a060192e77b9): этот предмет невозможно использовать!
[09:26:07] hishimori8 (5f163157-97b2-3ff9-9993-ef7b4f82d7e9): нильс сука)
[09:26:12] N1XER__ (33df4bd2-977c-3f5b-bc4c-1c152339deb4): тебе на любое действие это пишет,
[09:26:13] N1XER__ (33df4bd2-977c-3f5b-bc4c-1c152339deb4): ?
[09:26:15] Nehakariii (f1142aba-fce3-3f2f-8a97-a060192e77b9): да
[09:26:15] hishimori8 (5f163157-97b2-3ff9-9993-ef7b4f82d7e9): да
[09:26:19] N1XER__ (33df4bd2-977c-3f5b-bc4c-1c152339deb4): вам двоим?
[09:26:22] hishimori8 (5f163157-97b2-3ff9-9993-ef7b4f82d7e9): не
[09:26:26] Nehakariii (f1142aba-fce3-3f2f-8a97-a060192e77b9): мы в дс просто
[09:26:29] N1XER__ (33df4bd2-977c-3f5b-bc4c-1c152339deb4): попробуйте поделать что-то
[09:26:36] Nehakariii (f1142aba-fce3-3f2f-8a97-a060192e77b9): не могу
[09:26:36] N1XER__ (33df4bd2-977c-3f5b-bc4c-1c152339deb4): только у него или у всех проблема
[09:26:37] hishimori8 (5f163157-97b2-3ff9-9993-ef7b4f82d7e9): он нихуя не может
[09:26:39] hishimori8 (5f163157-97b2-3ff9-9993-ef7b4f82d7e9): сделать
[09:26:43] hishimori8 (5f163157-97b2-3ff9-9993-ef7b4f82d7e9): а мне похуй я кайфую
[09:26:56] Nehakariii (f1142aba-fce3-3f2f-8a97-a060192e77b9): уже
[09:26:57] Nehakariii (f1142aba-fce3-3f2f-8a97-a060192e77b9): пробовал
[09:27:03] Astrill3r (4f14ea5c-3acb-3628-be6d-e895cb743710): Аллах сервер
[09:27:13] Astrill3r (4f14ea5c-3acb-3628-be6d-e895cb743710): почини квест с инструктор
[09:27:13] fofo15 (f948b7b0-96bc-3c32-89ff-1941bf1b85da): никс лс тг
[09:27:15] fofo15 (f948b7b0-96bc-3c32-89ff-1941bf1b85da): ой дс
[09:27:22] N1XER__ (33df4bd2-977c-3f5b-bc4c-1c152339deb4): вижу
[09:27:25] hishimori8 (5f163157-97b2-3ff9-9993-ef7b4f82d7e9): нильс не фикси метеоритный удар
[09:27:28] Astrill3r (4f14ea5c-3acb-3628-be6d-e895cb743710): Моя не может сдать два листок сделаной задание
[09:27:28] hishimori8 (5f163157-97b2-3ff9-9993-ef7b4f82d7e9): больше багов появляется
[09:27:43] Nehakariii (f1142aba-fce3-3f2f-8a97-a060192e77b9): нихуя не изменилось
[09:27:50] Astrill3r (4f14ea5c-3acb-3628-be6d-e895cb743710): Никс кинь приглос на эпику
[09:27:57] fofo15 (f948b7b0-96bc-3c32-89ff-1941bf1b85da): мне на мои мечи нужно 80 стали
[09:27:58] Astrill3r (4f14ea5c-3acb-3628-be6d-e895cb743710): А то я рэйдж квитнул
[09:27:59] fofo15 (f948b7b0-96bc-3c32-89ff-1941bf1b85da): сюда
[09:28:22] Nehakariii (f1142aba-fce3-3f2f-8a97-a060192e77b9): верните пж способность вещи юзать
[09:28:29] N1XER__ (33df4bd2-977c-3f5b-bc4c-1c152339deb4): щас вернем
[09:28:36] Nehakariii (f1142aba-fce3-3f2f-8a97-a060192e77b9): давай
[09:28:44] Nehakariii (f1142aba-fce3-3f2f-8a97-a060192e77b9): могу на демке показать е у меня
[09:29:10] N1XER__ (33df4bd2-977c-3f5b-bc4c-1c152339deb4): можешь зайти показать, лишним не будет
[09:29:22] Nehakariii (f1142aba-fce3-3f2f-8a97-a060192e77b9): ссылку
[09:29:32] N1XER__ (33df4bd2-977c-3f5b-bc4c-1c152339deb4): а
[09:29:37] N1XER__ (33df4bd2-977c-3f5b-bc4c-1c152339deb4): у хишимори попроси у него есть
[09:29:41] Nehakariii (f1142aba-fce3-3f2f-8a97-a060192e77b9): он не может
[09:29:44] N1XER__ (33df4bd2-977c-3f5b-bc4c-1c152339deb4): и нильс вроде что-то сделал
[09:29:45] hishimori8 (5f163157-97b2-3ff9-9993-ef7b4f82d7e9): могу
[09:29:45] Nehakariii (f1142aba-fce3-3f2f-8a97-a060192e77b9): поему-то
[09:29:51] Nehakariii (f1142aba-fce3-3f2f-8a97-a060192e77b9): о все
[09:29:53] Nehakariii (f1142aba-fce3-3f2f-8a97-a060192e77b9): вернули
[09:29:55] Nehakariii (f1142aba-fce3-3f2f-8a97-a060192e77b9): вернули
[09:30:27] Nehakariii (f1142aba-fce3-3f2f-8a97-a060192e77b9): ура титул
[09:31:05] fofo15 (f948b7b0-96bc-3c32-89ff-1941bf1b85da): ура 1 сталь шмотка
[09:31:16] [CAPS] fofo15 (f948b7b0-96bc-3c32-89ff-1941bf1b85da): хахахах
[09:36:40] hishimori8 (5f163157-97b2-3ff9-9993-ef7b4f82d7e9): кто этот сервер тестил сука
[09:36:45] Nehakariii (f1142aba-fce3-3f2f-8a97-a060192e77b9): +
[09:37:28] Nehakariii (f1142aba-fce3-3f2f-8a97-a060192e77b9): за данат пакажу баг на х2 реси
[09:37:38] N1XER__ (33df4bd2-977c-3f5b-bc4c-1c152339deb4): вы можете вместе одну руду добывать
[09:37:42] Nehakariii (f1142aba-fce3-3f2f-8a97-a060192e77b9): -
[09:37:44] hishimori8 (5f163157-97b2-3ff9-9993-ef7b4f82d7e9): ненене никс)))
[09:37:46] fofo15 (f948b7b0-96bc-3c32-89ff-1941bf1b85da): забаню за этот же баг
[09:37:47] hishimori8 (5f163157-97b2-3ff9-9993-ef7b4f82d7e9): там пизда
[09:37:53] N1XER__ (33df4bd2-977c-3f5b-bc4c-1c152339deb4): что там
[09:37:53] Nehakariii (f1142aba-fce3-3f2f-8a97-a060192e77b9): там реал жестко
[09:37:57] Nehakariii (f1142aba-fce3-3f2f-8a97-a060192e77b9): х2 реси
[09:38:17] N1XER__ (33df4bd2-977c-3f5b-bc4c-1c152339deb4): ну расскажите про баг
[09:38:22] Nehakariii (f1142aba-fce3-3f2f-8a97-a060192e77b9): а ты мне то
[09:38:25] N1XER__ (33df4bd2-977c-3f5b-bc4c-1c152339deb4): ничего
[09:38:30] N1XER__ (33df4bd2-977c-3f5b-bc4c-1c152339deb4): а я тебе не багованный сервер
[09:38:31] Nehakariii (f1142aba-fce3-3f2f-8a97-a060192e77b9): плохое предложение
[09:38:38] Nehakariii (f1142aba-fce3-3f2f-8a97-a060192e77b9): мне этот баг нравится
[09:38:57] hishimori8 (5f163157-97b2-3ff9-9993-ef7b4f82d7e9): дайте ему 10 костей
[09:39:08] Nehakariii (f1142aba-fce3-3f2f-8a97-a060192e77b9): стак стейков и покажу
[09:39:15] N1XER__ (33df4bd2-977c-3f5b-bc4c-1c152339deb4): пусть тебя облогодает и заберет твои кости
[09:39:24] hishimori8 (5f163157-97b2-3ff9-9993-ef7b4f82d7e9): (
[09:39:40] hishimori8 (5f163157-97b2-3ff9-9993-ef7b4f82d7e9): за 32 стейка покажу
[09:39:43] N1XER__ (33df4bd2-977c-3f5b-bc4c-1c152339deb4): нет
[09:39:44] Nehakariii (f1142aba-fce3-3f2f-8a97-a060192e77b9): стак стейков и покажу
[09:39:54] N1XER__ (33df4bd2-977c-3f5b-bc4c-1c152339deb4): стак стейков это 5к монет
[09:39:54] fofo15 (f948b7b0-96bc-3c32-89ff-1941bf1b85da): бан и показывай
[09:40:03] N1XER__ (33df4bd2-977c-3f5b-bc4c-1c152339deb4): это моя зарплата годовая
[09:40:08] Nehakariii (f1142aba-fce3-3f2f-8a97-a060192e77b9): ну все вы без бага корое
[09:40:10] hishimori8 (5f163157-97b2-3ff9-9993-ef7b4f82d7e9): тебе игровой валютой платят?
[09:40:14] fofo15 (f948b7b0-96bc-3c32-89ff-1941bf1b85da): ну все ты забанен
[09:40:17] N1XER__ (33df4bd2-977c-3f5b-bc4c-1c152339deb4): нет
[09:40:19] N1XER__ (33df4bd2-977c-3f5b-bc4c-1c152339deb4): Не игровой
[09:40:55] hishimori8 (5f163157-97b2-3ff9-9993-ef7b4f82d7e9): N1XER__ корое
[09:40:58] hishimori8 (5f163157-97b2-3ff9-9993-ef7b4f82d7e9): баг в том
[09:41:09] Nehakariii (f1142aba-fce3-3f2f-8a97-a060192e77b9): в дс
[09:41:10] hishimori8 (5f163157-97b2-3ff9-9993-ef7b4f82d7e9): щас на демке покажет
[09:41:11] Nehakariii (f1142aba-fce3-3f2f-8a97-a060192e77b9): и покажем
[09:41:16] N1XER__ (33df4bd2-977c-3f5b-bc4c-1c152339deb4): ну зайдите
[09:41:31] hishimori8 (5f163157-97b2-3ff9-9993-ef7b4f82d7e9): я его приглашаю
[09:41:32] hishimori8 (5f163157-97b2-3ff9-9993-ef7b4f82d7e9): ща
[09:58:53] fofo15 (f948b7b0-96bc-3c32-89ff-1941bf1b85da): никс идем убьем ключника
[09:58:58] fofo15 (f948b7b0-96bc-3c32-89ff-1941bf1b85da): феникс и ты идем
[10:00:24] N1XER__ (33df4bd2-977c-3f5b-bc4c-1c152339deb4): убегайте пока феникс вышел ХАХАВХВАХАХ
[10:00:29] [CAPS] Nehakariii (f1142aba-fce3-3f2f-8a97-a060192e77b9): ты где
[10:00:30] hishimori8 (5f163157-97b2-3ff9-9993-ef7b4f82d7e9): ради этого и зашел
[10:00:38] [CAPS] Nehakariii (f1142aba-fce3-3f2f-8a97-a060192e77b9): спаси меня прошу
[10:00:43] hishimori8 (5f163157-97b2-3ff9-9993-ef7b4f82d7e9): ждали пока он ливнет
[10:02:20] N1XER__ (33df4bd2-977c-3f5b-bc4c-1c152339deb4): сюда
[10:03:09] hishimori8 (5f163157-97b2-3ff9-9993-ef7b4f82d7e9): настигли
[10:04:18] hishimori8 (5f163157-97b2-3ff9-9993-ef7b4f82d7e9): спасите человека от злобного кемпера шахтерского
[10:05:11] fofo15 (f948b7b0-96bc-3c32-89ff-1941bf1b85da): бигите
[10:11:44] N1XER__ (33df4bd2-977c-3f5b-bc4c-1c152339deb4): hishimori8 я нашел твою печь и наковальню
[10:12:02] Nehakariii (f1142aba-fce3-3f2f-8a97-a060192e77b9): где
[10:13:30] Nehakariii (f1142aba-fce3-3f2f-8a97-a060192e77b9): хишимори в муте
[10:13:32] Nehakariii (f1142aba-fce3-3f2f-8a97-a060192e77b9): почему-то
[10:13:49] fofo15 (f948b7b0-96bc-3c32-89ff-1941bf1b85da): я замутил
[10:14:23] hishimori8 (5f163157-97b2-3ff9-9993-ef7b4f82d7e9): а где оск
[10:15:09] N1XER__ (33df4bd2-977c-3f5b-bc4c-1c152339deb4): hishimori8 иди ко входу на второй город
[10:15:19] N1XER__ (33df4bd2-977c-3f5b-bc4c-1c152339deb4): или где ты вообще
[10:15:52] hishimori8 (5f163157-97b2-3ff9-9993-ef7b4f82d7e9): я в городе безе еды нахуй
[10:18:22] hishimori8 (5f163157-97b2-3ff9-9993-ef7b4f82d7e9): N1XER__ зайди к человеку ему помощь нужна
[10:19:22] Astrill3r (4f14ea5c-3acb-3628-be6d-e895cb743710): Да я ебал, ща пока типа жду меня волки съедят
[10:19:36] Astrill3r (4f14ea5c-3acb-3628-be6d-e895cb743710): Какой-то чувак вышел посреди леса чтоб не пвпшится
[10:19:55] Astrill3r (4f14ea5c-3acb-3628-be6d-e895cb743710): И теперь здесь золотая орда кабанов
[10:21:23] N1XER__ (33df4bd2-977c-3f5b-bc4c-1c152339deb4): нильс ты куда ушел
[10:21:25] N1XER__ (33df4bd2-977c-3f5b-bc4c-1c152339deb4): зади к нам
[10:21:49] N1XER__ (33df4bd2-977c-3f5b-bc4c-1c152339deb4): ко мне зайди нильс
[10:28:28] N1XER__ (33df4bd2-977c-3f5b-bc4c-1c152339deb4): hishimori8 ты де
[10:28:34] hishimori8 (5f163157-97b2-3ff9-9993-ef7b4f82d7e9): в городе
[10:28:38] N1XER__ (33df4bd2-977c-3f5b-bc4c-1c152339deb4): втором?
[10:28:40] hishimori8 (5f163157-97b2-3ff9-9993-ef7b4f82d7e9): да
[10:28:49] N1XER__ (33df4bd2-977c-3f5b-bc4c-1c152339deb4): жди в гильдии
[10:29:45] N1XER__ (33df4bd2-977c-3f5b-bc4c-1c152339deb4): яблоко дай
[10:29:54] hishimori8 (5f163157-97b2-3ff9-9993-ef7b4f82d7e9): спасиба
[10:29:54] N1XER__ (33df4bd2-977c-3f5b-bc4c-1c152339deb4): выложи лучше наковальню и печь
[10:29:57] N1XER__ (33df4bd2-977c-3f5b-bc4c-1c152339deb4): они стоят по 1к монет
[10:29:59] hishimori8 (5f163157-97b2-3ff9-9993-ef7b4f82d7e9): да
[10:30:03] hishimori8 (5f163157-97b2-3ff9-9993-ef7b4f82d7e9): спасиба друк
[10:30:18] hishimori8 (5f163157-97b2-3ff9-9993-ef7b4f82d7e9): ЕБАТЬ
[10:30:19] hishimori8 (5f163157-97b2-3ff9-9993-ef7b4f82d7e9): УРА
[10:30:20] [CAPS] N1XER__ (33df4bd2-977c-3f5b-bc4c-1c152339deb4): хахаххаха
[10:36:20] Astrill3r (4f14ea5c-3acb-3628-be6d-e895cb743710): NilsCoy Тревога
[10:36:25] Astrill3r (4f14ea5c-3acb-3628-be6d-e895cb743710): Gay alarm
[10:36:30] Astrill3r (4f14ea5c-3acb-3628-be6d-e895cb743710): Доска не работает
[10:47:46] Nehakariii (f1142aba-fce3-3f2f-8a97-a060192e77b9): у меня навык забагался
[10:48:45] Nehakariii (f1142aba-fce3-3f2f-8a97-a060192e77b9): у меня навык забагался
[10:50:09] Nehakariii (f1142aba-fce3-3f2f-8a97-a060192e77b9): нильс пофикси пж
[10:53:48] Nehakariii (f1142aba-fce3-3f2f-8a97-a060192e77b9): у мя копье из рук пропало
[10:53:55] N1XER__ (33df4bd2-977c-3f5b-bc4c-1c152339deb4): куда
[10:53:59] Nehakariii (f1142aba-fce3-3f2f-8a97-a060192e77b9): просто исчезло
[10:54:09] N1XER__ (33df4bd2-977c-3f5b-bc4c-1c152339deb4): а что ты делал с ним
[10:54:14] Nehakariii (f1142aba-fce3-3f2f-8a97-a060192e77b9): держал в руке
[10:54:15] hishimori8 (5f163157-97b2-3ff9-9993-ef7b4f82d7e9): в жопу сувал наверное
[10:54:20] N1XER__ (33df4bd2-977c-3f5b-bc4c-1c152339deb4): он проглотил тогда
[10:54:26] hishimori8 (5f163157-97b2-3ff9-9993-ef7b4f82d7e9): по факту
[10:54:28] hishimori8 (5f163157-97b2-3ff9-9993-ef7b4f82d7e9): проблема решена
[10:54:31] Nehakariii (f1142aba-fce3-3f2f-8a97-a060192e77b9): можно вернуть копье пж
[10:54:35] N1XER__ (33df4bd2-977c-3f5b-bc4c-1c152339deb4): можно
[10:54:37] N1XER__ (33df4bd2-977c-3f5b-bc4c-1c152339deb4): нильс ушел куда-то
[10:54:40] N1XER__ (33df4bd2-977c-3f5b-bc4c-1c152339deb4): вернется вернуть должен..
[10:54:42] hishimori8 (5f163157-97b2-3ff9-9993-ef7b4f82d7e9): можно но осторожно
[10:54:59] N1XER__ (33df4bd2-977c-3f5b-bc4c-1c152339deb4): посмотри внимательно в инвентаре
[10:55:03] N1XER__ (33df4bd2-977c-3f5b-bc4c-1c152339deb4): или может выкинул
[10:55:04] Nehakariii (f1142aba-fce3-3f2f-8a97-a060192e77b9): нету
[10:55:07] Nehakariii (f1142aba-fce3-3f2f-8a97-a060192e77b9): я проверил
[10:55:24] Nehakariii (f1142aba-fce3-3f2f-8a97-a060192e77b9): а все
[10:55:26] Nehakariii (f1142aba-fce3-3f2f-8a97-a060192e77b9): появилось
[10:55:27] N1XER__ (33df4bd2-977c-3f5b-bc4c-1c152339deb4): а
[10:55:29] N1XER__ (33df4bd2-977c-3f5b-bc4c-1c152339deb4): где оно было
[10:55:34] Nehakariii (f1142aba-fce3-3f2f-8a97-a060192e77b9): в том слоте
[10:55:36] Nehakariii (f1142aba-fce3-3f2f-8a97-a060192e77b9): фантомно пропало
[10:55:39] N1XER__ (33df4bd2-977c-3f5b-bc4c-1c152339deb4): понял
[10:56:39] hishimori8 (5f163157-97b2-3ff9-9993-ef7b4f82d7e9): нильс крыс в железную шахту завез?
[10:56:50] N1XER__ (33df4bd2-977c-3f5b-bc4c-1c152339deb4): да
[10:56:57] hishimori8 (5f163157-97b2-3ff9-9993-ef7b4f82d7e9): какой продуктивный сегодня
[10:57:03] Nehakariii (f1142aba-fce3-3f2f-8a97-a060192e77b9): почему с железных крыс у которых на спине железо не падает железо????
[10:57:12] N1XER__ (33df4bd2-977c-3f5b-bc4c-1c152339deb4): падает
[10:57:16] N1XER__ (33df4bd2-977c-3f5b-bc4c-1c152339deb4): иногда
[10:57:21] Nehakariii (f1142aba-fce3-3f2f-8a97-a060192e77b9): я уже штук 10 убил
[11:18:41] NilsCoy (4a24e6bd-ea3a-3318-8f49-61b87de854d0): в
[11:22:48] fofo15 (f948b7b0-96bc-3c32-89ff-1941bf1b85da): f
[11:22:49] fofo15 (f948b7b0-96bc-3c32-89ff-1941bf1b85da): f
[11:22:50] fofo15 (f948b7b0-96bc-3c32-89ff-1941bf1b85da): f
[11:22:52] fofo15 (f948b7b0-96bc-3c32-89ff-1941bf1b85da): f
[11:23:05] fofo15 (f948b7b0-96bc-3c32-89ff-1941bf1b85da): f
[11:27:49] Astrill3r (4f14ea5c-3acb-3628-be6d-e895cb743710): Кароче идите нахуй
[11:27:56] Astrill3r (4f14ea5c-3acb-3628-be6d-e895cb743710): Я начинаю падать под землю
[11:28:01] Astrill3r (4f14ea5c-3acb-3628-be6d-e895cb743710): Отлаг и смерть
[11:33:38] N1XER__ (33df4bd2-977c-3f5b-bc4c-1c152339deb4): АВ
[11:34:39] hishimori8 (5f163157-97b2-3ff9-9993-ef7b4f82d7e9): проснись
[11:34:44] hishimori8 (5f163157-97b2-3ff9-9993-ef7b4f82d7e9): пожалуйста
[11:35:02] hishimori8 (5f163157-97b2-3ff9-9993-ef7b4f82d7e9): не обжег жопу?
[11:46:27] Nehakariii (f1142aba-fce3-3f2f-8a97-a060192e77b9): а на тати скины есть?
[11:46:32] N1XER__ (33df4bd2-977c-3f5b-bc4c-1c152339deb4): lf
[11:46:33] N1XER__ (33df4bd2-977c-3f5b-bc4c-1c152339deb4): да
[11:46:35] Nehakariii (f1142aba-fce3-3f2f-8a97-a060192e77b9): а где
[11:46:41] N1XER__ (33df4bd2-977c-3f5b-bc4c-1c152339deb4): пока что только в донат кейсе
[11:46:44] N1XER__ (33df4bd2-977c-3f5b-bc4c-1c152339deb4): в будущем будут в магазе
[11:46:44] hishimori8 (5f163157-97b2-3ff9-9993-ef7b4f82d7e9): )
[11:46:44] Nehakariii (f1142aba-fce3-3f2f-8a97-a060192e77b9): анвак
[12:05:13] fofo15 (f948b7b0-96bc-3c32-89ff-1941bf1b85da): женщина
[12:05:15] fofo15 (f948b7b0-96bc-3c32-89ff-1941bf1b85da): ужс
[12:06:29] Nehakariii (f1142aba-fce3-3f2f-8a97-a060192e77b9): помогите наковальня забагалась
[12:06:32] hishimori8 (5f163157-97b2-3ff9-9993-ef7b4f82d7e9): а как anveel забрать
[12:06:37] N1XER__ (33df4bd2-977c-3f5b-bc4c-1c152339deb4): шифт пкм
[12:06:41] Nehakariii (f1142aba-fce3-3f2f-8a97-a060192e77b9): оно открывает гуи
[12:06:43] hishimori8 (5f163157-97b2-3ff9-9993-ef7b4f82d7e9): там обычная открывается
[12:06:46] Nehakariii (f1142aba-fce3-3f2f-8a97-a060192e77b9): наковальни
[12:06:47] hishimori8 (5f163157-97b2-3ff9-9993-ef7b4f82d7e9): дефолтная
[12:06:50] NilsCoy (4a24e6bd-ea3a-3318-8f49-61b87de854d0): перезайди
[12:06:52] hishimori8 (5f163157-97b2-3ff9-9993-ef7b4f82d7e9): anveel
[12:07:01] NilsCoy (4a24e6bd-ea3a-3318-8f49-61b87de854d0): и как он его сделал?
[12:07:09] Nehakariii (f1142aba-fce3-3f2f-8a97-a060192e77b9): все равно
[12:07:32] hishimori8 (5f163157-97b2-3ff9-9993-ef7b4f82d7e9): ватафак
[12:07:34] NilsCoy (4a24e6bd-ea3a-3318-8f49-61b87de854d0): что ты сделал
[12:07:39] hishimori8 (5f163157-97b2-3ff9-9993-ef7b4f82d7e9): сервер твой
[12:07:41] Nehakariii (f1142aba-fce3-3f2f-8a97-a060192e77b9): шифт пкм
[12:07:42] Nehakariii (f1142aba-fce3-3f2f-8a97-a060192e77b9): нажал
[12:07:43] Nehakariii (f1142aba-fce3-3f2f-8a97-a060192e77b9): по ней
[12:07:45] Nehakariii (f1142aba-fce3-3f2f-8a97-a060192e77b9): и она не забирается
[12:07:48] hishimori8 (5f163157-97b2-3ff9-9993-ef7b4f82d7e9): да
[12:07:52] NilsCoy (4a24e6bd-ea3a-3318-8f49-61b87de854d0): а до этого?
[12:07:57] Nehakariii (f1142aba-fce3-3f2f-8a97-a060192e77b9): забиралась
[12:08:04] NilsCoy (4a24e6bd-ea3a-3318-8f49-61b87de854d0): что ты сделал до этого
[12:08:06] hishimori8 (5f163157-97b2-3ff9-9993-ef7b4f82d7e9): делал кучу железа
[12:08:16] Nehakariii (f1142aba-fce3-3f2f-8a97-a060192e77b9): 50 стали долбил
[12:08:27] hishimori8 (5f163157-97b2-3ff9-9993-ef7b4f82d7e9): все сломалась
[12:08:29] hishimori8 (5f163157-97b2-3ff9-9993-ef7b4f82d7e9): отжила свое
[12:09:06] NilsCoy (4a24e6bd-ea3a-3318-8f49-61b87de854d0): все
[12:09:09] NilsCoy (4a24e6bd-ea3a-3318-8f49-61b87de854d0): кайфуй
[12:09:12] Nehakariii (f1142aba-fce3-3f2f-8a97-a060192e77b9): а вернуть
[12:09:40] NilsCoy (4a24e6bd-ea3a-3318-8f49-61b87de854d0): я дал денег
[12:09:44] NilsCoy (4a24e6bd-ea3a-3318-8f49-61b87de854d0): купишь новую
[12:11:06] Nehakariii (f1142aba-fce3-3f2f-8a97-a060192e77b9): что значат вопролики сверху
[12:11:15] N1XER__ (33df4bd2-977c-3f5b-bc4c-1c152339deb4): Это показывает что у тебя там задание
[12:11:21] N1XER__ (33df4bd2-977c-3f5b-bc4c-1c152339deb4): сверху это твой компасс
[12:11:27] N1XER__ (33df4bd2-977c-3f5b-bc4c-1c152339deb4): и в той стороне где вопросики там задание
[12:11:27] Nehakariii (f1142aba-fce3-3f2f-8a97-a060192e77b9): спасибо
[12:12:33] Nehakariii (f1142aba-fce3-3f2f-8a97-a060192e77b9): что делает пассивка тати?
[12:12:42] N1XER__ (33df4bd2-977c-3f5b-bc4c-1c152339deb4): ты вроде можешь делать жесткие комбо атаки
[12:12:47] N1XER__ (33df4bd2-977c-3f5b-bc4c-1c152339deb4): то есть быстро три раза ударять
[12:12:51] Nehakariii (f1142aba-fce3-3f2f-8a97-a060192e77b9): аааа
[12:12:54] Nehakariii (f1142aba-fce3-3f2f-8a97-a060192e77b9): так вот че это
[12:12:57] hishimori8 (5f163157-97b2-3ff9-9993-ef7b4f82d7e9): там опечатка в названии квеста
[12:13:02] N1XER__ (33df4bd2-977c-3f5b-bc4c-1c152339deb4): О
[12:13:05] N1XER__ (33df4bd2-977c-3f5b-bc4c-1c152339deb4): скринь и нильсу в лс
[12:13:05] hishimori8 (5f163157-97b2-3ff9-9993-ef7b4f82d7e9): Экзамен на завание авантюриста
[12:23:47] fofo15 (f948b7b0-96bc-3c32-89ff-1941bf1b85da): 6 отшагов
[12:23:59] fofo15 (f948b7b0-96bc-3c32-89ff-1941bf1b85da): я могу еще взять
[12:24:04] fofo15 (f948b7b0-96bc-3c32-89ff-1941bf1b85da): доп выноску
[12:24:42] fofo15 (f948b7b0-96bc-3c32-89ff-1941bf1b85da): катана кста может еще быстрее бить
[12:24:46] fofo15 (f948b7b0-96bc-3c32-89ff-1941bf1b85da): и давать 5 ударов
[12:25:06] fofo15 (f948b7b0-96bc-3c32-89ff-1941bf1b85da): ну да
[12:25:22] fofo15 (f948b7b0-96bc-3c32-89ff-1941bf1b85da): большой меч урона меньше наносит..
[12:27:13] fofo15 (f948b7b0-96bc-3c32-89ff-1941bf1b85da): мб лук купить
[12:31:39] fofo15 (f948b7b0-96bc-3c32-89ff-1941bf1b85da): на большом мече
[12:31:41] fofo15 (f948b7b0-96bc-3c32-89ff-1941bf1b85da): ой
[12:31:43] fofo15 (f948b7b0-96bc-3c32-89ff-1941bf1b85da): на обычном
[12:32:00] fofo15 (f948b7b0-96bc-3c32-89ff-1941bf1b85da): на мечах еще быстрее
[12:32:15] fofo15 (f948b7b0-96bc-3c32-89ff-1941bf1b85da): на мечах быстрее чем на катане
[12:32:34] fofo15 (f948b7b0-96bc-3c32-89ff-1941bf1b85da): так с мечами также
[12:33:59] fofo15 (f948b7b0-96bc-3c32-89ff-1941bf1b85da): идем школьников убивать
[12:34:28] fofo15 (f948b7b0-96bc-3c32-89ff-1941bf1b85da): але дуэль киньте
[12:36:54] fofo15 (f948b7b0-96bc-3c32-89ff-1941bf1b85da): [f[f
[12:37:25] [CAPS] fofo15 (f948b7b0-96bc-3c32-89ff-1941bf1b85da): {f{f{f{f
[12:37:31] fofo15 (f948b7b0-96bc-3c32-89ff-1941bf1b85da): чекайте
[12:37:40] fofo15 (f948b7b0-96bc-3c32-89ff-1941bf1b85da): чекайте
[12:38:49] fofo15 (f948b7b0-96bc-3c32-89ff-1941bf1b85da): я с читами вижу всех
[12:43:40] N1XER__ (33df4bd2-977c-3f5b-bc4c-1c152339deb4): фофо
[12:43:41] N1XER__ (33df4bd2-977c-3f5b-bc4c-1c152339deb4): ты как там
[12:43:42] N1XER__ (33df4bd2-977c-3f5b-bc4c-1c152339deb4): оказался
[12:43:48] fofo15 (f948b7b0-96bc-3c32-89ff-1941bf1b85da): феникс ливнул
[12:43:52] N1XER__ (33df4bd2-977c-3f5b-bc4c-1c152339deb4): пхазвыхзаывф
[12:45:06] fofo15 (f948b7b0-96bc-3c32-89ff-1941bf1b85da): я плачу
[12:45:09] fofo15 (f948b7b0-96bc-3c32-89ff-1941bf1b85da): я хочу пати
[12:45:13] fofo15 (f948b7b0-96bc-3c32-89ff-1941bf1b85da): пойдем сделаем пати
[12:45:17] fofo15 (f948b7b0-96bc-3c32-89ff-1941bf1b85da): окей
[12:45:19] fofo15 (f948b7b0-96bc-3c32-89ff-1941bf1b85da): не дорого
[12:45:28] fofo15 (f948b7b0-96bc-3c32-89ff-1941bf1b85da): у меня на балансе 76
[12:45:29] fofo15 (f948b7b0-96bc-3c32-89ff-1941bf1b85da): к
[12:45:48] fofo15 (f948b7b0-96bc-3c32-89ff-1941bf1b85da): сталь клинки кста буду скорее всего круче катаны..
[12:46:09] fofo15 (f948b7b0-96bc-3c32-89ff-1941bf1b85da): клинки со сборочкой тоже меня
[12:46:12] fofo15 (f948b7b0-96bc-3c32-89ff-1941bf1b85da): мета
[12:46:27] fofo15 (f948b7b0-96bc-3c32-89ff-1941bf1b85da): мечи имба я просто прохожу сквозь типа
[12:46:32] fofo15 (f948b7b0-96bc-3c32-89ff-1941bf1b85da): они контрят защиту
[12:46:35] fofo15 (f948b7b0-96bc-3c32-89ff-1941bf1b85da): -
[12:46:38] fofo15 (f948b7b0-96bc-3c32-89ff-1941bf1b85da): катана меньше
[12:46:50] fofo15 (f948b7b0-96bc-3c32-89ff-1941bf1b85da): вчера
[12:47:56] fofo15 (f948b7b0-96bc-3c32-89ff-1941bf1b85da): я пошел школьников террорить
[12:50:14] fofo15 (f948b7b0-96bc-3c32-89ff-1941bf1b85da): НЕТ
[12:50:20] fofo15 (f948b7b0-96bc-3c32-89ff-1941bf1b85da): дистианция такая же..
[12:50:37] fofo15 (f948b7b0-96bc-3c32-89ff-1941bf1b85da): 3 удара
[12:50:40] fofo15 (f948b7b0-96bc-3c32-89ff-1941bf1b85da): я улечу дальше
[12:51:13] fofo15 (f948b7b0-96bc-3c32-89ff-1941bf1b85da): расскажем фениксу как контрить ульту?
[13:06:21] fofo15 (f948b7b0-96bc-3c32-89ff-1941bf1b85da): пати
[13:06:30] fofo15 (f948b7b0-96bc-3c32-89ff-1941bf1b85da): у меня на балике щас 67к
[13:06:37] fofo15 (f948b7b0-96bc-3c32-89ff-1941bf1b85da): не скину
[13:06:38] fofo15 (f948b7b0-96bc-3c32-89ff-1941bf1b85da): соси
[13:06:41] fofo15 (f948b7b0-96bc-3c32-89ff-1941bf1b85da): пати сделай
[13:06:45] fofo15 (f948b7b0-96bc-3c32-89ff-1941bf1b85da): не говори
[13:06:46] fofo15 (f948b7b0-96bc-3c32-89ff-1941bf1b85da): не говори
[13:06:46] fofo15 (f948b7b0-96bc-3c32-89ff-1941bf1b85da): не говори
[13:06:47] fofo15 (f948b7b0-96bc-3c32-89ff-1941bf1b85da): не говори
[13:07:20] fofo15 (f948b7b0-96bc-3c32-89ff-1941bf1b85da): есть
[13:07:32] fofo15 (f948b7b0-96bc-3c32-89ff-1941bf1b85da): у меня 3 стака стали
[13:07:44] fofo15 (f948b7b0-96bc-3c32-89ff-1941bf1b85da): и я за пару минут накопал 15 стаков железа
[13:07:46] fofo15 (f948b7b0-96bc-3c32-89ff-1941bf1b85da): ты о чем
[13:07:47] fofo15 (f948b7b0-96bc-3c32-89ff-1941bf1b85da): дла
[13:07:48] fofo15 (f948b7b0-96bc-3c32-89ff-1941bf1b85da): да
[13:07:53] fofo15 (f948b7b0-96bc-3c32-89ff-1941bf1b85da): я излишки продал
[13:08:01] fofo15 (f948b7b0-96bc-3c32-89ff-1941bf1b85da): крысы мешают
[13:08:04] fofo15 (f948b7b0-96bc-3c32-89ff-1941bf1b85da): но я слишком быстрый
[13:08:52] fofo15 (f948b7b0-96bc-3c32-89ff-1941bf1b85da): N1XER__ пати сделай блять
[13:08:59] fofo15 (f948b7b0-96bc-3c32-89ff-1941bf1b85da): пандора
[13:09:05] fofo15 (f948b7b0-96bc-3c32-89ff-1941bf1b85da): у нас дс же есть
[13:09:14] fofo15 (f948b7b0-96bc-3c32-89ff-1941bf1b85da): похуй
[13:09:24] fofo15 (f948b7b0-96bc-3c32-89ff-1941bf1b85da): PNT
[13:09:37] fofo15 (f948b7b0-96bc-3c32-89ff-1941bf1b85da): не
[13:09:40] fofo15 (f948b7b0-96bc-3c32-89ff-1941bf1b85da): никс содержанка
[13:09:49] fofo15 (f948b7b0-96bc-3c32-89ff-1941bf1b85da): не делай у меня еще есть
[13:09:55] fofo15 (f948b7b0-96bc-3c32-89ff-1941bf1b85da): блять
[13:09:57] fofo15 (f948b7b0-96bc-3c32-89ff-1941bf1b85da): ну не 67к
[13:10:03] fofo15 (f948b7b0-96bc-3c32-89ff-1941bf1b85da): 34к
[13:10:26] fofo15 (f948b7b0-96bc-3c32-89ff-1941bf1b85da): ладно сука
[13:10:28] fofo15 (f948b7b0-96bc-3c32-89ff-1941bf1b85da): всего 21
[13:10:34] fofo15 (f948b7b0-96bc-3c32-89ff-1941bf1b85da): нет
[13:11:00] fofo15 (f948b7b0-96bc-3c32-89ff-1941bf1b85da): 4 нуля это не 100к
[13:11:06] fofo15 (f948b7b0-96bc-3c32-89ff-1941bf1b85da): это 10000
[13:11:09] fofo15 (f948b7b0-96bc-3c32-89ff-1941bf1b85da): и тдж
[13:11:16] fofo15 (f948b7b0-96bc-3c32-89ff-1941bf1b85da): ну 12
[13:11:25] fofo15 (f948b7b0-96bc-3c32-89ff-1941bf1b85da): 1
[13:11:39] fofo15 (f948b7b0-96bc-3c32-89ff-1941bf1b85da): молча
[13:11:53] fofo15 (f948b7b0-96bc-3c32-89ff-1941bf1b85da): а
[13:12:00] fofo15 (f948b7b0-96bc-3c32-89ff-1941bf1b85da): у меня
[13:12:02] fofo15 (f948b7b0-96bc-3c32-89ff-1941bf1b85da): 1к
[13:12:03] fofo15 (f948b7b0-96bc-3c32-89ff-1941bf1b85da): аххаха
[13:12:34] fofo15 (f948b7b0-96bc-3c32-89ff-1941bf1b85da): PNY
[13:12:36] fofo15 (f948b7b0-96bc-3c32-89ff-1941bf1b85da): PN
[13:12:38] fofo15 (f948b7b0-96bc-3c32-89ff-1941bf1b85da): PNT
[13:12:42] fofo15 (f948b7b0-96bc-3c32-89ff-1941bf1b85da): PNT
[13:12:43] fofo15 (f948b7b0-96bc-3c32-89ff-1941bf1b85da): PNT
[13:12:48] NilsCoy (4a24e6bd-ea3a-3318-8f49-61b87de854d0): GOD
[13:12:52] fofo15 (f948b7b0-96bc-3c32-89ff-1941bf1b85da): [f[f[f[f
[13:12:56] fofo15 (f948b7b0-96bc-3c32-89ff-1941bf1b85da): год
[13:12:59] fofo15 (f948b7b0-96bc-3c32-89ff-1941bf1b85da): кринж название
[13:13:02] fofo15 (f948b7b0-96bc-3c32-89ff-1941bf1b85da): VNT
[13:13:03] fofo15 (f948b7b0-96bc-3c32-89ff-1941bf1b85da): VNT
[13:13:12] fofo15 (f948b7b0-96bc-3c32-89ff-1941bf1b85da): Panteon
[13:13:25] fofo15 (f948b7b0-96bc-3c32-89ff-1941bf1b85da): cekc v bolshom gorodi
[13:13:37] fofo15 (f948b7b0-96bc-3c32-89ff-1941bf1b85da): cekc v bolshom gorodi
[13:13:38] fofo15 (f948b7b0-96bc-3c32-89ff-1941bf1b85da): cekc v bolshom gorodi
[13:13:39] fofo15 (f948b7b0-96bc-3c32-89ff-1941bf1b85da): cekc v bolshom gorodi
[13:13:49] fofo15 (f948b7b0-96bc-3c32-89ff-1941bf1b85da): PNT
[13:13:50] fofo15 (f948b7b0-96bc-3c32-89ff-1941bf1b85da): PNT
[13:13:51] fofo15 (f948b7b0-96bc-3c32-89ff-1941bf1b85da): PNT
[13:13:55] fofo15 (f948b7b0-96bc-3c32-89ff-1941bf1b85da): gfyntjy
[13:13:59] NilsCoy (4a24e6bd-ea3a-3318-8f49-61b87de854d0): PNG
[13:13:59] fofo15 (f948b7b0-96bc-3c32-89ff-1941bf1b85da): panteon
[13:14:02] fofo15 (f948b7b0-96bc-3c32-89ff-1941bf1b85da): PNG
[13:14:02] fofo15 (f948b7b0-96bc-3c32-89ff-1941bf1b85da): PNG
[13:14:03] fofo15 (f948b7b0-96bc-3c32-89ff-1941bf1b85da): PNG
[13:14:10] fofo15 (f948b7b0-96bc-3c32-89ff-1941bf1b85da): Format PNG
[13:14:17] fofo15 (f948b7b0-96bc-3c32-89ff-1941bf1b85da): Pines
[13:14:18] fofo15 (f948b7b0-96bc-3c32-89ff-1941bf1b85da): Pines
[13:14:19] fofo15 (f948b7b0-96bc-3c32-89ff-1941bf1b85da): Pines
[13:14:26] fofo15 (f948b7b0-96bc-3c32-89ff-1941bf1b85da): инвайт кидай
[13:14:55] N1XER__ (33df4bd2-977c-3f5b-bc4c-1c152339deb4): 1
[13:15:03] fofo15 (f948b7b0-96bc-3c32-89ff-1941bf1b85da): в ближайший год не у кого не будет 10к монет
[13:15:07] fofo15 (f948b7b0-96bc-3c32-89ff-1941bf1b85da): инвайт
[13:15:28] fofo15 (f948b7b0-96bc-3c32-89ff-1941bf1b85da): в бан за мошеничество
[13:15:43] fofo15 (f948b7b0-96bc-3c32-89ff-1941bf1b85da): пися
[13:15:53] NilsCoy (4a24e6bd-ea3a-3318-8f49-61b87de854d0): хуй
[13:15:55] N1XER__ (33df4bd2-977c-3f5b-bc4c-1c152339deb4): пися
[13:15:56] fofo15 (f948b7b0-96bc-3c32-89ff-1941bf1b85da): пися info
[13:16:57] fofo15 (f948b7b0-96bc-3c32-89ff-1941bf1b85da): идем убьем
[13:16:59] fofo15 (f948b7b0-96bc-3c32-89ff-1941bf1b85da): разбойника
[13:17:07] fofo15 (f948b7b0-96bc-3c32-89ff-1941bf1b85da): разбойника
[13:17:08] fofo15 (f948b7b0-96bc-3c32-89ff-1941bf1b85da): разбойника
[13:17:25] fofo15 (f948b7b0-96bc-3c32-89ff-1941bf1b85da): посади осла
[13:18:28] fofo15 (f948b7b0-96bc-3c32-89ff-1941bf1b85da): топор тоже так
[13:18:39] fofo15 (f948b7b0-96bc-3c32-89ff-1941bf1b85da): это формат
[13:18:50] fofo15 (f948b7b0-96bc-3c32-89ff-1941bf1b85da): of
[13:18:51] fofo15 (f948b7b0-96bc-3c32-89ff-1941bf1b85da): за
[13:19:04] fofo15 (f948b7b0-96bc-3c32-89ff-1941bf1b85da): едем
[13:19:25] fofo15 (f948b7b0-96bc-3c32-89ff-1941bf1b85da): там за каждого +12 опыта
[13:19:29] NilsCoy (4a24e6bd-ea3a-3318-8f49-61b87de854d0): d
[13:23:48] fofo15 (f948b7b0-96bc-3c32-89ff-1941bf1b85da): э
[13:23:51] fofo15 (f948b7b0-96bc-3c32-89ff-1941bf1b85da): отдаи
[13:24:03] fofo15 (f948b7b0-96bc-3c32-89ff-1941bf1b85da): тебе фармим?
[13:27:10] fofo15 (f948b7b0-96bc-3c32-89ff-1941bf1b85da): никс
[13:27:11] fofo15 (f948b7b0-96bc-3c32-89ff-1941bf1b85da): идем
[13:27:13] fofo15 (f948b7b0-96bc-3c32-89ff-1941bf1b85da): еще
[13:27:18] fofo15 (f948b7b0-96bc-3c32-89ff-1941bf1b85da): убьем
[13:27:21] N1XER__ (33df4bd2-977c-3f5b-bc4c-1c152339deb4): он еще не заспавнился
[13:27:29] fofo15 (f948b7b0-96bc-3c32-89ff-1941bf1b85da): идем убьем тогда
[13:27:32] fofo15 (f948b7b0-96bc-3c32-89ff-1941bf1b85da): ключника
[13:28:19] fofo15 (f948b7b0-96bc-3c32-89ff-1941bf1b85da): на юго западе босс
[13:29:10] fofo15 (f948b7b0-96bc-3c32-89ff-1941bf1b85da): пойду фармить реагенты
[13:29:34] fofo15 (f948b7b0-96bc-3c32-89ff-1941bf1b85da): Astrill3r N1XER__ скоко у вас кобольта?
[13:29:57] fofo15 (f948b7b0-96bc-3c32-89ff-1941bf1b85da): Astrill3r сколько у тебя кобальта?
[13:30:06] Astrill3r (4f14ea5c-3acb-3628-be6d-e895cb743710): 36
[13:30:44] fofo15 (f948b7b0-96bc-3c32-89ff-1941bf1b85da): у меня 28 кобальта..
[13:32:50] fofo15 (f948b7b0-96bc-3c32-89ff-1941bf1b85da): ОООООО лисья нора!
[13:34:13] fofo15 (f948b7b0-96bc-3c32-89ff-1941bf1b85da): я за все время нашел 4 цветка
[13:36:00] fofo15 (f948b7b0-96bc-3c32-89ff-1941bf1b85da): мы хотели
[13:36:05] fofo15 (f948b7b0-96bc-3c32-89ff-1941bf1b85da): нас обосрал нильс
[13:36:58] fofo15 (f948b7b0-96bc-3c32-89ff-1941bf1b85da): за мнгой 50 волков
[13:38:48] NilsCoy (4a24e6bd-ea3a-3318-8f49-61b87de854d0): N1XER__
[13:39:00] NilsCoy (4a24e6bd-ea3a-3318-8f49-61b87de854d0): я хочу сказать кое что важное
[13:41:00] fofo15 (f948b7b0-96bc-3c32-89ff-1941bf1b85da): да
[13:41:02] fofo15 (f948b7b0-96bc-3c32-89ff-1941bf1b85da): мы хотели
[13:41:07] fofo15 (f948b7b0-96bc-3c32-89ff-1941bf1b85da): нас сказали вы ебланы
[13:41:11] fofo15 (f948b7b0-96bc-3c32-89ff-1941bf1b85da): угадай
[13:41:19] fofo15 (f948b7b0-96bc-3c32-89ff-1941bf1b85da): мы только предложили
[13:48:16] fofo15 (f948b7b0-96bc-3c32-89ff-1941bf1b85da): уголь фармить
[13:48:22] fofo15 (f948b7b0-96bc-3c32-89ff-1941bf1b85da): у меня хлеб стоит 29р
[13:53:15] fofo15 (f948b7b0-96bc-3c32-89ff-1941bf1b85da): никс дс лс
[13:53:33] fofo15 (f948b7b0-96bc-3c32-89ff-1941bf1b85da): дадад
[13:53:51] fofo15 (f948b7b0-96bc-3c32-89ff-1941bf1b85da): никс
[13:53:52] fofo15 (f948b7b0-96bc-3c32-89ff-1941bf1b85da): идем
[13:53:54] fofo15 (f948b7b0-96bc-3c32-89ff-1941bf1b85da): алхимичить
[13:54:06] fofo15 (f948b7b0-96bc-3c32-89ff-1941bf1b85da): рыбу лови
[13:54:13] fofo15 (f948b7b0-96bc-3c32-89ff-1941bf1b85da): я знаю бочку с оружием
[13:57:43] fofo15 (f948b7b0-96bc-3c32-89ff-1941bf1b85da): у меня тут владыка мертвых
[13:59:07] fofo15 (f948b7b0-96bc-3c32-89ff-1941bf1b85da): пойдем те убьем владыку мертвых
[13:59:10] fofo15 (f948b7b0-96bc-3c32-89ff-1941bf1b85da): пойдем те убьем владыку мертвых
[13:59:15] fofo15 (f948b7b0-96bc-3c32-89ff-1941bf1b85da): 3
[13:59:24] fofo15 (f948b7b0-96bc-3c32-89ff-1941bf1b85da): я не могу
[13:59:25] Astrill3r (4f14ea5c-3acb-3628-be6d-e895cb743710): езеч
[13:59:28] Astrill3r (4f14ea5c-3acb-3628-be6d-e895cb743710): Где он
[13:59:28] fofo15 (f948b7b0-96bc-3c32-89ff-1941bf1b85da): мне лень
[13:59:31] Astrill3r (4f14ea5c-3acb-3628-be6d-e895cb743710): Я 5 убил
[13:59:33] fofo15 (f948b7b0-96bc-3c32-89ff-1941bf1b85da): 1 лока
[13:59:44] Astrill3r (4f14ea5c-3acb-3628-be6d-e895cb743710): Нихуя наводка яндекс навигатор
[13:59:55] fofo15 (f948b7b0-96bc-3c32-89ff-1941bf1b85da): идем за мной
[14:01:08] fofo15 (f948b7b0-96bc-3c32-89ff-1941bf1b85da): босс около лесопилки
[14:02:08] fofo15 (f948b7b0-96bc-3c32-89ff-1941bf1b85da): феникс хочешь заняться алхимией?
[14:02:30] fofo15 (f948b7b0-96bc-3c32-89ff-1941bf1b85da): феникс хочешь заняться алхимией?
[14:05:28] fofo15 (f948b7b0-96bc-3c32-89ff-1941bf1b85da): я с девочкой трахался вчера
[14:06:10] fofo15 (f948b7b0-96bc-3c32-89ff-1941bf1b85da): нелся
[14:09:46] fofo15 (f948b7b0-96bc-3c32-89ff-1941bf1b85da): не факт
[14:12:09] fofo15 (f948b7b0-96bc-3c32-89ff-1941bf1b85da): фень
[14:12:14] fofo15 (f948b7b0-96bc-3c32-89ff-1941bf1b85da): я отвлекаю скелетов
[14:12:17] fofo15 (f948b7b0-96bc-3c32-89ff-1941bf1b85da): ты его
[14:12:25] fofo15 (f948b7b0-96bc-3c32-89ff-1941bf1b85da): я видел
[14:12:27] fofo15 (f948b7b0-96bc-3c32-89ff-1941bf1b85da): я щас предлагаю
[14:12:32] fofo15 (f948b7b0-96bc-3c32-89ff-1941bf1b85da): ты просто раньше пришел
[14:13:00] fofo15 (f948b7b0-96bc-3c32-89ff-1941bf1b85da): можем его в деревню завести
[14:13:07] fofo15 (f948b7b0-96bc-3c32-89ff-1941bf1b85da): -
[14:13:10] fofo15 (f948b7b0-96bc-3c32-89ff-1941bf1b85da): он не исчезает
[14:13:21] fofo15 (f948b7b0-96bc-3c32-89ff-1941bf1b85da): они не исчезают
[14:13:25] fofo15 (f948b7b0-96bc-3c32-89ff-1941bf1b85da): я так убивал 11 лвл
[14:13:36] fofo15 (f948b7b0-96bc-3c32-89ff-1941bf1b85da): во 2 город
[14:13:38] fofo15 (f948b7b0-96bc-3c32-89ff-1941bf1b85da): не исчезал
[14:15:49] fofo15 (f948b7b0-96bc-3c32-89ff-1941bf1b85da): Имба
[14:17:55] N1XER__ (33df4bd2-977c-3f5b-bc4c-1c152339deb4): W1ldGoR
[14:18:00] W1ldGoR (19f1ff91-3e50-3d3c-b6cc-61b31933e967): поршщзкпш
[14:32:20] Astrill3r (4f14ea5c-3acb-3628-be6d-e895cb743710): 2462
[14:32:24] Astrill3r (4f14ea5c-3acb-3628-be6d-e895cb743710): 93
[14:43:30] fofo15 (f948b7b0-96bc-3c32-89ff-1941bf1b85da): vvv
[14:43:47] fofo15 (f948b7b0-96bc-3c32-89ff-1941bf1b85da): монолит ты щас где?
[14:44:40] fofo15 (f948b7b0-96bc-3c32-89ff-1941bf1b85da): W1ldGoR йоу
[14:45:08] fofo15 (f948b7b0-96bc-3c32-89ff-1941bf1b85da): Astrill3r
[14:45:13] fofo15 (f948b7b0-96bc-3c32-89ff-1941bf1b85da): иди сюда
[14:45:21] Astrill3r (4f14ea5c-3acb-3628-be6d-e895cb743710): та шо там
[14:45:24] Astrill3r (4f14ea5c-3acb-3628-be6d-e895cb743710): Я уже далеко
[14:45:33] fofo15 (f948b7b0-96bc-3c32-89ff-1941bf1b85da): ты где?:
[14:45:37] Astrill3r (4f14ea5c-3acb-3628-be6d-e895cb743710): У реки
[14:45:37] MOHOLITH (c66812e9-ed95-30f0-b4fd-df45ab6a1a65): я опыт фармлю
[14:45:41] Astrill3r (4f14ea5c-3acb-3628-be6d-e895cb743710): Зелье поноса?
[14:45:56] fofo15 (f948b7b0-96bc-3c32-89ff-1941bf1b85da): выпей
[14:46:02] fofo15 (f948b7b0-96bc-3c32-89ff-1941bf1b85da): и как:?
[14:46:10] fofo15 (f948b7b0-96bc-3c32-89ff-1941bf1b85da): ???
[14:46:18] Astrill3r (4f14ea5c-3acb-3628-be6d-e895cb743710): какие это реагенты?
[14:46:22] fofo15 (f948b7b0-96bc-3c32-89ff-1941bf1b85da): разные
[14:46:24] Astrill3r (4f14ea5c-3acb-3628-be6d-e895cb743710): вроде растения
[14:46:26] fofo15 (f948b7b0-96bc-3c32-89ff-1941bf1b85da): ага
[14:46:29] Astrill3r (4f14ea5c-3acb-3628-be6d-e895cb743710): тертые есть
[14:46:33] fofo15 (f948b7b0-96bc-3c32-89ff-1941bf1b85da): мб
[14:46:33] Astrill3r (4f14ea5c-3acb-3628-be6d-e895cb743710): или смешаные
[14:46:36] Astrill3r (4f14ea5c-3acb-3628-be6d-e895cb743710): непомню как
[14:46:40] Astrill3r (4f14ea5c-3acb-3628-be6d-e895cb743710): реген был 4
[14:46:44] fofo15 (f948b7b0-96bc-3c32-89ff-1941bf1b85da): ебааа
[14:46:48] fofo15 (f948b7b0-96bc-3c32-89ff-1941bf1b85da): я понял что дает реген
[14:46:48] Astrill3r (4f14ea5c-3acb-3628-be6d-e895cb743710): довольно долгий
[14:46:52] fofo15 (f948b7b0-96bc-3c32-89ff-1941bf1b85da): ебааа
[14:47:41] fofo15 (f948b7b0-96bc-3c32-89ff-1941bf1b85da): я научился варить зелья регена..
[14:48:29] fofo15 (f948b7b0-96bc-3c32-89ff-1941bf1b85da): ебать реген 3..
[14:48:37] Astrill3r (4f14ea5c-3acb-3628-be6d-e895cb743710): Без дамага?
[14:48:40] fofo15 (f948b7b0-96bc-3c32-89ff-1941bf1b85da): ага
[15:19:02] fofo15 (f948b7b0-96bc-3c32-89ff-1941bf1b85da): АХЗАХАХах
[18:42:52] YUANWEI_ (1ee366b5-0bae-3af9-a2fd-ed1a3b4527b2): нильс гей
[18:42:57] YUANWEI_ (1ee366b5-0bae-3af9-a2fd-ed1a3b4527b2): нильс гей
[18:43:01] YUANWEI_ (1ee366b5-0bae-3af9-a2fd-ed1a3b4527b2): нильс гей
[18:43:06] YUANWEI_ (1ee366b5-0bae-3af9-a2fd-ed1a3b4527b2): нильс гей
[18:43:51] YUANWEI_ (1ee366b5-0bae-3af9-a2fd-ed1a3b4527b2): никс
[18:43:58] YUANWEI_ (1ee366b5-0bae-3af9-a2fd-ed1a3b4527b2): у тебя еда есть?
[19:06:52] YUANWEI_ (1ee366b5-0bae-3af9-a2fd-ed1a3b4527b2): нильс гей
[19:12:48] YUANWEI_ (1ee366b5-0bae-3af9-a2fd-ed1a3b4527b2): нильс гей
[19:23:56] Nehakariii (f1142aba-fce3-3f2f-8a97-a060192e77b9): кольчуга сильно бафнет?
[19:24:15] N1XER__ (33df4bd2-977c-3f5b-bc4c-1c152339deb4): в любой броне нужно будет играть аккуратно, но как по мне кольчуга дает хороший буст
[19:24:22] N1XER__ (33df4bd2-977c-3f5b-bc4c-1c152339deb4): и фармить легко
[19:24:32] Nehakariii (f1142aba-fce3-3f2f-8a97-a060192e77b9): ну тоесть делать стоит?
[19:24:35] N1XER__ (33df4bd2-977c-3f5b-bc4c-1c152339deb4): да
[19:24:39] Nehakariii (f1142aba-fce3-3f2f-8a97-a060192e77b9): спасбио
[19:24:43] N1XER__ (33df4bd2-977c-3f5b-bc4c-1c152339deb4): для прокачки тебе в любом случае нужно ее делать
[19:24:52] N1XER__ (33df4bd2-977c-3f5b-bc4c-1c152339deb4): сколько кожанка дает единиц брони?
[19:24:54] N1XER__ (33df4bd2-977c-3f5b-bc4c-1c152339deb4): фулл сет
[19:24:56] N1XER__ (33df4bd2-977c-3f5b-bc4c-1c152339deb4): или даже нет
[19:25:00] N1XER__ (33df4bd2-977c-3f5b-bc4c-1c152339deb4): сколько у тебя сейчас брони скажи
[19:25:05] Nehakariii (f1142aba-fce3-3f2f-8a97-a060192e77b9): 5
[19:25:09] N1XER__ (33df4bd2-977c-3f5b-bc4c-1c152339deb4): чо
[19:25:12] Nehakariii (f1142aba-fce3-3f2f-8a97-a060192e77b9): брони
[19:25:26] N1XER__ (33df4bd2-977c-3f5b-bc4c-1c152339deb4): над сердечками 5 единиц брони?
[19:25:34] Nehakariii (f1142aba-fce3-3f2f-8a97-a060192e77b9): да
[19:25:37] N1XER__ (33df4bd2-977c-3f5b-bc4c-1c152339deb4): xj
[19:25:42] N1XER__ (33df4bd2-977c-3f5b-bc4c-1c152339deb4): а во что ты одет
[19:25:43] Nehakariii (f1142aba-fce3-3f2f-8a97-a060192e77b9): если с половинками считать
[19:25:52] Nehakariii (f1142aba-fce3-3f2f-8a97-a060192e77b9): а так 2 с половиной
[19:26:00] N1XER__ (33df4bd2-977c-3f5b-bc4c-1c152339deb4): не понял
[19:26:10] Nehakariii (f1142aba-fce3-3f2f-8a97-a060192e77b9): смотри
[19:26:17] Nehakariii (f1142aba-fce3-3f2f-8a97-a060192e77b9): 2 полные и половинка
[19:26:24] Nehakariii (f1142aba-fce3-3f2f-8a97-a060192e77b9): это 5 единиц
[19:26:30] N1XER__ (33df4bd2-977c-3f5b-bc4c-1c152339deb4): если смотреть на кольчугу то она при фулл сете дает 5 единиц в общем, именно над сердечками у тебя 5 брони заполненно
[19:26:37] N1XER__ (33df4bd2-977c-3f5b-bc4c-1c152339deb4): так же там есть доп баффы
[19:26:40] Nehakariii (f1142aba-fce3-3f2f-8a97-a060192e77b9): получается в 2 раза больше чем у меня
[19:26:42] N1XER__ (33df4bd2-977c-3f5b-bc4c-1c152339deb4): например меньше оглушение от ударов
[19:26:50] N1XER__ (33df4bd2-977c-3f5b-bc4c-1c152339deb4): то есть тебя будет меньше стопить
[19:26:52] N1XER__ (33df4bd2-977c-3f5b-bc4c-1c152339deb4): ну и по мелочам
[19:26:59] Nehakariii (f1142aba-fce3-3f2f-8a97-a060192e77b9): от своих или чужих?
[19:27:10] N1XER__ (33df4bd2-977c-3f5b-bc4c-1c152339deb4): если тебя будут бить то ты будешь меньше станится
[19:27:15] Nehakariii (f1142aba-fce3-3f2f-8a97-a060192e77b9): понял, спасибо
[19:27:51] Nehakariii (f1142aba-fce3-3f2f-8a97-a060192e77b9): мне инструктор сказал что я встал в очередь на дуэль и нихуя не происходит
[19:28:00] N1XER__ (33df4bd2-977c-3f5b-bc4c-1c152339deb4): там баг с этим
[19:28:04] Nehakariii (f1142aba-fce3-3f2f-8a97-a060192e77b9): а
[19:28:58] Nehakariii (f1142aba-fce3-3f2f-8a97-a060192e77b9): еще и кикнуло
[19:34:16] Nehakariii (f1142aba-fce3-3f2f-8a97-a060192e77b9): чето вообще не понимаю пассивку тати, ток 1 раз сработало и то не понятно как
[19:34:57] N1XER__ (33df4bd2-977c-3f5b-bc4c-1c152339deb4): Честно сам не до конца разобрался с тати, знаю есть игроки с тати которые шарят за нее
[19:36:34] N1XER__ (33df4bd2-977c-3f5b-bc4c-1c152339deb4): кстати, ты вроде часто заходишь играть, хочу спросить, как вообще сервер? Какие моменты нравятся а какие наоборот не нравятся, что стоило бы добавить или убрать? Я просил нильса новость сделать насчет этого, мне просто жесть как интересно мнение игроков
[19:36:37] N1XER__ (33df4bd2-977c-3f5b-bc4c-1c152339deb4): насчет этого всего
[19:36:51] N1XER__ (33df4bd2-977c-3f5b-bc4c-1c152339deb4): будет легче сложить что стоит обновлять сейчас а что отложить
[19:37:35] Nehakariii (f1142aba-fce3-3f2f-8a97-a060192e77b9): мобы просто очень сильные, и фарм довольно долгий, пока копал эти 50 стали прошло мб часов 4, с боровами проблема, я не понимаю как их убивать без урона, а так все отлично
[19:39:04] N1XER__ (33df4bd2-977c-3f5b-bc4c-1c152339deb4): Понял, спасибо. Насчет фарма, я вообще хотел бы его усложнить, ну он очеееень уж простой, вернее, сделать меньше ресурсов из шахты и добавить больше компонентов которые добывались бы в разных местах, это был бы интересный фарм. А дольше сделать хочу из-за
[19:39:26] N1XER__ (33df4bd2-977c-3f5b-bc4c-1c152339deb4): из-за того что сервер же без вайпов, планируется что игрок будет долго развивать свое снаряжение
[19:39:31] N1XER__ (33df4bd2-977c-3f5b-bc4c-1c152339deb4): не обязательно сразу за раз
[19:39:32] Nehakariii (f1142aba-fce3-3f2f-8a97-a060192e77b9): если усложнить но сделать интереснее, то да, будет намного лучше
[19:39:43] N1XER__ (33df4bd2-977c-3f5b-bc4c-1c152339deb4): да, над этим будет вестись работа, обязательно
[19:40:14] N1XER__ (33df4bd2-977c-3f5b-bc4c-1c152339deb4): фармить только в шахте по 4 часа это и правда очень утомляет
[19:40:21] Nehakariii (f1142aba-fce3-3f2f-8a97-a060192e77b9): а еще добегать
[19:41:06] N1XER__ (33df4bd2-977c-3f5b-bc4c-1c152339deb4): Да, ближайшие более менее большие обновления как раз и планируются как баланс экономики, баланс мобов и скорее всего снаряжения, хотя не уверен на все сто
[19:41:28] N1XER__ (33df4bd2-977c-3f5b-bc4c-1c152339deb4): Сидели все в дискорде обсуждали, посмотрим как будет
[19:41:44] Nehakariii (f1142aba-fce3-3f2f-8a97-a060192e77b9): а еще кстати вроде бы если проебать молоток, то его получить нельзя нигде
[19:41:54] Nehakariii (f1142aba-fce3-3f2f-8a97-a060192e77b9): либо я не нашел
[19:42:13] N1XER__ (33df4bd2-977c-3f5b-bc4c-1c152339deb4): ты можешь потерять печь, наковальню и молот, но их можно купить у кузнеца, правда цена кусается сильно
[19:42:23] Nehakariii (f1142aba-fce3-3f2f-8a97-a060192e77b9): я молотка у него не видел
[19:42:27] N1XER__ (33df4bd2-977c-3f5b-bc4c-1c152339deb4): разве?
[19:42:37] Nehakariii (f1142aba-fce3-3f2f-8a97-a060192e77b9): гляну через минут 10
[19:42:41] N1XER__ (33df4bd2-977c-3f5b-bc4c-1c152339deb4): возможно и правда нету, тогда добавить надо будет
[19:42:46] N1XER__ (33df4bd2-977c-3f5b-bc4c-1c152339deb4): я щас гляну, как раз в городе
[19:43:36] N1XER__ (33df4bd2-977c-3f5b-bc4c-1c152339deb4): Молот можно купить у кузнеца
[19:43:39] N1XER__ (33df4bd2-977c-3f5b-bc4c-1c152339deb4): Проверил
[19:43:43] Nehakariii (f1142aba-fce3-3f2f-8a97-a060192e77b9): тогда ладно
[19:44:11] N1XER__ (33df4bd2-977c-3f5b-bc4c-1c152339deb4): привет моно
[19:44:16] MOHOLITH (c66812e9-ed95-30f0-b4fd-df45ab6a1a65): охаё
[19:44:35] MOHOLITH (c66812e9-ed95-30f0-b4fd-df45ab6a1a65): метеоритный удар
[19:44:48] N1XER__ (33df4bd2-977c-3f5b-bc4c-1c152339deb4): этот метеоритный удар уже триггерит
[19:44:56] MOHOLITH (c66812e9-ed95-30f0-b4fd-df45ab6a1a65): пошли в дс
[19:58:30] Nehakariii (f1142aba-fce3-3f2f-8a97-a060192e77b9): а скок у него +- хп?
[20:20:10] Nehakariii (f1142aba-fce3-3f2f-8a97-a060192e77b9): как долго волкодав спавнится?
[20:20:29] N1XER__ (33df4bd2-977c-3f5b-bc4c-1c152339deb4): Nehakariii 15 минут вроде
