[18:04:01] NilsCoy (4a24e6bd-ea3a-3318-8f49-61b87de854d0): s
[18:11:06] NilsCoy (4a24e6bd-ea3a-3318-8f49-61b87de854d0): s
[18:19:51] [ADVERTISEMENT] MemnyiKiller (a53156c6-ce9b-3406-bf76-54af70beaebb): <advertisement>§7.block
[18:21:48] Predator265 (aa0a0929-d6c9-315d-a7e1-07e1c4a01258): ааа
[18:21:52] Predator265 (aa0a0929-d6c9-315d-a7e1-07e1c4a01258): что за ппц
[18:22:42] Predator265 (aa0a0929-d6c9-315d-a7e1-07e1c4a01258): А чё я за клоун
[18:22:46] Predator265 (aa0a0929-d6c9-315d-a7e1-07e1c4a01258): поч у меня скин другой
[18:22:51] Predator265 (aa0a0929-d6c9-315d-a7e1-07e1c4a01258): это так работает?
[18:22:54] Predator265 (aa0a0929-d6c9-315d-a7e1-07e1c4a01258): о да
[18:23:02] Predator265 (aa0a0929-d6c9-315d-a7e1-07e1c4a01258): а чё я клоун какой то а не другой скин
[18:23:04] Predator265 (aa0a0929-d6c9-315d-a7e1-07e1c4a01258): аа
[18:25:33] NilsCoy (4a24e6bd-ea3a-3318-8f49-61b87de854d0): /help
[18:26:12] Predator265 (aa0a0929-d6c9-315d-a7e1-07e1c4a01258): бля да чё я за клоун
[18:26:22] Predator265 (aa0a0929-d6c9-315d-a7e1-07e1c4a01258): куда идти
[18:26:37] Predator265 (aa0a0929-d6c9-315d-a7e1-07e1c4a01258): ммм ням ням нильс
[18:28:06] Predator265 (aa0a0929-d6c9-315d-a7e1-07e1c4a01258): нильс дай подсказку, тут есть обучение? или я и так в нём
[18:28:14] Predator265 (aa0a0929-d6c9-315d-a7e1-07e1c4a01258): просто мне подсказывает что это второй вариант
[18:28:17] Predator265 (aa0a0929-d6c9-315d-a7e1-07e1c4a01258): стой
[18:28:31] Predator265 (aa0a0929-d6c9-315d-a7e1-07e1c4a01258): блять да стой
[18:28:34] Predator265 (aa0a0929-d6c9-315d-a7e1-07e1c4a01258): привет
[18:29:20] Predator265 (aa0a0929-d6c9-315d-a7e1-07e1c4a01258): а что делать люди
[18:29:30] Predator265 (aa0a0929-d6c9-315d-a7e1-07e1c4a01258): что делать
[18:30:40] Predator265 (aa0a0929-d6c9-315d-a7e1-07e1c4a01258): ой
[18:30:41] Predator265 (aa0a0929-d6c9-315d-a7e1-07e1c4a01258): упала
[18:30:45] Predator265 (aa0a0929-d6c9-315d-a7e1-07e1c4a01258): а туда можно?
[18:30:47] Predator265 (aa0a0929-d6c9-315d-a7e1-07e1c4a01258): падать
[18:30:50] Predator265 (aa0a0929-d6c9-315d-a7e1-07e1c4a01258): или не выберешься
[18:31:00] Predator265 (aa0a0929-d6c9-315d-a7e1-07e1c4a01258): убил
[18:31:10] Predator265 (aa0a0929-d6c9-315d-a7e1-07e1c4a01258): я видел скелетика
[18:31:12] Predator265 (aa0a0929-d6c9-315d-a7e1-07e1c4a01258): я его сьел
[18:31:26] Mori_Djin (c71c00ba-5425-317a-960e-5723efa21c1d): cnjq
[18:31:27] Mori_Djin (c71c00ba-5425-317a-960e-5723efa21c1d): стой
[18:31:31] Predator265 (aa0a0929-d6c9-315d-a7e1-07e1c4a01258): а можно с вами развиваться?
[18:31:32] Mori_Djin (c71c00ba-5425-317a-960e-5723efa21c1d): брат
[18:31:43] Mori_Djin (c71c00ba-5425-317a-960e-5723efa21c1d): ты щас пойдешь в шхту
[18:31:46] Mori_Djin (c71c00ba-5425-317a-960e-5723efa21c1d): да?
[18:32:05] Nike73 (3ff94e0b-b285-3970-a4c6-08ccb2c768f9): ну квест у меня
[18:32:08] Mori_Djin (c71c00ba-5425-317a-960e-5723efa21c1d): смотри
[18:32:15] Predator265 (aa0a0929-d6c9-315d-a7e1-07e1c4a01258): а кста вы про какого стражника говорили?
[18:32:17] Mori_Djin (c71c00ba-5425-317a-960e-5723efa21c1d): щас к нему идешь он тебя отправит обратно
[18:32:20] Mori_Djin (c71c00ba-5425-317a-960e-5723efa21c1d): купить удачку
[18:32:24] Mori_Djin (c71c00ba-5425-317a-960e-5723efa21c1d): нарыбачит ему рыбы
[18:32:29] Mori_Djin (c71c00ba-5425-317a-960e-5723efa21c1d): и идити снова к нему
[18:32:33] Mori_Djin (c71c00ba-5425-317a-960e-5723efa21c1d): удачи тебе
[18:32:36] Mori_Djin (c71c00ba-5425-317a-960e-5723efa21c1d): и терпения
[18:32:41] Mori_Djin (c71c00ba-5425-317a-960e-5723efa21c1d): далеко дити
[18:32:44] Nike73 (3ff94e0b-b285-3970-a4c6-08ccb2c768f9): ок, спасибо
[18:32:44] Mori_Djin (c71c00ba-5425-317a-960e-5723efa21c1d): очень далеко
[18:32:46] Predator265 (aa0a0929-d6c9-315d-a7e1-07e1c4a01258): скелет
[18:32:54] Predator265 (aa0a0929-d6c9-315d-a7e1-07e1c4a01258): ой сори
[18:32:59] Predator265 (aa0a0929-d6c9-315d-a7e1-07e1c4a01258): да не
[18:33:02] Predator265 (aa0a0929-d6c9-315d-a7e1-07e1c4a01258): ты мне 0 урона нанёс
[18:33:07] Predator265 (aa0a0929-d6c9-315d-a7e1-07e1c4a01258): кстати
[18:33:12] Predator265 (aa0a0929-d6c9-315d-a7e1-07e1c4a01258): тебе нужна штанина рваная?
[18:33:15] Predator265 (aa0a0929-d6c9-315d-a7e1-07e1c4a01258): прост у меня нет нагрудника
[18:33:21] Predator265 (aa0a0929-d6c9-315d-a7e1-07e1c4a01258): а ты хотя бы полностью в броне почти будешь
[18:33:33] Predator265 (aa0a0929-d6c9-315d-a7e1-07e1c4a01258): ок
[18:35:33] Predator265 (aa0a0929-d6c9-315d-a7e1-07e1c4a01258): ты Karwel?
[18:35:52] Predator265 (aa0a0929-d6c9-315d-a7e1-07e1c4a01258): я если что у мельницы
[18:37:05] Predator265 (aa0a0929-d6c9-315d-a7e1-07e1c4a01258): там впереди торгаш
[18:37:07] Predator265 (aa0a0929-d6c9-315d-a7e1-07e1c4a01258): подсвечен
[18:37:28] Predator265 (aa0a0929-d6c9-315d-a7e1-07e1c4a01258): Уйти
[18:37:32] Predator265 (aa0a0929-d6c9-315d-a7e1-07e1c4a01258): да
[18:37:34] Predator265 (aa0a0929-d6c9-315d-a7e1-07e1c4a01258): уйти
[18:37:36] Predator265 (aa0a0929-d6c9-315d-a7e1-07e1c4a01258): ...
[18:38:02] Predator265 (aa0a0929-d6c9-315d-a7e1-07e1c4a01258): блин я с торгашем заговорил и не успел помочь
[18:38:05] Predator265 (aa0a0929-d6c9-315d-a7e1-07e1c4a01258): тут кстати корова
[18:38:10] Predator265 (aa0a0929-d6c9-315d-a7e1-07e1c4a01258): о
[18:38:15] Predator265 (aa0a0929-d6c9-315d-a7e1-07e1c4a01258): он там
[18:38:17] Predator265 (aa0a0929-d6c9-315d-a7e1-07e1c4a01258): волк
[18:38:30] Predator265 (aa0a0929-d6c9-315d-a7e1-07e1c4a01258): а чё он такой сильный типо?
[18:38:32] Predator265 (aa0a0929-d6c9-315d-a7e1-07e1c4a01258): волк
[18:38:44] Predator265 (aa0a0929-d6c9-315d-a7e1-07e1c4a01258): чтоб выйти нажимай sss и пробел
[18:39:07] Predator265 (aa0a0929-d6c9-315d-a7e1-07e1c4a01258): 45 монет
[18:39:34] Predator265 (aa0a0929-d6c9-315d-a7e1-07e1c4a01258): уголь просит
[18:39:37] Predator265 (aa0a0929-d6c9-315d-a7e1-07e1c4a01258): сделать
[18:39:39] Predator265 (aa0a0929-d6c9-315d-a7e1-07e1c4a01258): ой
[18:39:40] Predator265 (aa0a0929-d6c9-315d-a7e1-07e1c4a01258): выкопать
[18:40:19] Predator265 (aa0a0929-d6c9-315d-a7e1-07e1c4a01258): будем адаптироваться, что уж тут
[18:40:37] Predator265 (aa0a0929-d6c9-315d-a7e1-07e1c4a01258): да я тож
[18:40:50] Predator265 (aa0a0929-d6c9-315d-a7e1-07e1c4a01258): не надо
[18:40:51] Predator265 (aa0a0929-d6c9-315d-a7e1-07e1c4a01258): кабан
[18:41:03] Predator265 (aa0a0929-d6c9-315d-a7e1-07e1c4a01258): человек
[18:41:33] Predator265 (aa0a0929-d6c9-315d-a7e1-07e1c4a01258): нас 4
[18:41:40] Predator265 (aa0a0929-d6c9-315d-a7e1-07e1c4a01258): или найк это тот кто с нами был
[18:41:44] Predator265 (aa0a0929-d6c9-315d-a7e1-07e1c4a01258): или другой
[18:41:47] Predator265 (aa0a0929-d6c9-315d-a7e1-07e1c4a01258): или он вышел вообще
[18:42:10] Predator265 (aa0a0929-d6c9-315d-a7e1-07e1c4a01258): а стой
[18:42:17] Predator265 (aa0a0929-d6c9-315d-a7e1-07e1c4a01258): это прям полностью пве и пвп серв?
[18:42:23] Predator265 (aa0a0929-d6c9-315d-a7e1-07e1c4a01258): пипец
[18:42:32] Predator265 (aa0a0929-d6c9-315d-a7e1-07e1c4a01258): я то думал почему я не могу переключить в режим добычи себя
[18:42:46] Predator265 (aa0a0929-d6c9-315d-a7e1-07e1c4a01258): кабан
[18:42:47] Predator265 (aa0a0929-d6c9-315d-a7e1-07e1c4a01258): и овца
[18:43:09] Predator265 (aa0a0929-d6c9-315d-a7e1-07e1c4a01258): ой
[18:43:11] Predator265 (aa0a0929-d6c9-315d-a7e1-07e1c4a01258): больно
[18:43:14] Predator265 (aa0a0929-d6c9-315d-a7e1-07e1c4a01258): ок спасибо
[18:43:19] Predator265 (aa0a0929-d6c9-315d-a7e1-07e1c4a01258): еще кабан
[18:43:29] Predator265 (aa0a0929-d6c9-315d-a7e1-07e1c4a01258): ок
[18:44:40] hishimori (440085dd-0666-3bb3-a27d-56faaf9039c3): как в это играть
[18:44:57] NilsCoy (4a24e6bd-ea3a-3318-8f49-61b87de854d0): выживать
[18:44:58] Predator265 (aa0a0929-d6c9-315d-a7e1-07e1c4a01258): ура догнал
[18:45:07] hishimori (440085dd-0666-3bb3-a27d-56faaf9039c3): а меч
[18:45:10] hishimori (440085dd-0666-3bb3-a27d-56faaf9039c3): аааа
[18:45:38] Predator265 (aa0a0929-d6c9-315d-a7e1-07e1c4a01258): не не убил
[18:45:46] Predator265 (aa0a0929-d6c9-315d-a7e1-07e1c4a01258): КАБАН
[18:45:49] Predator265 (aa0a0929-d6c9-315d-a7e1-07e1c4a01258): заспавнился
[18:46:24] Predator265 (aa0a0929-d6c9-315d-a7e1-07e1c4a01258): ой
[18:46:24] Predator265 (aa0a0929-d6c9-315d-a7e1-07e1c4a01258): бл
[18:46:25] Predator265 (aa0a0929-d6c9-315d-a7e1-07e1c4a01258): сори
[18:46:31] Predator265 (aa0a0929-d6c9-315d-a7e1-07e1c4a01258): надеюсь ты найдешь нас
[18:46:38] Predator265 (aa0a0929-d6c9-315d-a7e1-07e1c4a01258): ты захилился кстати?
[18:47:22] Predator265 (aa0a0929-d6c9-315d-a7e1-07e1c4a01258): лук
[18:47:24] Predator265 (aa0a0929-d6c9-315d-a7e1-07e1c4a01258): надо
[18:47:38] Predator265 (aa0a0929-d6c9-315d-a7e1-07e1c4a01258): крадись
[18:47:46] Predator265 (aa0a0929-d6c9-315d-a7e1-07e1c4a01258): попробуй крастся
[18:47:49] Predator265 (aa0a0929-d6c9-315d-a7e1-07e1c4a01258): может сработает
[18:48:08] Predator265 (aa0a0929-d6c9-315d-a7e1-07e1c4a01258): я правда не разраб
[18:48:39] Predator265 (aa0a0929-d6c9-315d-a7e1-07e1c4a01258): хехе
[18:48:42] Predator265 (aa0a0929-d6c9-315d-a7e1-07e1c4a01258): надо поучится
[18:49:17] Predator265 (aa0a0929-d6c9-315d-a7e1-07e1c4a01258): ну надо бы но лучше пожарить
[18:49:23] Predator265 (aa0a0929-d6c9-315d-a7e1-07e1c4a01258): я могу дотерпеть без еды
[18:49:27] Predator265 (aa0a0929-d6c9-315d-a7e1-07e1c4a01258): кабан
[18:50:06] Predator265 (aa0a0929-d6c9-315d-a7e1-07e1c4a01258): ой
[18:50:08] Predator265 (aa0a0929-d6c9-315d-a7e1-07e1c4a01258): еще кабан
[18:50:42] Predator265 (aa0a0929-d6c9-315d-a7e1-07e1c4a01258): 2
[18:52:07] Predator265 (aa0a0929-d6c9-315d-a7e1-07e1c4a01258): коров
[18:52:47] Predator265 (aa0a0929-d6c9-315d-a7e1-07e1c4a01258): я боюсь тебя ударить
[18:52:49] Predator265 (aa0a0929-d6c9-315d-a7e1-07e1c4a01258): опять кабан
[18:53:20] Predator265 (aa0a0929-d6c9-315d-a7e1-07e1c4a01258): добил
[18:53:21] Predator265 (aa0a0929-d6c9-315d-a7e1-07e1c4a01258): урааа
[18:53:33] Predator265 (aa0a0929-d6c9-315d-a7e1-07e1c4a01258): там кстати та деревушка вроде
[18:54:01] Predator265 (aa0a0929-d6c9-315d-a7e1-07e1c4a01258): бля волки
[18:54:44] Predator265 (aa0a0929-d6c9-315d-a7e1-07e1c4a01258): эй
[18:54:58] Predator265 (aa0a0929-d6c9-315d-a7e1-07e1c4a01258): там куча животных но волки страшно поэтому я решил спрятаться
[18:55:06] Predator265 (aa0a0929-d6c9-315d-a7e1-07e1c4a01258): о нильс
[18:55:22] Predator265 (aa0a0929-d6c9-315d-a7e1-07e1c4a01258): пошли продашь всё
[18:55:32] Predator265 (aa0a0929-d6c9-315d-a7e1-07e1c4a01258): лор: нильс победил и сделал рпг
[18:55:36] [CAPS] hishimori (440085dd-0666-3bb3-a27d-56faaf9039c3): это нормально сука
[18:55:45] hishimori (440085dd-0666-3bb3-a27d-56faaf9039c3): ЧТО
[18:55:47] hishimori (440085dd-0666-3bb3-a27d-56faaf9039c3): ЭТО
[18:56:09] [CAPS] hishimori (440085dd-0666-3bb3-a27d-56faaf9039c3): спасите позалуйстка
[18:56:28] Predator265 (aa0a0929-d6c9-315d-a7e1-07e1c4a01258): я убежал
[18:56:39] hishimori (440085dd-0666-3bb3-a27d-56faaf9039c3): да как
[18:56:48] [CAPS] hishimori (440085dd-0666-3bb3-a27d-56faaf9039c3): нильс что это
[18:56:59] hishimori (440085dd-0666-3bb3-a27d-56faaf9039c3): а нильса нет даже
[18:57:17] Predator265 (aa0a0929-d6c9-315d-a7e1-07e1c4a01258): волки не пускают
[18:57:20] Predator265 (aa0a0929-d6c9-315d-a7e1-07e1c4a01258): у моста дальше?
[18:59:18] Predator265 (aa0a0929-d6c9-315d-a7e1-07e1c4a01258): я тут
[19:00:08] Predator265 (aa0a0929-d6c9-315d-a7e1-07e1c4a01258): ебать
[19:00:10] Predator265 (aa0a0929-d6c9-315d-a7e1-07e1c4a01258): ебать
[19:00:13] Predator265 (aa0a0929-d6c9-315d-a7e1-07e1c4a01258): вот это поворот
[19:00:18] Predator265 (aa0a0929-d6c9-315d-a7e1-07e1c4a01258): ну их было двое это несправедливо
[19:00:33] Predator265 (aa0a0929-d6c9-315d-a7e1-07e1c4a01258): о фофушкин
[19:01:15] Predator265 (aa0a0929-d6c9-315d-a7e1-07e1c4a01258): помоги волка пробить
[19:01:18] Predator265 (aa0a0929-d6c9-315d-a7e1-07e1c4a01258): он сложный
[19:01:46] hishimori (440085dd-0666-3bb3-a27d-56faaf9039c3): че то пиздец
[19:03:12] fofo15 (f948b7b0-96bc-3c32-89ff-1941bf1b85da): q
[19:03:58] Predator265 (aa0a0929-d6c9-315d-a7e1-07e1c4a01258): прив фофян
[19:04:31] fofo15 (f948b7b0-96bc-3c32-89ff-1941bf1b85da): QQ br
[19:07:39] fofo15 (f948b7b0-96bc-3c32-89ff-1941bf1b85da): пред а это хайп что двери не открываються?
[19:07:44] Predator265 (aa0a0929-d6c9-315d-a7e1-07e1c4a01258): не
[19:07:48] Predator265 (aa0a0929-d6c9-315d-a7e1-07e1c4a01258): там и не надо их открывать
[19:07:52] Predator265 (aa0a0929-d6c9-315d-a7e1-07e1c4a01258): где надо там открыты уже
[19:07:58] fofo15 (f948b7b0-96bc-3c32-89ff-1941bf1b85da): а ок
[19:13:35] fofo15 (f948b7b0-96bc-3c32-89ff-1941bf1b85da): блять я застрял
[19:14:14] Predator265 (aa0a0929-d6c9-315d-a7e1-07e1c4a01258): ура нильс
[19:14:17] Predator265 (aa0a0929-d6c9-315d-a7e1-07e1c4a01258): ура нильс
[19:14:21] Predator265 (aa0a0929-d6c9-315d-a7e1-07e1c4a01258): УРАААА нильс
[19:14:38] Predator265 (aa0a0929-d6c9-315d-a7e1-07e1c4a01258): неееет
[19:14:41] Predator265 (aa0a0929-d6c9-315d-a7e1-07e1c4a01258): ниииильс
[19:14:58] Predator265 (aa0a0929-d6c9-315d-a7e1-07e1c4a01258): урааа нильс
[19:15:06] Predator265 (aa0a0929-d6c9-315d-a7e1-07e1c4a01258): да чё не так то
[19:20:47] Predator265 (aa0a0929-d6c9-315d-a7e1-07e1c4a01258): бл в дс зашёл не во время
[19:21:01] Predator265 (aa0a0929-d6c9-315d-a7e1-07e1c4a01258): нильс ты что творишь??
[19:23:46] Predator265 (aa0a0929-d6c9-315d-a7e1-07e1c4a01258): фофян ты кстати что нибудь делаешь?
[19:23:53] fofo15 (f948b7b0-96bc-3c32-89ff-1941bf1b85da): +
[19:23:58] Predator265 (aa0a0929-d6c9-315d-a7e1-07e1c4a01258): окей
[19:24:37] Predator265 (aa0a0929-d6c9-315d-a7e1-07e1c4a01258): нильс
[19:24:44] Predator265 (aa0a0929-d6c9-315d-a7e1-07e1c4a01258): я нашел сундук но я не могу его открыть
[19:24:45] Predator265 (aa0a0929-d6c9-315d-a7e1-07e1c4a01258): приват
[19:24:50] Predator265 (aa0a0929-d6c9-315d-a7e1-07e1c4a01258): помоги пожалуйста если можешь
[19:24:56] NilsCoy (4a24e6bd-ea3a-3318-8f49-61b87de854d0): А
[19:25:09] Predator265 (aa0a0929-d6c9-315d-a7e1-07e1c4a01258): о вот ты
[19:32:24] Predator265 (aa0a0929-d6c9-315d-a7e1-07e1c4a01258): как думаешь, скоро найдем катану?
[19:32:32] fofo15 (f948b7b0-96bc-3c32-89ff-1941bf1b85da): да
[19:32:40] Predator265 (aa0a0929-d6c9-315d-a7e1-07e1c4a01258): откуда уверенность?
[19:32:49] fofo15 (f948b7b0-96bc-3c32-89ff-1941bf1b85da): потомучто уже
[19:32:56] Predator265 (aa0a0929-d6c9-315d-a7e1-07e1c4a01258): рил уже нашёл?
[19:33:09] fofo15 (f948b7b0-96bc-3c32-89ff-1941bf1b85da): )
[19:33:15] Predator265 (aa0a0929-d6c9-315d-a7e1-07e1c4a01258): а где
[19:33:19] fofo15 (f948b7b0-96bc-3c32-89ff-1941bf1b85da): в деревне
[19:33:25] Predator265 (aa0a0929-d6c9-315d-a7e1-07e1c4a01258): там же вроде ее не продается
[19:33:35] fofo15 (f948b7b0-96bc-3c32-89ff-1941bf1b85da): она на стенке весела
[19:33:46] Predator265 (aa0a0929-d6c9-315d-a7e1-07e1c4a01258): ах ты хитрый шулер
[19:34:47] Predator265 (aa0a0929-d6c9-315d-a7e1-07e1c4a01258): где
[19:34:51] Predator265 (aa0a0929-d6c9-315d-a7e1-07e1c4a01258): говори шулер
[19:35:05] fofo15 (f948b7b0-96bc-3c32-89ff-1941bf1b85da): 1
[19:35:16] Predator265 (aa0a0929-d6c9-315d-a7e1-07e1c4a01258): каво
[19:35:47] fofo15 (f948b7b0-96bc-3c32-89ff-1941bf1b85da): что делать с сундучком?
[19:35:47] Predator265 (aa0a0929-d6c9-315d-a7e1-07e1c4a01258): в самом первом доме?
[19:35:50] Predator265 (aa0a0929-d6c9-315d-a7e1-07e1c4a01258): не знаю
[19:35:52] fofo15 (f948b7b0-96bc-3c32-89ff-1941bf1b85da): +
[19:35:53] Predator265 (aa0a0929-d6c9-315d-a7e1-07e1c4a01258): он в привате
[19:36:59] Predator265 (aa0a0929-d6c9-315d-a7e1-07e1c4a01258): не не нашёл
[19:37:01] Predator265 (aa0a0929-d6c9-315d-a7e1-07e1c4a01258): помогай
[19:37:05] Predator265 (aa0a0929-d6c9-315d-a7e1-07e1c4a01258): помогай, не найду без тебя
[19:38:42] fofo15 (f948b7b0-96bc-3c32-89ff-1941bf1b85da): мб она одноразовая
[19:39:07] fofo15 (f948b7b0-96bc-3c32-89ff-1941bf1b85da): где тут блядская шахта?
[19:39:12] Predator265 (aa0a0929-d6c9-315d-a7e1-07e1c4a01258): хз
[19:39:19] Predator265 (aa0a0929-d6c9-315d-a7e1-07e1c4a01258): ну покажи
[19:39:24] Predator265 (aa0a0929-d6c9-315d-a7e1-07e1c4a01258): место где она была
[19:40:08] Predator265 (aa0a0929-d6c9-315d-a7e1-07e1c4a01258): да не откроешь ты его
[19:40:11] Predator265 (aa0a0929-d6c9-315d-a7e1-07e1c4a01258): он в привате
[19:40:18] Predator265 (aa0a0929-d6c9-315d-a7e1-07e1c4a01258): ну помоги
[19:40:25] fofo15 (f948b7b0-96bc-3c32-89ff-1941bf1b85da): та зарофлил я люто
[19:40:31] Predator265 (aa0a0929-d6c9-315d-a7e1-07e1c4a01258): рофлер
[19:40:41] fofo15 (f948b7b0-96bc-3c32-89ff-1941bf1b85da): хм
[19:40:44] [CAPS] Predator265 (aa0a0929-d6c9-315d-a7e1-07e1c4a01258): о ебать катана
[19:40:56] fofo15 (f948b7b0-96bc-3c32-89ff-1941bf1b85da): где тут пещера?
[19:41:04] Predator265 (aa0a0929-d6c9-315d-a7e1-07e1c4a01258): иди к кузнецу
[19:41:06] Predator265 (aa0a0929-d6c9-315d-a7e1-07e1c4a01258): поищем вместе
[19:41:22] fofo15 (f948b7b0-96bc-3c32-89ff-1941bf1b85da): лог=ично что там
[19:42:14] fofo15 (f948b7b0-96bc-3c32-89ff-1941bf1b85da): щя стой
[19:42:30] Predator265 (aa0a0929-d6c9-315d-a7e1-07e1c4a01258): кстати как думаешь, почему лук дороже арбалета?
[19:42:47] fofo15 (f948b7b0-96bc-3c32-89ff-1941bf1b85da): потомучто проще стрелять
[19:42:57] Predator265 (aa0a0929-d6c9-315d-a7e1-07e1c4a01258): но арбалет больше урона наносит
[19:43:16] fofo15 (f948b7b0-96bc-3c32-89ff-1941bf1b85da): лесопилка
[19:43:48] fofo15 (f948b7b0-96bc-3c32-89ff-1941bf1b85da): иди туда
[19:43:50] fofo15 (f948b7b0-96bc-3c32-89ff-1941bf1b85da): я туда
[19:44:34] fofo15 (f948b7b0-96bc-3c32-89ff-1941bf1b85da): у меня видимор
[19:44:41] Predator265 (aa0a0929-d6c9-315d-a7e1-07e1c4a01258): у меня тут обвал
[19:44:55] Predator265 (aa0a0929-d6c9-315d-a7e1-07e1c4a01258): попробую залезть на обвал, что у меня
[19:45:10] Predator265 (aa0a0929-d6c9-315d-a7e1-07e1c4a01258): ебать это не обвал это пещера
[19:45:16] Predator265 (aa0a0929-d6c9-315d-a7e1-07e1c4a01258): а нет
[19:45:17] Predator265 (aa0a0929-d6c9-315d-a7e1-07e1c4a01258): обвал
[19:45:29] Predator265 (aa0a0929-d6c9-315d-a7e1-07e1c4a01258): а ты нашёл?
[19:45:31] fofo15 (f948b7b0-96bc-3c32-89ff-1941bf1b85da): у меня пещера
[19:45:37] Predator265 (aa0a0929-d6c9-315d-a7e1-07e1c4a01258): ок иду к тебе
[19:45:55] Predator265 (aa0a0929-d6c9-315d-a7e1-07e1c4a01258): бля
[19:46:01] Predator265 (aa0a0929-d6c9-315d-a7e1-07e1c4a01258): я выпал за карту
[19:46:05] fofo15 (f948b7b0-96bc-3c32-89ff-1941bf1b85da): 1
[19:46:34] fofo15 (f948b7b0-96bc-3c32-89ff-1941bf1b85da): сука нужна рыба
[19:46:46] Predator265 (aa0a0929-d6c9-315d-a7e1-07e1c4a01258): поч рыба
[19:46:48] Predator265 (aa0a0929-d6c9-315d-a7e1-07e1c4a01258): поч не все
[19:46:56] fofo15 (f948b7b0-96bc-3c32-89ff-1941bf1b85da): чтобы пройти в шахту нужно 15 рыбы
[19:47:03] fofo15 (f948b7b0-96bc-3c32-89ff-1941bf1b85da): окей
[19:47:04] fofo15 (f948b7b0-96bc-3c32-89ff-1941bf1b85da): 1
[19:48:17] Predator265 (aa0a0929-d6c9-315d-a7e1-07e1c4a01258): ура я почти прибежал
[19:49:15] Predator265 (aa0a0929-d6c9-315d-a7e1-07e1c4a01258): да блять
[19:49:31] Predator265 (aa0a0929-d6c9-315d-a7e1-07e1c4a01258): уничтожь волка
[19:50:10] fofo15 (f948b7b0-96bc-3c32-89ff-1941bf1b85da): щя я за едой
[19:50:17] Predator265 (aa0a0929-d6c9-315d-a7e1-07e1c4a01258): ок
[19:51:16] fofo15 (f948b7b0-96bc-3c32-89ff-1941bf1b85da): Я тут
[19:51:19] Predator265 (aa0a0929-d6c9-315d-a7e1-07e1c4a01258): ок
[19:51:40] fofo15 (f948b7b0-96bc-3c32-89ff-1941bf1b85da): вопрос где взять удочку
[19:51:46] Predator265 (aa0a0929-d6c9-315d-a7e1-07e1c4a01258): купить
[19:52:05] fofo15 (f948b7b0-96bc-3c32-89ff-1941bf1b85da): у кого?
[19:52:09] Predator265 (aa0a0929-d6c9-315d-a7e1-07e1c4a01258): в деревне
[19:52:23] [CAPS] Predator265 (aa0a0929-d6c9-315d-a7e1-07e1c4a01258): урааа я тут
[19:53:03] Predator265 (aa0a0929-d6c9-315d-a7e1-07e1c4a01258): сука стражниковая
[19:53:07] Predator265 (aa0a0929-d6c9-315d-a7e1-07e1c4a01258): кароч
[19:53:16] Predator265 (aa0a0929-d6c9-315d-a7e1-07e1c4a01258): го я тебя ёбну и сдохну от волка или скелетика
[19:53:18] Predator265 (aa0a0929-d6c9-315d-a7e1-07e1c4a01258): или пошли там
[19:53:20] Predator265 (aa0a0929-d6c9-315d-a7e1-07e1c4a01258): так
[19:53:31] Predator265 (aa0a0929-d6c9-315d-a7e1-07e1c4a01258): или го фармить
[19:57:22] Predator265 (aa0a0929-d6c9-315d-a7e1-07e1c4a01258): ура нильс
[20:01:28] fofo15 (f948b7b0-96bc-3c32-89ff-1941bf1b85da): ты как там?
[20:01:31] Predator265 (aa0a0929-d6c9-315d-a7e1-07e1c4a01258): океюшк
[20:01:36] Predator265 (aa0a0929-d6c9-315d-a7e1-07e1c4a01258): иду в деревню кости сдавать
[20:01:38] Predator265 (aa0a0929-d6c9-315d-a7e1-07e1c4a01258): 34 штуки
[20:01:52] fofo15 (f948b7b0-96bc-3c32-89ff-1941bf1b85da): пон
[20:03:29] Predator265 (aa0a0929-d6c9-315d-a7e1-07e1c4a01258): Торгаша сьели
[20:03:49] fofo15 (f948b7b0-96bc-3c32-89ff-1941bf1b85da): что?
[20:04:04] Predator265 (aa0a0929-d6c9-315d-a7e1-07e1c4a01258): появился
[20:05:24] Predator265 (aa0a0929-d6c9-315d-a7e1-07e1c4a01258): что продаёшь?
[20:05:33] fofo15 (f948b7b0-96bc-3c32-89ff-1941bf1b85da): 2
[20:05:44] fofo15 (f948b7b0-96bc-3c32-89ff-1941bf1b85da): как нажимать?
[20:05:48] fofo15 (f948b7b0-96bc-3c32-89ff-1941bf1b85da): что вобще жмать
[20:05:53] Predator265 (aa0a0929-d6c9-315d-a7e1-07e1c4a01258): на пробел
[20:05:55] Predator265 (aa0a0929-d6c9-315d-a7e1-07e1c4a01258): и на кнопочки
[20:05:57] Predator265 (aa0a0929-d6c9-315d-a7e1-07e1c4a01258): чтоб менять
[20:06:05] Predator265 (aa0a0929-d6c9-315d-a7e1-07e1c4a01258): w s
[20:07:03] Predator265 (aa0a0929-d6c9-315d-a7e1-07e1c4a01258): я отойду
[20:07:10] fofo15 (f948b7b0-96bc-3c32-89ff-1941bf1b85da): собака
[20:07:18] Predator265 (aa0a0929-d6c9-315d-a7e1-07e1c4a01258): пон
[20:07:25] Predator265 (aa0a0929-d6c9-315d-a7e1-07e1c4a01258): что такое?
[20:07:27] Predator265 (aa0a0929-d6c9-315d-a7e1-07e1c4a01258): выйти не можешь
[20:07:30] fofo15 (f948b7b0-96bc-3c32-89ff-1941bf1b85da): я не могу купить(
[20:07:35] Predator265 (aa0a0929-d6c9-315d-a7e1-07e1c4a01258): а чё такое
[20:07:39] Predator265 (aa0a0929-d6c9-315d-a7e1-07e1c4a01258): 1 вкладка продажа
[20:07:41] Predator265 (aa0a0929-d6c9-315d-a7e1-07e1c4a01258): 2 покупка
[20:07:43] Predator265 (aa0a0929-d6c9-315d-a7e1-07e1c4a01258): 3 еда
[20:07:46] Predator265 (aa0a0929-d6c9-315d-a7e1-07e1c4a01258): 4 уйти
[20:07:59] fofo15 (f948b7b0-96bc-3c32-89ff-1941bf1b85da): так я на 2 переключить не могу
[20:08:09] fofo15 (f948b7b0-96bc-3c32-89ff-1941bf1b85da): так переключил на 2
[20:08:15] fofo15 (f948b7b0-96bc-3c32-89ff-1941bf1b85da): что дальше как открыть мень?
[20:08:27] Predator265 (aa0a0929-d6c9-315d-a7e1-07e1c4a01258): пробел
[20:09:07] fofo15 (f948b7b0-96bc-3c32-89ff-1941bf1b85da): не работает емае
[20:10:30] Predator265 (aa0a0929-d6c9-315d-a7e1-07e1c4a01258): я тут фофян
[20:10:36] Predator265 (aa0a0929-d6c9-315d-a7e1-07e1c4a01258): да чё у тебя там блять
[20:10:42] Predator265 (aa0a0929-d6c9-315d-a7e1-07e1c4a01258): пкм нажми
[20:12:03] Predator265 (aa0a0929-d6c9-315d-a7e1-07e1c4a01258): если не можешь нихера сделать перезайти попробуй
[20:17:42] Predator265 (aa0a0929-d6c9-315d-a7e1-07e1c4a01258): ааа миксер
[20:18:06] N1XER__ (33df4bd2-977c-3f5b-bc4c-1c152339deb4): да я
[20:18:17] Predator265 (aa0a0929-d6c9-315d-a7e1-07e1c4a01258): ураааа
[20:19:50] Predator265 (aa0a0929-d6c9-315d-a7e1-07e1c4a01258): \а ты где кстати
[20:20:47] Predator265 (aa0a0929-d6c9-315d-a7e1-07e1c4a01258): или за арбалетчика с двух рук или за воина с катаной
[20:20:52] Predator265 (aa0a0929-d6c9-315d-a7e1-07e1c4a01258): скорее всего за второго
[20:21:24] Predator265 (aa0a0929-d6c9-315d-a7e1-07e1c4a01258): там их по обучению дают
[20:21:27] Predator265 (aa0a0929-d6c9-315d-a7e1-07e1c4a01258): не обучению
[20:21:30] Predator265 (aa0a0929-d6c9-315d-a7e1-07e1c4a01258): но да
[20:22:05] Predator265 (aa0a0929-d6c9-315d-a7e1-07e1c4a01258): сюда
[20:22:18] Predator265 (aa0a0929-d6c9-315d-a7e1-07e1c4a01258): ах ты кровавый миксер
[20:22:34] Predator265 (aa0a0929-d6c9-315d-a7e1-07e1c4a01258): сюда беги
[20:22:38] Predator265 (aa0a0929-d6c9-315d-a7e1-07e1c4a01258): ебать
[20:22:39] Predator265 (aa0a0929-d6c9-315d-a7e1-07e1c4a01258): 2 волка
[20:22:51] Predator265 (aa0a0929-d6c9-315d-a7e1-07e1c4a01258): ща сдохну
[20:22:58] fofo15 (f948b7b0-96bc-3c32-89ff-1941bf1b85da): вопрос где взять 300 монет?
[20:23:04] Predator265 (aa0a0929-d6c9-315d-a7e1-07e1c4a01258): фармить
[20:23:11] [CAPS] Predator265 (aa0a0929-d6c9-315d-a7e1-07e1c4a01258): да бегите отсюда
[20:23:14] Predator265 (aa0a0929-d6c9-315d-a7e1-07e1c4a01258): тут приват
[20:23:16] Predator265 (aa0a0929-d6c9-315d-a7e1-07e1c4a01258): не убьёте
[20:23:43] Predator265 (aa0a0929-d6c9-315d-a7e1-07e1c4a01258): сюда
[20:24:17] Predator265 (aa0a0929-d6c9-315d-a7e1-07e1c4a01258): ура убил
[20:24:20] Predator265 (aa0a0929-d6c9-315d-a7e1-07e1c4a01258): у меня также было
[20:24:23] Predator265 (aa0a0929-d6c9-315d-a7e1-07e1c4a01258): заменилось на штаны
[20:24:29] Predator265 (aa0a0929-d6c9-315d-a7e1-07e1c4a01258): убил
[20:24:37] Predator265 (aa0a0929-d6c9-315d-a7e1-07e1c4a01258): кста
[20:24:38] Predator265 (aa0a0929-d6c9-315d-a7e1-07e1c4a01258): на
[20:24:45] Predator265 (aa0a0929-d6c9-315d-a7e1-07e1c4a01258): а стой
[20:25:01] Predator265 (aa0a0929-d6c9-315d-a7e1-07e1c4a01258): подожди ка
[20:25:08] fofo15 (f948b7b0-96bc-3c32-89ff-1941bf1b85da): предлагаю скинуться
[20:25:14] fofo15 (f948b7b0-96bc-3c32-89ff-1941bf1b85da): одному и чтобы он купил
[20:25:21] fofo15 (f948b7b0-96bc-3c32-89ff-1941bf1b85da): и нафармил рыбы
[20:25:34] Predator265 (aa0a0929-d6c9-315d-a7e1-07e1c4a01258): иди покупай
[20:25:35] Predator265 (aa0a0929-d6c9-315d-a7e1-07e1c4a01258): удочку
[20:26:02] Predator265 (aa0a0929-d6c9-315d-a7e1-07e1c4a01258): они не падают вроде
[20:26:11] Predator265 (aa0a0929-d6c9-315d-a7e1-07e1c4a01258): фофян
[20:26:35] Predator265 (aa0a0929-d6c9-315d-a7e1-07e1c4a01258): они в привате
[20:27:11] fofo15 (f948b7b0-96bc-3c32-89ff-1941bf1b85da): ребят
[20:27:20] fofo15 (f948b7b0-96bc-3c32-89ff-1941bf1b85da): пойдем поисследуем карту мб найдем чтото
[20:27:43] Predator265 (aa0a0929-d6c9-315d-a7e1-07e1c4a01258): бля
[20:27:45] Predator265 (aa0a0929-d6c9-315d-a7e1-07e1c4a01258): устал
[20:27:49] Predator265 (aa0a0929-d6c9-315d-a7e1-07e1c4a01258): лови рыбу
[20:27:52] Predator265 (aa0a0929-d6c9-315d-a7e1-07e1c4a01258): или мне дай
[20:28:06] Predator265 (aa0a0929-d6c9-315d-a7e1-07e1c4a01258): ебать мини игра
[20:28:08] Predator265 (aa0a0929-d6c9-315d-a7e1-07e1c4a01258): дай мне
[20:28:12] Predator265 (aa0a0929-d6c9-315d-a7e1-07e1c4a01258): отличная
[20:28:40] fofo15 (f948b7b0-96bc-3c32-89ff-1941bf1b85da): че там с рыбой ребят?
[20:28:46] Predator265 (aa0a0929-d6c9-315d-a7e1-07e1c4a01258): нихуя
[20:28:47] Predator265 (aa0a0929-d6c9-315d-a7e1-07e1c4a01258): кварц ток
[20:28:52] Predator265 (aa0a0929-d6c9-315d-a7e1-07e1c4a01258): коралл
[20:28:59] Predator265 (aa0a0929-d6c9-315d-a7e1-07e1c4a01258): кварцевый
[20:29:06] fofo15 (f948b7b0-96bc-3c32-89ff-1941bf1b85da): это можнео продать?*
[20:29:11] Predator265 (aa0a0929-d6c9-315d-a7e1-07e1c4a01258): ну посмотри
[20:29:16] Predator265 (aa0a0929-d6c9-315d-a7e1-07e1c4a01258): ура первая рыбка
[20:29:27] Predator265 (aa0a0929-d6c9-315d-a7e1-07e1c4a01258): давай меняться
[20:30:07] Predator265 (aa0a0929-d6c9-315d-a7e1-07e1c4a01258): ебать
[20:30:10] Predator265 (aa0a0929-d6c9-315d-a7e1-07e1c4a01258): сундук с сокровищами
[20:30:13] Predator265 (aa0a0929-d6c9-315d-a7e1-07e1c4a01258): открывай
[20:30:15] Predator265 (aa0a0929-d6c9-315d-a7e1-07e1c4a01258): рулеть нахуй
[20:30:16] Predator265 (aa0a0929-d6c9-315d-a7e1-07e1c4a01258): кейс
[20:30:49] Predator265 (aa0a0929-d6c9-315d-a7e1-07e1c4a01258): ок
[20:30:52] Predator265 (aa0a0929-d6c9-315d-a7e1-07e1c4a01258): еще один
[20:32:42] Predator265 (aa0a0929-d6c9-315d-a7e1-07e1c4a01258): не
[20:32:45] Predator265 (aa0a0929-d6c9-315d-a7e1-07e1c4a01258): у торгаша 3
[20:32:52] Predator265 (aa0a0929-d6c9-315d-a7e1-07e1c4a01258): 5 рыбок
[20:33:11] Predator265 (aa0a0929-d6c9-315d-a7e1-07e1c4a01258): 6 рыбок
[20:33:23] Predator265 (aa0a0929-d6c9-315d-a7e1-07e1c4a01258): 6 рыбок
[20:34:09] Predator265 (aa0a0929-d6c9-315d-a7e1-07e1c4a01258): я тогда пойду охотиться
[20:34:18] Predator265 (aa0a0929-d6c9-315d-a7e1-07e1c4a01258): никсер если ты ударишь меня я тебя таргетить буду
[20:34:23] Predator265 (aa0a0929-d6c9-315d-a7e1-07e1c4a01258): имей ввиду
[20:34:43] Predator265 (aa0a0929-d6c9-315d-a7e1-07e1c4a01258): а скелет не промах
[20:34:48] Predator265 (aa0a0929-d6c9-315d-a7e1-07e1c4a01258): убил 2 животных
[20:34:51] Predator265 (aa0a0929-d6c9-315d-a7e1-07e1c4a01258): а я их слутал
[20:35:10] Predator265 (aa0a0929-d6c9-315d-a7e1-07e1c4a01258): у меня 74 очков опыта
[20:35:15] Predator265 (aa0a0929-d6c9-315d-a7e1-07e1c4a01258): у меня скоро новый уровень
[20:35:38] Predator265 (aa0a0929-d6c9-315d-a7e1-07e1c4a01258): смотри
[20:35:49] Predator265 (aa0a0929-d6c9-315d-a7e1-07e1c4a01258): он 25 стоит
[20:36:03] Predator265 (aa0a0929-d6c9-315d-a7e1-07e1c4a01258): иди фарми животных
[20:36:05] Predator265 (aa0a0929-d6c9-315d-a7e1-07e1c4a01258): там есть навык рывок
[20:36:08] Predator265 (aa0a0929-d6c9-315d-a7e1-07e1c4a01258): у нас есть опыт
[20:36:10] Predator265 (aa0a0929-d6c9-315d-a7e1-07e1c4a01258): в профиле
[20:36:12] Predator265 (aa0a0929-d6c9-315d-a7e1-07e1c4a01258): у меня 74
[20:36:15] Predator265 (aa0a0929-d6c9-315d-a7e1-07e1c4a01258): в инвенте
[20:36:27] Predator265 (aa0a0929-d6c9-315d-a7e1-07e1c4a01258): понял
[20:38:14] Predator265 (aa0a0929-d6c9-315d-a7e1-07e1c4a01258): 76 опыта
[20:38:17] Predator265 (aa0a0929-d6c9-315d-a7e1-07e1c4a01258): 0 за корову 2 за свинью
[20:38:18] fofo15 (f948b7b0-96bc-3c32-89ff-1941bf1b85da): ну что вы?
[20:38:38] Predator265 (aa0a0929-d6c9-315d-a7e1-07e1c4a01258): на покушай
[20:39:13] Predator265 (aa0a0929-d6c9-315d-a7e1-07e1c4a01258): я хочу наывк
[20:39:15] Predator265 (aa0a0929-d6c9-315d-a7e1-07e1c4a01258): навык
[20:39:20] Predator265 (aa0a0929-d6c9-315d-a7e1-07e1c4a01258): отшак
[20:39:22] Predator265 (aa0a0929-d6c9-315d-a7e1-07e1c4a01258): отшаг
[20:39:26] Predator265 (aa0a0929-d6c9-315d-a7e1-07e1c4a01258): не грамотей
[20:40:24] Predator265 (aa0a0929-d6c9-315d-a7e1-07e1c4a01258): ебать
[20:40:25] Predator265 (aa0a0929-d6c9-315d-a7e1-07e1c4a01258): мощные
[20:40:45] Predator265 (aa0a0929-d6c9-315d-a7e1-07e1c4a01258): скелеты станятся
[20:40:49] Predator265 (aa0a0929-d6c9-315d-a7e1-07e1c4a01258): их просто херачить можно
[20:41:21] Predator265 (aa0a0929-d6c9-315d-a7e1-07e1c4a01258): 80
[20:41:31] Predator265 (aa0a0929-d6c9-315d-a7e1-07e1c4a01258): фофан
[20:41:32] Predator265 (aa0a0929-d6c9-315d-a7e1-07e1c4a01258): вот так
[20:41:43] Predator265 (aa0a0929-d6c9-315d-a7e1-07e1c4a01258): да
[20:42:25] Predator265 (aa0a0929-d6c9-315d-a7e1-07e1c4a01258): близко не подходи
[20:42:39] Predator265 (aa0a0929-d6c9-315d-a7e1-07e1c4a01258): да лан иди просто ебашь его
[20:42:59] fofo15 (f948b7b0-96bc-3c32-89ff-1941bf1b85da): надо найти морковку
[20:44:37] Predator265 (aa0a0929-d6c9-315d-a7e1-07e1c4a01258): бля пойду скелетов лучше фармить
[20:50:14] Predator265 (aa0a0929-d6c9-315d-a7e1-07e1c4a01258): а ты где
[20:50:45] Predator265 (aa0a0929-d6c9-315d-a7e1-07e1c4a01258): эй
[20:50:48] Predator265 (aa0a0929-d6c9-315d-a7e1-07e1c4a01258): на покушай
[20:51:08] Predator265 (aa0a0929-d6c9-315d-a7e1-07e1c4a01258): кстати
[20:51:11] Predator265 (aa0a0929-d6c9-315d-a7e1-07e1c4a01258): у меня 227
[20:51:12] Predator265 (aa0a0929-d6c9-315d-a7e1-07e1c4a01258): монет
[20:51:23] Predator265 (aa0a0929-d6c9-315d-a7e1-07e1c4a01258): можешь помочь лвл добить?
[20:51:26] Predator265 (aa0a0929-d6c9-315d-a7e1-07e1c4a01258): 3 свина
[20:51:44] Predator265 (aa0a0929-d6c9-315d-a7e1-07e1c4a01258): надо скелетиков
[20:52:14] Zelenuy_drakon (e988a790-e441-3365-9acb-a36be5230058): мда
[20:52:21] Zelenuy_drakon (e988a790-e441-3365-9acb-a36be5230058): чем дальше в лес
[20:52:25] Predator265 (aa0a0929-d6c9-315d-a7e1-07e1c4a01258): дали
[20:52:32] Zelenuy_drakon (e988a790-e441-3365-9acb-a36be5230058): шкибиди доп доп доп ес ес
[20:53:28] Predator265 (aa0a0929-d6c9-315d-a7e1-07e1c4a01258): грибная корова
[20:53:42] [CAPS] Predator265 (aa0a0929-d6c9-315d-a7e1-07e1c4a01258): ддаааа
[20:53:52] Predator265 (aa0a0929-d6c9-315d-a7e1-07e1c4a01258): бля нихуя не дало
[20:54:10] Predator265 (aa0a0929-d6c9-315d-a7e1-07e1c4a01258): ладно на
[20:54:11] Predator265 (aa0a0929-d6c9-315d-a7e1-07e1c4a01258): удачи
[20:54:12] Predator265 (aa0a0929-d6c9-315d-a7e1-07e1c4a01258): я спать
[20:54:20] Predator265 (aa0a0929-d6c9-315d-a7e1-07e1c4a01258): потом вернешь
[20:54:22] Predator265 (aa0a0929-d6c9-315d-a7e1-07e1c4a01258): пока
[20:55:53] Zelenuy_drakon (e988a790-e441-3365-9acb-a36be5230058): ц
[21:26:54] Karwel228 (4049d262-af35-35f3-aefe-34e6910c9717): :(
[22:14:01] N1XER__ (33df4bd2-977c-3f5b-bc4c-1c152339deb4): 123
