[30/07/2023 23:47:15][BUY]N1XER__ bought 1x §dПистолет LittleStrength for 1000.00 with commands info: RuneMode: BUY_AND_RUN & commands: {Executor: CONSOLE | command: /mi give WEAPONS WEAPON1 %player_name% 1} in shop "weapon" on page "&9Страница 1"
[30/07/2023 23:48:37][BUY]N1XER__ bought 1x §dПистолет LittleStrength for 1000.00 with commands info: RuneMode: BUY_AND_RUN & commands: {Executor: CONSOLE | command: mi give WEAPONS WEAPON1 %player_name% 1} in shop "weapon" on page "&9Страница 1"
[30/07/2023 23:48:38][BUY]N1XER__ bought 1x §dВинтовка AutoShoot for 15000.00 with commands info: RuneMode: BUY_AND_RUN & commands: {Executor: CONSOLE | command: mi give WEAPONS WEAPON2 %player_name% 1} in shop "weapon" on page "&9Страница 1"
[30/07/2023 23:48:39][BUY]N1XER__ bought 1x §dНео-клинок for 25000.00 with commands info: RuneMode: BUY_AND_RUN & commands: {Executor: CONSOLE | command: mi give SWORD SWORD1 %player_name% 1} in shop "weapon" on page "&9Страница 1"
[30/07/2023 23:48:39][BUY]N1XER__ bought 1x §dПистолет Avenger for 25000.00 with commands info: RuneMode: BUY_AND_RUN & commands: {Executor: CONSOLE | command: mi give WEAPONS WEAPON3 %player_name% 1} in shop "weapon" on page "&9Страница 1"
[30/07/2023 23:48:39][BUY]N1XER__ bought 1x §dВинтовка BigDaddy for 30000.00 with commands info: RuneMode: BUY_AND_RUN & commands: {Executor: CONSOLE | command: mi give WEAPONS WEAPON4 %player_name% 1} in shop "weapon" on page "&9Страница 1"
[30/07/2023 23:48:40][BUY]NilsCoy bought 1x §dНео-клинок for 25000.00 with commands info: RuneMode: BUY_AND_RUN & commands: {Executor: CONSOLE | command: mi give SWORD SWORD1 %player_name% 1} in shop "weapon" on page "&9Страница 1"
[30/07/2023 23:48:40][BUY]N1XER__ bought 1x §dВинтовка BigDaddy for 30000.00 with commands info: RuneMode: BUY_AND_RUN & commands: {Executor: CONSOLE | command: mi give WEAPONS WEAPON4 %player_name% 1} in shop "weapon" on page "&9Страница 1"
[30/07/2023 23:48:43][BUY]N1XER__ bought 1x §dВинтовка BigDaddy for 30000.00 with commands info: RuneMode: BUY_AND_RUN & commands: {Executor: CONSOLE | command: mi give WEAPONS WEAPON4 %player_name% 1} in shop "weapon" on page "&9Страница 1"
[30/07/2023 23:48:44][BUY]N1XER__ bought 1x §dВинтовка BigDaddy for 30000.00 with commands info: RuneMode: BUY_AND_RUN & commands: {Executor: CONSOLE | command: mi give WEAPONS WEAPON4 %player_name% 1} in shop "weapon" on page "&9Страница 1"
[30/07/2023 23:50:15][BUY]NilsCoy bought 1x §dНео-клинок for 25000.00 with commands info: RuneMode: BUY_AND_RUN & commands: {Executor: CONSOLE | command: mi give SWORD SWORD1 %player% 1} in shop "weapon" on page "&9Страница 1"
[30/07/2023 23:50:16][BUY]NilsCoy bought 1x §dПистолет LittleStrength for 1000.00 with commands info: RuneMode: BUY_AND_RUN & commands: {Executor: CONSOLE | command: mi give WEAPONS WEAPON1 %player% 1} in shop "weapon" on page "&9Страница 1"
[30/07/2023 23:50:16][BUY]NilsCoy bought 1x §dВинтовка AutoShoot for 15000.00 with commands info: RuneMode: BUY_AND_RUN & commands: {Executor: CONSOLE | command: mi give WEAPONS WEAPON2 %player% 1} in shop "weapon" on page "&9Страница 1"
[30/07/2023 23:50:17][BUY]NilsCoy bought 1x §dПистолет Avenger for 25000.00 with commands info: RuneMode: BUY_AND_RUN & commands: {Executor: CONSOLE | command: mi give WEAPONS WEAPON3 %player% 1} in shop "weapon" on page "&9Страница 1"
[30/07/2023 23:50:17][BUY]NilsCoy bought 1x §dВинтовка BigDaddy for 30000.00 with commands info: RuneMode: BUY_AND_RUN & commands: {Executor: CONSOLE | command: mi give WEAPONS WEAPON4 %player% 1} in shop "weapon" on page "&9Страница 1"
[30/07/2023 23:51:00][BUY]NilsCoy bought 1x §dВинтовка AutoShoot for 15000.00 with commands info: RuneMode: BUY_AND_RUN & commands: {Executor: CONSOLE | command: mi give WEAPONS WEAPON2 %player% 1} in shop "weapon" on page "&9Страница 1"
[30/07/2023 23:52:57][BUY]N1XER__ bought 1x §dНео-клинок for 25000.00 with commands info: RuneMode: BUY_AND_RUN & commands: {Executor: CONSOLE | command: mi give SWORD SWORD1 %player% 1} in shop "weapon" on page "&9Страница 1"
[30/07/2023 23:54:09][BUY]NilsCoy bought 1x §dВинтовка AutoShoot for 15000.00 with commands info: RuneMode: BUY_AND_RUN & commands: {Executor: CONSOLE | command: mi give WEAPONS WEAPON2 %player% 1} in shop "weapon" on page "&9Страница 1"
[30/07/2023 23:54:10][BUY]NilsCoy bought 1x §dВинтовка BigDaddy for 30000.00 with commands info: RuneMode: BUY_AND_RUN & commands: {Executor: CONSOLE | command: mi give WEAPONS WEAPON4 %player% 1} in shop "weapon" on page "&9Страница 1"
[30/07/2023 23:54:14][BUY]NilsCoy bought 1x §dВинтовка AutoShoot for 15000.00 with commands info: RuneMode: BUY_AND_RUN & commands: {Executor: CONSOLE | command: mi give WEAPONS WEAPON2 %player% 1} in shop "weapon" on page "&9Страница 1"
[30/07/2023 23:55:09][BUY]N1XER__ bought 1x §dВинтовка BigDaddy for 30000.00 with commands info: RuneMode: BUY_AND_RUN & commands: {Executor: CONSOLE | command: mi give WEAPONS WEAPON4 %player% 1} in shop "weapon" on page "&9Страница 1"
[30/07/2023 23:55:10][BUY]N1XER__ bought 1x §dНео-клинок for 25000.00 with commands info: RuneMode: BUY_AND_RUN & commands: {Executor: CONSOLE | command: mi give SWORD SWORD1 %player% 1} in shop "weapon" on page "&9Страница 1"
