[02/08/2023 16:10:04][SELL]MemnyiKiller sold 64x §bСиний кристалл for 40.00 in shop "miner" on page "&9Страница 1"
[02/08/2023 16:10:05][SELL]MemnyiKiller sold 64x §bСиний кристалл for 40.00 in shop "miner" on page "&9Страница 1"
[02/08/2023 16:10:05][SELL]MemnyiKiller sold 64x §bСиний кристалл for 40.00 in shop "miner" on page "&9Страница 1"
[02/08/2023 16:10:06][SELL]MemnyiKiller sold 20x §bСиний кристалл for 12.50 in shop "miner" on page "&9Страница 1"
[02/08/2023 16:10:08][SELL]MemnyiKiller sold 64x §bЗеленый кристалл for 80.00 in shop "miner" on page "&9Страница 1"
[02/08/2023 16:10:08][SELL]MemnyiKiller sold 25x §bЗеленый кристалл for 31.25 in shop "miner" on page "&9Страница 1"
[02/08/2023 16:10:09][SELL]MemnyiKiller sold 22x §bЖелтый кристалл for 41.25 in shop "miner" on page "&9Страница 1"
[02/08/2023 17:12:41][SELL]MemnyiKiller sold 8x §bСиний кристалл for 5.00 in shop "miner" on page "&9Страница 1"
[02/08/2023 17:14:32][SELL]MemnyiKiller sold 64x §bСиний кристалл for 40.00 in shop "miner" on page "&9Страница 1"
[02/08/2023 17:14:38][SELL]MemnyiKiller sold 64x §bСиний кристалл for 40.00 in shop "miner" on page "&9Страница 1"
[02/08/2023 17:14:38][SELL]MemnyiKiller sold 20x §bСиний кристалл for 12.50 in shop "miner" on page "&9Страница 1"
[02/08/2023 17:33:17][SELL]MemnyiKiller sold 64x §bСиний кристалл for 40.00 in shop "miner" on page "&9Страница 1"
[02/08/2023 17:33:18][SELL]MemnyiKiller sold 64x §bСиний кристалл for 40.00 in shop "miner" on page "&9Страница 1"
[02/08/2023 17:33:18][SELL]MemnyiKiller sold 64x §bСиний кристалл for 40.00 in shop "miner" on page "&9Страница 1"
[02/08/2023 17:33:19][SELL]MemnyiKiller sold 64x §bСиний кристалл for 40.00 in shop "miner" on page "&9Страница 1"
[02/08/2023 17:33:19][SELL]MemnyiKiller sold 64x §bСиний кристалл for 40.00 in shop "miner" on page "&9Страница 1"
[02/08/2023 17:33:19][SELL]MemnyiKiller sold 64x §bСиний кристалл for 40.00 in shop "miner" on page "&9Страница 1"
[02/08/2023 17:33:19][SELL]MemnyiKiller sold 64x §bСиний кристалл for 40.00 in shop "miner" on page "&9Страница 1"
[02/08/2023 17:33:20][SELL]MemnyiKiller sold 64x §bСиний кристалл for 40.00 in shop "miner" on page "&9Страница 1"
[02/08/2023 17:33:20][SELL]MemnyiKiller sold 64x §bСиний кристалл for 40.00 in shop "miner" on page "&9Страница 1"
[02/08/2023 17:33:20][SELL]MemnyiKiller sold 15x §bСиний кристалл for 9.38 in shop "miner" on page "&9Страница 1"
[02/08/2023 17:33:21][SELL]MemnyiKiller sold 64x §bЗеленый кристалл for 80.00 in shop "miner" on page "&9Страница 1"
[02/08/2023 17:33:21][SELL]MemnyiKiller sold 64x §bЗеленый кристалл for 80.00 in shop "miner" on page "&9Страница 1"
[02/08/2023 17:33:22][SELL]MemnyiKiller sold 64x §bЗеленый кристалл for 80.00 in shop "miner" on page "&9Страница 1"
[02/08/2023 17:33:22][SELL]MemnyiKiller sold 64x §bЗеленый кристалл for 80.00 in shop "miner" on page "&9Страница 1"
[02/08/2023 17:33:22][SELL]MemnyiKiller sold 59x §bЗеленый кристалл for 73.75 in shop "miner" on page "&9Страница 1"
[02/08/2023 17:33:23][SELL]MemnyiKiller sold 64x §bЖелтый кристалл for 120.00 in shop "miner" on page "&9Страница 1"
[02/08/2023 17:33:23][SELL]MemnyiKiller sold 7x §bЖелтый кристалл for 13.12 in shop "miner" on page "&9Страница 1"
[02/08/2023 17:57:11][SELL]MemnyiKiller sold 64x §bСиний кристалл for 40.00 in shop "miner" on page "&9Страница 1"
[02/08/2023 17:57:11][SELL]MemnyiKiller sold 64x §bСиний кристалл for 40.00 in shop "miner" on page "&9Страница 1"
[02/08/2023 17:57:12][SELL]MemnyiKiller sold 64x §bСиний кристалл for 40.00 in shop "miner" on page "&9Страница 1"
[02/08/2023 17:57:12][SELL]MemnyiKiller sold 64x §bСиний кристалл for 40.00 in shop "miner" on page "&9Страница 1"
[02/08/2023 17:57:12][SELL]MemnyiKiller sold 6x §bСиний кристалл for 3.75 in shop "miner" on page "&9Страница 1"
[02/08/2023 17:57:13][SELL]MemnyiKiller sold 64x §bЗеленый кристалл for 80.00 in shop "miner" on page "&9Страница 1"
[02/08/2023 17:57:13][SELL]MemnyiKiller sold 37x §bЗеленый кристалл for 46.25 in shop "miner" on page "&9Страница 1"
[02/08/2023 17:57:14][SELL]MemnyiKiller sold 20x §bЖелтый кристалл for 37.50 in shop "miner" on page "&9Страница 1"
[02/08/2023 17:58:46][SELL]Nike73 sold 8x §bСиний кристалл for 5.00 in shop "miner" on page "&9Страница 1"
[02/08/2023 17:58:47][SELL]Nike73 sold 8x §bСиний кристалл for 5.00 in shop "miner" on page "&9Страница 1"
[02/08/2023 18:07:54][SELL]MemnyiKiller sold 64x §bСиний кристалл for 80.00 in shop "miner" on page "&9Страница 1"
[02/08/2023 18:07:55][SELL]MemnyiKiller sold 53x §bСиний кристалл for 66.25 in shop "miner" on page "&9Страница 1"
[02/08/2023 18:07:56][SELL]MemnyiKiller sold 50x §bЗеленый кристалл for 125.00 in shop "miner" on page "&9Страница 1"
[02/08/2023 18:07:57][SELL]MemnyiKiller sold 15x §bЖелтый кристалл for 56.25 in shop "miner" on page "&9Страница 1"
[02/08/2023 18:08:05][BUY]MemnyiKiller bought 1x §dБур for 10000.00 with commands info: RuneMode: BUY_AND_RUN & commands: {Executor: CONSOLE | command: mi give TOOL TOOL1 %player% 1} in shop "miner" on page "&9Страница 1"
[02/08/2023 18:26:51][SELL]MemnyiKiller sold 64x §bСиний кристалл for 80.00 in shop "miner" on page "&9Страница 1"
[02/08/2023 18:26:51][SELL]MemnyiKiller sold 64x §bСиний кристалл for 80.00 in shop "miner" on page "&9Страница 1"
[02/08/2023 18:26:52][SELL]MemnyiKiller sold 64x §bСиний кристалл for 80.00 in shop "miner" on page "&9Страница 1"
[02/08/2023 18:26:52][SELL]MemnyiKiller sold 64x §bСиний кристалл for 80.00 in shop "miner" on page "&9Страница 1"
[02/08/2023 18:26:52][SELL]MemnyiKiller sold 16x §bСиний кристалл for 20.00 in shop "miner" on page "&9Страница 1"
[02/08/2023 18:26:55][SELL]MemnyiKiller sold 64x §bЗеленый кристалл for 160.00 in shop "miner" on page "&9Страница 1"
[02/08/2023 18:26:56][SELL]MemnyiKiller sold 64x §bЗеленый кристалл for 160.00 in shop "miner" on page "&9Страница 1"
[02/08/2023 18:26:56][SELL]MemnyiKiller sold 64x §bЗеленый кристалл for 160.00 in shop "miner" on page "&9Страница 1"
[02/08/2023 18:26:56][SELL]MemnyiKiller sold 64x §bЗеленый кристалл for 160.00 in shop "miner" on page "&9Страница 1"
[02/08/2023 18:26:56][SELL]MemnyiKiller sold 64x §bЗеленый кристалл for 160.00 in shop "miner" on page "&9Страница 1"
[02/08/2023 18:26:57][SELL]MemnyiKiller sold 47x §bЗеленый кристалл for 117.50 in shop "miner" on page "&9Страница 1"
[02/08/2023 18:26:58][SELL]MemnyiKiller sold 64x §bЖелтый кристалл for 240.00 in shop "miner" on page "&9Страница 1"
[02/08/2023 18:26:59][SELL]MemnyiKiller sold 64x §bЖелтый кристалл for 240.00 in shop "miner" on page "&9Страница 1"
[02/08/2023 18:26:59][SELL]MemnyiKiller sold 64x §bЖелтый кристалл for 240.00 in shop "miner" on page "&9Страница 1"
[02/08/2023 18:26:59][SELL]MemnyiKiller sold 15x §bЖелтый кристалл for 56.25 in shop "miner" on page "&9Страница 1"
[02/08/2023 18:27:00][SELL]MemnyiKiller sold 64x §bКрасный кристалл for 320.00 in shop "miner" on page "&9Страница 1"
[02/08/2023 18:27:01][SELL]MemnyiKiller sold 19x §bКрасный кристалл for 95.00 in shop "miner" on page "&9Страница 1"
[02/08/2023 18:37:17][SELL]MemnyiKiller sold 64x §bСиний кристалл for 80.00 in shop "miner" on page "&9Страница 1"
[02/08/2023 18:37:18][SELL]MemnyiKiller sold 44x §bЗеленый кристалл for 110.00 in shop "miner" on page "&9Страница 1"
[02/08/2023 18:37:18][SELL]MemnyiKiller sold 11x §bЖелтый кристалл for 41.25 in shop "miner" on page "&9Страница 1"
[02/08/2023 18:37:19][SELL]MemnyiKiller sold 27x §bСиний кристалл for 33.75 in shop "miner" on page "&9Страница 1"
[02/08/2023 18:51:00][SELL]MemnyiKiller sold 64x §bСиний кристалл for 80.00 in shop "miner" on page "&9Страница 1"
[02/08/2023 18:51:01][SELL]MemnyiKiller sold 64x §bЗеленый кристалл for 160.00 in shop "miner" on page "&9Страница 1"
[02/08/2023 18:51:01][SELL]MemnyiKiller sold 64x §bСиний кристалл for 80.00 in shop "miner" on page "&9Страница 1"
[02/08/2023 18:51:02][SELL]MemnyiKiller sold 15x §bСиний кристалл for 18.75 in shop "miner" on page "&9Страница 1"
[02/08/2023 18:51:02][SELL]MemnyiKiller sold 11x §bЖелтый кристалл for 41.25 in shop "miner" on page "&9Страница 1"
[02/08/2023 18:51:03][SELL]MemnyiKiller sold 3x §bЗеленый кристалл for 7.50 in shop "miner" on page "&9Страница 1"
