[17:10:24] NilsCoy (4a24e6bd-ea3a-3318-8f49-61b87de854d0): .dm open spawn
[18:33:06] N1XER__ (33df4bd2-977c-3f5b-bc4c-1c152339deb4): щас
[18:33:07] N1XER__ (33df4bd2-977c-3f5b-bc4c-1c152339deb4): щас
[18:33:10] N1XER__ (33df4bd2-977c-3f5b-bc4c-1c152339deb4): ало нахуй
[18:33:12] N1XER__ (33df4bd2-977c-3f5b-bc4c-1c152339deb4): а
[18:33:13] N1XER__ (33df4bd2-977c-3f5b-bc4c-1c152339deb4): Хорошо
[18:33:30] N1XER__ (33df4bd2-977c-3f5b-bc4c-1c152339deb4): нильс
[18:33:34] N1XER__ (33df4bd2-977c-3f5b-bc4c-1c152339deb4): нильс
[18:33:39] N1XER__ (33df4bd2-977c-3f5b-bc4c-1c152339deb4): нильс
[18:33:42] N1XER__ (33df4bd2-977c-3f5b-bc4c-1c152339deb4): ало нильс
[18:33:45] N1XER__ (33df4bd2-977c-3f5b-bc4c-1c152339deb4): падла
[18:33:51] N1XER__ (33df4bd2-977c-3f5b-bc4c-1c152339deb4): щас это
[18:33:52] N1XER__ (33df4bd2-977c-3f5b-bc4c-1c152339deb4): ну
[18:33:57] N1XER__ (33df4bd2-977c-3f5b-bc4c-1c152339deb4): зайдет
[18:33:59] N1XER__ (33df4bd2-977c-3f5b-bc4c-1c152339deb4): человек один
[18:34:05] N1XER__ (33df4bd2-977c-3f5b-bc4c-1c152339deb4): сюда
[18:34:07] N1XER__ (33df4bd2-977c-3f5b-bc4c-1c152339deb4): на сервер
[18:34:10] N1XER__ (33df4bd2-977c-3f5b-bc4c-1c152339deb4): ну
[18:34:17] N1XER__ (33df4bd2-977c-3f5b-bc4c-1c152339deb4): аиша зайдет
[18:34:22] N1XER__ (33df4bd2-977c-3f5b-bc4c-1c152339deb4): ну чиста
[18:34:25] N1XER__ (33df4bd2-977c-3f5b-bc4c-1c152339deb4): Обзор на сервер
[18:34:36] N1XER__ (33df4bd2-977c-3f5b-bc4c-1c152339deb4): хорошо да?
[18:34:41] N1XER__ (33df4bd2-977c-3f5b-bc4c-1c152339deb4): fkj
[18:34:45] N1XER__ (33df4bd2-977c-3f5b-bc4c-1c152339deb4): а
[18:34:46] N1XER__ (33df4bd2-977c-3f5b-bc4c-1c152339deb4): так
[18:34:50] N1XER__ (33df4bd2-977c-3f5b-bc4c-1c152339deb4): да пофиг
[18:35:46] N1XER__ (33df4bd2-977c-3f5b-bc4c-1c152339deb4): та нормально
[18:44:39] N1XER__ (33df4bd2-977c-3f5b-bc4c-1c152339deb4): оксиген
[18:44:42] N1XER__ (33df4bd2-977c-3f5b-bc4c-1c152339deb4): используй
[18:47:39] N1XER__ (33df4bd2-977c-3f5b-bc4c-1c152339deb4): нильс
[18:47:41] N1XER__ (33df4bd2-977c-3f5b-bc4c-1c152339deb4): это самое
[18:47:41] NilsCoy (4a24e6bd-ea3a-3318-8f49-61b87de854d0): f
[18:47:44] NilsCoy (4a24e6bd-ea3a-3318-8f49-61b87de854d0): а
[18:47:46] N1XER__ (33df4bd2-977c-3f5b-bc4c-1c152339deb4): скачай voxelsniper
[18:47:49] NilsCoy (4a24e6bd-ea3a-3318-8f49-61b87de854d0): уже
[18:47:49] N1XER__ (33df4bd2-977c-3f5b-bc4c-1c152339deb4): сгладить пещеры
[18:47:50] N1XER__ (33df4bd2-977c-3f5b-bc4c-1c152339deb4): а
[18:47:52] N1XER__ (33df4bd2-977c-3f5b-bc4c-1c152339deb4): хорошо
[18:47:55] NilsCoy (4a24e6bd-ea3a-3318-8f49-61b87de854d0): нужен перезапуск
[18:47:57] N1XER__ (33df4bd2-977c-3f5b-bc4c-1c152339deb4): потом
[18:47:58] N1XER__ (33df4bd2-977c-3f5b-bc4c-1c152339deb4): потом
[18:48:07] NilsCoy (4a24e6bd-ea3a-3318-8f49-61b87de854d0): окк
[18:48:46] NilsCoy (4a24e6bd-ea3a-3318-8f49-61b87de854d0): здраствуйте
[18:48:53] NilsCoy (4a24e6bd-ea3a-3318-8f49-61b87de854d0): ахах
[18:49:04] NilsCoy (4a24e6bd-ea3a-3318-8f49-61b87de854d0): это че
[18:49:12] N1XER__ (33df4bd2-977c-3f5b-bc4c-1c152339deb4): че
[18:49:19] N1XER__ (33df4bd2-977c-3f5b-bc4c-1c152339deb4): ты сам это рисовал
[18:49:21] N1XER__ (33df4bd2-977c-3f5b-bc4c-1c152339deb4): ХАХАХАХ
[18:49:29] NilsCoy (4a24e6bd-ea3a-3318-8f49-61b87de854d0): здраствуйте
[18:49:42] NilsCoy (4a24e6bd-ea3a-3318-8f49-61b87de854d0): ...
[18:50:16] NilsCoy (4a24e6bd-ea3a-3318-8f49-61b87de854d0): писец
[18:50:23] N1XER__ (33df4bd2-977c-3f5b-bc4c-1c152339deb4): жди нильс
[18:50:26] NilsCoy (4a24e6bd-ea3a-3318-8f49-61b87de854d0): ээээ, ну кароче пофиг
[18:50:28] N1XER__ (33df4bd2-977c-3f5b-bc4c-1c152339deb4): ХАХАХАХХА
[18:50:37] N1XER__ (33df4bd2-977c-3f5b-bc4c-1c152339deb4): она не может ответить
[18:50:42] N1XER__ (33df4bd2-977c-3f5b-bc4c-1c152339deb4): чат недоступен
[18:50:42] NilsCoy (4a24e6bd-ea3a-3318-8f49-61b87de854d0): а
[18:50:44] N1XER__ (33df4bd2-977c-3f5b-bc4c-1c152339deb4): права не настроил
[18:50:46] N1XER__ (33df4bd2-977c-3f5b-bc4c-1c152339deb4): и че то хочет еще
[18:50:48] N1XER__ (33df4bd2-977c-3f5b-bc4c-1c152339deb4): ХАХАХХАХАВЗХЫЫФЗАХВХАФЫВХ
[18:50:49] NilsCoy (4a24e6bd-ea3a-3318-8f49-61b87de854d0): ну тогда ладно
[18:50:59] NilsCoy (4a24e6bd-ea3a-3318-8f49-61b87de854d0): я хотел пошутить
[18:51:05] NilsCoy (4a24e6bd-ea3a-3318-8f49-61b87de854d0): но походу не выйдет
[18:51:11] NilsCoy (4a24e6bd-ea3a-3318-8f49-61b87de854d0): :(
[18:51:42] N1XER__ (33df4bd2-977c-3f5b-bc4c-1c152339deb4): нильс
[18:51:46] NilsCoy (4a24e6bd-ea3a-3318-8f49-61b87de854d0): а
[18:51:46] N1XER__ (33df4bd2-977c-3f5b-bc4c-1c152339deb4): почему не получается
[18:51:48] N1XER__ (33df4bd2-977c-3f5b-bc4c-1c152339deb4): кристаллы
[18:51:49] N1XER__ (33df4bd2-977c-3f5b-bc4c-1c152339deb4): сломать
[18:51:54] NilsCoy (4a24e6bd-ea3a-3318-8f49-61b87de854d0): а че ей пишет?
[18:51:57] N1XER__ (33df4bd2-977c-3f5b-bc4c-1c152339deb4): я не знаю
[18:52:00] NilsCoy (4a24e6bd-ea3a-3318-8f49-61b87de854d0): а
[18:52:05] NilsCoy (4a24e6bd-ea3a-3318-8f49-61b87de854d0): у нее прав нету
[18:52:12] NilsCoy (4a24e6bd-ea3a-3318-8f49-61b87de854d0): у женщин нет прав
[18:52:16] NilsCoy (4a24e6bd-ea3a-3318-8f49-61b87de854d0): ХАХАХАХЦ ф
[18:52:23] NilsCoy (4a24e6bd-ea3a-3318-8f49-61b87de854d0): кароче
[18:52:28] NilsCoy (4a24e6bd-ea3a-3318-8f49-61b87de854d0): я еще не настроил
[18:52:37] NilsCoy (4a24e6bd-ea3a-3318-8f49-61b87de854d0): нужно разрешить ломать блоки в привате
[18:52:42] NilsCoy (4a24e6bd-ea3a-3318-8f49-61b87de854d0): ща будет
[18:52:43] N1XER__ (33df4bd2-977c-3f5b-bc4c-1c152339deb4): ну ты быдла
[18:52:47] N1XER__ (33df4bd2-977c-3f5b-bc4c-1c152339deb4): нильс
[18:52:48] N1XER__ (33df4bd2-977c-3f5b-bc4c-1c152339deb4): быдла
[18:53:04] N1XER__ (33df4bd2-977c-3f5b-bc4c-1c152339deb4): так разреши чтобы только mmocore блоки
[18:53:06] N1XER__ (33df4bd2-977c-3f5b-bc4c-1c152339deb4): mmoitems
[18:53:08] N1XER__ (33df4bd2-977c-3f5b-bc4c-1c152339deb4): не все блоки
[18:53:31] NilsCoy (4a24e6bd-ea3a-3318-8f49-61b87de854d0): все
[18:53:33] NilsCoy (4a24e6bd-ea3a-3318-8f49-61b87de854d0): чекай
[18:53:41] N1XER__ (33df4bd2-977c-3f5b-bc4c-1c152339deb4): а еще стрелять не может
[18:53:45] N1XER__ (33df4bd2-977c-3f5b-bc4c-1c152339deb4): я хотел мобов показать
[18:53:50] NilsCoy (4a24e6bd-ea3a-3318-8f49-61b87de854d0): может
[18:53:51] N1XER__ (33df4bd2-977c-3f5b-bc4c-1c152339deb4): а
[18:53:53] NilsCoy (4a24e6bd-ea3a-3318-8f49-61b87de854d0): на пкм
[18:53:57] NilsCoy (4a24e6bd-ea3a-3318-8f49-61b87de854d0): хахаха
[18:54:29] NilsCoy (4a24e6bd-ea3a-3318-8f49-61b87de854d0): быдла?
[18:54:56] N1XER__ (33df4bd2-977c-3f5b-bc4c-1c152339deb4): ты быдла
[18:57:51] N1XER__ (33df4bd2-977c-3f5b-bc4c-1c152339deb4): нильс а кристаллы не регенят что-ли?
[18:57:56] N1XER__ (33df4bd2-977c-3f5b-bc4c-1c152339deb4): или там кд нормальный
[18:59:26] NilsCoy (4a24e6bd-ea3a-3318-8f49-61b87de854d0): регенят
[18:59:32] NilsCoy (4a24e6bd-ea3a-3318-8f49-61b87de854d0): 10 мин
[18:59:35] N1XER__ (33df4bd2-977c-3f5b-bc4c-1c152339deb4): АА
[18:59:37] N1XER__ (33df4bd2-977c-3f5b-bc4c-1c152339deb4): хорошо
[19:00:05] NilsCoy (4a24e6bd-ea3a-3318-8f49-61b87de854d0): хахахах
[19:00:05] N1XER__ (33df4bd2-977c-3f5b-bc4c-1c152339deb4): нильс
[19:00:08] N1XER__ (33df4bd2-977c-3f5b-bc4c-1c152339deb4): тут через блоки...
[19:00:09] NilsCoy (4a24e6bd-ea3a-3318-8f49-61b87de854d0): аим бот
[19:00:10] N1XER__ (33df4bd2-977c-3f5b-bc4c-1c152339deb4): чел
[19:00:11] N1XER__ (33df4bd2-977c-3f5b-bc4c-1c152339deb4): стреляет
[19:00:12] N1XER__ (33df4bd2-977c-3f5b-bc4c-1c152339deb4): ХАХАХХАХАХ
[19:00:14] N1XER__ (33df4bd2-977c-3f5b-bc4c-1c152339deb4): аим бот
[19:00:23] NilsCoy (4a24e6bd-ea3a-3318-8f49-61b87de854d0): хорошо
[19:00:30] NilsCoy (4a24e6bd-ea3a-3318-8f49-61b87de854d0): я настрою условия
[19:00:37] N1XER__ (33df4bd2-977c-3f5b-bc4c-1c152339deb4): да
[19:02:34] NilsCoy (4a24e6bd-ea3a-3318-8f49-61b87de854d0): все
[19:02:38] NilsCoy (4a24e6bd-ea3a-3318-8f49-61b87de854d0): я вроде настроил
[19:02:45] N1XER__ (33df4bd2-977c-3f5b-bc4c-1c152339deb4): они не стреляют теперь
[19:03:00] N1XER__ (33df4bd2-977c-3f5b-bc4c-1c152339deb4): налетчики игнорят
[19:04:40] NilsCoy (4a24e6bd-ea3a-3318-8f49-61b87de854d0): проверяй
[19:04:44] N1XER__ (33df4bd2-977c-3f5b-bc4c-1c152339deb4): щас
[19:04:46] N1XER__ (33df4bd2-977c-3f5b-bc4c-1c152339deb4): проверим
[19:05:30] N1XER__ (33df4bd2-977c-3f5b-bc4c-1c152339deb4): не нильс
[19:05:33] N1XER__ (33df4bd2-977c-3f5b-bc4c-1c152339deb4): они все равно игнорят
[19:05:48] N1XER__ (33df4bd2-977c-3f5b-bc4c-1c152339deb4): а вот стрельнул
[19:05:52] N1XER__ (33df4bd2-977c-3f5b-bc4c-1c152339deb4): но стреляют очень редко
[19:05:53] N1XER__ (33df4bd2-977c-3f5b-bc4c-1c152339deb4): как-то
[19:05:54] N1XER__ (33df4bd2-977c-3f5b-bc4c-1c152339deb4): не знаю
[19:06:00] N1XER__ (33df4bd2-977c-3f5b-bc4c-1c152339deb4): через баги работает
[19:06:01] NilsCoy (4a24e6bd-ea3a-3318-8f49-61b87de854d0): я просто перезапустил плагин
[19:06:05] NilsCoy (4a24e6bd-ea3a-3318-8f49-61b87de854d0): теперь все норм
[19:06:15] NilsCoy (4a24e6bd-ea3a-3318-8f49-61b87de854d0): он специально редко стреляет
[19:06:23] N1XER__ (33df4bd2-977c-3f5b-bc4c-1c152339deb4): во
[19:06:25] NilsCoy (4a24e6bd-ea3a-3318-8f49-61b87de854d0): там все хорошо
[19:06:28] N1XER__ (33df4bd2-977c-3f5b-bc4c-1c152339deb4): ХАХАХАХХАХА специально
[19:06:31] N1XER__ (33df4bd2-977c-3f5b-bc4c-1c152339deb4): дает себя убить
[19:06:48] NilsCoy (4a24e6bd-ea3a-3318-8f49-61b87de854d0): когда их много то тяжко
[19:06:51] N1XER__ (33df4bd2-977c-3f5b-bc4c-1c152339deb4): да
[19:07:09] NilsCoy (4a24e6bd-ea3a-3318-8f49-61b87de854d0): у них урона вроде не много го когда тебя в 10 рыл гасят будет больно
[19:07:18] NilsCoy (4a24e6bd-ea3a-3318-8f49-61b87de854d0): а еще я чуть поднастроил прова
[19:07:23] N1XER__ (33df4bd2-977c-3f5b-bc4c-1c152339deb4): дадад
[19:07:23] N1XER__ (33df4bd2-977c-3f5b-bc4c-1c152339deb4): видел
[19:07:26] N1XER__ (33df4bd2-977c-3f5b-bc4c-1c152339deb4): в чат можно писать
[19:07:26] NilsCoy (4a24e6bd-ea3a-3318-8f49-61b87de854d0): теперь можно писать
[19:07:36] NilsCoy (4a24e6bd-ea3a-3318-8f49-61b87de854d0): ну должно
[19:07:47] vssssspak (67520e8f-8e3c-306a-afa5-b18aeb25162a): добрый вечер уважаемый нильс
[19:07:50] NilsCoy (4a24e6bd-ea3a-3318-8f49-61b87de854d0): оооо
[19:09:35] NilsCoy (4a24e6bd-ea3a-3318-8f49-61b87de854d0): здраствуйте
[19:24:42] NilsCoy (4a24e6bd-ea3a-3318-8f49-61b87de854d0): vssssspak как вам сервер?
[19:24:52] NilsCoy (4a24e6bd-ea3a-3318-8f49-61b87de854d0): вы первый человек который попал сюда
[19:24:59] NilsCoy (4a24e6bd-ea3a-3318-8f49-61b87de854d0): да еще и по блату
[19:25:05] NilsCoy (4a24e6bd-ea3a-3318-8f49-61b87de854d0): да не об этом
[19:25:09] NilsCoy (4a24e6bd-ea3a-3318-8f49-61b87de854d0): vssssspak как вам сервер?
[19:26:58] vssssspak (67520e8f-8e3c-306a-afa5-b18aeb25162a): прекрасный сервер
[19:29:14] NilsCoy (4a24e6bd-ea3a-3318-8f49-61b87de854d0): ну нормально
[19:29:25] NilsCoy (4a24e6bd-ea3a-3318-8f49-61b87de854d0): вы собираетесь тут играть?
[20:01:53] NilsCoy (4a24e6bd-ea3a-3318-8f49-61b87de854d0): а?
[20:05:14] NilsCoy (4a24e6bd-ea3a-3318-8f49-61b87de854d0): одобряю
[20:42:05] NilsCoy (4a24e6bd-ea3a-3318-8f49-61b87de854d0): s
[20:42:10] NilsCoy (4a24e6bd-ea3a-3318-8f49-61b87de854d0): s
[20:42:19] NilsCoy (4a24e6bd-ea3a-3318-8f49-61b87de854d0): пойдем
[20:42:22] NilsCoy (4a24e6bd-ea3a-3318-8f49-61b87de854d0): ы
[20:42:29] NilsCoy (4a24e6bd-ea3a-3318-8f49-61b87de854d0): пойдем
[20:42:53] NilsCoy (4a24e6bd-ea3a-3318-8f49-61b87de854d0): кароче
[20:42:54] NilsCoy (4a24e6bd-ea3a-3318-8f49-61b87de854d0): смотри
[20:43:07] NilsCoy (4a24e6bd-ea3a-3318-8f49-61b87de854d0): расставляем ящики
[20:43:12] NilsCoy (4a24e6bd-ea3a-3318-8f49-61b87de854d0): по всей шахту
[20:43:13] NilsCoy (4a24e6bd-ea3a-3318-8f49-61b87de854d0): по всей шахте
[20:43:28] vssssspak (67520e8f-8e3c-306a-afa5-b18aeb25162a): по два блока?
[20:43:35] NilsCoy (4a24e6bd-ea3a-3318-8f49-61b87de854d0): без шалкеров
[20:43:38] NilsCoy (4a24e6bd-ea3a-3318-8f49-61b87de854d0): да
[20:43:50] NilsCoy (4a24e6bd-ea3a-3318-8f49-61b87de854d0): большие в 3 блока будут мешать
[20:43:57] vssssspak (67520e8f-8e3c-306a-afa5-b18aeb25162a): хорошо
[20:44:01] NilsCoy (4a24e6bd-ea3a-3318-8f49-61b87de854d0): шалкер ящики я сам расставлю
[20:51:38] vssssspak (67520e8f-8e3c-306a-afa5-b18aeb25162a): все
[20:51:47] NilsCoy (4a24e6bd-ea3a-3318-8f49-61b87de854d0): хорошо
[20:52:09] NilsCoy (4a24e6bd-ea3a-3318-8f49-61b87de854d0): смотри
[20:52:19] NilsCoy (4a24e6bd-ea3a-3318-8f49-61b87de854d0): теперь расставляем кристаллы
[20:52:38] NilsCoy (4a24e6bd-ea3a-3318-8f49-61b87de854d0): только расставляй по редкости
[20:52:52] NilsCoy (4a24e6bd-ea3a-3318-8f49-61b87de854d0): большие реже чем маленькие
[20:52:57] NilsCoy (4a24e6bd-ea3a-3318-8f49-61b87de854d0): как то так
[20:53:00] vssssspak (67520e8f-8e3c-306a-afa5-b18aeb25162a): хорошо
[20:56:50] vssssspak (67520e8f-8e3c-306a-afa5-b18aeb25162a): все?
[20:57:36] NilsCoy (4a24e6bd-ea3a-3318-8f49-61b87de854d0): ну вроде все
[21:04:34] N1XER__ (33df4bd2-977c-3f5b-bc4c-1c152339deb4): смотри
[21:04:35] N1XER__ (33df4bd2-977c-3f5b-bc4c-1c152339deb4): стулья как
[21:04:45] N1XER__ (33df4bd2-977c-3f5b-bc4c-1c152339deb4): вот так и оставляй
[21:05:11] N1XER__ (33df4bd2-977c-3f5b-bc4c-1c152339deb4): возьми
[21:05:13] N1XER__ (33df4bd2-977c-3f5b-bc4c-1c152339deb4): и кликай по
[21:05:15] N1XER__ (33df4bd2-977c-3f5b-bc4c-1c152339deb4): люкам
[21:05:15] N1XER__ (33df4bd2-977c-3f5b-bc4c-1c152339deb4): вот
[21:06:05] vssssspak (67520e8f-8e3c-306a-afa5-b18aeb25162a): дай еще раз палку
[21:06:15] N1XER__ (33df4bd2-977c-3f5b-bc4c-1c152339deb4): там разные режимы есть
[21:06:15] N1XER__ (33df4bd2-977c-3f5b-bc4c-1c152339deb4): короче
[21:06:20] N1XER__ (33df4bd2-977c-3f5b-bc4c-1c152339deb4): лкм
[21:06:22] N1XER__ (33df4bd2-977c-3f5b-bc4c-1c152339deb4): менять режим палки
[21:06:25] N1XER__ (33df4bd2-977c-3f5b-bc4c-1c152339deb4): по блоку
[21:06:27] N1XER__ (33df4bd2-977c-3f5b-bc4c-1c152339deb4): а пкм
[21:06:28] N1XER__ (33df4bd2-977c-3f5b-bc4c-1c152339deb4): это
[21:06:30] N1XER__ (33df4bd2-977c-3f5b-bc4c-1c152339deb4): повернуть блок
[21:16:45] N1XER__ (33df4bd2-977c-3f5b-bc4c-1c152339deb4): стой
[21:16:47] N1XER__ (33df4bd2-977c-3f5b-bc4c-1c152339deb4): сделай тут
[21:16:48] N1XER__ (33df4bd2-977c-3f5b-bc4c-1c152339deb4): казармы
[21:16:55] N1XER__ (33df4bd2-977c-3f5b-bc4c-1c152339deb4): типа
[21:17:00] N1XER__ (33df4bd2-977c-3f5b-bc4c-1c152339deb4): а
[21:17:01] N1XER__ (33df4bd2-977c-3f5b-bc4c-1c152339deb4): нет
[21:17:03] N1XER__ (33df4bd2-977c-3f5b-bc4c-1c152339deb4): этот не надо
[21:17:05] N1XER__ (33df4bd2-977c-3f5b-bc4c-1c152339deb4): это в воздухе
[21:17:46] N1XER__ (33df4bd2-977c-3f5b-bc4c-1c152339deb4): вот та
[21:17:47] N1XER__ (33df4bd2-977c-3f5b-bc4c-1c152339deb4): так
[21:17:49] N1XER__ (33df4bd2-977c-3f5b-bc4c-1c152339deb4): только как-то доделать
[21:17:54] N1XER__ (33df4bd2-977c-3f5b-bc4c-1c152339deb4): шифт
[21:18:08] vssssspak (67520e8f-8e3c-306a-afa5-b18aeb25162a): никита
[21:18:10] vssssspak (67520e8f-8e3c-306a-afa5-b18aeb25162a): иди сюда
[21:18:17] N1XER__ (33df4bd2-977c-3f5b-bc4c-1c152339deb4): а
[21:18:18] N1XER__ (33df4bd2-977c-3f5b-bc4c-1c152339deb4): а почему
[21:19:10] N1XER__ (33df4bd2-977c-3f5b-bc4c-1c152339deb4): давай тут склад
[21:19:12] N1XER__ (33df4bd2-977c-3f5b-bc4c-1c152339deb4): только ящики
[21:19:13] N1XER__ (33df4bd2-977c-3f5b-bc4c-1c152339deb4): всяякие
[22:05:45] NilsCoy (4a24e6bd-ea3a-3318-8f49-61b87de854d0): s
[22:09:54] NilsCoy (4a24e6bd-ea3a-3318-8f49-61b87de854d0): стены будете переделывать?
[22:10:08] vssssspak (67520e8f-8e3c-306a-afa5-b18aeb25162a): скорее всего
[22:10:15] NilsCoy (4a24e6bd-ea3a-3318-8f49-61b87de854d0): тогда сделайте как на спавне
[22:10:22] NilsCoy (4a24e6bd-ea3a-3318-8f49-61b87de854d0): чтоб стелистика одна была
[22:38:44] N1XER__ (33df4bd2-977c-3f5b-bc4c-1c152339deb4): СТОЙ
[22:38:47] N1XER__ (33df4bd2-977c-3f5b-bc4c-1c152339deb4): СДЕЛАЙ ЗДЕСЬ
[22:38:50] N1XER__ (33df4bd2-977c-3f5b-bc4c-1c152339deb4): СМОТРИ
[22:39:25] N1XER__ (33df4bd2-977c-3f5b-bc4c-1c152339deb4): ВО
[22:39:27] N1XER__ (33df4bd2-977c-3f5b-bc4c-1c152339deb4): ТАКИЕ
[22:39:32] N1XER__ (33df4bd2-977c-3f5b-bc4c-1c152339deb4): ТИПА СКЛАД БЫЛ
[22:46:39] vssssspak (67520e8f-8e3c-306a-afa5-b18aeb25162a): никита
[22:49:30] N1XER__ (33df4bd2-977c-3f5b-bc4c-1c152339deb4): вот тут почистить можно
[22:49:33] N1XER__ (33df4bd2-977c-3f5b-bc4c-1c152339deb4): песок
[22:49:35] N1XER__ (33df4bd2-977c-3f5b-bc4c-1c152339deb4): и сделат ькомнату
[23:07:01] NilsCoy (4a24e6bd-ea3a-3318-8f49-61b87de854d0): Arrivederci
[23:40:12] N1XER__ (33df4bd2-977c-3f5b-bc4c-1c152339deb4): щас
