[15:02:13] NilsCoy (4a24e6bd-ea3a-3318-8f49-61b87de854d0): •
[15:02:46] NilsCoy (4a24e6bd-ea3a-3318-8f49-61b87de854d0): ●
[15:08:27] NilsCoy (4a24e6bd-ea3a-3318-8f49-61b87de854d0): s
[15:08:48] NilsCoy (4a24e6bd-ea3a-3318-8f49-61b87de854d0): s
[15:16:07] N1XER__ (33df4bd2-977c-3f5b-bc4c-1c152339deb4): 123
[15:16:08] N1XER__ (33df4bd2-977c-3f5b-bc4c-1c152339deb4): 124
[15:16:10] N1XER__ (33df4bd2-977c-3f5b-bc4c-1c152339deb4): 123
[15:19:33] NilsCoy (4a24e6bd-ea3a-3318-8f49-61b87de854d0): s
[15:24:47] NilsCoy (4a24e6bd-ea3a-3318-8f49-61b87de854d0): Прибыл из гибернации
[15:25:16] NilsCoy (4a24e6bd-ea3a-3318-8f49-61b87de854d0): перешел
[15:35:15] NilsCoy (4a24e6bd-ea3a-3318-8f49-61b87de854d0): я буду в чат писать
[15:35:21] NilsCoy (4a24e6bd-ea3a-3318-8f49-61b87de854d0): тк ребенок спит
[15:35:30] NilsCoy (4a24e6bd-ea3a-3318-8f49-61b87de854d0): меня отпиздят
[15:35:34] NilsCoy (4a24e6bd-ea3a-3318-8f49-61b87de854d0): если буду орать
[15:37:01] NilsCoy (4a24e6bd-ea3a-3318-8f49-61b87de854d0): ты сука?
[15:37:12] NilsCoy (4a24e6bd-ea3a-3318-8f49-61b87de854d0): ты где очкошник?
[15:37:33] NilsCoy (4a24e6bd-ea3a-3318-8f49-61b87de854d0): почему глобал чат показывает что меня никто не слышит?
[15:37:43] NilsCoy (4a24e6bd-ea3a-3318-8f49-61b87de854d0): СТАВЬ СУКА
[15:38:09] NilsCoy (4a24e6bd-ea3a-3318-8f49-61b87de854d0): что
[15:38:12] NilsCoy (4a24e6bd-ea3a-3318-8f49-61b87de854d0): ы
[15:38:15] NilsCoy (4a24e6bd-ea3a-3318-8f49-61b87de854d0): всо
[15:39:25] NilsCoy (4a24e6bd-ea3a-3318-8f49-61b87de854d0): f
[15:39:26] NilsCoy (4a24e6bd-ea3a-3318-8f49-61b87de854d0): а
[15:39:33] NilsCoy (4a24e6bd-ea3a-3318-8f49-61b87de854d0): твои текстурки пихаю в рп
[15:39:37] NilsCoy (4a24e6bd-ea3a-3318-8f49-61b87de854d0): ща почти сделал
[15:40:02] NilsCoy (4a24e6bd-ea3a-3318-8f49-61b87de854d0): иди нахуй
[15:40:07] NilsCoy (4a24e6bd-ea3a-3318-8f49-61b87de854d0): я не хочу
[15:42:31] NilsCoy (4a24e6bd-ea3a-3318-8f49-61b87de854d0): я говно делать не хочу
[15:42:52] NilsCoy (4a24e6bd-ea3a-3318-8f49-61b87de854d0): не для этого я свои навыки квестера прокачивал
[15:42:58] NilsCoy (4a24e6bd-ea3a-3318-8f49-61b87de854d0): и не для этого я прогу писал
[15:43:25] NilsCoy (4a24e6bd-ea3a-3318-8f49-61b87de854d0): чтоб делать квесты по типу: принеси подай, иди нахуй не мешай
[15:44:06] NilsCoy (4a24e6bd-ea3a-3318-8f49-61b87de854d0): и идут нахуй
[15:44:31] N1XER__ (33df4bd2-977c-3f5b-bc4c-1c152339deb4): е
[15:44:32] N1XER__ (33df4bd2-977c-3f5b-bc4c-1c152339deb4): 124
[15:44:35] N1XER__ (33df4bd2-977c-3f5b-bc4c-1c152339deb4): 12
[15:44:36] N1XER__ (33df4bd2-977c-3f5b-bc4c-1c152339deb4): 321
[15:44:52] NilsCoy (4a24e6bd-ea3a-3318-8f49-61b87de854d0): О
[15:44:54] NilsCoy (4a24e6bd-ea3a-3318-8f49-61b87de854d0): имба
[15:44:59] N1XER__ (33df4bd2-977c-3f5b-bc4c-1c152339deb4): terw
[15:45:02] NilsCoy (4a24e6bd-ea3a-3318-8f49-61b87de854d0): ща
[15:45:18] N1XER__ (33df4bd2-977c-3f5b-bc4c-1c152339deb4): 23
[15:45:19] N1XER__ (33df4bd2-977c-3f5b-bc4c-1c152339deb4): 324
[15:46:15] NilsCoy (4a24e6bd-ea3a-3318-8f49-61b87de854d0): 戸
[15:46:18] N1XER__ (33df4bd2-977c-3f5b-bc4c-1c152339deb4): 23
[15:46:29] NilsCoy (4a24e6bd-ea3a-3318-8f49-61b87de854d0): 戶
[15:46:59] NilsCoy (4a24e6bd-ea3a-3318-8f49-61b87de854d0): что?
[15:47:11] N1XER__ (33df4bd2-977c-3f5b-bc4c-1c152339deb4): 23
[15:47:12] N1XER__ (33df4bd2-977c-3f5b-bc4c-1c152339deb4): 234
[15:47:19] N1XER__ (33df4bd2-977c-3f5b-bc4c-1c152339deb4): 1
[15:47:22] N1XER__ (33df4bd2-977c-3f5b-bc4c-1c152339deb4): .ц
[15:47:25] N1XER__ (33df4bd2-977c-3f5b-bc4c-1c152339deb4): .
[15:48:55] N1XER__ (33df4bd2-977c-3f5b-bc4c-1c152339deb4): 戶
[15:49:24] N1XER__ (33df4bd2-977c-3f5b-bc4c-1c152339deb4): 123
[15:49:25] N1XER__ (33df4bd2-977c-3f5b-bc4c-1c152339deb4): 123
[15:49:39] N1XER__ (33df4bd2-977c-3f5b-bc4c-1c152339deb4): 123
[15:49:44] NilsCoy (4a24e6bd-ea3a-3318-8f49-61b87de854d0): я конечно немного увеличил их
[15:49:57] N1XER__ (33df4bd2-977c-3f5b-bc4c-1c152339deb4): 123
[15:49:58] N1XER__ (33df4bd2-977c-3f5b-bc4c-1c152339deb4): 123
[15:49:59] NilsCoy (4a24e6bd-ea3a-3318-8f49-61b87de854d0): я конечно немного увеличил их
[15:50:14] NilsCoy (4a24e6bd-ea3a-3318-8f49-61b87de854d0): я могу вернуть
[15:50:22] NilsCoy (4a24e6bd-ea3a-3318-8f49-61b87de854d0): лан
[15:50:52] NilsCoy (4a24e6bd-ea3a-3318-8f49-61b87de854d0): ща
