[15:19:11] NilsCoy (4a24e6bd-ea3a-3318-8f49-61b87de854d0): скачал бы хотябы плазмовойс
[15:19:15] NilsCoy (4a24e6bd-ea3a-3318-8f49-61b87de854d0): чтоб говорить
[15:19:26] N1XER__ (33df4bd2-977c-3f5b-bc4c-1c152339deb4): Я НЕ СМОГУ ГОВОРИТЬ
[15:19:33] N1XER__ (33df4bd2-977c-3f5b-bc4c-1c152339deb4): КОРОЧЕ
[15:19:34] NilsCoy (4a24e6bd-ea3a-3318-8f49-61b87de854d0): ТЫ АБОБУС
[15:19:35] N1XER__ (33df4bd2-977c-3f5b-bc4c-1c152339deb4): ПИШИ ЕСЛИ ЧТО
[15:19:35] N1XER__ (33df4bd2-977c-3f5b-bc4c-1c152339deb4): МНЕ
[15:19:36] N1XER__ (33df4bd2-977c-3f5b-bc4c-1c152339deb4): В ДИС
[15:19:37] N1XER__ (33df4bd2-977c-3f5b-bc4c-1c152339deb4): В ЛС
[15:19:39] NilsCoy (4a24e6bd-ea3a-3318-8f49-61b87de854d0): ПАЗМО ВОЙС СКАЧАЙ
[15:19:39] N1XER__ (33df4bd2-977c-3f5b-bc4c-1c152339deb4): ЕСЛИ В МАЙНЕ БУДУ
[15:19:41] N1XER__ (33df4bd2-977c-3f5b-bc4c-1c152339deb4): НЕ ОТВЕЧАТЬ
[15:19:43] N1XER__ (33df4bd2-977c-3f5b-bc4c-1c152339deb4): ТА ТЫ СУКА
[15:19:44] N1XER__ (33df4bd2-977c-3f5b-bc4c-1c152339deb4): ОН С ВИРУСАМИ
[15:19:45] N1XER__ (33df4bd2-977c-3f5b-bc4c-1c152339deb4): ВСЕ
[15:19:50] N1XER__ (33df4bd2-977c-3f5b-bc4c-1c152339deb4): ПИШИ СЮДА ЛИБО В ЛС ДИСКОРДА
[15:19:53] N1XER__ (33df4bd2-977c-3f5b-bc4c-1c152339deb4): ЖДЕМ ЛЮДЕЙ
[15:19:59] NilsCoy (4a24e6bd-ea3a-3318-8f49-61b87de854d0): ДА ИДИ ТЫ НАХУЙ
[15:20:03] N1XER__ (33df4bd2-977c-3f5b-bc4c-1c152339deb4): ТА ТЫ СУКА
[15:20:06] N1XER__ (33df4bd2-977c-3f5b-bc4c-1c152339deb4): САМ ИДИ НАХУЙ
[15:20:24] N1XER__ (33df4bd2-977c-3f5b-bc4c-1c152339deb4): НУ И ГНИДА ЖЕ ТЫ БРОК
[15:20:32] NilsCoy (4a24e6bd-ea3a-3318-8f49-61b87de854d0): брок?
[15:21:06] N1XER__ (33df4bd2-977c-3f5b-bc4c-1c152339deb4): ДА
[15:21:56] N1XER__ (33df4bd2-977c-3f5b-bc4c-1c152339deb4): БЛЯТЬ
[15:21:58] N1XER__ (33df4bd2-977c-3f5b-bc4c-1c152339deb4): Я БЕЗ ПЛАЩА
[15:22:00] N1XER__ (33df4bd2-977c-3f5b-bc4c-1c152339deb4): Я Ж
[15:22:02] N1XER__ (33df4bd2-977c-3f5b-bc4c-1c152339deb4): БЕЗ ОПТИФАЙНА
[15:22:27] N1XER__ (33df4bd2-977c-3f5b-bc4c-1c152339deb4): НАЙК
[15:22:29] N1XER__ (33df4bd2-977c-3f5b-bc4c-1c152339deb4): СКИН ВИДИШЬ МОЙ?
[15:22:38] N1XER__ (33df4bd2-977c-3f5b-bc4c-1c152339deb4): Я НЕ СЛЫШУ
[15:22:46] N1XER__ (33df4bd2-977c-3f5b-bc4c-1c152339deb4): НАПИШИ
[15:22:50] Nike73 (3ff94e0b-b285-3970-a4c6-08ccb2c768f9): Lf
[15:22:51] Nike73 (3ff94e0b-b285-3970-a4c6-08ccb2c768f9): ДА
[15:22:52] N1XER__ (33df4bd2-977c-3f5b-bc4c-1c152339deb4): ОТЛИЧНО
[15:24:59] N1XER__ (33df4bd2-977c-3f5b-bc4c-1c152339deb4): РАЗДАЧАА!!!!
[15:25:14] N1XER__ (33df4bd2-977c-3f5b-bc4c-1c152339deb4): УРАААА
[15:25:51] N1XER__ (33df4bd2-977c-3f5b-bc4c-1c152339deb4): НУ ЧЕ
[15:25:55] N1XER__ (33df4bd2-977c-3f5b-bc4c-1c152339deb4): СЫГРАЕМ В КАРТЫ
[15:26:04] NilsCoy (4a24e6bd-ea3a-3318-8f49-61b87de854d0): давай в очко
[15:26:24] N1XER__ (33df4bd2-977c-3f5b-bc4c-1c152339deb4): В ЧЬЕ
[15:26:32] NilsCoy (4a24e6bd-ea3a-3318-8f49-61b87de854d0): в твое
[15:26:34] N1XER__ (33df4bd2-977c-3f5b-bc4c-1c152339deb4): НЕЬ
[15:26:40] N1XER__ (33df4bd2-977c-3f5b-bc4c-1c152339deb4): ЧТО С ЛОГАНОМ
[15:26:42] N1XER__ (33df4bd2-977c-3f5b-bc4c-1c152339deb4): НУ ТО ЕСТЬ
[15:26:43] N1XER__ (33df4bd2-977c-3f5b-bc4c-1c152339deb4): ЖА
[15:26:44] N1XER__ (33df4bd2-977c-3f5b-bc4c-1c152339deb4): ДА
[15:28:44] N1XER__ (33df4bd2-977c-3f5b-bc4c-1c152339deb4): УРАА
[15:28:46] N1XER__ (33df4bd2-977c-3f5b-bc4c-1c152339deb4): ОН ЖИВОЙ
[15:29:26] N1XER__ (33df4bd2-977c-3f5b-bc4c-1c152339deb4): КОМУ ДАТЬ ДЕНЕГ РЕБЯТА?? + В ЧАТ ФАСТОМ ПОКА НИЛЬС НЕ ВИДИТ
[15:29:32] N1XER__ (33df4bd2-977c-3f5b-bc4c-1c152339deb4): Я ГЛАВНЫЙ МИЛЛИАРДЕР ПРОСТО
[15:29:37] NilsCoy (4a24e6bd-ea3a-3318-8f49-61b87de854d0): какой ужас
[15:29:42] NilsCoy (4a24e6bd-ea3a-3318-8f49-61b87de854d0): забанься
[15:29:42] N1XER__ (33df4bd2-977c-3f5b-bc4c-1c152339deb4): УЖЕ ПОЗДНО
[15:30:07] N1XER__ (33df4bd2-977c-3f5b-bc4c-1c152339deb4): так ну что
[15:30:09] N1XER__ (33df4bd2-977c-3f5b-bc4c-1c152339deb4): когда снимать,
[15:30:10] N1XER__ (33df4bd2-977c-3f5b-bc4c-1c152339deb4): ?
[15:30:12] NilsCoy (4a24e6bd-ea3a-3318-8f49-61b87de854d0): жди
[15:30:16] N1XER__ (33df4bd2-977c-3f5b-bc4c-1c152339deb4): жду
[15:30:21] NilsCoy (4a24e6bd-ea3a-3318-8f49-61b87de854d0): ща еще феникс будет
[15:30:43] N1XER__ (33df4bd2-977c-3f5b-bc4c-1c152339deb4): сквад
[15:31:26] Nike73 (3ff94e0b-b285-3970-a4c6-08ccb2c768f9): l
[15:32:19] N1XER__ (33df4bd2-977c-3f5b-bc4c-1c152339deb4): вам скины нужны нормальные
[15:32:22] N1XER__ (33df4bd2-977c-3f5b-bc4c-1c152339deb4): нильс
[15:32:24] N1XER__ (33df4bd2-977c-3f5b-bc4c-1c152339deb4): найдешь сам?
[15:32:26] N1XER__ (33df4bd2-977c-3f5b-bc4c-1c152339deb4): или мне
[15:32:30] NilsCoy (4a24e6bd-ea3a-3318-8f49-61b87de854d0): у них норм скины
[15:32:35] N1XER__ (33df4bd2-977c-3f5b-bc4c-1c152339deb4): у тебя скелет блять
[15:32:38] NilsCoy (4a24e6bd-ea3a-3318-8f49-61b87de854d0): ща кому надо найдем
[15:32:38] N1XER__ (33df4bd2-977c-3f5b-bc4c-1c152339deb4): у феникса
[15:32:40] N1XER__ (33df4bd2-977c-3f5b-bc4c-1c152339deb4): алекс
[15:32:44] NilsCoy (4a24e6bd-ea3a-3318-8f49-61b87de854d0): я вижу
[15:32:47] NilsCoy (4a24e6bd-ea3a-3318-8f49-61b87de854d0): не спепой
[15:33:38] Astrill3r (4f14ea5c-3acb-3628-be6d-e895cb743710): Как какать
[15:33:38] N1XER__ (33df4bd2-977c-3f5b-bc4c-1c152339deb4): так я и говорю про это
[15:33:58] NilsCoy (4a24e6bd-ea3a-3318-8f49-61b87de854d0): АЪАХАХАХХАХ
[15:34:00] NilsCoy (4a24e6bd-ea3a-3318-8f49-61b87de854d0): ПИЗДЕЦ
[15:34:04] N1XER__ (33df4bd2-977c-3f5b-bc4c-1c152339deb4): ?
[15:34:26] N1XER__ (33df4bd2-977c-3f5b-bc4c-1c152339deb4): сразу видно кто картошка
[15:37:26] Logan_Cortez (49ed6579-e167-3265-b115-ff4b13445905): Размут
[15:38:39] N1XER__ (33df4bd2-977c-3f5b-bc4c-1c152339deb4): ЗАРЯЖЕННЫЕ ТИПОЧКИ
[15:39:00] Astrill3r (4f14ea5c-3acb-3628-be6d-e895cb743710): Заспидранил мут
[15:40:09] N1XER__ (33df4bd2-977c-3f5b-bc4c-1c152339deb4): нильс
[15:40:27] N1XER__ (33df4bd2-977c-3f5b-bc4c-1c152339deb4): мне чтобы потом в реплей мод поставить текстур пак нужен будет оптифайн все равно?
[15:41:10] N1XER__ (33df4bd2-977c-3f5b-bc4c-1c152339deb4): понял
[15:41:11] N1XER__ (33df4bd2-977c-3f5b-bc4c-1c152339deb4): фулл похуй
[15:41:13] N1XER__ (33df4bd2-977c-3f5b-bc4c-1c152339deb4): ну и пошел ты нахуй
[15:41:28] NilsCoy (4a24e6bd-ea3a-3318-8f49-61b87de854d0): что?
[15:41:43] N1XER__ (33df4bd2-977c-3f5b-bc4c-1c152339deb4): реально
[15:41:46] N1XER__ (33df4bd2-977c-3f5b-bc4c-1c152339deb4): чат читай
[15:43:08] NilsCoy (4a24e6bd-ea3a-3318-8f49-61b87de854d0): N1XER__
[15:43:13] NilsCoy (4a24e6bd-ea3a-3318-8f49-61b87de854d0): выдвигаемся
[15:43:37] N1XER__ (33df4bd2-977c-3f5b-bc4c-1c152339deb4): давайте
[15:43:44] N1XER__ (33df4bd2-977c-3f5b-bc4c-1c152339deb4): куда
[15:44:21] N1XER__ (33df4bd2-977c-3f5b-bc4c-1c152339deb4): нильс
[15:44:23] N1XER__ (33df4bd2-977c-3f5b-bc4c-1c152339deb4): нильс
[15:44:23] N1XER__ (33df4bd2-977c-3f5b-bc4c-1c152339deb4): нильс
[15:44:24] N1XER__ (33df4bd2-977c-3f5b-bc4c-1c152339deb4): нильс
[15:44:39] N1XER__ (33df4bd2-977c-3f5b-bc4c-1c152339deb4): надо было спавны выключить
[15:44:40] N1XER__ (33df4bd2-977c-3f5b-bc4c-1c152339deb4): у нас
[15:44:42] N1XER__ (33df4bd2-977c-3f5b-bc4c-1c152339deb4): ХАХВААВАХХА
[15:44:42] N1XER__ (33df4bd2-977c-3f5b-bc4c-1c152339deb4): СУКА
[15:44:43] N1XER__ (33df4bd2-977c-3f5b-bc4c-1c152339deb4): РЕЗНЯ
[15:45:29] NilsCoy (4a24e6bd-ea3a-3318-8f49-61b87de854d0): s
[15:45:30] N1XER__ (33df4bd2-977c-3f5b-bc4c-1c152339deb4): пиздец ребята
[15:47:08] N1XER__ (33df4bd2-977c-3f5b-bc4c-1c152339deb4): нильс
[15:47:17] N1XER__ (33df4bd2-977c-3f5b-bc4c-1c152339deb4): ало
[15:47:25] NilsCoy (4a24e6bd-ea3a-3318-8f49-61b87de854d0): да
[15:47:32] N1XER__ (33df4bd2-977c-3f5b-bc4c-1c152339deb4): напишешь когда
[15:47:33] N1XER__ (33df4bd2-977c-3f5b-bc4c-1c152339deb4): снимать
[15:47:35] N1XER__ (33df4bd2-977c-3f5b-bc4c-1c152339deb4): в дис
[15:47:35] N1XER__ (33df4bd2-977c-3f5b-bc4c-1c152339deb4): в лс
[15:47:57] N1XER__ (33df4bd2-977c-3f5b-bc4c-1c152339deb4): напишешь
[15:50:37] NilsCoy (4a24e6bd-ea3a-3318-8f49-61b87de854d0): N1XER__
[15:50:42] NilsCoy (4a24e6bd-ea3a-3318-8f49-61b87de854d0): ща начинаем
[15:50:44] NilsCoy (4a24e6bd-ea3a-3318-8f49-61b87de854d0): а
[15:50:46] NilsCoy (4a24e6bd-ea3a-3318-8f49-61b87de854d0): нет
[15:50:53] NilsCoy (4a24e6bd-ea3a-3318-8f49-61b87de854d0): сначала репетиция
[15:51:06] N1XER__ (33df4bd2-977c-3f5b-bc4c-1c152339deb4): А
[15:51:15] N1XER__ (33df4bd2-977c-3f5b-bc4c-1c152339deb4): напиши мне в дис
[15:51:18] N1XER__ (33df4bd2-977c-3f5b-bc4c-1c152339deb4): когда снимать
[15:51:25] N1XER__ (33df4bd2-977c-3f5b-bc4c-1c152339deb4): напиши в дискорд
[15:51:57] N1XER__ (33df4bd2-977c-3f5b-bc4c-1c152339deb4): GFPDFOPSA[DOFASDOP[FSAD
[15:52:00] N1XER__ (33df4bd2-977c-3f5b-bc4c-1c152339deb4): ПОЛОВИНА ОСТАЛАСЬ СЗАДЕ
[15:53:07] NilsCoy (4a24e6bd-ea3a-3318-8f49-61b87de854d0): ВСЕМ ВСЕ ПОНЯТНО?
[15:53:11] Logan_Cortez (49ed6579-e167-3265-b115-ff4b13445905): Да
[15:54:38] N1XER__ (33df4bd2-977c-3f5b-bc4c-1c152339deb4): нильс
[15:54:40] NilsCoy (4a24e6bd-ea3a-3318-8f49-61b87de854d0): f
[15:54:41] NilsCoy (4a24e6bd-ea3a-3318-8f49-61b87de854d0): а
[15:54:45] NilsCoy (4a24e6bd-ea3a-3318-8f49-61b87de854d0): ща скоро начнем
[15:54:54] N1XER__ (33df4bd2-977c-3f5b-bc4c-1c152339deb4): дай одному
[15:54:56] N1XER__ (33df4bd2-977c-3f5b-bc4c-1c152339deb4): броню
[15:54:57] N1XER__ (33df4bd2-977c-3f5b-bc4c-1c152339deb4): другую
[15:54:58] N1XER__ (33df4bd2-977c-3f5b-bc4c-1c152339deb4): красную например
[15:55:02] N1XER__ (33df4bd2-977c-3f5b-bc4c-1c152339deb4): это будет типа капитан отряда
[15:55:08] N1XER__ (33df4bd2-977c-3f5b-bc4c-1c152339deb4): так прикольнее мне кажется
[15:55:26] N1XER__ (33df4bd2-977c-3f5b-bc4c-1c152339deb4): можешь сам одеть броню другую
[15:55:28] NilsCoy (4a24e6bd-ea3a-3318-8f49-61b87de854d0): а
[15:55:29] NilsCoy (4a24e6bd-ea3a-3318-8f49-61b87de854d0): ща
[15:56:23] NilsCoy (4a24e6bd-ea3a-3318-8f49-61b87de854d0): Никс, готовся
[15:56:28] NilsCoy (4a24e6bd-ea3a-3318-8f49-61b87de854d0): я расставляю нпс
[15:56:55] N1XER__ (33df4bd2-977c-3f5b-bc4c-1c152339deb4): так мне просто запись включить
[15:56:58] N1XER__ (33df4bd2-977c-3f5b-bc4c-1c152339deb4): всегда готов
[15:57:06] N1XER__ (33df4bd2-977c-3f5b-bc4c-1c152339deb4): логан
[15:57:08] N1XER__ (33df4bd2-977c-3f5b-bc4c-1c152339deb4): у тебя
[15:57:12] Logan_Cortez (49ed6579-e167-3265-b115-ff4b13445905): А?
[15:57:13] N1XER__ (33df4bd2-977c-3f5b-bc4c-1c152339deb4): ты капитан отряда получается
[15:57:15] N1XER__ (33df4bd2-977c-3f5b-bc4c-1c152339deb4): а то я не вижу
[15:57:16] N1XER__ (33df4bd2-977c-3f5b-bc4c-1c152339deb4): текстуры
[15:57:21] Logan_Cortez (49ed6579-e167-3265-b115-ff4b13445905): Да капитан
[15:57:25] N1XER__ (33df4bd2-977c-3f5b-bc4c-1c152339deb4): хорошо
[15:57:52] Logan_Cortez (49ed6579-e167-3265-b115-ff4b13445905): За Монолит
[15:57:54] NilsCoy (4a24e6bd-ea3a-3318-8f49-61b87de854d0): Никс готов?
[15:57:56] NilsCoy (4a24e6bd-ea3a-3318-8f49-61b87de854d0): Никс готов?
[15:58:03] N1XER__ (33df4bd2-977c-3f5b-bc4c-1c152339deb4): да
[15:58:06] N1XER__ (33df4bd2-977c-3f5b-bc4c-1c152339deb4): я сначало включу
[15:58:08] N1XER__ (33df4bd2-977c-3f5b-bc4c-1c152339deb4): потом побегут
[15:58:09] NilsCoy (4a24e6bd-ea3a-3318-8f49-61b87de854d0): ждем
[15:58:21] NilsCoy (4a24e6bd-ea3a-3318-8f49-61b87de854d0): напиши когда бежать
[15:58:24] NilsCoy (4a24e6bd-ea3a-3318-8f49-61b87de854d0): чтою началаи
[15:58:26] NilsCoy (4a24e6bd-ea3a-3318-8f49-61b87de854d0): чтою началаи
[15:58:31] N1XER__ (33df4bd2-977c-3f5b-bc4c-1c152339deb4): я могу щас включить
[15:58:33] N1XER__ (33df4bd2-977c-3f5b-bc4c-1c152339deb4): включать?
[15:58:35] NilsCoy (4a24e6bd-ea3a-3318-8f49-61b87de854d0): да
[15:58:37] NilsCoy (4a24e6bd-ea3a-3318-8f49-61b87de854d0): да
[15:58:39] N1XER__ (33df4bd2-977c-3f5b-bc4c-1c152339deb4): давайте
[16:03:01] N1XER__ (33df4bd2-977c-3f5b-bc4c-1c152339deb4): все?
[16:03:13] N1XER__ (33df4bd2-977c-3f5b-bc4c-1c152339deb4): по идеи выходят
[16:03:15] N1XER__ (33df4bd2-977c-3f5b-bc4c-1c152339deb4): там куча
[16:03:17] N1XER__ (33df4bd2-977c-3f5b-bc4c-1c152339deb4): дебиков
[16:03:18] N1XER__ (33df4bd2-977c-3f5b-bc4c-1c152339deb4): и конец
[16:03:23] N1XER__ (33df4bd2-977c-3f5b-bc4c-1c152339deb4): я пойду проверю
[16:03:27] N1XER__ (33df4bd2-977c-3f5b-bc4c-1c152339deb4): все ли правильно записалось
[16:03:29] N1XER__ (33df4bd2-977c-3f5b-bc4c-1c152339deb4): вернусь и скажу
[16:03:41] N1XER__ (33df4bd2-977c-3f5b-bc4c-1c152339deb4): появились сомнения что в гм 3 не работает мод
[16:04:55] N1XER__ (33df4bd2-977c-3f5b-bc4c-1c152339deb4): все записалось как нужно!
[16:05:58] N1XER__ (33df4bd2-977c-3f5b-bc4c-1c152339deb4): нильс
[16:06:00] NilsCoy (4a24e6bd-ea3a-3318-8f49-61b87de854d0): f
[16:06:02] NilsCoy (4a24e6bd-ea3a-3318-8f49-61b87de854d0): а
[16:06:06] N1XER__ (33df4bd2-977c-3f5b-bc4c-1c152339deb4): щас
[16:06:25] N1XER__ (33df4bd2-977c-3f5b-bc4c-1c152339deb4): если есть идеи еще для видео
[16:06:27] N1XER__ (33df4bd2-977c-3f5b-bc4c-1c152339deb4): давай делать
[16:06:45] NilsCoy (4a24e6bd-ea3a-3318-8f49-61b87de854d0): так я не знаю как там записалось
[16:06:50] N1XER__ (33df4bd2-977c-3f5b-bc4c-1c152339deb4): смысле
[16:06:57] NilsCoy (4a24e6bd-ea3a-3318-8f49-61b87de854d0): так то бы постановочные сцены сделать бы
[16:06:59] Nike73 (3ff94e0b-b285-3970-a4c6-08ccb2c768f9): Я чекну что на реплее
[16:07:04] N1XER__ (33df4bd2-977c-3f5b-bc4c-1c152339deb4): записалось все что вы делали
[16:07:10] N1XER__ (33df4bd2-977c-3f5b-bc4c-1c152339deb4): все хорошо записалось
[16:07:15] N1XER__ (33df4bd2-977c-3f5b-bc4c-1c152339deb4): расставить камеру и сделать переходы
[16:07:17] N1XER__ (33df4bd2-977c-3f5b-bc4c-1c152339deb4): это уже потом
[16:07:21] N1XER__ (33df4bd2-977c-3f5b-bc4c-1c152339deb4): будем вдвоем сидеть делать
[16:07:38] NilsCoy (4a24e6bd-ea3a-3318-8f49-61b87de854d0): так давай еще запишем некоторые сцены
[16:08:15] NilsCoy (4a24e6bd-ea3a-3318-8f49-61b87de854d0): Никс
[16:08:18] NilsCoy (4a24e6bd-ea3a-3318-8f49-61b87de854d0): ты нам нужен
[16:08:31] N1XER__ (33df4bd2-977c-3f5b-bc4c-1c152339deb4): так я тут и так
[16:08:37] N1XER__ (33df4bd2-977c-3f5b-bc4c-1c152339deb4): какие сцены
[16:08:39] NilsCoy (4a24e6bd-ea3a-3318-8f49-61b87de854d0): ты мне войсе нужег
[16:08:44] N1XER__ (33df4bd2-977c-3f5b-bc4c-1c152339deb4): я не могу в войс
[16:08:45] N1XER__ (33df4bd2-977c-3f5b-bc4c-1c152339deb4): пиши
[16:08:52] NilsCoy (4a24e6bd-ea3a-3318-8f49-61b87de854d0): ты аботлуст который плазмо войс не скачал
[16:08:56] N1XER__ (33df4bd2-977c-3f5b-bc4c-1c152339deb4): и?
[16:09:12] N1XER__ (33df4bd2-977c-3f5b-bc4c-1c152339deb4): к чему ты
[16:09:12] NilsCoy (4a24e6bd-ea3a-3318-8f49-61b87de854d0): так скачал бы я бы тебе нормально объяснил бы
[16:09:16] NilsCoy (4a24e6bd-ea3a-3318-8f49-61b87de854d0): кароче
[16:09:17] N1XER__ (33df4bd2-977c-3f5b-bc4c-1c152339deb4): я бы не услышал все равно
[16:09:19] N1XER__ (33df4bd2-977c-3f5b-bc4c-1c152339deb4): хахааххаа
[16:09:21] N1XER__ (33df4bd2-977c-3f5b-bc4c-1c152339deb4): давай рассказывай
[16:09:22] NilsCoy (4a24e6bd-ea3a-3318-8f49-61b87de854d0): последний выход говно был
[16:09:32] NilsCoy (4a24e6bd-ea3a-3318-8f49-61b87de854d0): нудно постановочные сцены сделать
[16:09:42] N1XER__ (33df4bd2-977c-3f5b-bc4c-1c152339deb4): давай переделаем то что тебе не понравилось
[16:09:47] NilsCoy (4a24e6bd-ea3a-3318-8f49-61b87de854d0): расставить нпс и записать
[16:09:47] N1XER__ (33df4bd2-977c-3f5b-bc4c-1c152339deb4): я склею потом
[16:09:51] N1XER__ (33df4bd2-977c-3f5b-bc4c-1c152339deb4): Хорошо
[16:09:54] N1XER__ (33df4bd2-977c-3f5b-bc4c-1c152339deb4): делай и говори что снимать
[16:10:00] N1XER__ (33df4bd2-977c-3f5b-bc4c-1c152339deb4): вернее когда
[16:11:14] NilsCoy (4a24e6bd-ea3a-3318-8f49-61b87de854d0): никс у тебя есть комплекты брони?
[16:11:27] N1XER__ (33df4bd2-977c-3f5b-bc4c-1c152339deb4): есть
[16:11:28] N1XER__ (33df4bd2-977c-3f5b-bc4c-1c152339deb4): тп
[16:11:28] NilsCoy (4a24e6bd-ea3a-3318-8f49-61b87de854d0): а не
[16:11:30] NilsCoy (4a24e6bd-ea3a-3318-8f49-61b87de854d0): не надо
[16:11:31] N1XER__ (33df4bd2-977c-3f5b-bc4c-1c152339deb4): а
[16:11:33] N1XER__ (33df4bd2-977c-3f5b-bc4c-1c152339deb4): ладно
[16:16:24] N1XER__ (33df4bd2-977c-3f5b-bc4c-1c152339deb4): это ж скин
[16:16:27] N1XER__ (33df4bd2-977c-3f5b-bc4c-1c152339deb4): капитана
[16:16:28] N1XER__ (33df4bd2-977c-3f5b-bc4c-1c152339deb4): из базы
[16:16:31] N1XER__ (33df4bd2-977c-3f5b-bc4c-1c152339deb4): а
[16:16:32] N1XER__ (33df4bd2-977c-3f5b-bc4c-1c152339deb4): да
[16:16:34] N1XER__ (33df4bd2-977c-3f5b-bc4c-1c152339deb4): да
[16:17:56] NilsCoy (4a24e6bd-ea3a-3318-8f49-61b87de854d0): перезаписываем
[16:19:06] N1XER__ (33df4bd2-977c-3f5b-bc4c-1c152339deb4): не хватает капитана
[16:19:07] N1XER__ (33df4bd2-977c-3f5b-bc4c-1c152339deb4): а нет
[16:19:08] N1XER__ (33df4bd2-977c-3f5b-bc4c-1c152339deb4): хватает
[16:19:10] N1XER__ (33df4bd2-977c-3f5b-bc4c-1c152339deb4): капитан вернулся
[16:19:22] N1XER__ (33df4bd2-977c-3f5b-bc4c-1c152339deb4): кстати нильс
[16:19:27] N1XER__ (33df4bd2-977c-3f5b-bc4c-1c152339deb4): потом нужно добавить плагин
[16:19:32] N1XER__ (33df4bd2-977c-3f5b-bc4c-1c152339deb4): чтобы при пкм по игроку
[16:19:34] N1XER__ (33df4bd2-977c-3f5b-bc4c-1c152339deb4): показывало ник снизу
[16:19:46] N1XER__ (33df4bd2-977c-3f5b-bc4c-1c152339deb4): скажешь когда записывать
[16:19:51] NilsCoy (4a24e6bd-ea3a-3318-8f49-61b87de854d0): ща
[16:19:57] N1XER__ (33df4bd2-977c-3f5b-bc4c-1c152339deb4): ПХАХХАХАХА
[16:20:03] N1XER__ (33df4bd2-977c-3f5b-bc4c-1c152339deb4): почему феникс умирает
[16:20:12] N1XER__ (33df4bd2-977c-3f5b-bc4c-1c152339deb4): бляя
[16:20:16] N1XER__ (33df4bd2-977c-3f5b-bc4c-1c152339deb4): феникс одень бронь
[16:21:22] N1XER__ (33df4bd2-977c-3f5b-bc4c-1c152339deb4): может сделать как они побегают сюда и открывают дверь?
[16:21:27] N1XER__ (33df4bd2-977c-3f5b-bc4c-1c152339deb4): а не тупо стоят
[16:22:12] NilsCoy (4a24e6bd-ea3a-3318-8f49-61b87de854d0): начинаем
[16:22:17] N1XER__ (33df4bd2-977c-3f5b-bc4c-1c152339deb4): начал запись
[16:23:01] N1XER__ (33df4bd2-977c-3f5b-bc4c-1c152339deb4): закончил запись
[16:23:06] N1XER__ (33df4bd2-977c-3f5b-bc4c-1c152339deb4): вахуе
[16:23:18] NilsCoy (4a24e6bd-ea3a-3318-8f49-61b87de854d0): ну все
[16:23:31] N1XER__ (33df4bd2-977c-3f5b-bc4c-1c152339deb4): одно видео будет?
[16:23:40] NilsCoy (4a24e6bd-ea3a-3318-8f49-61b87de854d0): да
[16:23:45] N1XER__ (33df4bd2-977c-3f5b-bc4c-1c152339deb4): понял
[16:25:41] NilsCoy (4a24e6bd-ea3a-3318-8f49-61b87de854d0): s
[16:30:07] N1XER__ (33df4bd2-977c-3f5b-bc4c-1c152339deb4): пришел жестко фармить
[16:30:14] NilsCoy (4a24e6bd-ea3a-3318-8f49-61b87de854d0): да
[16:34:08] NilsCoy (4a24e6bd-ea3a-3318-8f49-61b87de854d0): что
[16:34:12] N1XER__ (33df4bd2-977c-3f5b-bc4c-1c152339deb4): ничего
[16:34:17] N1XER__ (33df4bd2-977c-3f5b-bc4c-1c152339deb4): нильс
[16:34:24] N1XER__ (33df4bd2-977c-3f5b-bc4c-1c152339deb4): ты будешь занят ближайшее время?
[16:35:11] NilsCoy (4a24e6bd-ea3a-3318-8f49-61b87de854d0): хз
[16:35:18] NilsCoy (4a24e6bd-ea3a-3318-8f49-61b87de854d0): чинить плагины
[16:35:25] N1XER__ (33df4bd2-977c-3f5b-bc4c-1c152339deb4): тогда ладно
[17:54:25] MemnyiKiller (a53156c6-ce9b-3406-bf76-54af70beaebb): повысте цены на кристаллы!
[17:55:10] Nike73 (3ff94e0b-b285-3970-a4c6-08ccb2c768f9): L
[17:57:33] MemnyiKiller (a53156c6-ce9b-3406-bf76-54af70beaebb): 21583 ---> 21911
[18:04:41] Nike73 (3ff94e0b-b285-3970-a4c6-08ccb2c768f9): L
