[14:27:54] N1XER__ (33df4bd2-977c-3f5b-bc4c-1c152339deb4): t
[15:14:16] NilsCoy (4a24e6bd-ea3a-3318-8f49-61b87de854d0): f
[15:14:17] NilsCoy (4a24e6bd-ea3a-3318-8f49-61b87de854d0): а
[15:14:21] N1XER__ (33df4bd2-977c-3f5b-bc4c-1c152339deb4): готово
[15:14:24] N1XER__ (33df4bd2-977c-3f5b-bc4c-1c152339deb4): вот
[15:14:26] N1XER__ (33df4bd2-977c-3f5b-bc4c-1c152339deb4): смотри
[15:14:40] N1XER__ (33df4bd2-977c-3f5b-bc4c-1c152339deb4): ты сука
[15:14:41] N1XER__ (33df4bd2-977c-3f5b-bc4c-1c152339deb4): верни
[15:14:42] N1XER__ (33df4bd2-977c-3f5b-bc4c-1c152339deb4): кристал
[15:14:44] NilsCoy (4a24e6bd-ea3a-3318-8f49-61b87de854d0): мешает
[15:14:50] N1XER__ (33df4bd2-977c-3f5b-bc4c-1c152339deb4): быдла
[15:14:51] NilsCoy (4a24e6bd-ea3a-3318-8f49-61b87de854d0): ну номально
[15:14:57] N1XER__ (33df4bd2-977c-3f5b-bc4c-1c152339deb4): убери ники в игре кстати
[15:14:59] N1XER__ (33df4bd2-977c-3f5b-bc4c-1c152339deb4): над голово
[15:15:01] N1XER__ (33df4bd2-977c-3f5b-bc4c-1c152339deb4): головой
[15:15:06] NilsCoy (4a24e6bd-ea3a-3318-8f49-61b87de854d0): ники?
[15:15:08] N1XER__ (33df4bd2-977c-3f5b-bc4c-1c152339deb4): да
[15:15:08] NilsCoy (4a24e6bd-ea3a-3318-8f49-61b87de854d0): хорошо
[15:15:09] N1XER__ (33df4bd2-977c-3f5b-bc4c-1c152339deb4): над головой
[15:15:11] N1XER__ (33df4bd2-977c-3f5b-bc4c-1c152339deb4): все
[15:15:13] N1XER__ (33df4bd2-977c-3f5b-bc4c-1c152339deb4): я пошел тогда
[15:15:16] N1XER__ (33df4bd2-977c-3f5b-bc4c-1c152339deb4): скоро вернусь
[15:15:17] N1XER__ (33df4bd2-977c-3f5b-bc4c-1c152339deb4): настрой плагины
[15:15:21] N1XER__ (33df4bd2-977c-3f5b-bc4c-1c152339deb4): и будем вместе строить карту
[15:15:22] N1XER__ (33df4bd2-977c-3f5b-bc4c-1c152339deb4): планету
[15:15:29] NilsCoy (4a24e6bd-ea3a-3318-8f49-61b87de854d0): лс
[17:21:46] NilsCoy (4a24e6bd-ea3a-3318-8f49-61b87de854d0): 1 1.5 2
[20:15:58] NilsCoy (4a24e6bd-ea3a-3318-8f49-61b87de854d0): s
[21:04:02] N1XER__ (33df4bd2-977c-3f5b-bc4c-1c152339deb4): е
[21:20:54] NilsCoy (4a24e6bd-ea3a-3318-8f49-61b87de854d0): NoNameTag
[21:25:14] NilsCoy (4a24e6bd-ea3a-3318-8f49-61b87de854d0): s
[21:25:18] N1XER__ (33df4bd2-977c-3f5b-bc4c-1c152339deb4): s
[21:28:16] N1XER__ (33df4bd2-977c-3f5b-bc4c-1c152339deb4): првыфоафыоввфыаоавофыоаыфв
[21:28:17] N1XER__ (33df4bd2-977c-3f5b-bc4c-1c152339deb4): првыфоафыоввфыаоавофыоаыфв
[21:28:17] N1XER__ (33df4bd2-977c-3f5b-bc4c-1c152339deb4): првыфоафыоввфыаоавофыоаыфв
[21:28:20] N1XER__ (33df4bd2-977c-3f5b-bc4c-1c152339deb4): фывдщшзушщзвывзщщфыззвщфЫЩЗШфыщзщфыВЩШЗФывщвыфЩШЗФыщшзФЫВ
[21:28:24] N1XER__ (33df4bd2-977c-3f5b-bc4c-1c152339deb4): ВЫФАЖДЖЛВДЛАВФЫЛДЖАФВЫДЖЛАВФЫЛЛДЖАВФЫДЛАВФЫДЛЖАДЛФЫВЖДЛАВФЫДЛЖФЫАВДЛАВФЫДЛАВДФЫЛАВФЫДЖ
[21:28:27] NilsCoy (4a24e6bd-ea3a-3318-8f49-61b87de854d0): asd
[21:28:28] NilsCoy (4a24e6bd-ea3a-3318-8f49-61b87de854d0): asdasdasdas
[21:28:34] N1XER__ (33df4bd2-977c-3f5b-bc4c-1c152339deb4): аа ааааа аа
[21:28:42] N1XER__ (33df4bd2-977c-3f5b-bc4c-1c152339deb4): а 4
[21:28:52] NilsCoy (4a24e6bd-ea3a-3318-8f49-61b87de854d0): AAaaaaaaaaaaaaaaaaaaaaaaaaaaa aaaaaaaaaaaaaaaaaaaaaaaaaaaa aaaaaaaaaaaaaaaaaaaaaaaaaaaaaa
[21:31:28] NilsCoy (4a24e6bd-ea3a-3318-8f49-61b87de854d0): ./traders trait
