[16:16:13] N1XER__ (33df4bd2-977c-3f5b-bc4c-1c152339deb4): Нихуя
[16:16:16] N1XER__ (33df4bd2-977c-3f5b-bc4c-1c152339deb4): ты онлайн
[16:16:28] N1XER__ (33df4bd2-977c-3f5b-bc4c-1c152339deb4): отпизжу тебя
[16:17:09] N1XER__ (33df4bd2-977c-3f5b-bc4c-1c152339deb4): о
[16:17:10] N1XER__ (33df4bd2-977c-3f5b-bc4c-1c152339deb4): нильс
[16:17:15] N1XER__ (33df4bd2-977c-3f5b-bc4c-1c152339deb4): ты построил все мосты?
[16:17:18] N1XER__ (33df4bd2-977c-3f5b-bc4c-1c152339deb4): или только два
[16:17:37] NilsCoy (4a24e6bd-ea3a-3318-8f49-61b87de854d0): всм все
[16:17:39] NilsCoy (4a24e6bd-ea3a-3318-8f49-61b87de854d0): их всего 21
[16:17:40] N1XER__ (33df4bd2-977c-3f5b-bc4c-1c152339deb4): их всего три
[16:17:41] NilsCoy (4a24e6bd-ea3a-3318-8f49-61b87de854d0): их всего 2
[16:17:43] N1XER__ (33df4bd2-977c-3f5b-bc4c-1c152339deb4): брух
[16:17:43] NilsCoy (4a24e6bd-ea3a-3318-8f49-61b87de854d0): а
[16:17:45] NilsCoy (4a24e6bd-ea3a-3318-8f49-61b87de854d0): точно
[16:17:46] N1XER__ (33df4bd2-977c-3f5b-bc4c-1c152339deb4): обрати внимание на карту
[16:17:46] NilsCoy (4a24e6bd-ea3a-3318-8f49-61b87de854d0): потом
[16:17:48] N1XER__ (33df4bd2-977c-3f5b-bc4c-1c152339deb4): их три
[16:18:08] N1XER__ (33df4bd2-977c-3f5b-bc4c-1c152339deb4): а где кладбище нужно
[16:18:11] N1XER__ (33df4bd2-977c-3f5b-bc4c-1c152339deb4): я чет
[16:18:13] N1XER__ (33df4bd2-977c-3f5b-bc4c-1c152339deb4): не понял
[16:18:45] NilsCoy (4a24e6bd-ea3a-3318-8f49-61b87de854d0): я еще их сделаю
[16:18:50] N1XER__ (33df4bd2-977c-3f5b-bc4c-1c152339deb4): кого
[16:18:52] NilsCoy (4a24e6bd-ea3a-3318-8f49-61b87de854d0): сейчас хотел занятся
[16:19:00] N1XER__ (33df4bd2-977c-3f5b-bc4c-1c152339deb4): так я хотел кладбище постриоть
[16:19:02] NilsCoy (4a24e6bd-ea3a-3318-8f49-61b87de854d0): уже место расчистил
[16:19:02] N1XER__ (33df4bd2-977c-3f5b-bc4c-1c152339deb4): там строить нехуй
[16:19:04] N1XER__ (33df4bd2-977c-3f5b-bc4c-1c152339deb4): могилки
[16:19:05] N1XER__ (33df4bd2-977c-3f5b-bc4c-1c152339deb4): забор
[16:19:08] NilsCoy (4a24e6bd-ea3a-3318-8f49-61b87de854d0): лан
[16:19:18] N1XER__ (33df4bd2-977c-3f5b-bc4c-1c152339deb4): только где строить я хз
[16:19:26] N1XER__ (33df4bd2-977c-3f5b-bc4c-1c152339deb4): тепнись
[16:19:28] N1XER__ (33df4bd2-977c-3f5b-bc4c-1c152339deb4): Здесь кладбище?
[16:20:09] N1XER__ (33df4bd2-977c-3f5b-bc4c-1c152339deb4): ну ты и быдлан
[16:20:15] N1XER__ (33df4bd2-977c-3f5b-bc4c-1c152339deb4): тепнись
[16:20:42] N1XER__ (33df4bd2-977c-3f5b-bc4c-1c152339deb4): кладбище здесь?
[16:20:44] NilsCoy (4a24e6bd-ea3a-3318-8f49-61b87de854d0): да
[16:20:48] N1XER__ (33df4bd2-977c-3f5b-bc4c-1c152339deb4): так бы сразу
[16:21:21] NilsCoy (4a24e6bd-ea3a-3318-8f49-61b87de854d0): я хотел еще тут церквушку сделать
[16:21:30] N1XER__ (33df4bd2-977c-3f5b-bc4c-1c152339deb4): дадад я хотел предлложить
[16:21:33] N1XER__ (33df4bd2-977c-3f5b-bc4c-1c152339deb4): разметь
[16:21:34] N1XER__ (33df4bd2-977c-3f5b-bc4c-1c152339deb4): ее
[16:21:37] N1XER__ (33df4bd2-977c-3f5b-bc4c-1c152339deb4): я рядом построю кладбище
[16:21:38] N1XER__ (33df4bd2-977c-3f5b-bc4c-1c152339deb4): а ты
[16:21:40] N1XER__ (33df4bd2-977c-3f5b-bc4c-1c152339deb4): церковь
[16:22:52] N1XER__ (33df4bd2-977c-3f5b-bc4c-1c152339deb4): ебать
[16:22:56] N1XER__ (33df4bd2-977c-3f5b-bc4c-1c152339deb4): нильс
[16:22:59] NilsCoy (4a24e6bd-ea3a-3318-8f49-61b87de854d0): f
[16:23:00] NilsCoy (4a24e6bd-ea3a-3318-8f49-61b87de854d0): а
[16:23:25] N1XER__ (33df4bd2-977c-3f5b-bc4c-1c152339deb4): иди разметь где будет церковь в точных размерах, я рядом построю могилки всякие а ты будешь строить церковь
[16:23:39] N1XER__ (33df4bd2-977c-3f5b-bc4c-1c152339deb4): ну либо максимально приближенных к точным
[16:23:55] NilsCoy (4a24e6bd-ea3a-3318-8f49-61b87de854d0): слушай
[16:23:57] N1XER__ (33df4bd2-977c-3f5b-bc4c-1c152339deb4): а
[16:24:02] NilsCoy (4a24e6bd-ea3a-3318-8f49-61b87de854d0): поменяй титул
[16:24:06] N1XER__ (33df4bd2-977c-3f5b-bc4c-1c152339deb4): ?
[16:24:11] NilsCoy (4a24e6bd-ea3a-3318-8f49-61b87de854d0): с новичка на новобранец
[16:24:14] N1XER__ (33df4bd2-977c-3f5b-bc4c-1c152339deb4): гуд
[16:24:32] N1XER__ (33df4bd2-977c-3f5b-bc4c-1c152339deb4): готово
[16:24:36] N1XER__ (33df4bd2-977c-3f5b-bc4c-1c152339deb4): иди разметку делай
[16:24:41] NilsCoy (4a24e6bd-ea3a-3318-8f49-61b87de854d0): хорошо
[16:25:31] N1XER__ (33df4bd2-977c-3f5b-bc4c-1c152339deb4): нильс касаемо ивента, ты будешь делать возможность стрелять с пушки?
[16:25:40] NilsCoy (4a24e6bd-ea3a-3318-8f49-61b87de854d0): да
[16:25:52] N1XER__ (33df4bd2-977c-3f5b-bc4c-1c152339deb4): хорошо
[16:26:44] N1XER__ (33df4bd2-977c-3f5b-bc4c-1c152339deb4): нильс
[16:27:15] N1XER__ (33df4bd2-977c-3f5b-bc4c-1c152339deb4): нильс
[16:27:18] NilsCoy (4a24e6bd-ea3a-3318-8f49-61b87de854d0): а
[16:27:22] N1XER__ (33df4bd2-977c-3f5b-bc4c-1c152339deb4): мб здесь сделать церковь эту
[16:27:24] N1XER__ (33df4bd2-977c-3f5b-bc4c-1c152339deb4): а по бокам
[16:27:27] N1XER__ (33df4bd2-977c-3f5b-bc4c-1c152339deb4): могилы
[16:27:28] N1XER__ (33df4bd2-977c-3f5b-bc4c-1c152339deb4): посмотри
[16:27:39] N1XER__ (33df4bd2-977c-3f5b-bc4c-1c152339deb4): тут вход
[16:27:43] NilsCoy (4a24e6bd-ea3a-3318-8f49-61b87de854d0): хорошо
[16:27:51] N1XER__ (33df4bd2-977c-3f5b-bc4c-1c152339deb4): сделай разметку
[16:28:02] N1XER__ (33df4bd2-977c-3f5b-bc4c-1c152339deb4): чтоб я понимал широкая церковь ил инет
[16:28:04] N1XER__ (33df4bd2-977c-3f5b-bc4c-1c152339deb4): или
[16:28:14] N1XER__ (33df4bd2-977c-3f5b-bc4c-1c152339deb4): а
[16:28:40] NilsCoy (4a24e6bd-ea3a-3318-8f49-61b87de854d0): типо таку
[16:28:42] NilsCoy (4a24e6bd-ea3a-3318-8f49-61b87de854d0): так
[16:29:38] N1XER__ (33df4bd2-977c-3f5b-bc4c-1c152339deb4): маленькая какая-то
[16:29:48] N1XER__ (33df4bd2-977c-3f5b-bc4c-1c152339deb4): хотя
[16:29:53] N1XER__ (33df4bd2-977c-3f5b-bc4c-1c152339deb4): бля
[16:29:56] N1XER__ (33df4bd2-977c-3f5b-bc4c-1c152339deb4): не знаю помнишь или нет
[16:30:00] N1XER__ (33df4bd2-977c-3f5b-bc4c-1c152339deb4): скорее всего нет
[16:30:09] N1XER__ (33df4bd2-977c-3f5b-bc4c-1c152339deb4): мне билдеры строили ахуенное кладбище с церковью
[16:30:11] N1XER__ (33df4bd2-977c-3f5b-bc4c-1c152339deb4): оно было большим
[16:30:21] N1XER__ (33df4bd2-977c-3f5b-bc4c-1c152339deb4): нильс
[16:30:34] N1XER__ (33df4bd2-977c-3f5b-bc4c-1c152339deb4): ну
[16:30:38] N1XER__ (33df4bd2-977c-3f5b-bc4c-1c152339deb4): похуй короче
[16:31:17] NilsCoy (4a24e6bd-ea3a-3318-8f49-61b87de854d0): а
[16:31:21] NilsCoy (4a24e6bd-ea3a-3318-8f49-61b87de854d0): кароче
[16:31:24] NilsCoy (4a24e6bd-ea3a-3318-8f49-61b87de854d0): я абобус
[16:31:24] N1XER__ (33df4bd2-977c-3f5b-bc4c-1c152339deb4): f
[16:31:25] N1XER__ (33df4bd2-977c-3f5b-bc4c-1c152339deb4): а
[16:31:27] N1XER__ (33df4bd2-977c-3f5b-bc4c-1c152339deb4): знаю
[16:31:33] N1XER__ (33df4bd2-977c-3f5b-bc4c-1c152339deb4): почему мы не можем в войс пойтие
[16:31:35] N1XER__ (33df4bd2-977c-3f5b-bc4c-1c152339deb4): я ебал писать
[16:31:40] NilsCoy (4a24e6bd-ea3a-3318-8f49-61b87de854d0): я в другом сижу
[16:31:47] N1XER__ (33df4bd2-977c-3f5b-bc4c-1c152339deb4): ну
[16:31:49] N1XER__ (33df4bd2-977c-3f5b-bc4c-1c152339deb4): блэ
[16:32:03] N1XER__ (33df4bd2-977c-3f5b-bc4c-1c152339deb4): мне нужна разметка нильс
[16:32:07] N1XER__ (33df4bd2-977c-3f5b-bc4c-1c152339deb4): ты мне скажи
[16:32:11] N1XER__ (33df4bd2-977c-3f5b-bc4c-1c152339deb4): все
[16:32:15] N1XER__ (33df4bd2-977c-3f5b-bc4c-1c152339deb4): я могу строить рядом кладбище,
[16:32:16] N1XER__ (33df4bd2-977c-3f5b-bc4c-1c152339deb4): ?
[16:32:24] N1XER__ (33df4bd2-977c-3f5b-bc4c-1c152339deb4): рядом с этим
[16:32:36] NilsCoy (4a24e6bd-ea3a-3318-8f49-61b87de854d0): бля
[16:32:39] N1XER__ (33df4bd2-977c-3f5b-bc4c-1c152339deb4): че
[16:32:47] NilsCoy (4a24e6bd-ea3a-3318-8f49-61b87de854d0): да сделай тут забор
[16:32:56] N1XER__ (33df4bd2-977c-3f5b-bc4c-1c152339deb4): да блять нильс
[16:32:59] N1XER__ (33df4bd2-977c-3f5b-bc4c-1c152339deb4): ебаннй насрал
[16:33:08] NilsCoy (4a24e6bd-ea3a-3318-8f49-61b87de854d0): тут вход
[16:33:16] N1XER__ (33df4bd2-977c-3f5b-bc4c-1c152339deb4): я думал рандомно раскидать могилы здесь
[16:33:18] N1XER__ (33df4bd2-977c-3f5b-bc4c-1c152339deb4): без забора
[16:33:34] NilsCoy (4a24e6bd-ea3a-3318-8f49-61b87de854d0): ебать
[16:33:43] NilsCoy (4a24e6bd-ea3a-3318-8f49-61b87de854d0): что за срань господня тогда?
[19:09:09] N1XER__ (33df4bd2-977c-3f5b-bc4c-1c152339deb4): ты куда
[19:09:10] N1XER__ (33df4bd2-977c-3f5b-bc4c-1c152339deb4): ушел
[19:09:12] N1XER__ (33df4bd2-977c-3f5b-bc4c-1c152339deb4): твар
[19:13:07] N1XER__ (33df4bd2-977c-3f5b-bc4c-1c152339deb4): ебана рот
[19:13:11] N1XER__ (33df4bd2-977c-3f5b-bc4c-1c152339deb4): дорогой богатый
[19:53:18] NilsCoy (4a24e6bd-ea3a-3318-8f49-61b87de854d0): а
[19:53:22] N1XER__ (33df4bd2-977c-3f5b-bc4c-1c152339deb4): ебать
[19:53:23] N1XER__ (33df4bd2-977c-3f5b-bc4c-1c152339deb4): я уходил
[19:53:25] N1XER__ (33df4bd2-977c-3f5b-bc4c-1c152339deb4): так и остался дом
[19:53:27] N1XER__ (33df4bd2-977c-3f5b-bc4c-1c152339deb4): я думал ты умер
[19:53:30] N1XER__ (33df4bd2-977c-3f5b-bc4c-1c152339deb4): проверил живой или нет
[19:53:48] N1XER__ (33df4bd2-977c-3f5b-bc4c-1c152339deb4): ко мне еда приедет через 15 минут
[19:54:04] N1XER__ (33df4bd2-977c-3f5b-bc4c-1c152339deb4): блять
[21:11:08] NilsCoy (4a24e6bd-ea3a-3318-8f49-61b87de854d0): Сочная как твоя мамка
[23:33:33] NilsCoy (4a24e6bd-ea3a-3318-8f49-61b87de854d0): s
[23:50:00] NilsCoy (4a24e6bd-ea3a-3318-8f49-61b87de854d0): ./set 0
