[18:46:16] N1XER__ (33df4bd2-977c-3f5b-bc4c-1c152339deb4): отойду
[18:55:33] N1XER__ (33df4bd2-977c-3f5b-bc4c-1c152339deb4): вернулся
[18:55:43] NilsCoy (4a24e6bd-ea3a-3318-8f49-61b87de854d0): окк
[18:55:51] N1XER__ (33df4bd2-977c-3f5b-bc4c-1c152339deb4): я похаваю короче
[18:55:53] N1XER__ (33df4bd2-977c-3f5b-bc4c-1c152339deb4): и продолжу
[18:56:00] N1XER__ (33df4bd2-977c-3f5b-bc4c-1c152339deb4): стражу и ящики расставил
[18:56:02] N1XER__ (33df4bd2-977c-3f5b-bc4c-1c152339deb4): остались рабочие
[18:56:03] NilsCoy (4a24e6bd-ea3a-3318-8f49-61b87de854d0): окк
[18:56:06] N1XER__ (33df4bd2-977c-3f5b-bc4c-1c152339deb4): если скин найдешь для рабочих
[18:56:08] N1XER__ (33df4bd2-977c-3f5b-bc4c-1c152339deb4): ваще бомба будет
[18:56:38] N1XER__ (33df4bd2-977c-3f5b-bc4c-1c152339deb4): ало
[18:56:43] NilsCoy (4a24e6bd-ea3a-3318-8f49-61b87de854d0): а
[19:55:12] NilsCoy (4a24e6bd-ea3a-3318-8f49-61b87de854d0): §cПризыв коня
[19:55:45] NilsCoy (4a24e6bd-ea3a-3318-8f49-61b87de854d0): §7[ПКМ] для использования.
[19:56:16] NilsCoy (4a24e6bd-ea3a-3318-8f49-61b87de854d0): horse
[19:59:01] NilsCoy (4a24e6bd-ea3a-3318-8f49-61b87de854d0): алле
[20:09:26] NilsCoy (4a24e6bd-ea3a-3318-8f49-61b87de854d0): s
[20:22:28] NilsCoy (4a24e6bd-ea3a-3318-8f49-61b87de854d0): s
[20:24:19] NilsCoy (4a24e6bd-ea3a-3318-8f49-61b87de854d0): s
[20:38:28] NilsCoy (4a24e6bd-ea3a-3318-8f49-61b87de854d0): s
