[16:29:01] NilsCoy (4a24e6bd-ea3a-3318-8f49-61b87de854d0): s
[21:19:54] Astrill3r (4f14ea5c-3acb-3628-be6d-e895cb743710): Пиздес
[21:19:57] N1XER__ (33df4bd2-977c-3f5b-bc4c-1c152339deb4): ебать
[21:20:01] N1XER__ (33df4bd2-977c-3f5b-bc4c-1c152339deb4): тайминги
[21:20:04] Astrill3r (4f14ea5c-3acb-3628-be6d-e895cb743710): Как вы на таком реге кнопок
[21:20:08] Astrill3r (4f14ea5c-3acb-3628-be6d-e895cb743710): играли в эту хуню
[21:20:14] N1XER__ (33df4bd2-977c-3f5b-bc4c-1c152339deb4): а чо не так
[21:20:18] N1XER__ (33df4bd2-977c-3f5b-bc4c-1c152339deb4): тут блок хуйня
[21:20:21] N1XER__ (33df4bd2-977c-3f5b-bc4c-1c152339deb4): а так крута
[21:20:23] Astrill3r (4f14ea5c-3acb-3628-be6d-e895cb743710): А нажимаешь значит в бою блок
[21:20:26] Astrill3r (4f14ea5c-3acb-3628-be6d-e895cb743710): и тебе нахуй
[21:20:27] NilsCoy (4a24e6bd-ea3a-3318-8f49-61b87de854d0): у него двойное нажатие
[21:20:28] Astrill3r (4f14ea5c-3acb-3628-be6d-e895cb743710): удар
[21:20:30] NilsCoy (4a24e6bd-ea3a-3318-8f49-61b87de854d0): почемуто
[21:20:34] Astrill3r (4f14ea5c-3acb-3628-be6d-e895cb743710): и пиздец
[21:20:36] N1XER__ (33df4bd2-977c-3f5b-bc4c-1c152339deb4): а
[21:20:38] N1XER__ (33df4bd2-977c-3f5b-bc4c-1c152339deb4): не было такого
[21:20:46] Astrill3r (4f14ea5c-3acb-3628-be6d-e895cb743710): да блять никто не знает
[21:21:01] N1XER__ (33df4bd2-977c-3f5b-bc4c-1c152339deb4): нильс ты отключил возможность менять режим игры?
[21:21:21] NilsCoy (4a24e6bd-ea3a-3318-8f49-61b87de854d0): да
[21:21:22] N1XER__ (33df4bd2-977c-3f5b-bc4c-1c152339deb4): нильс ты отключил возможность менять режим игры?
[21:21:23] N1XER__ (33df4bd2-977c-3f5b-bc4c-1c152339deb4): а
[21:21:25] N1XER__ (33df4bd2-977c-3f5b-bc4c-1c152339deb4): понял
[21:22:14] N1XER__ (33df4bd2-977c-3f5b-bc4c-1c152339deb4): бля феникс под спидами
[21:22:37] N1XER__ (33df4bd2-977c-3f5b-bc4c-1c152339deb4): ну и хуйня кинжалы
[21:23:57] NilsCoy (4a24e6bd-ea3a-3318-8f49-61b87de854d0): N1XER__ го с нами
[21:24:12] N1XER__ (33df4bd2-977c-3f5b-bc4c-1c152339deb4): давайте с вами в дискордик
[21:24:18] N1XER__ (33df4bd2-977c-3f5b-bc4c-1c152339deb4): тогда можно
[22:50:29] Astrill3r (4f14ea5c-3acb-3628-be6d-e895cb743710): Сука
[22:50:35] Astrill3r (4f14ea5c-3acb-3628-be6d-e895cb743710): юз стамины
[22:50:37] Astrill3r (4f14ea5c-3acb-3628-be6d-e895cb743710): на уворот
[22:50:40] Astrill3r (4f14ea5c-3acb-3628-be6d-e895cb743710): уменьшить надо
[22:50:43] Astrill3r (4f14ea5c-3acb-3628-be6d-e895cb743710): куда
[22:50:45] Astrill3r (4f14ea5c-3acb-3628-be6d-e895cb743710): нахуй
[22:50:48] Astrill3r (4f14ea5c-3acb-3628-be6d-e895cb743710): увеличит
[22:50:49] Astrill3r (4f14ea5c-3acb-3628-be6d-e895cb743710): юз
[22:50:53] Astrill3r (4f14ea5c-3acb-3628-be6d-e895cb743710): use
[22:50:56] Astrill3r (4f14ea5c-3acb-3628-be6d-e895cb743710): использовать
[23:08:27] N1XER__ (33df4bd2-977c-3f5b-bc4c-1c152339deb4): наушники сука
[23:24:25] N1XER__ (33df4bd2-977c-3f5b-bc4c-1c152339deb4): BLOCK_CHEST_OPEN
[23:24:59] N1XER__ (33df4bd2-977c-3f5b-bc4c-1c152339deb4): menu_sell
