[22/07/2023 14:30:07][BUY]NilsCoy bought 1x §bБаллон с сжатым воздухом for 10.00 with commands info: RuneMode: BUY_AND_RUN & commands: {Executor: CONSOLE | command: mi give CONSUMABLE OXYGEN %player% {count}} in shop "misc" on page "&9Страница 1"
[22/07/2023 14:30:35][BUY]N1XER__ bought 1x §bАптечка for 10.00 with commands info: RuneMode: BUY_AND_RUN & commands:  in shop "misc" on page "&9Страница 1"
[22/07/2023 14:30:38][BUY]N1XER__ bought 1x §bАптечка for 10.00 with commands info: RuneMode: BUY_AND_RUN & commands:  in shop "misc" on page "&9Страница 1"
[22/07/2023 14:30:40][BUY]NilsCoy bought 1x §bБаллон с сжатым воздухом for 10.00 with commands info: RuneMode: BUY_AND_RUN & commands: {Executor: CONSOLE | command: mi give CONSUMABLE OXYGEN %player% %count%} in shop "misc" on page "&9Страница 1"
[22/07/2023 14:30:42][BUY]N1XER__ bought 1x §bБаллон с сжатым воздухом for 10.00 with commands info: RuneMode: BUY_AND_RUN & commands: {Executor: CONSOLE | command: mi give CONSUMABLE OXYGEN %player% %count%} in shop "misc" on page "&9Страница 1"
[22/07/2023 14:30:43][BUY]N1XER__ bought 1x §bБаллон с сжатым воздухом for 10.00 with commands info: RuneMode: BUY_AND_RUN & commands: {Executor: CONSOLE | command: mi give CONSUMABLE OXYGEN %player% %count%} in shop "misc" on page "&9Страница 1"
[22/07/2023 14:30:43][BUY]N1XER__ bought 1x §bБаллон с сжатым воздухом for 10.00 with commands info: RuneMode: BUY_AND_RUN & commands: {Executor: CONSOLE | command: mi give CONSUMABLE OXYGEN %player% %count%} in shop "misc" on page "&9Страница 1"
[22/07/2023 14:30:44][BUY]N1XER__ bought 1x §bСменный аккумулятор for 10.00 with commands info: RuneMode: BUY_AND_RUN & commands:  in shop "misc" on page "&9Страница 1"
[22/07/2023 14:30:44][BUY]N1XER__ bought 1x §bСменный аккумулятор for 10.00 with commands info: RuneMode: BUY_AND_RUN & commands:  in shop "misc" on page "&9Страница 1"
[22/07/2023 14:30:44][BUY]N1XER__ bought 1x §bСменный аккумулятор for 10.00 with commands info: RuneMode: BUY_AND_RUN & commands:  in shop "misc" on page "&9Страница 1"
[22/07/2023 14:33:02][BUY]NilsCoy bought 1x §bБаллон с сжатым воздухом for 10.00 with commands info: RuneMode: BUY_AND_RUN & commands: {Executor: CONSOLE | command: mi give CONSUMABLE OXYGEN %player% 1} in shop "misc" on page "&9Страница 1"
[22/07/2023 14:33:03][BUY]NilsCoy bought 1x §bАптечка for 10.00 with commands info: RuneMode: BUY_AND_RUN & commands: {Executor: CONSOLE | command: mi give CONSUMABLE HEAL1 %player% 1} in shop "misc" on page "&9Страница 1"
[22/07/2023 14:33:04][BUY]NilsCoy bought 1x §bСменный аккумулятор for 10.00 with commands info: RuneMode: BUY_AND_RUN & commands: {Executor: CONSOLE | command: mi give CONSUMABLE ENERGY %player% 1} in shop "misc" on page "&9Страница 1"
[22/07/2023 14:57:54][BUY]NilsCoy bought 1x §bБаллон с сжатым воздухом for 10.00 with commands info: RuneMode: BUY_AND_RUN & commands: {Executor: CONSOLE | command: mi give CONSUMABLE OXYGEN %player% 1} in shop "misc" on page "&9Страница 1"
[22/07/2023 14:57:55][BUY]NilsCoy bought 1x §bБаллон с сжатым воздухом for 10.00 with commands info: RuneMode: BUY_AND_RUN & commands: {Executor: CONSOLE | command: mi give CONSUMABLE OXYGEN %player% 10} in shop "misc" on page "&9Страница 1"
[22/07/2023 14:57:55][BUY]NilsCoy bought 1x §bБаллон с сжатым воздухом for 10.00 with commands info: RuneMode: BUY_AND_RUN & commands: {Executor: CONSOLE | command: mi give CONSUMABLE OXYGEN %player% 64} in shop "misc" on page "&9Страница 1"
[22/07/2023 14:57:57][BUY]NilsCoy bought 1x §bАптечка for 10.00 with commands info: RuneMode: BUY_AND_RUN & commands: {Executor: CONSOLE | command: mi give CONSUMABLE HEAL1 %player% 1} in shop "misc" on page "&9Страница 1"
[22/07/2023 14:57:57][BUY]NilsCoy bought 1x §bАптечка for 10.00 with commands info: RuneMode: BUY_AND_RUN & commands: {Executor: CONSOLE | command: mi give CONSUMABLE HEAL1 %player% 10} in shop "misc" on page "&9Страница 1"
[22/07/2023 14:57:58][BUY]NilsCoy bought 1x §bАптечка for 10.00 with commands info: RuneMode: BUY_AND_RUN & commands: {Executor: CONSOLE | command: mi give CONSUMABLE HEAL1 %player% 64} in shop "misc" on page "&9Страница 1"
[22/07/2023 14:57:59][BUY]NilsCoy bought 1x §bСменный аккумулятор for 10.00 with commands info: RuneMode: BUY_AND_RUN & commands: {Executor: CONSOLE | command: mi give CONSUMABLE ENERGY %player% 1} in shop "misc" on page "&9Страница 1"
[22/07/2023 14:57:59][BUY]NilsCoy bought 1x §bСменный аккумулятор for 10.00 with commands info: RuneMode: BUY_AND_RUN & commands: {Executor: CONSOLE | command: mi give CONSUMABLE ENERGY %player% 10} in shop "misc" on page "&9Страница 1"
[22/07/2023 14:57:59][BUY]NilsCoy bought 1x §bСменный аккумулятор for 10.00 with commands info: RuneMode: BUY_AND_RUN & commands: {Executor: CONSOLE | command: mi give CONSUMABLE ENERGY %player% 64} in shop "misc" on page "&9Страница 1"
[22/07/2023 16:50:08][BUY]NilsCoy bought 1x §bАптечка for 10.00 with commands info: RuneMode: BUY_AND_RUN & commands: {Executor: CONSOLE | command: mi give CONSUMABLE HEAL1 %player% 1} in shop "misc" on page "&9Страница 1"
[22/07/2023 16:50:09][BUY]NilsCoy bought 1x §bБаллон с сжатым воздухом for 10.00 with commands info: RuneMode: BUY_AND_RUN & commands: {Executor: CONSOLE | command: mi give CONSUMABLE OXYGEN %player% 1} in shop "misc" on page "&9Страница 1"
[22/07/2023 16:50:10][BUY]NilsCoy bought 1x §bСменный аккумулятор for 10.00 with commands info: RuneMode: BUY_AND_RUN & commands: {Executor: CONSOLE | command: mi give CONSUMABLE ENERGY %player% 1} in shop "misc" on page "&9Страница 1"
[22/07/2023 21:33:23][BUY]N1XER__ bought 1x §bАптечка for 640.00 with commands info: RuneMode: BUY_AND_RUN & commands: {Executor: CONSOLE | command: mi give CONSUMABLE HEAL1 %player% 64} in shop "misc" on page "&9Страница 1"
[22/07/2023 21:33:24][BUY]N1XER__ bought 1x §bБаллон с сжатым воздухом for 640.00 with commands info: RuneMode: BUY_AND_RUN & commands: {Executor: CONSOLE | command: mi give CONSUMABLE OXYGEN %player% 64} in shop "misc" on page "&9Страница 1"
[22/07/2023 21:33:25][BUY]N1XER__ bought 1x §bСменный аккумулятор for 640.00 with commands info: RuneMode: BUY_AND_RUN & commands: {Executor: CONSOLE | command: mi give CONSUMABLE ENERGY %player% 64} in shop "misc" on page "&9Страница 1"
