[02/08/2023 15:39:06][BUY]Logan_Cortez bought 1x §bБаллон с сжатым воздухом for 10.00 with commands info: RuneMode: BUY_AND_RUN & commands: {Executor: CONSOLE | command: mi give CONSUMABLE OXYGEN %player% 1} in shop "misc" on page "&9Страница 1"
[02/08/2023 15:39:10][BUY]Logan_Cortez bought 1x §bАптечка for 200.00 with commands info: RuneMode: BUY_AND_RUN & commands: {Executor: CONSOLE | command: mi give CONSUMABLE HEAL1 %player% 10} in shop "misc" on page "&9Страница 1"
[02/08/2023 15:39:11][BUY]Logan_Cortez bought 1x §bАптечка for 200.00 with commands info: RuneMode: BUY_AND_RUN & commands: {Executor: CONSOLE | command: mi give CONSUMABLE HEAL1 %player% 10} in shop "misc" on page "&9Страница 1"
[02/08/2023 15:39:14][BUY]Logan_Cortez bought 1x §bСменный аккумулятор for 150.00 with commands info: RuneMode: BUY_AND_RUN & commands: {Executor: CONSOLE | command: mi give CONSUMABLE ENERGY %player% 10} in shop "misc" on page "&9Страница 1"
[02/08/2023 16:25:03][BUY]Nike73 bought 1x §bБаллон с сжатым воздухом for 10.00 with commands info: RuneMode: BUY_AND_RUN & commands: {Executor: CONSOLE | command: mi give CONSUMABLE OXYGEN %player% 1} in shop "misc" on page "&9Страница 1"
[02/08/2023 16:25:04][BUY]Nike73 bought 1x §bБаллон с сжатым воздухом for 10.00 with commands info: RuneMode: BUY_AND_RUN & commands: {Executor: CONSOLE | command: mi give CONSUMABLE OXYGEN %player% 1} in shop "misc" on page "&9Страница 1"
[02/08/2023 16:25:05][BUY]Nike73 bought 1x §bБаллон с сжатым воздухом for 10.00 with commands info: RuneMode: BUY_AND_RUN & commands: {Executor: CONSOLE | command: mi give CONSUMABLE OXYGEN %player% 1} in shop "misc" on page "&9Страница 1"
[02/08/2023 16:25:05][BUY]Nike73 bought 1x §bАптечка for 20.00 with commands info: RuneMode: BUY_AND_RUN & commands: {Executor: CONSOLE | command: mi give CONSUMABLE HEAL1 %player% 1} in shop "misc" on page "&9Страница 1"
[02/08/2023 16:25:05][BUY]Nike73 bought 1x §bАптечка for 20.00 with commands info: RuneMode: BUY_AND_RUN & commands: {Executor: CONSOLE | command: mi give CONSUMABLE HEAL1 %player% 1} in shop "misc" on page "&9Страница 1"
[02/08/2023 16:25:05][BUY]Nike73 bought 1x §bАптечка for 20.00 with commands info: RuneMode: BUY_AND_RUN & commands: {Executor: CONSOLE | command: mi give CONSUMABLE HEAL1 %player% 1} in shop "misc" on page "&9Страница 1"
[02/08/2023 16:25:06][BUY]Nike73 bought 1x §bСменный аккумулятор for 15.00 with commands info: RuneMode: BUY_AND_RUN & commands: {Executor: CONSOLE | command: mi give CONSUMABLE ENERGY %player% 1} in shop "misc" on page "&9Страница 1"
[02/08/2023 16:25:07][BUY]Nike73 bought 1x §bСменный аккумулятор for 15.00 with commands info: RuneMode: BUY_AND_RUN & commands: {Executor: CONSOLE | command: mi give CONSUMABLE ENERGY %player% 1} in shop "misc" on page "&9Страница 1"
[02/08/2023 17:47:23][BUY]Nike73 bought 1x §bБаллон с сжатым воздухом for 10.00 with commands info: RuneMode: BUY_AND_RUN & commands: {Executor: CONSOLE | command: mi give CONSUMABLE OXYGEN %player% 1} in shop "misc" on page "&9Страница 1"
[02/08/2023 17:47:23][BUY]Nike73 bought 1x §bБаллон с сжатым воздухом for 10.00 with commands info: RuneMode: BUY_AND_RUN & commands: {Executor: CONSOLE | command: mi give CONSUMABLE OXYGEN %player% 1} in shop "misc" on page "&9Страница 1"
[02/08/2023 17:47:24][BUY]Nike73 bought 1x §bАптечка for 20.00 with commands info: RuneMode: BUY_AND_RUN & commands: {Executor: CONSOLE | command: mi give CONSUMABLE HEAL1 %player% 1} in shop "misc" on page "&9Страница 1"
[02/08/2023 17:47:25][BUY]Nike73 bought 1x §bАптечка for 20.00 with commands info: RuneMode: BUY_AND_RUN & commands: {Executor: CONSOLE | command: mi give CONSUMABLE HEAL1 %player% 1} in shop "misc" on page "&9Страница 1"
[02/08/2023 17:54:57][BUY]Nike73 bought 1x §bБаллон с сжатым воздухом for 10.00 with commands info: RuneMode: BUY_AND_RUN & commands: {Executor: CONSOLE | command: mi give CONSUMABLE OXYGEN %player% 1} in shop "misc" on page "&9Страница 1"
[02/08/2023 17:54:58][BUY]Nike73 bought 1x §bБаллон с сжатым воздухом for 10.00 with commands info: RuneMode: BUY_AND_RUN & commands: {Executor: CONSOLE | command: mi give CONSUMABLE OXYGEN %player% 1} in shop "misc" on page "&9Страница 1"
[02/08/2023 17:54:58][BUY]Nike73 bought 1x §bБаллон с сжатым воздухом for 10.00 with commands info: RuneMode: BUY_AND_RUN & commands: {Executor: CONSOLE | command: mi give CONSUMABLE OXYGEN %player% 1} in shop "misc" on page "&9Страница 1"
[02/08/2023 17:54:58][BUY]Nike73 bought 1x §bАптечка for 20.00 with commands info: RuneMode: BUY_AND_RUN & commands: {Executor: CONSOLE | command: mi give CONSUMABLE HEAL1 %player% 1} in shop "misc" on page "&9Страница 1"
[02/08/2023 17:54:58][BUY]Nike73 bought 1x §bАптечка for 20.00 with commands info: RuneMode: BUY_AND_RUN & commands: {Executor: CONSOLE | command: mi give CONSUMABLE HEAL1 %player% 1} in shop "misc" on page "&9Страница 1"
[02/08/2023 17:54:59][BUY]Nike73 bought 1x §bАптечка for 20.00 with commands info: RuneMode: BUY_AND_RUN & commands: {Executor: CONSOLE | command: mi give CONSUMABLE HEAL1 %player% 1} in shop "misc" on page "&9Страница 1"
[02/08/2023 17:54:59][BUY]Nike73 bought 1x §bАптечка for 20.00 with commands info: RuneMode: BUY_AND_RUN & commands: {Executor: CONSOLE | command: mi give CONSUMABLE HEAL1 %player% 1} in shop "misc" on page "&9Страница 1"
[02/08/2023 17:54:59][BUY]Nike73 bought 1x §bАптечка for 20.00 with commands info: RuneMode: BUY_AND_RUN & commands: {Executor: CONSOLE | command: mi give CONSUMABLE HEAL1 %player% 1} in shop "misc" on page "&9Страница 1"
[02/08/2023 17:54:59][BUY]Nike73 bought 1x §bАптечка for 20.00 with commands info: RuneMode: BUY_AND_RUN & commands: {Executor: CONSOLE | command: mi give CONSUMABLE HEAL1 %player% 1} in shop "misc" on page "&9Страница 1"
[02/08/2023 17:55:00][BUY]Nike73 bought 1x §bАптечка for 20.00 with commands info: RuneMode: BUY_AND_RUN & commands: {Executor: CONSOLE | command: mi give CONSUMABLE HEAL1 %player% 1} in shop "misc" on page "&9Страница 1"
[02/08/2023 17:55:00][BUY]Nike73 bought 1x §bСменный аккумулятор for 15.00 with commands info: RuneMode: BUY_AND_RUN & commands: {Executor: CONSOLE | command: mi give CONSUMABLE ENERGY %player% 1} in shop "misc" on page "&9Страница 1"
